[2016.04.27-03.42.37:721][  0]Log file open, 04/26/16 23:42:37
[2016.04.27-03.42.37:721][  0]LogInit:Display: Running engine for game: GameDev2
[2016.04.27-03.42.37:721][  0]LogPlatformFile: Not using cached read wrapper
[2016.04.27-03.42.37:721][  0]LogInit:Display: RandInit(595369366) SRandInit(595369367).
[2016.04.27-03.42.37:721][  0]LogTaskGraph: Started task graph with 4 named threads and 7 total threads.
[2016.04.27-03.42.37:721][  0]LogStats: Stats thread started at 0.062207
[2016.04.27-03.42.37:721][  0]LogInit: Version: 4.10.4-2872498+++depot+UE4-Releases+4.10
[2016.04.27-03.42.37:721][  0]LogInit: API Version: 2758231
[2016.04.27-03.42.37:721][  0]LogInit: Compiled (64-bit): Feb 18 2016 15:47:04
[2016.04.27-03.42.37:721][  0]LogInit: Compiled with Visual C++: 19.00.23026.00
[2016.04.27-03.42.37:721][  0]LogInit: Build Configuration: Development
[2016.04.27-03.42.37:721][  0]LogInit: Branch Name: ++depot+UE4-Releases+4.10
[2016.04.27-03.42.37:721][  0]LogInit: Command line:  
[2016.04.27-03.42.37:721][  0]LogInit: Base directory: J:/Game/Epic Games/4.10/Engine/Binaries/Win64/
[2016.04.27-03.42.37:721][  0]LogInit: Rocket: 1
[2016.04.27-03.42.37:725][  0]LogInit: Using libcurl 7.41.0
[2016.04.27-03.42.37:725][  0]LogInit:  - built for x86_64-pc-win32
[2016.04.27-03.42.37:725][  0]LogInit:  - supports SSL with WinSSL
[2016.04.27-03.42.37:725][  0]LogInit:  - other features:
[2016.04.27-03.42.37:725][  0]LogInit:      CURL_VERSION_SSL
[2016.04.27-03.42.37:725][  0]LogInit:      CURL_VERSION_IPV6
[2016.04.27-03.42.37:725][  0]LogInit:      CURL_VERSION_ASYNCHDNS
[2016.04.27-03.42.37:725][  0]LogInit:      CURL_VERSION_LARGEFILE
[2016.04.27-03.42.37:725][  0]LogInit:      CURL_VERSION_IDN
[2016.04.27-03.42.37:725][  0]LogInit:  CurlRequestOptions (configurable via config and command line):
[2016.04.27-03.42.37:725][  0]LogInit:  - bVerifyPeer = true  - Libcurl will verify peer certificate
[2016.04.27-03.42.37:725][  0]LogInit:  - bUseHttpProxy = false  - Libcurl will NOT use HTTP proxy
[2016.04.27-03.42.37:725][  0]LogInit:  - bDontReuseConnections = false  - Libcurl will reuse connections
[2016.04.27-03.42.37:725][  0]LogInit:  - CertBundlePath = nullptr  - Libcurl will use whatever was configured at build time.
[2016.04.27-03.42.37:728][  0]LogOnline:Display: STEAM: Loading Steam SDK 1.32
[2016.04.27-03.42.37:728][  0]LogOnline:Warning: STEAM: Steam API disabled!
[2016.04.27-03.42.37:728][  0]LogOnline:Display: STEAM: OnlineSubsystemSteam::Shutdown()
[2016.04.27-03.42.37:740][  0]LogInit: WinSock: version 1.1 (2.2), MaxSocks=32767, MaxUdp=65467
[2016.04.27-03.42.37:744][  0]LogVoice:Warning: Failed to initialize voice interface
[2016.04.27-03.42.37:745][  0]LogInit: Presizing for 0 objects not considered by GC, pre-allocating 0 bytes.
[2016.04.27-03.42.37:750][  0]LogInit: Object subsystem initialized
[2016.04.27-03.42.37:751][  0]LogInit: Selected Device Profile: [Windows]
[2016.04.27-03.42.37:751][  0]LogInit: Applying CVar settings loaded from the selected device profile: [Windows]
[2016.04.27-03.42.37:758][  0]LogInit: Computer: SHANYEPC
[2016.04.27-03.42.37:758][  0]LogInit: User: Shanye
[2016.04.27-03.42.37:758][  0]LogInit: CPU Page size=4096, Cores=4
[2016.04.27-03.42.37:758][  0]LogInit: High frequency timer resolution =3.507522 MHz
[2016.04.27-03.42.37:758][  0]LogMemory: Memory total: Physical=12.0GB (12GB approx)
[2016.04.27-03.42.37:758][  0]LogMemory: Platform Memory Stats for Windows
[2016.04.27-03.42.37:758][  0]LogMemory: Process Physical Memory: 58.08 MB used, 58.08 MB peak
[2016.04.27-03.42.37:758][  0]LogMemory: Process Virtual Memory: 59.05 MB used, 59.05 MB peak
[2016.04.27-03.42.37:758][  0]LogMemory: Physical Memory: 4008.96 MB used, 12239.21 MB total
[2016.04.27-03.42.37:758][  0]LogMemory: Virtual Memory: 388.48 MB used, 134217728.00 MB total
[2016.04.27-03.42.37:784][  0]LogTextLocalizationManager: No specific translations for ('en-US') exist, so ('en') translations will be used.
[2016.04.27-03.42.38:140][  0]LogD3D11RHI: Found D3D11 adapter 0: NVIDIA GeForce GT 720 (Feature Level 11_0)
[2016.04.27-03.42.38:140][  0]LogD3D11RHI: Adapter has 974MB of dedicated video memory, 0MB of dedicated system memory, and 6119MB of shared system memory, 2 output[s]
[2016.04.27-03.42.38:141][  0]LogD3D11RHI: Found D3D11 adapter 1: Microsoft Basic Render Driver (Feature Level 11_0)
[2016.04.27-03.42.38:141][  0]LogD3D11RHI: Adapter has 0MB of dedicated video memory, 0MB of dedicated system memory, and 6119MB of shared system memory, 0 output[s]
[2016.04.27-03.42.38:141][  0]LogD3D11RHI: Chosen D3D11 Adapter Id = 0
[2016.04.27-03.42.38:146][  0]LogD3D11RHI: !Direct3DDevice
[2016.04.27-03.42.38:146][  0]LogRHI: Texture pool is 682 MB (70% of 974 MB)
[2016.04.27-03.42.38:156][  0]LogD3D11RHI: Async texture creation enabled
[2016.04.27-03.42.38:172][  0]LogShaderCompilers: Guid format shader working directory is 11 characters bigger than the processId version (../../../../../Junior/Repo/GameDev2/Intermediate/Shaders/WorkingDirectory/23816/).
[2016.04.27-03.42.38:172][  0]LogShaderCompilers: Cleaned the shader compiler working directory 'C:/Users/Shanye/AppData/Local/Temp/UnrealShaderWorkingDir/B79500EE47146262DD2B13B0FE5DC351/'.
[2016.04.27-03.42.38:172][  0]LogShaderCompilers:Display: Using Local Shader Compiler.
[2016.04.27-03.42.38:808][  0]LogTemp:Display: Loaded TP AllDesktopTargetPlatform
[2016.04.27-03.42.38:811][  0]LogTemp:Display: Loaded TP WindowsClientTargetPlatform
[2016.04.27-03.42.38:814][  0]LogTemp:Display: Loaded TP WindowsNoEditorTargetPlatform
[2016.04.27-03.42.38:816][  0]LogTemp:Display: Loaded TP WindowsServerTargetPlatform
[2016.04.27-03.42.38:819][  0]LogTemp:Display: Loaded TP WindowsTargetPlatform
[2016.04.27-03.42.38:821][  0]LogTemp:Display: Loaded TP AndroidTargetPlatform
[2016.04.27-03.42.38:823][  0]LogTemp:Display: Loaded TP Android_ASTCTargetPlatform
[2016.04.27-03.42.38:825][  0]LogTemp:Display: Loaded TP Android_ATCTargetPlatform
[2016.04.27-03.42.38:827][  0]LogTemp:Display: Loaded TP Android_DXTTargetPlatform
[2016.04.27-03.42.38:829][  0]LogTemp:Display: Loaded TP Android_ETC1TargetPlatform
[2016.04.27-03.42.38:831][  0]LogTemp:Display: Loaded TP Android_ETC2TargetPlatform
[2016.04.27-03.42.38:836][  0]LogTemp:Display: Loaded TP Android_MultiTargetPlatform
[2016.04.27-03.42.38:836][  0]LogTemp:Display: Loaded TP Android_PVRTCTargetPlatform
[2016.04.27-03.42.38:836][  0]LogTemp:Display: Loaded TP HTML5TargetPlatform
[2016.04.27-03.42.38:851][  0]LogTemp:Display: Loaded TP IOSTargetPlatform
[2016.04.27-03.42.38:854][  0]LogTemp:Display: Loaded TP LinuxNoEditorTargetPlatform
[2016.04.27-03.42.38:856][  0]LogTemp:Display: Loaded TP LinuxServerTargetPlatform
[2016.04.27-03.42.38:859][  0]LogTemp:Display: Loaded TP LinuxTargetPlatform
[2016.04.27-03.42.38:859][  0]LogTargetPlatformManager:Display: Building Assets For Windows
[2016.04.27-03.42.38:901][  0]LogDerivedDataCache:Display: Max Cache Size: 512 MB
[2016.04.27-03.42.38:939][  0]LogDerivedDataCache: Loaded boot cache 0.04s 41MB C:/Users/Shanye/AppData/Local/UnrealEngine/4.10/DerivedDataCache/Boot.ddc.
[2016.04.27-03.42.38:939][  0]LogDerivedDataCache:Display: Loaded Boot cache: C:/Users/Shanye/AppData/Local/UnrealEngine/4.10/DerivedDataCache/Boot.ddc
[2016.04.27-03.42.38:939][  0]LogDerivedDataCache: FDerivedDataBackendGraph:  Pak pak cache file ../../../../../Junior/Repo/GameDev2/DerivedDataCache/DDC.ddp not found, will not use a pak cache.
[2016.04.27-03.42.38:939][  0]LogDerivedDataCache: Unable to find inner node Pak for hierarchical cache Hierarchy.
[2016.04.27-03.42.38:939][  0]LogDerivedDataCache: FDerivedDataBackendGraph:  CompressedPak pak cache file ../../../../../Junior/Repo/GameDev2/DerivedDataCache/Compressed.ddp not found, will not use a pak cache.
[2016.04.27-03.42.38:939][  0]LogDerivedDataCache: Unable to find inner node CompressedPak for hierarchical cache Hierarchy.
[2016.04.27-03.42.38:988][  0]LogDerivedDataCache:Display: Pak cache opened for reading ../../../Engine/DerivedDataCache/Compressed.ddp.
[2016.04.27-03.42.39:002][  0]LogDerivedDataCache: Using Local data cache path C:/Users/Shanye/AppData/Local/UnrealEngine/Common/DerivedDataCache: Writable
[2016.04.27-03.42.39:139][  0]LogInit: Selected Device Profile: [Windows]
[2016.04.27-03.42.39:142][  0]LogContentStreaming: Texture pool size is 0.000000MB
[2016.04.27-03.42.39:225][  0]LogMeshUtilities: No automatic mesh reduction module available
[2016.04.27-03.42.39:225][  0]LogMeshUtilities: No automatic mesh merging module available
[2016.04.27-03.42.39:898][  0]UdpMessaging: Initializing bridge on interface 0.0.0.0:0 to multicast group 230.0.0.1:6666.
[2016.04.27-03.42.39:981][  0]LogAssetRegistry: FAssetRegistry took 0.0107 seconds to start up
[2016.04.27-03.42.40:092][  0]SourceControl: Info Source control is disabled
[2016.04.27-03.42.40:110][  0]SourceControl: Info Source control is disabled
[2016.04.27-03.42.40:118][  0]SourceControl: Info Source control is disabled
[2016.04.27-03.42.40:124][  0]SourceControl: Info Source control is disabled
[2016.04.27-03.42.40:245][  0]LogObj: 28640 objects as part of root set at end of initial load.
[2016.04.27-03.42.40:245][  0]LogUObjectAllocator: 6315720 out of 0 bytes used by permanent object pool.
[2016.04.27-03.42.40:288][  0]LogEngine: Initializing Engine...
[2016.04.27-03.42.40:290][  0]LogHMD: Can't find Oculus library dev build: is proper Runtime installed? Version: 0.8.0.0
[2016.04.27-03.42.40:291][  0]LogHMD: SteamVR failed to initialize.  Err: 110
[2016.04.27-03.42.40:379][  0]LogAIModule: Creating AISystem for world NewWorld
[2016.04.27-03.42.40:383][  0]LogInit: XAudio2 using 'Speakers (Realtek High Definition Audio)' : 2 channels at 48 kHz using 32 bits per sample (channel mask 0x3)
[2016.04.27-03.42.40:400][  0]LogInit: FAudioDevice initialized.
[2016.04.27-03.42.40:420][  0]LogDerivedDataCache: Saved boot cache 0.02s 41MB C:/Users/Shanye/AppData/Local/UnrealEngine/4.10/DerivedDataCache/Boot.ddc.
[2016.04.27-03.42.40:423][  0]LogInit: Texture streaming: Enabled
[2016.04.27-03.42.40:425][  0]LogAnalytics: Creating configured Analytics provider AnalyticsET
[2016.04.27-03.42.40:425][  0]LogAnalytics: [UEEditor.Rocket.Release] APIServer = http://et2.epicgames.com/ET2/. AppVersion = 4.10.4-2872498+++depot+UE4-Releases+4.10
[2016.04.27-03.42.40:426][  0]LogAnalytics: [UEEditor.Rocket.Release] SetUserId a32a4e514c2db6b4aa2fabb39e9eb0dd|d0364dc428fd4a30b51194022302dc17|e802f417-8768-47e2-9a46-4150259d8724
[2016.04.27-03.42.40:426][  0]LogAnalytics: [UEEditor.Rocket.Release] AnalyticsET::StartSession
[2016.04.27-03.42.40:448][  0]LogWindowsTextInputMethodSystem:Display: IME system now deactivated.
[2016.04.27-03.42.40:483][  0]LogInit: Transaction tracking system initialized
[2016.04.27-03.42.40:500][  0]BlueprintLog: New page: Editor Load
[2016.04.27-03.42.40:548][  0]LocalizationService: Info Localization service is disabled
[2016.04.27-03.42.40:588][  0]LogLinker:Warning: Can't find file '/Game/TopDownBP/TopDownOverview'
[2016.04.27-03.42.40:588][  0]LogLinker:Warning: Can't find file '/Game/TopDownBP/TopDownOverview'
[2016.04.27-03.42.40:588][  0]LogUObjectGlobals:Warning: Failed to find object 'Class /Game/TopDownBP/TopDownOverview.TopDownOverview_C'
[2016.04.27-03.42.40:710][  0]LogConsoleResponse:Display: 
[2016.04.27-03.42.40:788][  0]LogCook:Display: Done creating registry. It took  0.00s.
[2016.04.27-03.42.40:818][  0]LogFileCache: Scanning file cache for directory 'J:/Game/Junior/Repo/GameDev2/Content/' took 0.01s
[2016.04.27-03.42.40:818][  0]SourceControl: Info Source control is disabled
[2016.04.27-03.42.40:818][  0]Cmd: MAP LOAD FILE="../../../../../Junior/Repo/GameDev2/Content/ProjectWarcrab/MainMenu.umap" TEMPLATE=0 SHOWPROGRESS=1 FEATURELEVEL=3
[2016.04.27-03.42.40:818][  0]LogEditorServer:Warning: Can't find file '../../../../../Junior/Repo/GameDev2/Content/ProjectWarcrab/MainMenu.umap'
[2016.04.27-03.42.40:818][  0]Cmd: MAP CHECKDEP NOCLEARLOG
[2016.04.27-03.42.40:846][  0]MapCheck: Info Map check complete: 0 Error(s), 0 Warning(s), took 28.38ms to complete.
[2016.04.27-03.42.40:846][  0]LogFileHelpers: Loading map 'MainMenu' took 0.029
[2016.04.27-03.42.40:981][  0]LogCollectionManager: Loaded 0 collections in 0.000799 seconds
[2016.04.27-03.42.41:022][  0]LogFileCache: Scanning file cache for directory 'J:/Game/Junior/Repo/GameDev2/Saved/Collections/' took 0.01s
[2016.04.27-03.42.41:022][  0]LogFileCache: Scanning file cache for directory 'J:/Game/Junior/Repo/GameDev2/Content/Developers/Shanye/Collections/' took 0.01s
[2016.04.27-03.42.41:022][  0]LogFileCache: Scanning file cache for directory 'J:/Game/Junior/Repo/GameDev2/Content/Collections/' took 0.01s
[2016.04.27-03.42.41:022][  0]LogCollectionManager: Rebuilt the GUID cache for 0 collections in 0.000001 seconds
[2016.04.27-03.42.41:028][  0]LogContentBrowser: Native class hierarchy populated in 0.0057 seconds. Added 1895 classes and 340 folders.
[2016.04.27-03.42.41:031][  0]LogContentBrowser: Native class hierarchy updated for 'WidgetCarousel' in 0.0002 seconds. Added 0 classes and 0 folders.
[2016.04.27-03.42.41:059][  0]LogContentBrowser: Native class hierarchy updated for 'AddContentDialog' in 0.0003 seconds. Added 0 classes and 0 folders.
[2016.04.27-03.42.41:061][  0]LogContentBrowser: Native class hierarchy updated for 'SceneOutliner' in 0.0002 seconds. Added 1 classes and 2 folders.
[2016.04.27-03.42.41:075][  0]LogCrashTracker: Crashtracker disabled due to settings.
[2016.04.27-03.42.41:080][  0]LogUObjectGlobals:Warning: Failed to find object 'Class None.'
[2016.04.27-03.42.41:102][  0]LogLoad: Full Startup: 3.71 seconds (BP compile: 0.00 seconds)
[2016.04.27-03.42.41:112][  0]LogOcInput: Can't find Oculus library dev build: is proper Runtime installed? Version: 0.8.0.0
[2016.04.27-03.42.41:151][  0]LogContentStreaming: Texture pool size now 400 MB
[2016.04.27-03.42.41:255][  0]LogRenderer: Reallocating scene render targets to support 1220x572 (Frame:2).
[2016.04.27-03.42.41:465][  1]LogAssetRegistry: Asset discovery search completed in 1.4949 seconds
[2016.04.27-03.42.41:465][  1]LogCollectionManager: Rebuilt the object cache for 0 collections in 0.000001 seconds (found 0 objects)
[2016.04.27-03.42.41:465][  1]LogCollectionManager: Fixed up redirectors for 0 collections in 0.000016 seconds (updated 0 objects)
[2016.04.27-03.42.46:130][176]LogLinker:Warning: Asset '../../../Engine/Content/ArtTools/RenderToTexture/Macros/RenderToTextureMacros.uasset' has been saved with empty engine version. The asset will be loaded but may be incompatible.
[2016.04.27-03.42.46:420][176]LogContentBrowser: Native class hierarchy updated for 'BlueprintGraph' in 0.0005 seconds. Added 107 classes and 0 folders.
[2016.04.27-03.42.46:512][176]LogSkeletalMesh: InitArticulated: Bodies already created (/Engine/Transient.DebugSkelMeshComponent_0) - call TermArticulated first.
[2016.04.27-03.42.46:666][176]LogActorComponent: RegisterComponentWithWorld: (/Engine/Transient.DebugSkelMeshComponent_0) Already registered. Aborting.
[2016.04.27-03.42.46:750][176]LogActorComponent: RegisterComponentWithWorld: (/Engine/Transient.DebugSkelMeshComponent_0) Already registered. Aborting.
[2016.04.27-03.42.46:835][176]LogBlueprint:Warning: [compiler Calm_AnimBP] Warning  Idle to Drive  will never be taken, please connect something to  Can Enter Transition 
[2016.04.27-03.42.46:835][176]LogBlueprint:Warning: [compiler Calm_AnimBP] Warning  Drive to Idle  will never be taken, please connect something to  Can Enter Transition 
[2016.04.27-03.42.46:835][176]LogBlueprint:Warning: [compiler Calm_AnimBP] Warning  Drive to Seige  will never be taken, please connect something to  Can Enter Transition 
[2016.04.27-03.42.46:835][176]LogBlueprint:Warning: [compiler Calm_AnimBP] Warning  Seige to Idle  will never be taken, please connect something to  Can Enter Transition 
[2016.04.27-03.42.46:835][176]LogBlueprint:Warning: [compiler Calm_AnimBP] Warning  Idle to Seige  will never be taken, please connect something to  Can Enter Transition 
[2016.04.27-03.42.46:836][176]LogBlueprint:Warning: [compiler Calm_AnimBP] Warning [0009.45] Compile of Calm_AnimBP successful, but with 5 Warning(s) [in 2 ms]
[2016.04.27-03.42.46:836][176]LogBlueprint:Warning: [compiler Calm_AnimBP] Warning [0009.45] Compile of Calm_AnimBP successful, but with 6 Warning(s) [in 0 ms]
[2016.04.27-03.42.46:836][176]LogBlueprint:Warning: [compiler Calm_AnimBP] Warning [0009.45] Compile of Calm_AnimBP successful, but with 7 Warning(s) [in 0 ms]
[2016.04.27-03.42.46:838][176]LogBlueprint:Warning: [compiler Calm_AnimBP] Warning  Idle to Drive  will never be taken, please connect something to  Can Enter Transition 
[2016.04.27-03.42.46:838][176]LogBlueprint:Warning: [compiler Calm_AnimBP] Warning  Drive to Idle  will never be taken, please connect something to  Can Enter Transition 
[2016.04.27-03.42.46:838][176]LogBlueprint:Warning: [compiler Calm_AnimBP] Warning  Drive to Seige  will never be taken, please connect something to  Can Enter Transition 
[2016.04.27-03.42.46:838][176]LogBlueprint:Warning: [compiler Calm_AnimBP] Warning  Seige to Idle  will never be taken, please connect something to  Can Enter Transition 
[2016.04.27-03.42.46:838][176]LogBlueprint:Warning: [compiler Calm_AnimBP] Warning  Idle to Seige  will never be taken, please connect something to  Can Enter Transition 
[2016.04.27-03.42.46:839][176]LogBlueprint:Warning: [compiler Calm_AnimBP] Warning [0009.45] Compile of Calm_AnimBP successful, but with 5 Warning(s) [in 2 ms]
[2016.04.27-03.42.46:839][176]LogBlueprint:Warning: [compiler Calm_AnimBP] Warning [0009.45] Compile of Calm_AnimBP successful, but with 6 Warning(s) [in 0 ms]
[2016.04.27-03.42.46:839][176]LogBlueprint:Warning: [compiler Calm_AnimBP] Warning [0009.45] Compile of Calm_AnimBP successful, but with 7 Warning(s) [in 0 ms]
[2016.04.27-03.42.47:072][176]LogSkeletalMesh: InitArticulated: Bodies already created (/Engine/Transient.DebugSkelMeshComponent_3) - call TermArticulated first.
[2016.04.27-03.42.47:196][176]LogActorComponent: RegisterComponentWithWorld: (/Engine/Transient.DebugSkelMeshComponent_3) Already registered. Aborting.
[2016.04.27-03.42.47:334][176]LogContentBrowser:Verbose: The majority of assets in the view are of type: AnimSequence
[2016.04.27-03.42.55:386][627]Cmd: OBJ SAVEPACKAGE PACKAGE="/Game/ProjectWarcrab/Sound/BGM_01" FILE="../../../../../Junior/Repo/GameDev2/Content/ProjectWarcrab/Sound/BGM_01.uasset" SILENT=true
[2016.04.27-03.42.55:402][627]LogSavePackage: Save=12.913675ms
[2016.04.27-03.42.55:402][627]LogSavePackage: Moving '../../../../../Junior/Repo/GameDev2/Saved/BGM_01863CDA104816296F388659B72A084F54.tmp' to '../../../../../Junior/Repo/GameDev2/Content/ProjectWarcrab/Sound/BGM_01.uasset'
[2016.04.27-03.42.55:406][627]LogSavePackage: Total save time: 18.524189ms
[2016.04.27-03.42.55:406][627]LogSavePackage:Display: Finished SavePackage ../../../../../Junior/Repo/GameDev2/Content/ProjectWarcrab/Sound/BGM_01.uasset
[2016.04.27-03.42.55:420][627]Cmd: OBJ SAVEPACKAGE PACKAGE="/Game/ProjectWarcrab/Sound/explode" FILE="../../../../../Junior/Repo/GameDev2/Content/ProjectWarcrab/Sound/explode.uasset" SILENT=true
[2016.04.27-03.42.55:425][627]LogSavePackage: Save=3.771323ms
[2016.04.27-03.42.55:425][627]LogSavePackage: Moving '../../../../../Junior/Repo/GameDev2/Saved/explodeDDCA3FFE4A82B26F8E6B57A2B890F1AC.tmp' to '../../../../../Junior/Repo/GameDev2/Content/ProjectWarcrab/Sound/explode.uasset'
[2016.04.27-03.42.55:429][627]LogSavePackage: Total save time: 7.867947ms
[2016.04.27-03.42.55:429][627]LogSavePackage:Display: Finished SavePackage ../../../../../Junior/Repo/GameDev2/Content/ProjectWarcrab/Sound/explode.uasset
[2016.04.27-03.42.55:441][627]Cmd: OBJ SAVEPACKAGE PACKAGE="/Game/ProjectWarcrab/Sound/gravity_well2" FILE="../../../../../Junior/Repo/GameDev2/Content/ProjectWarcrab/Sound/gravity_well2.uasset" SILENT=true
[2016.04.27-03.42.55:466][627]LogSavePackage: Save=3.928985ms
[2016.04.27-03.42.55:466][627]LogSavePackage: Moving '../../../../../Junior/Repo/GameDev2/Saved/gravity_well22DF326894501811170E4F0A7726F4D3D.tmp' to '../../../../../Junior/Repo/GameDev2/Content/ProjectWarcrab/Sound/gravity_well2.uasset'
[2016.04.27-03.42.55:470][627]LogSavePackage: Total save time: 8.058965ms
[2016.04.27-03.42.55:470][627]LogSavePackage:Display: Finished SavePackage ../../../../../Junior/Repo/GameDev2/Content/ProjectWarcrab/Sound/gravity_well2.uasset
[2016.04.27-03.42.55:480][627]Cmd: OBJ SAVEPACKAGE PACKAGE="/Game/ProjectWarcrab/Sound/lasso_01" FILE="../../../../../Junior/Repo/GameDev2/Content/ProjectWarcrab/Sound/lasso_01.uasset" SILENT=true
[2016.04.27-03.42.55:486][627]LogSavePackage: Save=3.931265ms
[2016.04.27-03.42.55:486][627]LogSavePackage: Moving '../../../../../Junior/Repo/GameDev2/Saved/lasso_01DA13F137475DFE9C18FDBF87D431EAE4.tmp' to '../../../../../Junior/Repo/GameDev2/Content/ProjectWarcrab/Sound/lasso_01.uasset'
[2016.04.27-03.42.55:490][627]LogSavePackage: Total save time: 8.625176ms
[2016.04.27-03.42.55:490][627]LogSavePackage:Display: Finished SavePackage ../../../../../Junior/Repo/GameDev2/Content/ProjectWarcrab/Sound/lasso_01.uasset
[2016.04.27-03.42.55:501][627]Cmd: OBJ SAVEPACKAGE PACKAGE="/Game/ProjectWarcrab/Sound/missle_launch" FILE="../../../../../Junior/Repo/GameDev2/Content/ProjectWarcrab/Sound/missle_launch.uasset" SILENT=true
[2016.04.27-03.42.55:507][627]LogSavePackage: Save=3.982584ms
[2016.04.27-03.42.55:507][627]LogSavePackage: Moving '../../../../../Junior/Repo/GameDev2/Saved/missle_launchF80ECA8845C5513D74702BA09679AF07.tmp' to '../../../../../Junior/Repo/GameDev2/Content/ProjectWarcrab/Sound/missle_launch.uasset'
[2016.04.27-03.42.55:511][627]LogSavePackage: Total save time: 8.293603ms
[2016.04.27-03.42.55:511][627]LogSavePackage:Display: Finished SavePackage ../../../../../Junior/Repo/GameDev2/Content/ProjectWarcrab/Sound/missle_launch.uasset
[2016.04.27-03.42.55:521][627]Cmd: OBJ SAVEPACKAGE PACKAGE="/Game/ProjectWarcrab/Sound/mortar_fire" FILE="../../../../../Junior/Repo/GameDev2/Content/ProjectWarcrab/Sound/mortar_fire.uasset" SILENT=true
[2016.04.27-03.42.55:534][627]LogSavePackage: Save=3.982013ms
[2016.04.27-03.42.55:534][627]LogSavePackage: Moving '../../../../../Junior/Repo/GameDev2/Saved/mortar_fire85D0635F481FC89CAE4700B90DFED642.tmp' to '../../../../../Junior/Repo/GameDev2/Content/ProjectWarcrab/Sound/mortar_fire.uasset'
[2016.04.27-03.42.55:538][627]LogSavePackage: Total save time: 8.384265ms
[2016.04.27-03.42.55:538][627]LogSavePackage:Display: Finished SavePackage ../../../../../Junior/Repo/GameDev2/Content/ProjectWarcrab/Sound/mortar_fire.uasset
[2016.04.27-03.42.55:812][627]LogParticles: Destroying 0 GPU particle simulations for FXSystem 0x000002465E46B100
[2016.04.27-03.42.55:812][627]LogParticles: Destroying 0 GPU particle simulations for FXSystem 0x000002466E0EA700
[2016.04.27-03.43.19:625][ 38]LogWindowsTextInputMethodSystem:Display: IME system now deactivated.
[2016.04.27-03.43.19:800][ 39]Cmd: QUIT_EDITOR
[2016.04.27-03.43.19:923][ 39]LogExit: Preparing to exit.
[2016.04.27-03.43.21:018][ 39]LogExit: Editor shut down
[2016.04.27-03.43.21:019][ 39]LogParticles: Destroying 0 GPU particle simulations for FXSystem 0x000002463F752AC0
[2016.04.27-03.43.21:019][ 39]LogExit: Transaction tracking system shut down
[2016.04.27-03.43.21:019][ 39]LogParticles: Destroying 0 GPU particle simulations for FXSystem 0x0000024632D0EDE0
[2016.04.27-03.43.21:020][ 39]LogParticles: Destroying 0 GPU particle simulations for FXSystem 0x0000024654A9B560
[2016.04.27-03.43.21:020][ 39]LogParticles: Destroying 0 GPU particle simulations for FXSystem 0x0000024654A9AFC0
[2016.04.27-03.43.21:022][ 39]LogParticles: Destroying 0 GPU particle simulations for FXSystem 0x000002465EAD09A0
[2016.04.27-03.43.21:022][ 39]LogParticles: Destroying 0 GPU particle simulations for FXSystem 0x00000246624DEC00
[2016.04.27-03.43.21:022][ 39]LogParticles: Destroying 0 GPU particle simulations for FXSystem 0x00000246624DE660
[2016.04.27-03.43.21:023][ 39]LogParticles: Destroying 0 GPU particle simulations for FXSystem 0x000002466DA3FB00
[2016.04.27-03.43.21:023][ 39]LogParticles: Destroying 0 GPU particle simulations for FXSystem 0x000002465E468860
[2016.04.27-03.43.21:024][ 39]LogParticles: Destroying 0 GPU particle simulations for FXSystem 0x000002465E46B380
[2016.04.27-03.43.21:164][ 39]LogExit: Object subsystem successfully closed.
[2016.04.27-03.43.21:179][ 39]LogD3D11RHI: Shutdown
[2016.04.27-03.43.21:179][ 39]LogD3D11RHI: CleanupD3DDevice
[2016.04.27-03.43.21:225][ 39]LogD3D11RHI: ~FD3D11DynamicRHI
[2016.04.27-03.43.21:235][ 39]LogModuleManager: Shutting down and abandoning module CookingStats (202)
[2016.04.27-03.43.21:235][ 39]LogModuleManager: Shutting down and abandoning module BlueprintGraph (201)
[2016.04.27-03.43.21:235][ 39]LogModuleManager: Shutting down and abandoning module CrashTracker (200)
[2016.04.27-03.43.21:235][ 39]LogModuleManager: Shutting down and abandoning module SceneOutliner (199)
[2016.04.27-03.43.21:235][ 39]LogModuleManager: Shutting down and abandoning module SuperSearch (198)
[2016.04.27-03.43.21:235][ 39]LogModuleManager: Shutting down and abandoning module WidgetCarousel (197)
[2016.04.27-03.43.21:235][ 39]LogModuleManager: Shutting down and abandoning module AddContentDialog (196)
[2016.04.27-03.43.21:236][ 39]LogModuleManager: Shutting down and abandoning module EditorWidgets (195)
[2016.04.27-03.43.21:236][ 39]LogModuleManager: Shutting down and abandoning module CollectionManager (194)
[2016.04.27-03.43.21:237][ 39]LogModuleManager: Shutting down and abandoning module FoliageEdit (193)
[2016.04.27-03.43.21:237][ 39]LogModuleManager: Shutting down and abandoning module LandscapeEditor (192)
[2016.04.27-03.43.21:237][ 39]LogModuleManager: Shutting down and abandoning module ActorPickerMode (191)
[2016.04.27-03.43.21:237][ 39]LogModuleManager: Shutting down and abandoning module GeometryMode (190)
[2016.04.27-03.43.21:237][ 39]LogModuleManager: Shutting down and abandoning module TextureAlignMode (189)
[2016.04.27-03.43.21:237][ 39]LogModuleManager: Shutting down and abandoning module BspMode (188)
[2016.04.27-03.43.21:237][ 39]LogModuleManager: Shutting down and abandoning module PlacementMode (187)
[2016.04.27-03.43.21:237][ 39]LogModuleManager: Shutting down and abandoning module AutomationWorker (186)
[2016.04.27-03.43.21:237][ 39]LogModuleManager: Shutting down and abandoning module CharacterAI (185)
[2016.04.27-03.43.21:237][ 39]LogModuleManager: Shutting down and abandoning module SmartSnapping (184)
[2016.04.27-03.43.21:237][ 39]LogModuleManager: Shutting down and abandoning module ViewportSnapping (183)
[2016.04.27-03.43.21:237][ 39]LogModuleManager: Shutting down and abandoning module LogVisualizer (182)
[2016.04.27-03.43.21:237][ 39]LogModuleManager: Shutting down and abandoning module GameProjectGeneration (181)
[2016.04.27-03.43.21:237][ 39]LogModuleManager: Shutting down and abandoning module IntroTutorials (180)
[2016.04.27-03.43.21:237][ 39]LogModuleManager: Shutting down and abandoning module EditorLiveStreaming (179)
[2016.04.27-03.43.21:237][ 39]LogModuleManager: Shutting down and abandoning module IOSPlatformEditor (178)
[2016.04.27-03.43.21:237][ 39]LogModuleManager: Shutting down and abandoning module HTML5PlatformEditor (177)
[2016.04.27-03.43.21:237][ 39]LogModuleManager: Shutting down and abandoning module AndroidDeviceDetection (176)
[2016.04.27-03.43.21:583][ 39]LogModuleManager: Shutting down and abandoning module AndroidPlatformEditor (175)
[2016.04.27-03.43.21:583][ 39]LogModuleManager: Shutting down and abandoning module IOSRuntimeSettings (174)
[2016.04.27-03.43.21:583][ 39]LogModuleManager: Shutting down and abandoning module AndroidRuntimeSettings (173)
[2016.04.27-03.43.21:583][ 39]LogModuleManager: Shutting down and abandoning module MergeActors (172)
[2016.04.27-03.43.21:583][ 39]LogModuleManager: Shutting down and abandoning module SizeMap (171)
[2016.04.27-03.43.21:583][ 39]LogModuleManager: Shutting down and abandoning module TreeMap (170)
[2016.04.27-03.43.21:583][ 39]LogModuleManager: Shutting down and abandoning module ReferenceViewer (169)
[2016.04.27-03.43.21:583][ 39]LogModuleManager: Shutting down and abandoning module LocalizationService (168)
[2016.04.27-03.43.21:583][ 39]LogModuleManager: Shutting down and abandoning module LocalizationDashboard (167)
[2016.04.27-03.43.21:583][ 39]LogModuleManager: Shutting down and abandoning module HardwareTargeting (166)
[2016.04.27-03.43.21:583][ 39]LogModuleManager: Shutting down and abandoning module DeviceProfileEditor (165)
[2016.04.27-03.43.21:583][ 39]LogModuleManager: Shutting down and abandoning module UndoHistory (164)
[2016.04.27-03.43.21:583][ 39]LogModuleManager: Shutting down and abandoning module GameplayTagsEditor (163)
[2016.04.27-03.43.21:583][ 39]LogModuleManager: Shutting down and abandoning module UserFeedback (162)
[2016.04.27-03.43.21:583][ 39]LogModuleManager: Shutting down and abandoning module XmlParser (161)
[2016.04.27-03.43.21:583][ 39]LogModuleManager: Shutting down and abandoning module Blutility (160)
[2016.04.27-03.43.21:583][ 39]LogModuleManager: Shutting down and abandoning module ProjectTargetPlatformEditor (159)
[2016.04.27-03.43.21:583][ 39]LogModuleManager: Shutting down and abandoning module ProjectSettingsViewer (158)
[2016.04.27-03.43.21:583][ 39]LogModuleManager: Shutting down and abandoning module InputBindingEditor (157)
[2016.04.27-03.43.21:583][ 39]LogModuleManager: Shutting down and abandoning module EditorSettingsViewer (156)
[2016.04.27-03.43.21:583][ 39]LogModuleManager: Shutting down and abandoning module SettingsEditor (155)
[2016.04.27-03.43.21:583][ 39]LogModuleManager: Shutting down and abandoning module ProjectLauncher (154)
[2016.04.27-03.43.21:583][ 39]LogModuleManager: Shutting down and abandoning module SessionFrontend (153)
[2016.04.27-03.43.21:583][ 39]LogModuleManager: Shutting down and abandoning module ProfilerClient (152)
[2016.04.27-03.43.21:583][ 39]LogModuleManager: Shutting down and abandoning module TargetDeviceServices (151)
[2016.04.27-03.43.21:583][ 39]LogModuleManager: Shutting down and abandoning module DeviceManager (150)
[2016.04.27-03.43.21:583][ 39]LogModuleManager: Shutting down and abandoning module AutomationController (149)
[2016.04.27-03.43.21:584][ 39]LogModuleManager: Shutting down and abandoning module AutomationWindow (148)
[2016.04.27-03.43.21:584][ 39]LogModuleManager: Shutting down and abandoning module Layers (147)
[2016.04.27-03.43.21:584][ 39]LogModuleManager: Shutting down and abandoning module ComponentVisualizers (146)
[2016.04.27-03.43.21:584][ 39]LogModuleManager: Shutting down and abandoning module DetailCustomizations (145)
[2016.04.27-03.43.21:584][ 39]LogModuleManager: Shutting down and abandoning module PackagesDialog (144)
[2016.04.27-03.43.21:584][ 39]LogModuleManager: Shutting down and abandoning module Persona (143)
[2016.04.27-03.43.21:584][ 39]LogModuleManager: Shutting down and abandoning module Kismet (142)
[2016.04.27-03.43.21:584][ 39]LogModuleManager: Shutting down and abandoning module GraphEditor (141)
[2016.04.27-03.43.21:584][ 39]LogModuleManager: Shutting down and abandoning module ClassViewer (140)
[2016.04.27-03.43.21:584][ 39]LogModuleManager: Shutting down and abandoning module Toolbox (139)
[2016.04.27-03.43.21:584][ 39]LogModuleManager: Shutting down and abandoning module ModuleUI (138)
[2016.04.27-03.43.21:584][ 39]LogModuleManager: Shutting down and abandoning module MovieSceneTools (137)
[2016.04.27-03.43.21:584][ 39]LogModuleManager: Shutting down and abandoning module OutputLog (136)
[2016.04.27-03.43.21:584][ 39]LogModuleManager: Shutting down and abandoning module GammaUI (135)
[2016.04.27-03.43.21:584][ 39]LogModuleManager: Shutting down and abandoning module Documentation (134)
[2016.04.27-03.43.21:584][ 39]LogModuleManager: Shutting down and abandoning module GameLiveStreaming (133)
[2016.04.27-03.43.21:584][ 39]LogModuleManager: Shutting down and abandoning module StreamingPauseRendering (132)
[2016.04.27-03.43.21:584][ 39]LogModuleManager: Shutting down and abandoning module AnalyticsET (131)
[2016.04.27-03.43.21:584][ 39]LogModuleManager: Shutting down and abandoning module Analytics (130)
[2016.04.27-03.43.21:584][ 39]LogModuleManager: Shutting down and abandoning module AITestSuite (129)
[2016.04.27-03.43.21:584][ 39]LogModuleManager: Shutting down and abandoning module GameplayDebugger (128)
[2016.04.27-03.43.21:584][ 39]LogModuleManager: Shutting down and abandoning module AIModule (127)
[2016.04.27-03.43.21:584][ 39]LogModuleManager: Shutting down and abandoning module ProfilerService (126)
[2016.04.27-03.43.21:789][ 39]LogModuleManager: Shutting down and abandoning module TaskGraph (125)
[2016.04.27-03.43.21:789][ 39]LogModuleManager: Shutting down and abandoning module SlateRemote (124)
[2016.04.27-03.43.21:789][ 39]LogModuleManager: Shutting down and abandoning module SteamVRController (123)
[2016.04.27-03.43.21:789][ 39]LogModuleManager: Shutting down and abandoning module SteamVR (122)
[2016.04.27-03.43.21:789][ 39]LogModuleManager: Shutting down and abandoning module ProceduralMeshComponent (121)
[2016.04.27-03.43.21:789][ 39]LogModuleManager: Shutting down and abandoning module OculusLibrary (120)
[2016.04.27-03.43.21:789][ 39]LogModuleManager: Shutting down and abandoning module OculusInput (119)
[2016.04.27-03.43.21:789][ 39]LogModuleManager: Shutting down and abandoning module LeapMotionController (118)
[2016.04.27-03.43.21:831][ 39]LogModuleManager: Shutting down and abandoning module CustomMeshComponent (117)
[2016.04.27-03.43.21:832][ 39]LogModuleManager: Shutting down and abandoning module CableComponent (116)
[2016.04.27-03.43.21:832][ 39]LogModuleManager: Shutting down and abandoning module ArchVisCharacter (115)
[2016.04.27-03.43.21:832][ 39]LogModuleManager: Shutting down and abandoning module MessagingDebugger (114)
[2016.04.27-03.43.21:832][ 39]LogModuleManager: Shutting down and abandoning module MediaPlayerEditor (113)
[2016.04.27-03.43.21:832][ 39]LogModuleManager: Shutting down and abandoning module HTML5Networking (112)
[2016.04.27-03.43.21:832][ 39]LogModuleManager: Shutting down and abandoning module SpeedTreeImporter (111)
[2016.04.27-03.43.21:832][ 39]LogModuleManager: Shutting down and abandoning module PluginBrowser (110)
[2016.04.27-03.43.21:832][ 39]LogModuleManager: Shutting down and abandoning module EpicSurvey (109)
[2016.04.27-03.43.21:832][ 39]LogModuleManager: Shutting down and abandoning module DesktopPlatform (108)
[2016.04.27-03.43.21:832][ 39]LogModuleManager: Shutting down and abandoning module VisualStudioSourceCodeAccess (107)
[2016.04.27-03.43.21:832][ 39]LogModuleManager: Shutting down and abandoning module UObjectPlugin (106)
[2016.04.27-03.43.21:832][ 39]LogModuleManager: Shutting down and abandoning module SubversionSourceControl (105)
[2016.04.27-03.43.21:832][ 39]LogModuleManager: Shutting down and abandoning module PerforceSourceControl (104)
[2016.04.27-03.43.21:832][ 39]LogModuleManager: Shutting down and abandoning module SourceControl (103)
[2016.04.27-03.43.21:832][ 39]LogModuleManager: Shutting down and abandoning module GitSourceControl (102)
[2016.04.27-03.43.21:832][ 39]LogModuleManager: Shutting down and abandoning module LightPropagationVolumeEditor (101)
[2016.04.27-03.43.21:832][ 39]LogModuleManager: Shutting down and abandoning module PaperTiledImporter (100)
[2016.04.27-03.43.21:832][ 39]LogModuleManager: Shutting down and abandoning module PaperSpriteSheetImporter (99)
[2016.04.27-03.43.21:832][ 39]LogModuleManager: Shutting down and abandoning module MeshPaint (98)
[2016.04.27-03.43.21:832][ 39]LogModuleManager: Shutting down and abandoning module SlateReflector (97)
[2016.04.27-03.43.21:832][ 39]LogModuleManager: Shutting down and abandoning module HotReload (96)
[2016.04.27-03.43.21:832][ 39]LogModuleManager: Shutting down and abandoning module MainFrame (95)
[2016.04.27-03.43.21:832][ 39]LogModuleManager: Shutting down and abandoning module LevelEditor (94)
[2016.04.27-03.43.21:834][ 39]LogModuleManager: Shutting down and abandoning module DirectoryWatcher (93)
[2016.04.27-03.43.21:834][ 39]LogModuleManager: Shutting down and abandoning module AssetRegistry (92)
[2016.04.27-03.43.21:896][ 39]LogModuleManager: Shutting down and abandoning module ContentBrowser (91)
[2016.04.27-03.43.21:896][ 39]LogModuleManager: Shutting down and abandoning module Paper2DEditor (90)
[2016.04.27-03.43.21:897][ 39]LogModuleManager: Shutting down and abandoning module UdpMessaging (89)
[2016.04.27-03.43.21:998][ 39]LogModuleManager: Shutting down and abandoning module LightPropagationVolumeRuntime (88)
[2016.04.27-03.43.21:998][ 39]LogModuleManager: Shutting down and abandoning module Paper2D (87)
[2016.04.27-03.43.21:998][ 39]LogModuleManager: Shutting down and abandoning module WindowsMoviePlayer (86)
[2016.04.27-03.43.22:006][ 39]LogModuleManager: Shutting down and abandoning module Media (85)
[2016.04.27-03.43.22:006][ 39]LogModuleManager: Shutting down and abandoning module WmfMedia (84)
[2016.04.27-03.43.22:006][ 39]LogModuleManager: Shutting down and abandoning module OnlineBlueprintSupport (83)
[2016.04.27-03.43.22:007][ 39]LogModuleManager: Shutting down and abandoning module GameplayTasksEditor (82)
[2016.04.27-03.43.22:007][ 39]LogModuleManager: Shutting down and abandoning module PropertyEditor (81)
[2016.04.27-03.43.22:007][ 39]LogModuleManager: Shutting down and abandoning module BehaviorTreeEditor (80)
[2016.04.27-03.43.22:007][ 39]LogModuleManager: Shutting down and abandoning module FunctionalTesting (79)
[2016.04.27-03.43.22:007][ 39]LogModuleManager: Shutting down and abandoning module CollisionAnalyzer (78)
[2016.04.27-03.43.22:007][ 39]LogModuleManager: Shutting down and abandoning module WorkspaceMenuStructure (77)
[2016.04.27-03.43.22:007][ 39]LogModuleManager: Shutting down and abandoning module MessageLog (76)
[2016.04.27-03.43.22:007][ 39]LogModuleManager: Shutting down and abandoning module Sequencer (75)
[2016.04.27-03.43.22:007][ 39]LogModuleManager: Shutting down and abandoning module AssetTools (74)
[2016.04.27-03.43.22:007][ 39]LogModuleManager: Shutting down and abandoning module UMGEditor (73)
[2016.04.27-03.43.22:008][ 39]LogModuleManager: Shutting down and abandoning module UMG (72)
[2016.04.27-03.43.22:008][ 39]LogModuleManager: Shutting down and abandoning module Slate (71)
[2016.04.27-03.43.22:008][ 39]LogModuleManager: Shutting down and abandoning module EditorStyle (70)
[2016.04.27-03.43.22:014][ 39]LogModuleManager: Shutting down and abandoning module SessionServices (69)
[2016.04.27-03.43.22:014][ 39]LogModuleManager: Shutting down and abandoning module SourceCodeAccess (68)
[2016.04.27-03.43.22:014][ 39]LogModuleManager: Shutting down and abandoning module HeadMountedDisplay (67)
[2016.04.27-03.43.22:014][ 39]LogModuleManager: Shutting down and abandoning module XAudio2 (66)
[2016.04.27-03.43.22:014][ 39]LogModuleManager: Shutting down and abandoning module Networking (65)
[2016.04.27-03.43.22:014][ 39]LogModuleManager: Shutting down and abandoning module Core (64)
[2016.04.27-03.43.22:014][ 39]LogModuleManager: Shutting down and abandoning module KismetCompiler (63)
[2016.04.27-03.43.22:014][ 39]LogModuleManager: Shutting down and abandoning module PhysXFormats (62)
[2016.04.27-03.43.22:014][ 39]LogModuleManager: Shutting down and abandoning module MeshUtilities (61)
[2016.04.27-03.43.22:014][ 39]LogModuleManager: Shutting down and abandoning module DerivedDataCache (60)
[2016.04.27-03.43.22:018][ 39]LogDerivedDataCache: Shutdown
[2016.04.27-03.43.22:019][ 39]LogModuleManager: Shutting down and abandoning module ShaderFormatOpenGL (59)
[2016.04.27-03.43.22:019][ 39]LogModuleManager: Shutting down and abandoning module ShaderFormatD3D (58)
[2016.04.27-03.43.22:019][ 39]LogModuleManager: Shutting down and abandoning module MetalShaderFormat (57)
[2016.04.27-03.43.22:019][ 39]LogModuleManager: Shutting down and abandoning module TextureFormatUncompressed (56)
[2016.04.27-03.43.22:019][ 39]LogModuleManager: Shutting down and abandoning module TextureFormatPVR (55)
[2016.04.27-03.43.22:019][ 39]LogModuleManager: Shutting down and abandoning module TextureFormatIntelISPCTexComp (54)
[2016.04.27-03.43.22:019][ 39]LogModuleManager: Shutting down and abandoning module TextureFormatDXT (53)
[2016.04.27-03.43.22:019][ 39]LogModuleManager: Shutting down and abandoning module ImageWrapper (52)
[2016.04.27-03.43.22:019][ 39]LogModuleManager: Shutting down and abandoning module TextureFormatASTC (51)
[2016.04.27-03.43.22:019][ 39]LogModuleManager: Shutting down and abandoning module TextureFormatAndroid (50)
[2016.04.27-03.43.22:019][ 39]LogModuleManager: Shutting down and abandoning module AudioFormatOpus (49)
[2016.04.27-03.43.22:019][ 39]LogModuleManager: Shutting down and abandoning module AudioFormatOgg (48)
[2016.04.27-03.43.22:019][ 39]LogModuleManager: Shutting down and abandoning module AudioFormatADPCM (47)
[2016.04.27-03.43.22:019][ 39]LogModuleManager: Shutting down and abandoning module LinuxTargetPlatform (46)
[2016.04.27-03.43.22:019][ 39]LogModuleManager: Shutting down and abandoning module LinuxServerTargetPlatform (45)
[2016.04.27-03.43.22:019][ 39]LogModuleManager: Shutting down and abandoning module LinuxNoEditorTargetPlatform (44)
[2016.04.27-03.43.22:019][ 39]LogModuleManager: Shutting down and abandoning module Messaging (43)
[2016.04.27-03.43.22:019][ 39]LogModuleManager: Shutting down and abandoning module IOSTargetPlatform (42)
[2016.04.27-03.43.22:019][ 39]LogModuleManager: Shutting down and abandoning module HTML5TargetPlatform (41)
[2016.04.27-03.43.22:019][ 39]LogModuleManager: Shutting down and abandoning module Android_PVRTCTargetPlatform (40)
[2016.04.27-03.43.22:019][ 39]LogModuleManager: Shutting down and abandoning module Android_MultiTargetPlatform (39)
[2016.04.27-03.43.22:020][ 39]LogModuleManager: Shutting down and abandoning module Android_ETC2TargetPlatform (38)
[2016.04.27-03.43.22:020][ 39]LogModuleManager: Shutting down and abandoning module Android_ETC1TargetPlatform (37)
[2016.04.27-03.43.22:020][ 39]LogModuleManager: Shutting down and abandoning module Android_DXTTargetPlatform (36)
[2016.04.27-03.43.22:020][ 39]LogModuleManager: Shutting down and abandoning module Android_ATCTargetPlatform (35)
[2016.04.27-03.43.22:020][ 39]LogModuleManager: Shutting down and abandoning module Android_ASTCTargetPlatform (34)
[2016.04.27-03.43.22:020][ 39]LogModuleManager: Shutting down and abandoning module AndroidTargetPlatform (33)
[2016.04.27-03.43.22:020][ 39]LogModuleManager: Shutting down and abandoning module WindowsTargetPlatform (32)
[2016.04.27-03.43.22:020][ 39]LogModuleManager: Shutting down and abandoning module WindowsServerTargetPlatform (31)
[2016.04.27-03.43.22:020][ 39]LogModuleManager: Shutting down and abandoning module WindowsNoEditorTargetPlatform (30)
[2016.04.27-03.43.22:020][ 39]LogModuleManager: Shutting down and abandoning module WindowsClientTargetPlatform (29)
[2016.04.27-03.43.22:020][ 39]LogModuleManager: Shutting down and abandoning module AllDesktopTargetPlatform (28)
[2016.04.27-03.43.22:020][ 39]LogModuleManager: Shutting down and abandoning module TargetPlatform (27)
[2016.04.27-03.43.22:020][ 39]LogModuleManager: Shutting down and abandoning module InputCore (26)
[2016.04.27-03.43.22:020][ 39]LogModuleManager: Shutting down and abandoning module Settings (25)
[2016.04.27-03.43.22:020][ 39]LogModuleManager: Shutting down and abandoning module Voice (23)
[2016.04.27-03.43.22:020][ 39]LogModuleManager: Shutting down and abandoning module OnlineSubsystem (19)
[2016.04.27-03.43.22:020][ 39]LogOnline:Display: NULL: FOnlineSubsystemNull::Shutdown()
[2016.04.27-03.43.22:021][ 39]LogOnline:Display: Unloading online subsystem: STEAM
[2016.04.27-03.43.22:022][ 39]LogOnline:Display: Unloading online subsystem: Null
[2016.04.27-03.43.22:022][ 39]LogModuleManager: Shutting down and abandoning module HTTP (18)
[2016.04.27-03.43.24:023][ 39]LogModuleManager: Shutting down and abandoning module XMPP (17)
[2016.04.27-03.43.24:023][ 39]LogModuleManager: Shutting down and abandoning module OculusRift (16)
[2016.04.27-03.43.24:023][ 39]LogModuleManager: Shutting down and abandoning module ExampleDeviceProfileSelector (15)
[2016.04.27-03.43.24:023][ 39]LogModuleManager: Shutting down and abandoning module TextureCompressor (14)
[2016.04.27-03.43.24:023][ 39]LogModuleManager: Shutting down and abandoning module ShaderCore (13)
[2016.04.27-03.43.24:023][ 39]LogModuleManager: Shutting down and abandoning module Landscape (12)
[2016.04.27-03.43.24:023][ 39]LogModuleManager: Shutting down and abandoning module SlateRHIRenderer (11)
[2016.04.27-03.43.24:024][ 39]LogModuleManager: Shutting down and abandoning module OpenGLDrv (10)
[2016.04.27-03.43.24:024][ 39]LogModuleManager: Shutting down and abandoning module D3D11RHI (9)
[2016.04.27-03.43.24:024][ 39]LogModuleManager: Shutting down and abandoning module AnimGraphRuntime (8)
[2016.04.27-03.43.24:024][ 39]LogModuleManager: Shutting down and abandoning module Renderer (7)
[2016.04.27-03.43.24:024][ 39]LogModuleManager: Shutting down and abandoning module Engine (6)
[2016.04.27-03.43.24:024][ 39]LogModuleManager: Shutting down and abandoning module CoreUObject (5)
[2016.04.27-03.43.24:024][ 39]LogModuleManager: Shutting down and abandoning module NetworkFile (4)
[2016.04.27-03.43.24:024][ 39]LogModuleManager: Shutting down and abandoning module StreamingFile (3)
[2016.04.27-03.43.24:024][ 39]LogModuleManager: Shutting down and abandoning module SandboxFile (2)
[2016.04.27-03.43.24:024][ 39]LogModuleManager: Shutting down and abandoning module PakFile (1)
[2016.04.27-03.43.24:026][ 39]LogExit: Exiting.
[2016.04.27-03.43.24:028][ 39]Log file closed, 04/26/16 23:43:24
