[2016.04.27-08.45.06:488][  0]Log file open, 04/27/16 04:45:06
[2016.04.27-08.45.06:488][  0]LogInit:Display: Running engine for game: GameDev2
[2016.04.27-08.45.06:488][  0]LogPlatformFile: Not using cached read wrapper
[2016.04.27-08.45.06:488][  0]LogInit:Display: RandInit(-171834274) SRandInit(-171834273).
[2016.04.27-08.45.06:488][  0]LogTaskGraph: Started task graph with 4 named threads and 7 total threads.
[2016.04.27-08.45.06:488][  0]LogStats: Stats thread started at 0.063232
[2016.04.27-08.45.06:488][  0]LogInit: Version: 4.10.4-2872498+++depot+UE4-Releases+4.10
[2016.04.27-08.45.06:488][  0]LogInit: API Version: 2758231
[2016.04.27-08.45.06:488][  0]LogInit: Compiled (64-bit): Feb 18 2016 15:47:04
[2016.04.27-08.45.06:488][  0]LogInit: Compiled with Visual C++: 19.00.23026.00
[2016.04.27-08.45.06:488][  0]LogInit: Build Configuration: Development
[2016.04.27-08.45.06:488][  0]LogInit: Branch Name: ++depot+UE4-Releases+4.10
[2016.04.27-08.45.06:488][  0]LogInit: Command line:  
[2016.04.27-08.45.06:488][  0]LogInit: Base directory: J:/Game/Epic Games/4.10/Engine/Binaries/Win64/
[2016.04.27-08.45.06:488][  0]LogInit: Rocket: 1
[2016.04.27-08.45.06:492][  0]LogInit: Using libcurl 7.41.0
[2016.04.27-08.45.06:492][  0]LogInit:  - built for x86_64-pc-win32
[2016.04.27-08.45.06:492][  0]LogInit:  - supports SSL with WinSSL
[2016.04.27-08.45.06:492][  0]LogInit:  - other features:
[2016.04.27-08.45.06:492][  0]LogInit:      CURL_VERSION_SSL
[2016.04.27-08.45.06:492][  0]LogInit:      CURL_VERSION_IPV6
[2016.04.27-08.45.06:492][  0]LogInit:      CURL_VERSION_ASYNCHDNS
[2016.04.27-08.45.06:492][  0]LogInit:      CURL_VERSION_LARGEFILE
[2016.04.27-08.45.06:492][  0]LogInit:      CURL_VERSION_IDN
[2016.04.27-08.45.06:492][  0]LogInit:  CurlRequestOptions (configurable via config and command line):
[2016.04.27-08.45.06:492][  0]LogInit:  - bVerifyPeer = true  - Libcurl will verify peer certificate
[2016.04.27-08.45.06:492][  0]LogInit:  - bUseHttpProxy = false  - Libcurl will NOT use HTTP proxy
[2016.04.27-08.45.06:492][  0]LogInit:  - bDontReuseConnections = false  - Libcurl will reuse connections
[2016.04.27-08.45.06:492][  0]LogInit:  - CertBundlePath = nullptr  - Libcurl will use whatever was configured at build time.
[2016.04.27-08.45.06:496][  0]LogOnline:Display: STEAM: Loading Steam SDK 1.32
[2016.04.27-08.45.06:496][  0]LogOnline:Warning: STEAM: Steam API disabled!
[2016.04.27-08.45.06:496][  0]LogOnline:Display: STEAM: OnlineSubsystemSteam::Shutdown()
[2016.04.27-08.45.06:508][  0]LogInit: WinSock: version 1.1 (2.2), MaxSocks=32767, MaxUdp=65467
[2016.04.27-08.45.06:512][  0]LogVoice:Warning: Failed to initialize voice interface
[2016.04.27-08.45.06:514][  0]LogInit: Presizing for 0 objects not considered by GC, pre-allocating 0 bytes.
[2016.04.27-08.45.06:518][  0]LogInit: Object subsystem initialized
[2016.04.27-08.45.06:519][  0]LogInit: Selected Device Profile: [Windows]
[2016.04.27-08.45.06:519][  0]LogInit: Applying CVar settings loaded from the selected device profile: [Windows]
[2016.04.27-08.45.06:526][  0]LogInit: Computer: SHANYEPC
[2016.04.27-08.45.06:526][  0]LogInit: User: Shanye
[2016.04.27-08.45.06:526][  0]LogInit: CPU Page size=4096, Cores=4
[2016.04.27-08.45.06:526][  0]LogInit: High frequency timer resolution =3.507522 MHz
[2016.04.27-08.45.06:526][  0]LogMemory: Memory total: Physical=12.0GB (12GB approx)
[2016.04.27-08.45.06:526][  0]LogMemory: Platform Memory Stats for Windows
[2016.04.27-08.45.06:526][  0]LogMemory: Process Physical Memory: 58.19 MB used, 58.19 MB peak
[2016.04.27-08.45.06:526][  0]LogMemory: Process Virtual Memory: 59.12 MB used, 59.12 MB peak
[2016.04.27-08.45.06:526][  0]LogMemory: Physical Memory: 4824.41 MB used, 12239.21 MB total
[2016.04.27-08.45.06:526][  0]LogMemory: Virtual Memory: 388.48 MB used, 134217728.00 MB total
[2016.04.27-08.45.06:554][  0]LogTextLocalizationManager: No specific translations for ('en-US') exist, so ('en') translations will be used.
[2016.04.27-08.45.06:901][  0]LogD3D11RHI: Found D3D11 adapter 0: NVIDIA GeForce GT 720 (Feature Level 11_0)
[2016.04.27-08.45.06:902][  0]LogD3D11RHI: Adapter has 974MB of dedicated video memory, 0MB of dedicated system memory, and 6119MB of shared system memory, 2 output[s]
[2016.04.27-08.45.06:903][  0]LogD3D11RHI: Found D3D11 adapter 1: Microsoft Basic Render Driver (Feature Level 11_0)
[2016.04.27-08.45.06:903][  0]LogD3D11RHI: Adapter has 0MB of dedicated video memory, 0MB of dedicated system memory, and 6119MB of shared system memory, 0 output[s]
[2016.04.27-08.45.06:903][  0]LogD3D11RHI: Chosen D3D11 Adapter Id = 0
[2016.04.27-08.45.06:912][  0]LogD3D11RHI: !Direct3DDevice
[2016.04.27-08.45.06:912][  0]LogRHI: Texture pool is 682 MB (70% of 974 MB)
[2016.04.27-08.45.06:923][  0]LogD3D11RHI: Async texture creation enabled
[2016.04.27-08.45.06:940][  0]LogShaderCompilers: Guid format shader working directory is 11 characters bigger than the processId version (../../../../../Junior/Repo/GameDev2/Intermediate/Shaders/WorkingDirectory/34580/).
[2016.04.27-08.45.06:940][  0]LogShaderCompilers: Cleaned the shader compiler working directory 'C:/Users/Shanye/AppData/Local/Temp/UnrealShaderWorkingDir/9001219C4CB5691EB4309195A15302E7/'.
[2016.04.27-08.45.06:940][  0]LogShaderCompilers:Display: Using Local Shader Compiler.
[2016.04.27-08.45.07:563][  0]LogTemp:Display: Loaded TP AllDesktopTargetPlatform
[2016.04.27-08.45.07:566][  0]LogTemp:Display: Loaded TP WindowsClientTargetPlatform
[2016.04.27-08.45.07:568][  0]LogTemp:Display: Loaded TP WindowsNoEditorTargetPlatform
[2016.04.27-08.45.07:571][  0]LogTemp:Display: Loaded TP WindowsServerTargetPlatform
[2016.04.27-08.45.07:573][  0]LogTemp:Display: Loaded TP WindowsTargetPlatform
[2016.04.27-08.45.07:575][  0]LogTemp:Display: Loaded TP AndroidTargetPlatform
[2016.04.27-08.45.07:577][  0]LogTemp:Display: Loaded TP Android_ASTCTargetPlatform
[2016.04.27-08.45.07:579][  0]LogTemp:Display: Loaded TP Android_ATCTargetPlatform
[2016.04.27-08.45.07:581][  0]LogTemp:Display: Loaded TP Android_DXTTargetPlatform
[2016.04.27-08.45.07:583][  0]LogTemp:Display: Loaded TP Android_ETC1TargetPlatform
[2016.04.27-08.45.07:585][  0]LogTemp:Display: Loaded TP Android_ETC2TargetPlatform
[2016.04.27-08.45.07:589][  0]LogTemp:Display: Loaded TP Android_MultiTargetPlatform
[2016.04.27-08.45.07:589][  0]LogTemp:Display: Loaded TP Android_PVRTCTargetPlatform
[2016.04.27-08.45.07:590][  0]LogTemp:Display: Loaded TP HTML5TargetPlatform
[2016.04.27-08.45.07:605][  0]LogTemp:Display: Loaded TP IOSTargetPlatform
[2016.04.27-08.45.07:607][  0]LogTemp:Display: Loaded TP LinuxNoEditorTargetPlatform
[2016.04.27-08.45.07:609][  0]LogTemp:Display: Loaded TP LinuxServerTargetPlatform
[2016.04.27-08.45.07:612][  0]LogTemp:Display: Loaded TP LinuxTargetPlatform
[2016.04.27-08.45.07:612][  0]LogTargetPlatformManager:Display: Building Assets For Windows
[2016.04.27-08.45.07:653][  0]LogDerivedDataCache:Display: Max Cache Size: 512 MB
[2016.04.27-08.45.07:689][  0]LogDerivedDataCache: Loaded boot cache 0.04s 41MB C:/Users/Shanye/AppData/Local/UnrealEngine/4.10/DerivedDataCache/Boot.ddc.
[2016.04.27-08.45.07:689][  0]LogDerivedDataCache:Display: Loaded Boot cache: C:/Users/Shanye/AppData/Local/UnrealEngine/4.10/DerivedDataCache/Boot.ddc
[2016.04.27-08.45.07:690][  0]LogDerivedDataCache: FDerivedDataBackendGraph:  Pak pak cache file ../../../../../Junior/Repo/GameDev2/DerivedDataCache/DDC.ddp not found, will not use a pak cache.
[2016.04.27-08.45.07:690][  0]LogDerivedDataCache: Unable to find inner node Pak for hierarchical cache Hierarchy.
[2016.04.27-08.45.07:690][  0]LogDerivedDataCache: FDerivedDataBackendGraph:  CompressedPak pak cache file ../../../../../Junior/Repo/GameDev2/DerivedDataCache/Compressed.ddp not found, will not use a pak cache.
[2016.04.27-08.45.07:690][  0]LogDerivedDataCache: Unable to find inner node CompressedPak for hierarchical cache Hierarchy.
[2016.04.27-08.45.07:736][  0]LogDerivedDataCache:Display: Pak cache opened for reading ../../../Engine/DerivedDataCache/Compressed.ddp.
[2016.04.27-08.45.07:749][  0]LogDerivedDataCache: Using Local data cache path C:/Users/Shanye/AppData/Local/UnrealEngine/Common/DerivedDataCache: Writable
[2016.04.27-08.45.07:888][  0]LogInit: Selected Device Profile: [Windows]
[2016.04.27-08.45.07:890][  0]LogContentStreaming: Texture pool size is 0.000000MB
[2016.04.27-08.45.07:974][  0]LogMeshUtilities: No automatic mesh reduction module available
[2016.04.27-08.45.07:974][  0]LogMeshUtilities: No automatic mesh merging module available
[2016.04.27-08.45.08:643][  0]UdpMessaging: Initializing bridge on interface 0.0.0.0:0 to multicast group 230.0.0.1:6666.
[2016.04.27-08.45.08:725][  0]LogAssetRegistry: FAssetRegistry took 0.0109 seconds to start up
[2016.04.27-08.45.08:833][  0]SourceControl: Info Source control is disabled
[2016.04.27-08.45.08:849][  0]SourceControl: Info Source control is disabled
[2016.04.27-08.45.08:856][  0]SourceControl: Info Source control is disabled
[2016.04.27-08.45.08:862][  0]SourceControl: Info Source control is disabled
[2016.04.27-08.45.08:979][  0]LogObj: 28640 objects as part of root set at end of initial load.
[2016.04.27-08.45.08:979][  0]LogUObjectAllocator: 6315720 out of 0 bytes used by permanent object pool.
[2016.04.27-08.45.09:023][  0]LogEngine: Initializing Engine...
[2016.04.27-08.45.09:025][  0]LogHMD: Can't find Oculus library dev build: is proper Runtime installed? Version: 0.8.0.0
[2016.04.27-08.45.09:025][  0]LogHMD: SteamVR failed to initialize.  Err: 110
[2016.04.27-08.45.09:107][  0]LogAIModule: Creating AISystem for world NewWorld
[2016.04.27-08.45.09:111][  0]LogInit: XAudio2 using 'Speakers (Realtek High Definition Audio)' : 2 channels at 48 kHz using 32 bits per sample (channel mask 0x3)
[2016.04.27-08.45.09:130][  0]LogInit: FAudioDevice initialized.
[2016.04.27-08.45.09:152][  0]LogDerivedDataCache: Saved boot cache 0.02s 41MB C:/Users/Shanye/AppData/Local/UnrealEngine/4.10/DerivedDataCache/Boot.ddc.
[2016.04.27-08.45.09:155][  0]LogInit: Texture streaming: Enabled
[2016.04.27-08.45.09:157][  0]LogAnalytics: Creating configured Analytics provider AnalyticsET
[2016.04.27-08.45.09:157][  0]LogAnalytics: [UEEditor.Rocket.Release] APIServer = http://et2.epicgames.com/ET2/. AppVersion = 4.10.4-2872498+++depot+UE4-Releases+4.10
[2016.04.27-08.45.09:157][  0]LogAnalytics: [UEEditor.Rocket.Release] SetUserId a32a4e514c2db6b4aa2fabb39e9eb0dd|d0364dc428fd4a30b51194022302dc17|e802f417-8768-47e2-9a46-4150259d8724
[2016.04.27-08.45.09:157][  0]LogAnalytics: [UEEditor.Rocket.Release] AnalyticsET::StartSession
[2016.04.27-08.45.09:171][  0]LogInit: Transaction tracking system initialized
[2016.04.27-08.45.09:183][  0]BlueprintLog: New page: Editor Load
[2016.04.27-08.45.09:224][  0]LocalizationService: Info Localization service is disabled
[2016.04.27-08.45.09:259][  0]LogLinker:Warning: Can't find file '/Game/TopDownBP/TopDownOverview'
[2016.04.27-08.45.09:260][  0]LogLinker:Warning: Can't find file '/Game/TopDownBP/TopDownOverview'
[2016.04.27-08.45.09:260][  0]LogUObjectGlobals:Warning: Failed to find object 'Class /Game/TopDownBP/TopDownOverview.TopDownOverview_C'
[2016.04.27-08.45.09:379][  0]LogConsoleResponse:Display: 
[2016.04.27-08.45.09:462][  0]LogCook:Display: Done creating registry. It took  0.00s.
[2016.04.27-08.45.09:493][  0]LogFileCache: Scanning file cache for directory 'J:/Game/Junior/Repo/GameDev2/Content/' took 0.01s
[2016.04.27-08.45.09:493][  0]SourceControl: Info Source control is disabled
[2016.04.27-08.45.09:493][  0]Cmd: MAP LOAD FILE="../../../../../Junior/Repo/GameDev2/Content/ProjectWarcrab/MainMenu.umap" TEMPLATE=0 SHOWPROGRESS=1 FEATURELEVEL=3
[2016.04.27-08.45.09:493][  0]LogEditorServer:Warning: Can't find file '../../../../../Junior/Repo/GameDev2/Content/ProjectWarcrab/MainMenu.umap'
[2016.04.27-08.45.09:493][  0]Cmd: MAP CHECKDEP NOCLEARLOG
[2016.04.27-08.45.09:520][  0]MapCheck: Info Map check complete: 0 Error(s), 0 Warning(s), took 26.345ms to complete.
[2016.04.27-08.45.09:520][  0]LogFileHelpers: Loading map 'MainMenu' took 0.027
[2016.04.27-08.45.09:610][  0]LogCollectionManager: Loaded 0 collections in 0.000791 seconds
[2016.04.27-08.45.09:651][  0]LogFileCache: Scanning file cache for directory 'J:/Game/Junior/Repo/GameDev2/Saved/Collections/' took 0.01s
[2016.04.27-08.45.09:651][  0]LogFileCache: Scanning file cache for directory 'J:/Game/Junior/Repo/GameDev2/Content/Developers/Shanye/Collections/' took 0.01s
[2016.04.27-08.45.09:651][  0]LogFileCache: Scanning file cache for directory 'J:/Game/Junior/Repo/GameDev2/Content/Collections/' took 0.01s
[2016.04.27-08.45.09:651][  0]LogCollectionManager: Rebuilt the GUID cache for 0 collections in 0.000001 seconds
[2016.04.27-08.45.09:657][  0]LogContentBrowser: Native class hierarchy populated in 0.0058 seconds. Added 1895 classes and 340 folders.
[2016.04.27-08.45.09:659][  0]LogContentBrowser: Native class hierarchy updated for 'WidgetCarousel' in 0.0002 seconds. Added 0 classes and 0 folders.
[2016.04.27-08.45.09:686][  0]LogContentBrowser: Native class hierarchy updated for 'AddContentDialog' in 0.0003 seconds. Added 0 classes and 0 folders.
[2016.04.27-08.45.09:689][  0]LogContentBrowser: Native class hierarchy updated for 'SceneOutliner' in 0.0002 seconds. Added 1 classes and 2 folders.
[2016.04.27-08.45.09:702][  0]LogCrashTracker: Crashtracker disabled due to settings.
[2016.04.27-08.45.09:706][  0]LogUObjectGlobals:Warning: Failed to find object 'Class None.'
[2016.04.27-08.45.09:727][  0]LogLoad: Full Startup: 3.54 seconds (BP compile: 0.00 seconds)
[2016.04.27-08.45.09:736][  0]LogWindowsTextInputMethodSystem:Display: IME system now deactivated.
[2016.04.27-08.45.09:739][  0]LogOcInput: Can't find Oculus library dev build: is proper Runtime installed? Version: 0.8.0.0
[2016.04.27-08.45.09:775][  0]LogContentStreaming: Texture pool size now 400 MB
[2016.04.27-08.45.09:880][  0]LogRenderer: Reallocating scene render targets to support 1220x572 (Frame:2).
[2016.04.27-08.45.09:963][  1]LogAssetRegistry: Asset discovery search completed in 1.2491 seconds
[2016.04.27-08.45.09:964][  1]LogCollectionManager: Rebuilt the object cache for 0 collections in 0.000001 seconds (found 0 objects)
[2016.04.27-08.45.09:964][  1]LogCollectionManager: Fixed up redirectors for 0 collections in 0.000014 seconds (updated 0 objects)
[2016.04.27-08.45.13:376][239]LogSkeletalMesh: InitArticulated: Bodies already created (/Engine/Transient.DebugSkelMeshComponent_0) - call TermArticulated first.
[2016.04.27-08.45.13:780][239]LogLinker:Warning: Asset '../../../Engine/Content/ArtTools/RenderToTexture/Macros/RenderToTextureMacros.uasset' has been saved with empty engine version. The asset will be loaded but may be incompatible.
[2016.04.27-08.45.14:071][239]LogContentBrowser: Native class hierarchy updated for 'BlueprintGraph' in 0.0005 seconds. Added 107 classes and 0 folders.
[2016.04.27-08.45.14:612][239]LogSkeletalMesh: InitArticulated: Bodies already created (/Engine/Transient.DebugSkelMeshComponent_1) - call TermArticulated first.
[2016.04.27-08.45.35:291][253]LogAIModule: Creating AISystem for world MainMenu
[2016.04.27-08.45.35:354][253]Cmd: MAP LOAD FILE="../../../../../Junior/Repo/GameDev2/Content/ProjectWarcrab/Levels/MainMenu.umap" TEMPLATE=0 SHOWPROGRESS=1 FEATURELEVEL=3
[2016.04.27-08.45.35:354][253]LightingResults: New page: Lighting Build
[2016.04.27-08.45.35:355][253]LogContentBrowser: Native class hierarchy updated for 'StatsViewer' in 0.0003 seconds. Added 5 classes and 0 folders.
[2016.04.27-08.45.35:366][253]LoadErrors: New page: Loading map: MainMenu.umap
[2016.04.27-08.45.35:366][253]MapCheck: New page: Map Check
[2016.04.27-08.45.35:366][253]LightingResults: New page: Lighting Build
[2016.04.27-08.45.35:387][253]LogParticles: Destroying 0 GPU particle simulations for FXSystem 0x000002051FAC6AC0
[2016.04.27-08.45.35:393][253]LogPhysics:Warning: FConstraintInstance::GetRefFrame : Contained scale.
[2016.04.27-08.45.35:393][253]LogPhysics:Warning: FConstraintInstance::GetRefFrame : Contained scale.
[2016.04.27-08.45.35:393][253]LogPhysics:Warning: FConstraintInstance::GetRefFrame : Contained scale.
[2016.04.27-08.45.35:393][253]LogPhysics:Warning: FConstraintInstance::GetRefFrame : Contained scale.
[2016.04.27-08.45.35:393][253]LogPhysics:Warning: FConstraintInstance::GetRefFrame : Contained scale.
[2016.04.27-08.45.35:393][253]LogPhysics:Warning: FConstraintInstance::GetRefFrame : Contained scale.
[2016.04.27-08.45.35:393][253]LogPhysics:Warning: FConstraintInstance::GetRefFrame : Contained scale.
[2016.04.27-08.45.35:393][253]LogPhysics:Warning: FConstraintInstance::GetRefFrame : Contained scale.
[2016.04.27-08.45.35:393][253]LogPhysics:Warning: FConstraintInstance::GetRefFrame : Contained scale.
[2016.04.27-08.45.35:393][253]LogPhysics:Warning: FConstraintInstance::GetRefFrame : Contained scale.
[2016.04.27-08.45.35:393][253]LogPhysics:Warning: FConstraintInstance::GetRefFrame : Contained scale.
[2016.04.27-08.45.35:393][253]LogPhysics:Warning: FConstraintInstance::GetRefFrame : Contained scale.
[2016.04.27-08.45.35:393][253]LogPhysics:Warning: FConstraintInstance::GetRefFrame : Contained scale.
[2016.04.27-08.45.35:393][253]LogPhysics:Warning: FConstraintInstance::GetRefFrame : Contained scale.
[2016.04.27-08.45.35:393][253]LogPhysics:Warning: FConstraintInstance::GetRefFrame : Contained scale.
[2016.04.27-08.45.35:393][253]LogPhysics:Warning: FConstraintInstance::GetRefFrame : Contained scale.
[2016.04.27-08.45.35:393][253]LogPhysics:Warning: FConstraintInstance::GetRefFrame : Contained scale.
[2016.04.27-08.45.35:393][253]LogPhysics:Warning: FConstraintInstance::GetRefFrame : Contained scale.
[2016.04.27-08.45.35:393][253]LogPhysics:Warning: FConstraintInstance::GetRefFrame : Contained scale.
[2016.04.27-08.45.35:393][253]LogPhysics:Warning: FConstraintInstance::GetRefFrame : Contained scale.
[2016.04.27-08.45.35:393][253]LogPhysics:Warning: FConstraintInstance::GetRefFrame : Contained scale.
[2016.04.27-08.45.35:393][253]LogPhysics:Warning: FConstraintInstance::GetRefFrame : Contained scale.
[2016.04.27-08.45.35:393][253]LogPhysics:Warning: FConstraintInstance::GetRefFrame : Contained scale.
[2016.04.27-08.45.35:393][253]LogPhysics:Warning: FConstraintInstance::GetRefFrame : Contained scale.
[2016.04.27-08.45.35:393][253]LogPhysics:Warning: FConstraintInstance::GetRefFrame : Contained scale.
[2016.04.27-08.45.35:393][253]LogPhysics:Warning: FConstraintInstance::GetRefFrame : Contained scale.
[2016.04.27-08.45.35:393][253]LogPhysics:Warning: FConstraintInstance::GetRefFrame : Contained scale.
[2016.04.27-08.45.35:393][253]LogPhysics:Warning: FConstraintInstance::GetRefFrame : Contained scale.
[2016.04.27-08.45.35:393][253]LogPhysics:Warning: FConstraintInstance::GetRefFrame : Contained scale.
[2016.04.27-08.45.35:393][253]LogPhysics:Warning: FConstraintInstance::GetRefFrame : Contained scale.
[2016.04.27-08.45.35:393][253]LogPhysics:Warning: FConstraintInstance::GetRefFrame : Contained scale.
[2016.04.27-08.45.35:393][253]LogPhysics:Warning: FConstraintInstance::GetRefFrame : Contained scale.
[2016.04.27-08.45.35:393][253]LogPhysics:Warning: FConstraintInstance::GetRefFrame : Contained scale.
[2016.04.27-08.45.35:393][253]LogPhysics:Warning: FConstraintInstance::GetRefFrame : Contained scale.
[2016.04.27-08.45.35:393][253]LogPhysics:Warning: FConstraintInstance::GetRefFrame : Contained scale.
[2016.04.27-08.45.35:393][253]LogPhysics:Warning: FConstraintInstance::GetRefFrame : Contained scale.
[2016.04.27-08.45.35:393][253]LogPhysics:Warning: FConstraintInstance::GetRefFrame : Contained scale.
[2016.04.27-08.45.35:393][253]LogPhysics:Warning: FConstraintInstance::GetRefFrame : Contained scale.
[2016.04.27-08.45.35:393][253]LogPhysics:Warning: FConstraintInstance::GetRefFrame : Contained scale.
[2016.04.27-08.45.35:393][253]LogPhysics:Warning: FConstraintInstance::GetRefFrame : Contained scale.
[2016.04.27-08.45.35:393][253]LogPhysics:Warning: FConstraintInstance::GetRefFrame : Contained scale.
[2016.04.27-08.45.35:393][253]LogPhysics:Warning: FConstraintInstance::GetRefFrame : Contained scale.
[2016.04.27-08.45.35:393][253]LogPhysics:Warning: FConstraintInstance::GetRefFrame : Contained scale.
[2016.04.27-08.45.35:393][253]LogPhysics:Warning: FConstraintInstance::GetRefFrame : Contained scale.
[2016.04.27-08.45.35:393][253]LogPhysics:Warning: FConstraintInstance::GetRefFrame : Contained scale.
[2016.04.27-08.45.35:393][253]LogPhysics:Warning: FConstraintInstance::GetRefFrame : Contained scale.
[2016.04.27-08.45.35:393][253]LogPhysics:Warning: FConstraintInstance::GetRefFrame : Contained scale.
[2016.04.27-08.45.35:394][253]LogEditorServer: Finished looking for orphan Actors (0.000 secs)
[2016.04.27-08.45.35:416][253]Cmd: MAP CHECKDEP NOCLEARLOG
[2016.04.27-08.45.35:458][253]MapCheck: Info Map check complete: 0 Error(s), 0 Warning(s), took 41.202ms to complete.
[2016.04.27-08.45.35:458][253]LogFileHelpers: Loading map 'MainMenu' took 0.105
[2016.04.27-08.45.35:485][254]Cmd: UpdateLandscapeEditorData -warnings
[2016.04.27-08.45.35:486][254]Cmd: UpdateLandscapeEditorData
[2016.04.27-08.45.36:200][299]LogBlueprintUserMessages: Early PlayInEditor Detection: Level '/Game/ProjectWarcrab/Levels/MainMenu.MainMenu:PersistentLevel' has LevelScriptBlueprint '/Game/ProjectWarcrab/Levels/MainMenu.MainMenu:PersistentLevel.MainMenu' with GeneratedClass '/Game/ProjectWarcrab/Levels/MainMenu.MainMenu_C' with ClassGeneratedBy '/Game/ProjectWarcrab/Levels/MainMenu.MainMenu:PersistentLevel.MainMenu'
[2016.04.27-08.45.36:200][299]LogPlayLevel: PlayLevel: No blueprints needed recompiling
[2016.04.27-08.45.36:203][299]PIE: New page: PIE session: MainMenu (Apr 27, 2016, 12:45:36 AM)
[2016.04.27-08.45.36:203][299]LogPlayLevel: Creating play world package: /Game/ProjectWarcrab/Levels/UEDPIE_1_MainMenu
[2016.04.27-08.45.36:208][299]LogPlayLevel: PIE: StaticDuplicateObject took: (0.005226s)
[2016.04.27-08.45.36:208][299]LogAIModule: Creating AISystem for world MainMenu
[2016.04.27-08.45.36:209][299]LogPlayLevel: PIE: World Init took: (0.000608s)
[2016.04.27-08.45.36:209][299]LogPlayLevel: PIE: Created PIE world by copying editor world from /Game/ProjectWarcrab/Levels/MainMenu.MainMenu to /Game/ProjectWarcrab/Levels/UEDPIE_1_MainMenu.MainMenu (0.006015s)
[2016.04.27-08.45.36:233][299]LogInit: XAudio2 using 'Speakers (Realtek High Definition Audio)' : 2 channels at 48 kHz using 32 bits per sample (channel mask 0x3)
[2016.04.27-08.45.36:246][299]LogInit: FAudioDevice initialized.
[2016.04.27-08.45.36:344][299]LogLinker:Warning: Can't find file '/Game/ProjectWarcrab/Blueprints/GM_BattleBots'
[2016.04.27-08.45.36:344][299]LogLinker:Warning: Can't find file '/Game/ProjectWarcrab/Blueprints/GM_BattleBots'
[2016.04.27-08.45.36:344][299]LogUObjectGlobals:Warning: Failed to find object 'Class /Game/ProjectWarcrab/Blueprints/GM_BattleBots.GM_BattleBots_C'
[2016.04.27-08.45.36:344][299]LogWorld: Game class is 'GameMode'
[2016.04.27-08.45.36:347][299]LogPhysics:Warning: FConstraintInstance::GetRefFrame : Contained scale.
[2016.04.27-08.45.36:347][299]LogPhysics:Warning: FConstraintInstance::GetRefFrame : Contained scale.
[2016.04.27-08.45.36:347][299]LogPhysics:Warning: FConstraintInstance::GetRefFrame : Contained scale.
[2016.04.27-08.45.36:347][299]LogPhysics:Warning: FConstraintInstance::GetRefFrame : Contained scale.
[2016.04.27-08.45.36:347][299]LogPhysics:Warning: FConstraintInstance::GetRefFrame : Contained scale.
[2016.04.27-08.45.36:347][299]LogPhysics:Warning: FConstraintInstance::GetRefFrame : Contained scale.
[2016.04.27-08.45.36:347][299]LogPhysics:Warning: FConstraintInstance::GetRefFrame : Contained scale.
[2016.04.27-08.45.36:347][299]LogPhysics:Warning: FConstraintInstance::GetRefFrame : Contained scale.
[2016.04.27-08.45.36:347][299]LogPhysics:Warning: FConstraintInstance::GetRefFrame : Contained scale.
[2016.04.27-08.45.36:347][299]LogPhysics:Warning: FConstraintInstance::GetRefFrame : Contained scale.
[2016.04.27-08.45.36:347][299]LogPhysics:Warning: FConstraintInstance::GetRefFrame : Contained scale.
[2016.04.27-08.45.36:347][299]LogPhysics:Warning: FConstraintInstance::GetRefFrame : Contained scale.
[2016.04.27-08.45.36:347][299]LogPhysics:Warning: FConstraintInstance::GetRefFrame : Contained scale.
[2016.04.27-08.45.36:347][299]LogPhysics:Warning: FConstraintInstance::GetRefFrame : Contained scale.
[2016.04.27-08.45.36:347][299]LogPhysics:Warning: FConstraintInstance::GetRefFrame : Contained scale.
[2016.04.27-08.45.36:347][299]LogPhysics:Warning: FConstraintInstance::GetRefFrame : Contained scale.
[2016.04.27-08.45.36:347][299]LogPhysics:Warning: FConstraintInstance::GetRefFrame : Contained scale.
[2016.04.27-08.45.36:347][299]LogPhysics:Warning: FConstraintInstance::GetRefFrame : Contained scale.
[2016.04.27-08.45.36:347][299]LogPhysics:Warning: FConstraintInstance::GetRefFrame : Contained scale.
[2016.04.27-08.45.36:347][299]LogPhysics:Warning: FConstraintInstance::GetRefFrame : Contained scale.
[2016.04.27-08.45.36:347][299]LogPhysics:Warning: FConstraintInstance::GetRefFrame : Contained scale.
[2016.04.27-08.45.36:347][299]LogPhysics:Warning: FConstraintInstance::GetRefFrame : Contained scale.
[2016.04.27-08.45.36:347][299]LogPhysics:Warning: FConstraintInstance::GetRefFrame : Contained scale.
[2016.04.27-08.45.36:347][299]LogPhysics:Warning: FConstraintInstance::GetRefFrame : Contained scale.
[2016.04.27-08.45.36:347][299]LogPhysics:Warning: FConstraintInstance::GetRefFrame : Contained scale.
[2016.04.27-08.45.36:347][299]LogPhysics:Warning: FConstraintInstance::GetRefFrame : Contained scale.
[2016.04.27-08.45.36:347][299]LogPhysics:Warning: FConstraintInstance::GetRefFrame : Contained scale.
[2016.04.27-08.45.36:347][299]LogPhysics:Warning: FConstraintInstance::GetRefFrame : Contained scale.
[2016.04.27-08.45.36:347][299]LogPhysics:Warning: FConstraintInstance::GetRefFrame : Contained scale.
[2016.04.27-08.45.36:347][299]LogPhysics:Warning: FConstraintInstance::GetRefFrame : Contained scale.
[2016.04.27-08.45.36:347][299]LogPhysics:Warning: FConstraintInstance::GetRefFrame : Contained scale.
[2016.04.27-08.45.36:347][299]LogPhysics:Warning: FConstraintInstance::GetRefFrame : Contained scale.
[2016.04.27-08.45.36:347][299]LogPhysics:Warning: FConstraintInstance::GetRefFrame : Contained scale.
[2016.04.27-08.45.36:347][299]LogPhysics:Warning: FConstraintInstance::GetRefFrame : Contained scale.
[2016.04.27-08.45.36:347][299]LogPhysics:Warning: FConstraintInstance::GetRefFrame : Contained scale.
[2016.04.27-08.45.36:347][299]LogPhysics:Warning: FConstraintInstance::GetRefFrame : Contained scale.
[2016.04.27-08.45.36:347][299]LogPhysics:Warning: FConstraintInstance::GetRefFrame : Contained scale.
[2016.04.27-08.45.36:347][299]LogPhysics:Warning: FConstraintInstance::GetRefFrame : Contained scale.
[2016.04.27-08.45.36:347][299]LogPhysics:Warning: FConstraintInstance::GetRefFrame : Contained scale.
[2016.04.27-08.45.36:347][299]LogPhysics:Warning: FConstraintInstance::GetRefFrame : Contained scale.
[2016.04.27-08.45.36:347][299]LogPhysics:Warning: FConstraintInstance::GetRefFrame : Contained scale.
[2016.04.27-08.45.36:347][299]LogPhysics:Warning: FConstraintInstance::GetRefFrame : Contained scale.
[2016.04.27-08.45.36:347][299]LogPhysics:Warning: FConstraintInstance::GetRefFrame : Contained scale.
[2016.04.27-08.45.36:347][299]LogPhysics:Warning: FConstraintInstance::GetRefFrame : Contained scale.
[2016.04.27-08.45.36:347][299]LogPhysics:Warning: FConstraintInstance::GetRefFrame : Contained scale.
[2016.04.27-08.45.36:347][299]LogPhysics:Warning: FConstraintInstance::GetRefFrame : Contained scale.
[2016.04.27-08.45.36:347][299]LogPhysics:Warning: FConstraintInstance::GetRefFrame : Contained scale.
[2016.04.27-08.45.36:348][299]LogWorld: Bringing World /Game/ProjectWarcrab/Levels/UEDPIE_1_MainMenu.MainMenu up for play (max tick rate 0) at 2016.04.27-04.45.36
[2016.04.27-08.45.36:348][299]LogActor:Warning: GameSession /Game/ProjectWarcrab/Levels/UEDPIE_1_MainMenu.MainMenu:PersistentLevel.GameSession_0 has natively added scene component(s), but none of them were set as the actor's RootComponent - picking one arbitrarily
[2016.04.27-08.45.36:348][299]LogActor:Warning: GameNetworkManager /Game/ProjectWarcrab/Levels/UEDPIE_1_MainMenu.MainMenu:PersistentLevel.GameNetworkManager_0 has natively added scene component(s), but none of them were set as the actor's RootComponent - picking one arbitrarily
[2016.04.27-08.45.36:348][299]LogWorld: Bringing up level for play took: 0.003297
[2016.04.27-08.45.36:359][299]LogVoice:Warning: Failed to initialize voice interface
[2016.04.27-08.45.36:360][299]LogInit: WinSock: Socket queue 131072 / 131072
[2016.04.27-08.45.36:360][299]LogInit: WinSock: I am ShanyePC (128.113.17.121:0)
[2016.04.27-08.45.36:360][299]LogNet: GameNetDriver IpNetDriver_0 IpNetDriver listening on port 7777
[2016.04.27-08.45.36:360][299]LogOnline:Warning: NULL: Can't start an online game for session (Game) that hasn't been created
[2016.04.27-08.45.36:395][299]PIE: Info Play in editor start time for /Game/ProjectWarcrab/Levels/UEDPIE_1_MainMenu 0.233
[2016.04.27-08.45.36:397][299]PIE: New page: PIE session: MainMenu (Apr 27, 2016, 12:45:36 AM)
[2016.04.27-08.45.36:488][299]LogNet: Browse: 127.0.0.1//Game/ProjectWarcrab/MainMenu
[2016.04.27-08.45.36:488][299]LogInit: WinSock: Socket queue 32768 / 32768
[2016.04.27-08.45.36:488][299]LogNet: Game client on port 7777, rate 10000
[2016.04.27-08.45.36:489][299]LogNet: GetLocalNetworkVersion: GEngineNetVersion: 2872498, ProjectName: gamedev2, ProjectVersion: 1.0.0.0, InternalProtocolVersion: 9, LocalNetworkVersion: 1639411290
[2016.04.27-08.45.36:538][299]PIE: Info Play in editor start time for /Game/ProjectWarcrab/MainMenu 0.375
[2016.04.27-08.45.36:540][299]LogBlueprintUserMessages: Late PlayInEditor Detection: Level '/Game/ProjectWarcrab/Levels/MainMenu.MainMenu:PersistentLevel' has LevelScriptBlueprint '/Game/ProjectWarcrab/Levels/MainMenu.MainMenu:PersistentLevel.MainMenu' with GeneratedClass '/Game/ProjectWarcrab/Levels/MainMenu.MainMenu_C' with ClassGeneratedBy '/Game/ProjectWarcrab/Levels/MainMenu.MainMenu:PersistentLevel.MainMenu'
[2016.04.27-08.45.36:540][299]LogNet: NotifyAcceptingConnection: Server MainMenu accept
[2016.04.27-08.45.36:540][299]LogNet: Open MainMenu 04/27/16 04:45:36 127.0.0.1
[2016.04.27-08.45.36:540][299]LogNet: Added client connection.  Remote address = 127.0.0.1:58997
[2016.04.27-08.45.36:540][299]LogNet: NotifyAcceptingChannel Control 0 server World /Game/ProjectWarcrab/Levels/UEDPIE_1_MainMenu.MainMenu: Accepted
[2016.04.27-08.45.36:540][299]LogNet: Remote platform little endian=1
[2016.04.27-08.45.36:540][299]LogNet: This platform little endian=1
[2016.04.27-08.45.36:540][299]LogNet: GetLocalNetworkVersion: GEngineNetVersion: 2872498, ProjectName: gamedev2, ProjectVersion: 1.0.0.0, InternalProtocolVersion: 9, LocalNetworkVersion: 1639411290
[2016.04.27-08.45.36:552][299]LogVoice:Warning: Failed to initialize voice interface
[2016.04.27-08.45.36:586][300]LogNet: Login request: /Game/ProjectWarcrab/MainMenu?Name=ShanyePC-DA92E26E43EC6F822717FB811A958073 userId: ShanyePC-DA92E26E43EC6F822717FB811A958073
[2016.04.27-08.45.36:588][300]LogNet: Welcomed by server (Level: /Game/ProjectWarcrab/Levels/UEDPIE_1_MainMenu, Game: /Script/Engine.GameMode)
[2016.04.27-08.45.36:609][300]LogLoad: LoadMap: 127.0.0.1//Game/ProjectWarcrab/Levels/UEDPIE_1_MainMenu?game=/Script/Engine.GameMode
[2016.04.27-08.45.36:631][300]LogParticles: Destroying 0 GPU particle simulations for FXSystem 0x00000205594AF100
[2016.04.27-08.45.36:634][300]Cmd: MEM
[2016.04.27-08.45.36:657][300]LogMemory: Platform Memory Stats for Windows
[2016.04.27-08.45.36:657][300]LogMemory: Process Physical Memory: 971.99 MB used, 971.99 MB peak
[2016.04.27-08.45.36:657][300]LogMemory: Process Virtual Memory: 1766.96 MB used, 1766.96 MB peak
[2016.04.27-08.45.36:657][300]LogMemory: Physical Memory: 5689.90 MB used, 12239.21 MB total
[2016.04.27-08.45.36:657][300]LogMemory: Virtual Memory: 2457.48 MB used, 134217728.00 MB total
[2016.04.27-08.45.36:657][300]LogMemory: 
[2016.04.27-08.45.36:657][300]Allocator Stats for TBB: (not implemented)
[2016.04.27-08.45.36:662][300]LogWorld: PIE: Copying PIE streaming level from /Game/ProjectWarcrab/Levels/MainMenu.MainMenu to /Game/ProjectWarcrab/Levels/UEDPIE_2_MainMenu.MainMenu. OwningWorld: None
[2016.04.27-08.45.36:663][300]LogAIModule: Creating AISystem for world MainMenu
[2016.04.27-08.45.36:665][300]LogPhysics:Warning: FConstraintInstance::GetRefFrame : Contained scale.
[2016.04.27-08.45.36:665][300]LogPhysics:Warning: FConstraintInstance::GetRefFrame : Contained scale.
[2016.04.27-08.45.36:665][300]LogPhysics:Warning: FConstraintInstance::GetRefFrame : Contained scale.
[2016.04.27-08.45.36:665][300]LogPhysics:Warning: FConstraintInstance::GetRefFrame : Contained scale.
[2016.04.27-08.45.36:665][300]LogPhysics:Warning: FConstraintInstance::GetRefFrame : Contained scale.
[2016.04.27-08.45.36:666][300]LogPhysics:Warning: FConstraintInstance::GetRefFrame : Contained scale.
[2016.04.27-08.45.36:666][300]LogPhysics:Warning: FConstraintInstance::GetRefFrame : Contained scale.
[2016.04.27-08.45.36:666][300]LogPhysics:Warning: FConstraintInstance::GetRefFrame : Contained scale.
[2016.04.27-08.45.36:666][300]LogPhysics:Warning: FConstraintInstance::GetRefFrame : Contained scale.
[2016.04.27-08.45.36:666][300]LogPhysics:Warning: FConstraintInstance::GetRefFrame : Contained scale.
[2016.04.27-08.45.36:666][300]LogPhysics:Warning: FConstraintInstance::GetRefFrame : Contained scale.
[2016.04.27-08.45.36:666][300]LogPhysics:Warning: FConstraintInstance::GetRefFrame : Contained scale.
[2016.04.27-08.45.36:666][300]LogPhysics:Warning: FConstraintInstance::GetRefFrame : Contained scale.
[2016.04.27-08.45.36:666][300]LogPhysics:Warning: FConstraintInstance::GetRefFrame : Contained scale.
[2016.04.27-08.45.36:666][300]LogPhysics:Warning: FConstraintInstance::GetRefFrame : Contained scale.
[2016.04.27-08.45.36:666][300]LogPhysics:Warning: FConstraintInstance::GetRefFrame : Contained scale.
[2016.04.27-08.45.36:666][300]LogPhysics:Warning: FConstraintInstance::GetRefFrame : Contained scale.
[2016.04.27-08.45.36:666][300]LogPhysics:Warning: FConstraintInstance::GetRefFrame : Contained scale.
[2016.04.27-08.45.36:666][300]LogPhysics:Warning: FConstraintInstance::GetRefFrame : Contained scale.
[2016.04.27-08.45.36:666][300]LogPhysics:Warning: FConstraintInstance::GetRefFrame : Contained scale.
[2016.04.27-08.45.36:666][300]LogPhysics:Warning: FConstraintInstance::GetRefFrame : Contained scale.
[2016.04.27-08.45.36:666][300]LogPhysics:Warning: FConstraintInstance::GetRefFrame : Contained scale.
[2016.04.27-08.45.36:666][300]LogPhysics:Warning: FConstraintInstance::GetRefFrame : Contained scale.
[2016.04.27-08.45.36:666][300]LogPhysics:Warning: FConstraintInstance::GetRefFrame : Contained scale.
[2016.04.27-08.45.36:666][300]LogPhysics:Warning: FConstraintInstance::GetRefFrame : Contained scale.
[2016.04.27-08.45.36:666][300]LogPhysics:Warning: FConstraintInstance::GetRefFrame : Contained scale.
[2016.04.27-08.45.36:666][300]LogPhysics:Warning: FConstraintInstance::GetRefFrame : Contained scale.
[2016.04.27-08.45.36:666][300]LogPhysics:Warning: FConstraintInstance::GetRefFrame : Contained scale.
[2016.04.27-08.45.36:666][300]LogPhysics:Warning: FConstraintInstance::GetRefFrame : Contained scale.
[2016.04.27-08.45.36:666][300]LogPhysics:Warning: FConstraintInstance::GetRefFrame : Contained scale.
[2016.04.27-08.45.36:666][300]LogPhysics:Warning: FConstraintInstance::GetRefFrame : Contained scale.
[2016.04.27-08.45.36:666][300]LogPhysics:Warning: FConstraintInstance::GetRefFrame : Contained scale.
[2016.04.27-08.45.36:666][300]LogPhysics:Warning: FConstraintInstance::GetRefFrame : Contained scale.
[2016.04.27-08.45.36:666][300]LogPhysics:Warning: FConstraintInstance::GetRefFrame : Contained scale.
[2016.04.27-08.45.36:666][300]LogPhysics:Warning: FConstraintInstance::GetRefFrame : Contained scale.
[2016.04.27-08.45.36:666][300]LogPhysics:Warning: FConstraintInstance::GetRefFrame : Contained scale.
[2016.04.27-08.45.36:666][300]LogPhysics:Warning: FConstraintInstance::GetRefFrame : Contained scale.
[2016.04.27-08.45.36:666][300]LogPhysics:Warning: FConstraintInstance::GetRefFrame : Contained scale.
[2016.04.27-08.45.36:666][300]LogPhysics:Warning: FConstraintInstance::GetRefFrame : Contained scale.
[2016.04.27-08.45.36:666][300]LogPhysics:Warning: FConstraintInstance::GetRefFrame : Contained scale.
[2016.04.27-08.45.36:666][300]LogPhysics:Warning: FConstraintInstance::GetRefFrame : Contained scale.
[2016.04.27-08.45.36:666][300]LogPhysics:Warning: FConstraintInstance::GetRefFrame : Contained scale.
[2016.04.27-08.45.36:666][300]LogPhysics:Warning: FConstraintInstance::GetRefFrame : Contained scale.
[2016.04.27-08.45.36:666][300]LogPhysics:Warning: FConstraintInstance::GetRefFrame : Contained scale.
[2016.04.27-08.45.36:666][300]LogPhysics:Warning: FConstraintInstance::GetRefFrame : Contained scale.
[2016.04.27-08.45.36:666][300]LogPhysics:Warning: FConstraintInstance::GetRefFrame : Contained scale.
[2016.04.27-08.45.36:666][300]LogPhysics:Warning: FConstraintInstance::GetRefFrame : Contained scale.
[2016.04.27-08.45.36:667][300]LogWorld: Bringing World /Game/ProjectWarcrab/Levels/UEDPIE_2_MainMenu.MainMenu up for play (max tick rate 0) at 2016.04.27-04.45.36
[2016.04.27-08.45.36:667][300]LogWorld: Bringing up level for play took: 0.003534
[2016.04.27-08.45.36:690][301]LogNet: Client netspeed is 10000
[2016.04.27-08.45.36:690][301]LogNet: Join request: /Game/ProjectWarcrab/MainMenu?Name=ShanyePC-DA92E26E43EC6F822717FB811A958073?SplitscreenCount=1
[2016.04.27-08.45.36:691][301]LogOnline:Warning: NULL: No game present to join for session (Game)
[2016.04.27-08.45.36:692][301]LogNet: Join succeeded: ShanyePC-DA92E26E43E
[2016.04.27-08.45.36:732][302]LogOnline:Warning: NULL: No game present to join for session (Game)
[2016.04.27-08.45.36:733][302]LogOnline:Warning: NULL: No game present to join for session (Game)
[2016.04.27-08.45.39:910][386]LogBlueprintUserMessages: [MyGameInstance_C_1] Client -2: Hello
[2016.04.27-08.45.39:950][386]LogPackageName: SearchForPackageOnDisk took   0.039s to resolve TopDownExampleMap.umap.
[2016.04.27-08.45.39:986][386]LogPackageName: SearchForPackageOnDisk took   0.035s to resolve TopDownExampleMap.umap.
[2016.04.27-08.45.39:986][386]LogNet: Browse: /Game/TopDownBP/Maps/TopDownExampleMap?listen
[2016.04.27-08.45.39:987][386]LogLoad: LoadMap: /Game/TopDownBP/Maps/TopDownExampleMap?listen
[2016.04.27-08.45.39:987][386]LogNet: World NetDriver shutdown IpNetDriver_1 [GameNetDriver]
[2016.04.27-08.45.39:987][386]LogNet: DestroyNamedNetDriver IpNetDriver_1 [GameNetDriver]
[2016.04.27-08.45.39:987][386]LogNet: UNetConnection::Close: Name: IpConnection_0, Driver: GameNetDriver IpNetDriver_1, PC: PlayerController_3, Owner: PlayerController_3, Channels: 11, RemoteAddr: 127.0.0.1:7777, Time: 2016.04.27-08.45.39
[2016.04.27-08.45.39:987][386]LogNet: UChannel::Close: Sending CloseBunch. ChIndex == 0. Name: ControlChannel_0
[2016.04.27-08.45.39:987][386]LogExit: GameNetDriver IpNetDriver_1 shut down
[2016.04.27-08.45.40:011][386]LogParticles: Destroying 0 GPU particle simulations for FXSystem 0x000002054EE55A80
[2016.04.27-08.45.40:011][386]Cmd: MEM
[2016.04.27-08.45.40:032][386]LogMemory: Platform Memory Stats for Windows
[2016.04.27-08.45.40:032][386]LogMemory: Process Physical Memory: 1033.95 MB used, 1035.18 MB peak
[2016.04.27-08.45.40:032][386]LogMemory: Process Virtual Memory: 1768.82 MB used, 1835.43 MB peak
[2016.04.27-08.45.40:032][386]LogMemory: Physical Memory: 5783.19 MB used, 12239.21 MB total
[2016.04.27-08.45.40:032][386]LogMemory: Virtual Memory: 2501.92 MB used, 134217728.00 MB total
[2016.04.27-08.45.40:032][386]LogMemory: 
[2016.04.27-08.45.40:032][386]Allocator Stats for TBB: (not implemented)
[2016.04.27-08.45.40:579][386]LogAIModule: Creating AISystem for world TopDownExampleMap
[2016.04.27-08.45.40:580][386]LogWorld: Game class is 'TopDownGameMode_C'
[2016.04.27-08.45.40:580][386]LogInit: WinSock: Socket queue 131072 / 131072
[2016.04.27-08.45.40:580][386]LogNet: GameNetDriver IpNetDriver_2 IpNetDriver listening on port 7778
[2016.04.27-08.45.40:587][386]LogWorld: Bringing World /Game/TopDownBP/Maps/UEDPIE_2_TopDownExampleMap.TopDownExampleMap up for play (max tick rate 0) at 2016.04.27-04.45.40
[2016.04.27-08.45.40:587][386]LogActor:Warning: GameSession /Game/TopDownBP/Maps/UEDPIE_2_TopDownExampleMap.TopDownExampleMap:PersistentLevel.GameSession_1 has natively added scene component(s), but none of them were set as the actor's RootComponent - picking one arbitrarily
[2016.04.27-08.45.40:587][386]LogActor:Warning: GameNetworkManager /Game/TopDownBP/Maps/UEDPIE_2_TopDownExampleMap.TopDownExampleMap:PersistentLevel.GameNetworkManager_1 has natively added scene component(s), but none of them were set as the actor's RootComponent - picking one arbitrarily
[2016.04.27-08.45.40:587][386]LogWorld: Bringing up level for play took: 0.006012
[2016.04.27-08.45.40:587][386]LogLongPackageNames:Warning: URL: :7778//Game/TopDownBP/Maps/TopDownExampleMap: Name may not contain the following characters: :
[2016.04.27-08.45.40:588][386]LogOnline:Warning: NULL: Can't start an online session (Game) in state InProgress
[2016.04.27-08.45.40:617][387]LogNet: UChannel::ReceivedSequencedBunch: Bunch.bClose == true. ChIndex == 0. Calling ConditionalCleanUp.
[2016.04.27-08.45.40:617][387]LogNet: UChannel::CleanUp: [GameNetDriver] [PlayerController_2] [PlayerController_2]. ChIndex == 0. Closing connection.
[2016.04.27-08.45.40:617][387]LogNet: UNetConnection::Close: Name: IpConnection_1, Driver: GameNetDriver IpNetDriver_0, PC: PlayerController_2, Owner: PlayerController_2, Channels: 11, RemoteAddr: 127.0.0.1:58997, Time: 2016.04.27-08.45.40
[2016.04.27-08.45.40:617][387]LogNet: UChannel::Close: Sending CloseBunch. ChIndex == 0. Name: ControlChannel_1
[2016.04.27-08.45.40:618][387]LogOnline:Warning: NULL: No game present to leave for session (Game)
[2016.04.27-08.45.59:723][931]LogBlueprintUserMessages: [cha_BaseBot_C_5] Server: Hello
[2016.04.27-08.45.59:723][931]LogBlueprintUserMessages: [cha_BaseBot_C_5] Server: -1
[2016.04.27-08.45.59:723][931]LogBlueprintUserMessages: [cha_BaseBot_C_5] Server: No weapon
[2016.04.27-08.46.00:460][951]LogBlueprintUserMessages: [cha_BaseBot_C_5] Server: Hello
[2016.04.27-08.46.00:460][951]LogBlueprintUserMessages: [cha_BaseBot_C_5] Server: 0
[2016.04.27-08.46.00:889][963]LogBlueprintUserMessages: [cha_BaseBot_C_5] Server: Hello
[2016.04.27-08.46.00:889][963]LogBlueprintUserMessages: [cha_BaseBot_C_5] Server: -1
[2016.04.27-08.46.00:889][963]LogBlueprintUserMessages: [cha_BaseBot_C_5] Server: No weapon
[2016.04.27-08.46.01:230][972]LogBlueprintUserMessages: [cha_BaseBot_C_5] Server: Hello
[2016.04.27-08.46.01:230][972]LogBlueprintUserMessages: [cha_BaseBot_C_5] Server: 0
[2016.04.27-08.46.01:930][991]LogBlueprintUserMessages: [cha_BaseBot_C_5] Server: Hello
[2016.04.27-08.46.01:930][991]LogBlueprintUserMessages: [cha_BaseBot_C_5] Server: 0
[2016.04.27-08.46.03:163][ 24]LogBlueprintUserMessages: [cha_BaseBot_C_5] Server: Hello
[2016.04.27-08.46.03:163][ 24]LogBlueprintUserMessages: [cha_BaseBot_C_5] Server: -1
[2016.04.27-08.46.03:163][ 24]LogBlueprintUserMessages: [cha_BaseBot_C_5] Server: No weapon
[2016.04.27-08.46.03:871][ 44]LogBlueprintUserMessages: [cha_BaseBot_C_5] Server: Hello
[2016.04.27-08.46.03:871][ 44]LogBlueprintUserMessages: [cha_BaseBot_C_5] Server: 0
[2016.04.27-08.46.04:799][ 69]LogBlueprintUserMessages: [cha_BaseBot_C_5] Server: Hello
[2016.04.27-08.46.04:799][ 69]LogBlueprintUserMessages: [cha_BaseBot_C_5] Server: -1
[2016.04.27-08.46.04:799][ 69]LogBlueprintUserMessages: [cha_BaseBot_C_5] Server: No weapon
[2016.04.27-08.46.05:631][ 92]LogBlueprintUserMessages: [cha_BaseBot_C_5] Server: Hello
[2016.04.27-08.46.05:632][ 92]LogBlueprintUserMessages: [cha_BaseBot_C_5] Server: -1
[2016.04.27-08.46.05:632][ 92]LogBlueprintUserMessages: [cha_BaseBot_C_5] Server: No weapon
[2016.04.27-08.46.06:290][110]LogBlueprintUserMessages: [cha_BaseBot_C_5] Server: Hello
[2016.04.27-08.46.06:290][110]LogBlueprintUserMessages: [cha_BaseBot_C_5] Server: 0
[2016.04.27-08.46.06:744][122]LogBlueprintUserMessages: [cha_BaseBot_C_5] Server: Hello
[2016.04.27-08.46.06:744][122]LogBlueprintUserMessages: [cha_BaseBot_C_5] Server: -1
[2016.04.27-08.46.06:744][122]LogBlueprintUserMessages: [cha_BaseBot_C_5] Server: No weapon
[2016.04.27-08.46.07:127][133]LogBlueprintUserMessages: [cha_BaseBot_C_5] Server: Hello
[2016.04.27-08.46.07:127][133]LogBlueprintUserMessages: [cha_BaseBot_C_5] Server: -1
[2016.04.27-08.46.07:127][133]LogBlueprintUserMessages: [cha_BaseBot_C_5] Server: No weapon
[2016.04.27-08.46.07:386][140]LogBlueprintUserMessages: [cha_BaseBot_C_5] Server: Hello
[2016.04.27-08.46.07:386][140]LogBlueprintUserMessages: [cha_BaseBot_C_5] Server: -1
[2016.04.27-08.46.07:386][140]LogBlueprintUserMessages: [cha_BaseBot_C_5] Server: No weapon
[2016.04.27-08.46.07:633][147]LogBlueprintUserMessages: [cha_BaseBot_C_5] Server: Hello
[2016.04.27-08.46.07:633][147]LogBlueprintUserMessages: [cha_BaseBot_C_5] Server: 0
[2016.04.27-08.46.08:056][158]LogBlueprintUserMessages: [cha_BaseBot_C_5] Server: Hello
[2016.04.27-08.46.08:056][158]LogBlueprintUserMessages: [cha_BaseBot_C_5] Server: -1
[2016.04.27-08.46.08:057][158]LogBlueprintUserMessages: [cha_BaseBot_C_5] Server: No weapon
[2016.04.27-08.46.08:263][164]LogBlueprintUserMessages: [cha_BaseBot_C_5] Server: Hello
[2016.04.27-08.46.08:263][164]LogBlueprintUserMessages: [cha_BaseBot_C_5] Server: -1
[2016.04.27-08.46.08:263][164]LogBlueprintUserMessages: [cha_BaseBot_C_5] Server: No weapon
[2016.04.27-08.46.08:494][170]LogBlueprintUserMessages: [cha_BaseBot_C_5] Server: Hello
[2016.04.27-08.46.08:494][170]LogBlueprintUserMessages: [cha_BaseBot_C_5] Server: -1
[2016.04.27-08.46.08:494][170]LogBlueprintUserMessages: [cha_BaseBot_C_5] Server: No weapon
[2016.04.27-08.46.08:701][176]LogBlueprintUserMessages: [cha_BaseBot_C_5] Server: Hello
[2016.04.27-08.46.08:701][176]LogBlueprintUserMessages: [cha_BaseBot_C_5] Server: -1
[2016.04.27-08.46.08:701][176]LogBlueprintUserMessages: [cha_BaseBot_C_5] Server: No weapon
[2016.04.27-08.46.09:006][184]LogBlueprintUserMessages: [cha_BaseBot_C_5] Server: Hello
[2016.04.27-08.46.09:006][184]LogBlueprintUserMessages: [cha_BaseBot_C_5] Server: 0
[2016.04.27-08.46.09:221][190]LogBlueprintUserMessages: [cha_BaseBot_C_5] Server: Hello
[2016.04.27-08.46.09:221][190]LogBlueprintUserMessages: [cha_BaseBot_C_5] Server: 0
[2016.04.27-08.46.10:338][220]LogBlueprintUserMessages: [cha_BaseBot_C_5] Server: Hello
[2016.04.27-08.46.10:338][220]LogBlueprintUserMessages: [cha_BaseBot_C_5] Server: 0
[2016.04.27-08.46.11:992][265]LogBlueprintUserMessages: [cha_BaseBot_C_5] Server: Hello
[2016.04.27-08.46.11:992][265]LogBlueprintUserMessages: [cha_BaseBot_C_5] Server: 0
[2016.04.27-08.46.18:335][438]LogBlueprintUserMessages: [cha_BaseBot_C_5] Server: Hello
[2016.04.27-08.46.18:335][438]LogBlueprintUserMessages: [cha_BaseBot_C_5] Server: -1
[2016.04.27-08.46.18:335][438]LogBlueprintUserMessages: [cha_BaseBot_C_5] Server: No weapon
[2016.04.27-08.46.22:692][557]LogBlueprintUserMessages: [cha_BaseBot_C_5] Server: Hello
[2016.04.27-08.46.22:693][557]LogBlueprintUserMessages: [cha_BaseBot_C_5] Server: 0
[2016.04.27-08.46.23:943][591]LogBlueprintUserMessages: [cha_BaseBot_C_5] Server: Hello
[2016.04.27-08.46.23:943][591]LogBlueprintUserMessages: [cha_BaseBot_C_5] Server: 0
[2016.04.27-08.46.25:056][621]LogBlueprintUserMessages: [cha_BaseBot_C_5] Server: Hello
[2016.04.27-08.46.25:056][621]LogBlueprintUserMessages: [cha_BaseBot_C_5] Server: 0
[2016.04.27-08.46.25:867][643]LogBlueprintUserMessages: [cha_BaseBot_C_5] Server: Hello
[2016.04.27-08.46.25:867][643]LogBlueprintUserMessages: [cha_BaseBot_C_5] Server: 0
[2016.04.27-08.46.34:320][872]LogBlueprintUserMessages: [cha_BaseBot_C_5] Server: Hello
[2016.04.27-08.46.34:320][872]LogBlueprintUserMessages: [cha_BaseBot_C_5] Server: -1
[2016.04.27-08.46.34:320][872]LogBlueprintUserMessages: [cha_BaseBot_C_5] Server: No weapon
[2016.04.27-08.46.35:146][894]LogBlueprintUserMessages: [cha_BaseBot_C_5] Server: Hello
[2016.04.27-08.46.35:146][894]LogBlueprintUserMessages: [cha_BaseBot_C_5] Server: 0
[2016.04.27-08.47.28:825][587]LogBlueprintUserMessages: Early EndPlayMap Detection: Level '/Game/ProjectWarcrab/Levels/MainMenu.MainMenu:PersistentLevel' has LevelScriptBlueprint '/Game/ProjectWarcrab/Levels/MainMenu.MainMenu:PersistentLevel.MainMenu' with GeneratedClass '/Game/ProjectWarcrab/Levels/MainMenu.MainMenu_C' with ClassGeneratedBy '/Game/ProjectWarcrab/Levels/MainMenu.MainMenu:PersistentLevel.MainMenu'
[2016.04.27-08.47.28:890][587]LogOnline:Display: NULL: FOnlineSubsystemNull::Shutdown()
[2016.04.27-08.47.28:891][587]LogOnline:Warning: NULL: No game present to leave for session (Game)
[2016.04.27-08.47.28:891][587]LogSpawn:Warning: SpawnActor failed because we are in the process of tearing down the world
[2016.04.27-08.47.28:928][587]LogOnline:Display: NULL: FOnlineSubsystemNull::Shutdown()
[2016.04.27-08.47.28:928][587]LogPlayLevel:Display: Shutting down PIE online subsystems
[2016.04.27-08.47.28:928][587]LogBlueprintUserMessages: Late EndPlayMap Detection: Level '/Game/ProjectWarcrab/Levels/MainMenu.MainMenu:PersistentLevel' has LevelScriptBlueprint '/Game/ProjectWarcrab/Levels/MainMenu.MainMenu:PersistentLevel.MainMenu' with GeneratedClass '/Game/ProjectWarcrab/Levels/MainMenu.MainMenu_C' with ClassGeneratedBy '/Game/ProjectWarcrab/Levels/MainMenu.MainMenu:PersistentLevel.MainMenu'
[2016.04.27-08.47.28:952][587]LogExit: GameNetDriver None shut down
[2016.04.27-08.47.28:953][587]LogParticles: Destroying 0 GPU particle simulations for FXSystem 0x00000205706BCCC0
[2016.04.27-08.47.28:954][587]LogExit: GameNetDriver None shut down
[2016.04.27-08.47.28:967][587]LogParticles: Destroying 0 GPU particle simulations for FXSystem 0x000002054B18FCE0
[2016.04.27-08.47.28:988][588]LogPlayLevel:Display: Destroying online subsystem :Context_11
[2016.04.27-08.47.28:988][588]LogOnline:Display: NULL: FOnlineSubsystemNull::Shutdown()
[2016.04.27-08.47.28:988][588]LogPlayLevel:Display: Destroying online subsystem :Context_10
[2016.04.27-08.47.28:988][588]LogOnline:Display: NULL: FOnlineSubsystemNull::Shutdown()
[2016.04.27-08.47.32:197][800]BlueprintLog: New page: Compile cha_BaseBot
[2016.04.27-08.47.32:392][800]BlueprintEditorCompileResults: Info [0146.21] Compile of cha_BaseBot successful! [in 194 ms]
[2016.04.27-08.47.33:241][852]Cmd: OBJ SAVEPACKAGE PACKAGE="/Game/ProjectWarcrab/Blueprints/cha_BaseBot" FILE="../../../../../Junior/Repo/GameDev2/Content/ProjectWarcrab/Blueprints/cha_BaseBot.uasset" SILENT=true
[2016.04.27-08.47.33:373][852]LogSavePackage: Save=117.548515ms
[2016.04.27-08.47.33:373][852]LogSavePackage: Moving '../../../../../Junior/Repo/GameDev2/Saved/cha_BaseBot724AB9B3494F09A71270F0A5B0C23DC0.tmp' to '../../../../../Junior/Repo/GameDev2/Content/ProjectWarcrab/Blueprints/cha_BaseBot.uasset'
[2016.04.27-08.47.33:378][852]LogSavePackage: Total save time: 134.411700ms
[2016.04.27-08.47.33:378][852]LogSavePackage:Display: Finished SavePackage ../../../../../Junior/Repo/GameDev2/Content/ProjectWarcrab/Blueprints/cha_BaseBot.uasset
[2016.04.27-08.47.37:753][110]LogBlueprintUserMessages: Early PlayInEditor Detection: Level '/Game/ProjectWarcrab/Levels/MainMenu.MainMenu:PersistentLevel' has LevelScriptBlueprint '/Game/ProjectWarcrab/Levels/MainMenu.MainMenu:PersistentLevel.MainMenu' with GeneratedClass '/Game/ProjectWarcrab/Levels/MainMenu.MainMenu_C' with ClassGeneratedBy '/Game/ProjectWarcrab/Levels/MainMenu.MainMenu:PersistentLevel.MainMenu'
[2016.04.27-08.47.37:753][110]LogPlayLevel: PlayLevel: No blueprints needed recompiling
[2016.04.27-08.47.37:756][110]PIE: New page: PIE session: MainMenu (Apr 27, 2016, 12:47:37 AM)
[2016.04.27-08.47.37:756][110]LogPlayLevel: Creating play world package: /Game/ProjectWarcrab/Levels/UEDPIE_1_MainMenu
[2016.04.27-08.47.37:761][110]LogPlayLevel: PIE: StaticDuplicateObject took: (0.004956s)
[2016.04.27-08.47.37:761][110]LogAIModule: Creating AISystem for world MainMenu
[2016.04.27-08.47.37:762][110]LogPlayLevel: PIE: World Init took: (0.000951s)
[2016.04.27-08.47.37:762][110]LogPlayLevel: PIE: Created PIE world by copying editor world from /Game/ProjectWarcrab/Levels/MainMenu.MainMenu to /Game/ProjectWarcrab/Levels/UEDPIE_1_MainMenu.MainMenu (0.006164s)
[2016.04.27-08.47.37:762][110]LogActorComponent: UnregisterComponent: (/Engine/Transient.CharMoveComp) Not registered. Aborting.
[2016.04.27-08.47.37:786][110]LogInit: XAudio2 using 'Speakers (Realtek High Definition Audio)' : 2 channels at 48 kHz using 32 bits per sample (channel mask 0x3)
[2016.04.27-08.47.37:800][110]LogInit: FAudioDevice initialized.
[2016.04.27-08.47.37:872][110]LogLinker:Warning: Can't find file '/Game/ProjectWarcrab/Blueprints/GM_BattleBots'
[2016.04.27-08.47.37:872][110]LogLinker:Warning: Can't find file '/Game/ProjectWarcrab/Blueprints/GM_BattleBots'
[2016.04.27-08.47.37:872][110]LogUObjectGlobals:Warning: Failed to find object 'Class /Game/ProjectWarcrab/Blueprints/GM_BattleBots.GM_BattleBots_C'
[2016.04.27-08.47.37:872][110]LogWorld: Game class is 'GameMode'
[2016.04.27-08.47.37:875][110]LogPhysics:Warning: FConstraintInstance::GetRefFrame : Contained scale.
[2016.04.27-08.47.37:875][110]LogPhysics:Warning: FConstraintInstance::GetRefFrame : Contained scale.
[2016.04.27-08.47.37:875][110]LogPhysics:Warning: FConstraintInstance::GetRefFrame : Contained scale.
[2016.04.27-08.47.37:875][110]LogPhysics:Warning: FConstraintInstance::GetRefFrame : Contained scale.
[2016.04.27-08.47.37:875][110]LogPhysics:Warning: FConstraintInstance::GetRefFrame : Contained scale.
[2016.04.27-08.47.37:875][110]LogPhysics:Warning: FConstraintInstance::GetRefFrame : Contained scale.
[2016.04.27-08.47.37:875][110]LogPhysics:Warning: FConstraintInstance::GetRefFrame : Contained scale.
[2016.04.27-08.47.37:875][110]LogPhysics:Warning: FConstraintInstance::GetRefFrame : Contained scale.
[2016.04.27-08.47.37:875][110]LogPhysics:Warning: FConstraintInstance::GetRefFrame : Contained scale.
[2016.04.27-08.47.37:875][110]LogPhysics:Warning: FConstraintInstance::GetRefFrame : Contained scale.
[2016.04.27-08.47.37:875][110]LogPhysics:Warning: FConstraintInstance::GetRefFrame : Contained scale.
[2016.04.27-08.47.37:875][110]LogPhysics:Warning: FConstraintInstance::GetRefFrame : Contained scale.
[2016.04.27-08.47.37:875][110]LogPhysics:Warning: FConstraintInstance::GetRefFrame : Contained scale.
[2016.04.27-08.47.37:875][110]LogPhysics:Warning: FConstraintInstance::GetRefFrame : Contained scale.
[2016.04.27-08.47.37:875][110]LogPhysics:Warning: FConstraintInstance::GetRefFrame : Contained scale.
[2016.04.27-08.47.37:875][110]LogPhysics:Warning: FConstraintInstance::GetRefFrame : Contained scale.
[2016.04.27-08.47.37:875][110]LogPhysics:Warning: FConstraintInstance::GetRefFrame : Contained scale.
[2016.04.27-08.47.37:875][110]LogPhysics:Warning: FConstraintInstance::GetRefFrame : Contained scale.
[2016.04.27-08.47.37:875][110]LogPhysics:Warning: FConstraintInstance::GetRefFrame : Contained scale.
[2016.04.27-08.47.37:875][110]LogPhysics:Warning: FConstraintInstance::GetRefFrame : Contained scale.
[2016.04.27-08.47.37:875][110]LogPhysics:Warning: FConstraintInstance::GetRefFrame : Contained scale.
[2016.04.27-08.47.37:875][110]LogPhysics:Warning: FConstraintInstance::GetRefFrame : Contained scale.
[2016.04.27-08.47.37:875][110]LogPhysics:Warning: FConstraintInstance::GetRefFrame : Contained scale.
[2016.04.27-08.47.37:875][110]LogPhysics:Warning: FConstraintInstance::GetRefFrame : Contained scale.
[2016.04.27-08.47.37:875][110]LogPhysics:Warning: FConstraintInstance::GetRefFrame : Contained scale.
[2016.04.27-08.47.37:875][110]LogPhysics:Warning: FConstraintInstance::GetRefFrame : Contained scale.
[2016.04.27-08.47.37:875][110]LogPhysics:Warning: FConstraintInstance::GetRefFrame : Contained scale.
[2016.04.27-08.47.37:875][110]LogPhysics:Warning: FConstraintInstance::GetRefFrame : Contained scale.
[2016.04.27-08.47.37:875][110]LogPhysics:Warning: FConstraintInstance::GetRefFrame : Contained scale.
[2016.04.27-08.47.37:875][110]LogPhysics:Warning: FConstraintInstance::GetRefFrame : Contained scale.
[2016.04.27-08.47.37:875][110]LogPhysics:Warning: FConstraintInstance::GetRefFrame : Contained scale.
[2016.04.27-08.47.37:875][110]LogPhysics:Warning: FConstraintInstance::GetRefFrame : Contained scale.
[2016.04.27-08.47.37:875][110]LogPhysics:Warning: FConstraintInstance::GetRefFrame : Contained scale.
[2016.04.27-08.47.37:875][110]LogPhysics:Warning: FConstraintInstance::GetRefFrame : Contained scale.
[2016.04.27-08.47.37:876][110]LogPhysics:Warning: FConstraintInstance::GetRefFrame : Contained scale.
[2016.04.27-08.47.37:876][110]LogPhysics:Warning: FConstraintInstance::GetRefFrame : Contained scale.
[2016.04.27-08.47.37:876][110]LogPhysics:Warning: FConstraintInstance::GetRefFrame : Contained scale.
[2016.04.27-08.47.37:876][110]LogPhysics:Warning: FConstraintInstance::GetRefFrame : Contained scale.
[2016.04.27-08.47.37:876][110]LogPhysics:Warning: FConstraintInstance::GetRefFrame : Contained scale.
[2016.04.27-08.47.37:876][110]LogPhysics:Warning: FConstraintInstance::GetRefFrame : Contained scale.
[2016.04.27-08.47.37:876][110]LogPhysics:Warning: FConstraintInstance::GetRefFrame : Contained scale.
[2016.04.27-08.47.37:876][110]LogPhysics:Warning: FConstraintInstance::GetRefFrame : Contained scale.
[2016.04.27-08.47.37:876][110]LogPhysics:Warning: FConstraintInstance::GetRefFrame : Contained scale.
[2016.04.27-08.47.37:876][110]LogPhysics:Warning: FConstraintInstance::GetRefFrame : Contained scale.
[2016.04.27-08.47.37:876][110]LogPhysics:Warning: FConstraintInstance::GetRefFrame : Contained scale.
[2016.04.27-08.47.37:876][110]LogPhysics:Warning: FConstraintInstance::GetRefFrame : Contained scale.
[2016.04.27-08.47.37:876][110]LogPhysics:Warning: FConstraintInstance::GetRefFrame : Contained scale.
[2016.04.27-08.47.37:876][110]LogWorld: Bringing World /Game/ProjectWarcrab/Levels/UEDPIE_1_MainMenu.MainMenu up for play (max tick rate 0) at 2016.04.27-04.47.37
[2016.04.27-08.47.37:876][110]LogActor:Warning: GameSession /Game/ProjectWarcrab/Levels/UEDPIE_1_MainMenu.MainMenu:PersistentLevel.GameSession_2 has natively added scene component(s), but none of them were set as the actor's RootComponent - picking one arbitrarily
[2016.04.27-08.47.37:876][110]LogActor:Warning: GameNetworkManager /Game/ProjectWarcrab/Levels/UEDPIE_1_MainMenu.MainMenu:PersistentLevel.GameNetworkManager_2 has natively added scene component(s), but none of them were set as the actor's RootComponent - picking one arbitrarily
[2016.04.27-08.47.37:877][110]LogWorld: Bringing up level for play took: 0.003460
[2016.04.27-08.47.37:888][110]LogVoice:Warning: Failed to initialize voice interface
[2016.04.27-08.47.37:889][110]LogInit: WinSock: Socket queue 131072 / 131072
[2016.04.27-08.47.37:889][110]LogNet: GameNetDriver IpNetDriver_3 IpNetDriver listening on port 7777
[2016.04.27-08.47.37:889][110]LogOnline:Warning: NULL: Can't start an online game for session (Game) that hasn't been created
[2016.04.27-08.47.37:917][110]PIE: Info Play in editor start time for /Game/ProjectWarcrab/Levels/UEDPIE_1_MainMenu -0.245
[2016.04.27-08.47.37:919][110]PIE: New page: PIE session: MainMenu (Apr 27, 2016, 12:47:37 AM)
[2016.04.27-08.47.38:005][110]LogNet: Browse: 127.0.0.1//Game/ProjectWarcrab/MainMenu
[2016.04.27-08.47.38:005][110]LogInit: WinSock: Socket queue 32768 / 32768
[2016.04.27-08.47.38:005][110]LogNet: Game client on port 7777, rate 10000
[2016.04.27-08.47.38:005][110]LogNet: GetLocalNetworkVersion: GEngineNetVersion: 2872498, ProjectName: gamedev2, ProjectVersion: 1.0.0.0, InternalProtocolVersion: 9, LocalNetworkVersion: 1639411290
[2016.04.27-08.47.38:033][110]PIE: Info Play in editor start time for /Game/ProjectWarcrab/MainMenu -0.129
[2016.04.27-08.47.38:035][110]LogBlueprintUserMessages: Late PlayInEditor Detection: Level '/Game/ProjectWarcrab/Levels/MainMenu.MainMenu:PersistentLevel' has LevelScriptBlueprint '/Game/ProjectWarcrab/Levels/MainMenu.MainMenu:PersistentLevel.MainMenu' with GeneratedClass '/Game/ProjectWarcrab/Levels/MainMenu.MainMenu_C' with ClassGeneratedBy '/Game/ProjectWarcrab/Levels/MainMenu.MainMenu:PersistentLevel.MainMenu'
[2016.04.27-08.47.38:035][110]LogNet: NotifyAcceptingConnection: Server MainMenu accept
[2016.04.27-08.47.38:035][110]LogNet: Open MainMenu 04/27/16 04:47:38 127.0.0.1
[2016.04.27-08.47.38:035][110]LogNet: Added client connection.  Remote address = 127.0.0.1:52595
[2016.04.27-08.47.38:035][110]LogNet: NotifyAcceptingChannel Control 0 server World /Game/ProjectWarcrab/Levels/UEDPIE_1_MainMenu.MainMenu: Accepted
[2016.04.27-08.47.38:035][110]LogNet: Remote platform little endian=1
[2016.04.27-08.47.38:035][110]LogNet: This platform little endian=1
[2016.04.27-08.47.38:036][110]LogNet: GetLocalNetworkVersion: GEngineNetVersion: 2872498, ProjectName: gamedev2, ProjectVersion: 1.0.0.0, InternalProtocolVersion: 9, LocalNetworkVersion: 1639411290
[2016.04.27-08.47.38:048][110]LogVoice:Warning: Failed to initialize voice interface
[2016.04.27-08.47.38:096][111]LogNet: Login request: /Game/ProjectWarcrab/MainMenu?Name=ShanyePC-521F8C7F48D56F8AC2A9F9BC34A975A8 userId: ShanyePC-521F8C7F48D56F8AC2A9F9BC34A975A8
[2016.04.27-08.47.38:098][111]LogNet: Welcomed by server (Level: /Game/ProjectWarcrab/Levels/UEDPIE_1_MainMenu, Game: /Script/Engine.GameMode)
[2016.04.27-08.47.38:106][111]LogLoad: LoadMap: 127.0.0.1//Game/ProjectWarcrab/Levels/UEDPIE_1_MainMenu?game=/Script/Engine.GameMode
[2016.04.27-08.47.38:126][111]LogParticles: Destroying 0 GPU particle simulations for FXSystem 0x00000205552D6160
[2016.04.27-08.47.38:129][111]Cmd: MEM
[2016.04.27-08.47.38:153][111]LogMemory: Platform Memory Stats for Windows
[2016.04.27-08.47.38:153][111]LogMemory: Process Physical Memory: 1208.09 MB used, 1267.46 MB peak
[2016.04.27-08.47.38:153][111]LogMemory: Process Virtual Memory: 1972.59 MB used, 2055.42 MB peak
[2016.04.27-08.47.38:153][111]LogMemory: Physical Memory: 5868.66 MB used, 12239.21 MB total
[2016.04.27-08.47.38:153][111]LogMemory: Virtual Memory: 2719.55 MB used, 134217728.00 MB total
[2016.04.27-08.47.38:153][111]LogMemory: 
[2016.04.27-08.47.38:153][111]Allocator Stats for TBB: (not implemented)
[2016.04.27-08.47.38:158][111]LogWorld: PIE: Copying PIE streaming level from /Game/ProjectWarcrab/Levels/MainMenu.MainMenu to /Game/ProjectWarcrab/Levels/UEDPIE_2_MainMenu.MainMenu. OwningWorld: None
[2016.04.27-08.47.38:159][111]LogAIModule: Creating AISystem for world MainMenu
[2016.04.27-08.47.38:162][111]LogPhysics:Warning: FConstraintInstance::GetRefFrame : Contained scale.
[2016.04.27-08.47.38:162][111]LogPhysics:Warning: FConstraintInstance::GetRefFrame : Contained scale.
[2016.04.27-08.47.38:162][111]LogPhysics:Warning: FConstraintInstance::GetRefFrame : Contained scale.
[2016.04.27-08.47.38:162][111]LogPhysics:Warning: FConstraintInstance::GetRefFrame : Contained scale.
[2016.04.27-08.47.38:162][111]LogPhysics:Warning: FConstraintInstance::GetRefFrame : Contained scale.
[2016.04.27-08.47.38:162][111]LogPhysics:Warning: FConstraintInstance::GetRefFrame : Contained scale.
[2016.04.27-08.47.38:162][111]LogPhysics:Warning: FConstraintInstance::GetRefFrame : Contained scale.
[2016.04.27-08.47.38:162][111]LogPhysics:Warning: FConstraintInstance::GetRefFrame : Contained scale.
[2016.04.27-08.47.38:162][111]LogPhysics:Warning: FConstraintInstance::GetRefFrame : Contained scale.
[2016.04.27-08.47.38:162][111]LogPhysics:Warning: FConstraintInstance::GetRefFrame : Contained scale.
[2016.04.27-08.47.38:162][111]LogPhysics:Warning: FConstraintInstance::GetRefFrame : Contained scale.
[2016.04.27-08.47.38:162][111]LogPhysics:Warning: FConstraintInstance::GetRefFrame : Contained scale.
[2016.04.27-08.47.38:162][111]LogPhysics:Warning: FConstraintInstance::GetRefFrame : Contained scale.
[2016.04.27-08.47.38:162][111]LogPhysics:Warning: FConstraintInstance::GetRefFrame : Contained scale.
[2016.04.27-08.47.38:162][111]LogPhysics:Warning: FConstraintInstance::GetRefFrame : Contained scale.
[2016.04.27-08.47.38:162][111]LogPhysics:Warning: FConstraintInstance::GetRefFrame : Contained scale.
[2016.04.27-08.47.38:162][111]LogPhysics:Warning: FConstraintInstance::GetRefFrame : Contained scale.
[2016.04.27-08.47.38:162][111]LogPhysics:Warning: FConstraintInstance::GetRefFrame : Contained scale.
[2016.04.27-08.47.38:162][111]LogPhysics:Warning: FConstraintInstance::GetRefFrame : Contained scale.
[2016.04.27-08.47.38:162][111]LogPhysics:Warning: FConstraintInstance::GetRefFrame : Contained scale.
[2016.04.27-08.47.38:162][111]LogPhysics:Warning: FConstraintInstance::GetRefFrame : Contained scale.
[2016.04.27-08.47.38:162][111]LogPhysics:Warning: FConstraintInstance::GetRefFrame : Contained scale.
[2016.04.27-08.47.38:162][111]LogPhysics:Warning: FConstraintInstance::GetRefFrame : Contained scale.
[2016.04.27-08.47.38:162][111]LogPhysics:Warning: FConstraintInstance::GetRefFrame : Contained scale.
[2016.04.27-08.47.38:162][111]LogPhysics:Warning: FConstraintInstance::GetRefFrame : Contained scale.
[2016.04.27-08.47.38:162][111]LogPhysics:Warning: FConstraintInstance::GetRefFrame : Contained scale.
[2016.04.27-08.47.38:162][111]LogPhysics:Warning: FConstraintInstance::GetRefFrame : Contained scale.
[2016.04.27-08.47.38:162][111]LogPhysics:Warning: FConstraintInstance::GetRefFrame : Contained scale.
[2016.04.27-08.47.38:162][111]LogPhysics:Warning: FConstraintInstance::GetRefFrame : Contained scale.
[2016.04.27-08.47.38:162][111]LogPhysics:Warning: FConstraintInstance::GetRefFrame : Contained scale.
[2016.04.27-08.47.38:162][111]LogPhysics:Warning: FConstraintInstance::GetRefFrame : Contained scale.
[2016.04.27-08.47.38:162][111]LogPhysics:Warning: FConstraintInstance::GetRefFrame : Contained scale.
[2016.04.27-08.47.38:162][111]LogPhysics:Warning: FConstraintInstance::GetRefFrame : Contained scale.
[2016.04.27-08.47.38:162][111]LogPhysics:Warning: FConstraintInstance::GetRefFrame : Contained scale.
[2016.04.27-08.47.38:162][111]LogPhysics:Warning: FConstraintInstance::GetRefFrame : Contained scale.
[2016.04.27-08.47.38:162][111]LogPhysics:Warning: FConstraintInstance::GetRefFrame : Contained scale.
[2016.04.27-08.47.38:162][111]LogPhysics:Warning: FConstraintInstance::GetRefFrame : Contained scale.
[2016.04.27-08.47.38:162][111]LogPhysics:Warning: FConstraintInstance::GetRefFrame : Contained scale.
[2016.04.27-08.47.38:162][111]LogPhysics:Warning: FConstraintInstance::GetRefFrame : Contained scale.
[2016.04.27-08.47.38:162][111]LogPhysics:Warning: FConstraintInstance::GetRefFrame : Contained scale.
[2016.04.27-08.47.38:162][111]LogPhysics:Warning: FConstraintInstance::GetRefFrame : Contained scale.
[2016.04.27-08.47.38:162][111]LogPhysics:Warning: FConstraintInstance::GetRefFrame : Contained scale.
[2016.04.27-08.47.38:162][111]LogPhysics:Warning: FConstraintInstance::GetRefFrame : Contained scale.
[2016.04.27-08.47.38:162][111]LogPhysics:Warning: FConstraintInstance::GetRefFrame : Contained scale.
[2016.04.27-08.47.38:162][111]LogPhysics:Warning: FConstraintInstance::GetRefFrame : Contained scale.
[2016.04.27-08.47.38:162][111]LogPhysics:Warning: FConstraintInstance::GetRefFrame : Contained scale.
[2016.04.27-08.47.38:162][111]LogPhysics:Warning: FConstraintInstance::GetRefFrame : Contained scale.
[2016.04.27-08.47.38:163][111]LogWorld: Bringing World /Game/ProjectWarcrab/Levels/UEDPIE_2_MainMenu.MainMenu up for play (max tick rate 0) at 2016.04.27-04.47.38
[2016.04.27-08.47.38:163][111]LogWorld: Bringing up level for play took: 0.003522
[2016.04.27-08.47.38:182][112]LogNet: Client netspeed is 10000
[2016.04.27-08.47.38:183][112]LogNet: Join request: /Game/ProjectWarcrab/MainMenu?Name=ShanyePC-521F8C7F48D56F8AC2A9F9BC34A975A8?SplitscreenCount=1
[2016.04.27-08.47.38:183][112]LogOnline:Warning: NULL: No game present to join for session (Game)
[2016.04.27-08.47.38:184][112]LogNet: Join succeeded: ShanyePC-521F8C7F48D
[2016.04.27-08.47.38:231][113]LogOnline:Warning: NULL: No game present to join for session (Game)
[2016.04.27-08.47.38:268][114]LogOnline:Warning: NULL: No game present to join for session (Game)
[2016.04.27-08.47.46:600][275]LogBlueprintUserMessages: [MyGameInstance_C_3] Client -2: Hello
[2016.04.27-08.47.46:644][275]LogPackageName: SearchForPackageOnDisk took   0.044s to resolve TopDownExampleMap.umap.
[2016.04.27-08.47.46:681][275]LogPackageName: SearchForPackageOnDisk took   0.035s to resolve TopDownExampleMap.umap.
[2016.04.27-08.47.46:681][275]LogNet: Browse: /Game/TopDownBP/Maps/TopDownExampleMap?listen
[2016.04.27-08.47.46:681][275]LogLoad: LoadMap: /Game/TopDownBP/Maps/TopDownExampleMap?listen
[2016.04.27-08.47.46:681][275]LogNet: World NetDriver shutdown IpNetDriver_4 [GameNetDriver]
[2016.04.27-08.47.46:681][275]LogNet: DestroyNamedNetDriver IpNetDriver_4 [GameNetDriver]
[2016.04.27-08.47.46:681][275]LogNet: UNetConnection::Close: Name: IpConnection_2, Driver: GameNetDriver IpNetDriver_4, PC: PlayerController_7, Owner: PlayerController_7, Channels: 11, RemoteAddr: 127.0.0.1:7777, Time: 2016.04.27-08.47.46
[2016.04.27-08.47.46:681][275]LogNet: UChannel::Close: Sending CloseBunch. ChIndex == 0. Name: ControlChannel_2
[2016.04.27-08.47.46:681][275]LogExit: GameNetDriver IpNetDriver_4 shut down
[2016.04.27-08.47.46:707][275]LogParticles: Destroying 0 GPU particle simulations for FXSystem 0x000002053CB50400
[2016.04.27-08.47.46:708][275]Cmd: MEM
[2016.04.27-08.47.46:730][275]LogMemory: Platform Memory Stats for Windows
[2016.04.27-08.47.46:730][275]LogMemory: Process Physical Memory: 1242.09 MB used, 1267.46 MB peak
[2016.04.27-08.47.46:730][275]LogMemory: Process Virtual Memory: 1972.35 MB used, 2055.42 MB peak
[2016.04.27-08.47.46:730][275]LogMemory: Physical Memory: 6002.50 MB used, 12239.21 MB total
[2016.04.27-08.47.46:730][275]LogMemory: Virtual Memory: 2699.55 MB used, 134217728.00 MB total
[2016.04.27-08.47.46:730][275]LogMemory: 
[2016.04.27-08.47.46:730][275]Allocator Stats for TBB: (not implemented)
[2016.04.27-08.47.46:876][275]LogAIModule: Creating AISystem for world TopDownExampleMap
[2016.04.27-08.47.46:877][275]LogWorld: Game class is 'TopDownGameMode_C'
[2016.04.27-08.47.46:877][275]LogInit: WinSock: Socket queue 131072 / 131072
[2016.04.27-08.47.46:877][275]LogNet: GameNetDriver IpNetDriver_5 IpNetDriver listening on port 7778
[2016.04.27-08.47.46:882][275]LogWorld: Bringing World /Game/TopDownBP/Maps/UEDPIE_2_TopDownExampleMap.TopDownExampleMap up for play (max tick rate 0) at 2016.04.27-04.47.46
[2016.04.27-08.47.46:882][275]LogActor:Warning: GameSession /Game/TopDownBP/Maps/UEDPIE_2_TopDownExampleMap.TopDownExampleMap:PersistentLevel.GameSession_3 has natively added scene component(s), but none of them were set as the actor's RootComponent - picking one arbitrarily
[2016.04.27-08.47.46:882][275]LogActor:Warning: GameNetworkManager /Game/TopDownBP/Maps/UEDPIE_2_TopDownExampleMap.TopDownExampleMap:PersistentLevel.GameNetworkManager_3 has natively added scene component(s), but none of them were set as the actor's RootComponent - picking one arbitrarily
[2016.04.27-08.47.46:883][275]LogWorld: Bringing up level for play took: 0.004794
[2016.04.27-08.47.46:883][275]LogLongPackageNames:Warning: URL: :7778//Game/TopDownBP/Maps/TopDownExampleMap: Name may not contain the following characters: :
[2016.04.27-08.47.46:884][275]LogOnline:Warning: NULL: Can't start an online session (Game) in state InProgress
[2016.04.27-08.47.46:905][276]LogNet: UChannel::ReceivedSequencedBunch: Bunch.bClose == true. ChIndex == 0. Calling ConditionalCleanUp.
[2016.04.27-08.47.46:905][276]LogNet: UChannel::CleanUp: [GameNetDriver] [PlayerController_6] [PlayerController_6]. ChIndex == 0. Closing connection.
[2016.04.27-08.47.46:905][276]LogNet: UNetConnection::Close: Name: IpConnection_3, Driver: GameNetDriver IpNetDriver_3, PC: PlayerController_6, Owner: PlayerController_6, Channels: 11, RemoteAddr: 127.0.0.1:52595, Time: 2016.04.27-08.47.46
[2016.04.27-08.47.46:905][276]LogNet: UChannel::Close: Sending CloseBunch. ChIndex == 0. Name: ControlChannel_3
[2016.04.27-08.47.46:906][276]LogOnline:Warning: NULL: No game present to leave for session (Game)
[2016.04.27-08.47.50:018][346]LogBlueprintUserMessages: [cha_BaseBot_C_14] Server: Hello
[2016.04.27-08.47.50:018][346]LogBlueprintUserMessages: [cha_BaseBot_C_14] Server: 0
[2016.04.27-08.47.51:006][369]LogBlueprintUserMessages: [cha_BaseBot_C_14] Server: Hello
[2016.04.27-08.47.51:006][369]LogBlueprintUserMessages: [cha_BaseBot_C_14] Server: 0
[2016.04.27-08.47.53:725][431]LogBlueprintUserMessages: Early EndPlayMap Detection: Level '/Game/ProjectWarcrab/Levels/MainMenu.MainMenu:PersistentLevel' has LevelScriptBlueprint '/Game/ProjectWarcrab/Levels/MainMenu.MainMenu:PersistentLevel.MainMenu' with GeneratedClass '/Game/ProjectWarcrab/Levels/MainMenu.MainMenu_C' with ClassGeneratedBy '/Game/ProjectWarcrab/Levels/MainMenu.MainMenu:PersistentLevel.MainMenu'
[2016.04.27-08.47.53:755][431]LogOnline:Display: NULL: FOnlineSubsystemNull::Shutdown()
[2016.04.27-08.47.53:756][431]LogOnline:Warning: NULL: No game present to leave for session (Game)
[2016.04.27-08.47.53:756][431]LogSpawn:Warning: SpawnActor failed because we are in the process of tearing down the world
[2016.04.27-08.47.53:799][431]LogOnline:Display: NULL: FOnlineSubsystemNull::Shutdown()
[2016.04.27-08.47.53:799][431]LogPlayLevel:Display: Shutting down PIE online subsystems
[2016.04.27-08.47.53:799][431]LogBlueprintUserMessages: Late EndPlayMap Detection: Level '/Game/ProjectWarcrab/Levels/MainMenu.MainMenu:PersistentLevel' has LevelScriptBlueprint '/Game/ProjectWarcrab/Levels/MainMenu.MainMenu:PersistentLevel.MainMenu' with GeneratedClass '/Game/ProjectWarcrab/Levels/MainMenu.MainMenu_C' with ClassGeneratedBy '/Game/ProjectWarcrab/Levels/MainMenu.MainMenu:PersistentLevel.MainMenu'
[2016.04.27-08.47.53:825][431]LogExit: GameNetDriver None shut down
[2016.04.27-08.47.53:825][431]LogParticles: Destroying 0 GPU particle simulations for FXSystem 0x000002054F2DEE80
[2016.04.27-08.47.53:825][431]LogExit: GameNetDriver None shut down
[2016.04.27-08.47.53:826][431]LogParticles: Destroying 0 GPU particle simulations for FXSystem 0x0000020559578680
[2016.04.27-08.47.53:881][432]LogPlayLevel:Display: Destroying online subsystem :Context_14
[2016.04.27-08.47.53:881][432]LogOnline:Display: NULL: FOnlineSubsystemNull::Shutdown()
[2016.04.27-08.47.53:881][432]LogPlayLevel:Display: Destroying online subsystem :Context_13
[2016.04.27-08.47.53:881][432]LogOnline:Display: NULL: FOnlineSubsystemNull::Shutdown()
[2016.04.27-08.47.57:190][691]LogWindowsTextInputMethodSystem:Display: IME system now deactivated.
[2016.04.27-08.47.57:369][692]Cmd: QUIT_EDITOR
[2016.04.27-08.47.58:437][692]LogExit: Preparing to exit.
[2016.04.27-08.47.58:739][692]LogActorComponent: UnregisterComponent: (None.None) Not registered. Aborting.
[2016.04.27-08.47.58:739][692]LogActorComponent: UnregisterComponent: (None.None) Not registered. Aborting.
[2016.04.27-08.47.58:783][692]LogExit: Editor shut down
[2016.04.27-08.47.58:783][692]LogParticles: Destroying 0 GPU particle simulations for FXSystem 0x0000020541E1A2A0
[2016.04.27-08.47.58:783][692]LogExit: Transaction tracking system shut down
[2016.04.27-08.47.58:784][692]LogParticles: Destroying 0 GPU particle simulations for FXSystem 0x0000020511036A20
[2016.04.27-08.47.58:785][692]LogParticles: Destroying 0 GPU particle simulations for FXSystem 0x0000020511C88F40
[2016.04.27-08.47.58:785][692]LogParticles: Destroying 0 GPU particle simulations for FXSystem 0x0000020511C89300
[2016.04.27-08.47.58:786][692]LogParticles: Destroying 0 GPU particle simulations for FXSystem 0x000002051118A7A0
[2016.04.27-08.47.58:789][692]LogParticles: Destroying 0 GPU particle simulations for FXSystem 0x000002054394F1A0
[2016.04.27-08.47.58:790][692]LogParticles: Destroying 0 GPU particle simulations for FXSystem 0x000002054394EC00
[2016.04.27-08.47.58:790][692]LogParticles: Destroying 0 GPU particle simulations for FXSystem 0x000002054B255120
[2016.04.27-08.47.58:794][692]LogParticles: Destroying 0 GPU particle simulations for FXSystem 0x00000205546900E0
[2016.04.27-08.47.58:795][692]LogParticles: Destroying 0 GPU particle simulations for FXSystem 0x0000020559AC4C20
[2016.04.27-08.47.58:795][692]LogParticles: Destroying 0 GPU particle simulations for FXSystem 0x0000020541E1A980
[2016.04.27-08.47.59:031][692]LogExit: Object subsystem successfully closed.
[2016.04.27-08.47.59:054][692]LogD3D11RHI: Shutdown
[2016.04.27-08.47.59:054][692]LogD3D11RHI: CleanupD3DDevice
[2016.04.27-08.47.59:116][692]LogD3D11RHI: ~FD3D11DynamicRHI
[2016.04.27-08.47.59:126][692]LogModuleManager: Shutting down and abandoning module CookingStats (203)
[2016.04.27-08.47.59:127][692]LogModuleManager: Shutting down and abandoning module StatsViewer (202)
[2016.04.27-08.47.59:127][692]LogModuleManager: Shutting down and abandoning module BlueprintGraph (201)
[2016.04.27-08.47.59:127][692]LogModuleManager: Shutting down and abandoning module CrashTracker (200)
[2016.04.27-08.47.59:127][692]LogModuleManager: Shutting down and abandoning module SceneOutliner (199)
[2016.04.27-08.47.59:127][692]LogModuleManager: Shutting down and abandoning module SuperSearch (198)
[2016.04.27-08.47.59:127][692]LogModuleManager: Shutting down and abandoning module WidgetCarousel (197)
[2016.04.27-08.47.59:127][692]LogModuleManager: Shutting down and abandoning module AddContentDialog (196)
[2016.04.27-08.47.59:127][692]LogModuleManager: Shutting down and abandoning module EditorWidgets (195)
[2016.04.27-08.47.59:127][692]LogModuleManager: Shutting down and abandoning module CollectionManager (194)
[2016.04.27-08.47.59:128][692]LogModuleManager: Shutting down and abandoning module FoliageEdit (193)
[2016.04.27-08.47.59:128][692]LogModuleManager: Shutting down and abandoning module LandscapeEditor (192)
[2016.04.27-08.47.59:128][692]LogModuleManager: Shutting down and abandoning module ActorPickerMode (191)
[2016.04.27-08.47.59:128][692]LogModuleManager: Shutting down and abandoning module GeometryMode (190)
[2016.04.27-08.47.59:128][692]LogModuleManager: Shutting down and abandoning module TextureAlignMode (189)
[2016.04.27-08.47.59:128][692]LogModuleManager: Shutting down and abandoning module BspMode (188)
[2016.04.27-08.47.59:128][692]LogModuleManager: Shutting down and abandoning module PlacementMode (187)
[2016.04.27-08.47.59:128][692]LogModuleManager: Shutting down and abandoning module AutomationWorker (186)
[2016.04.27-08.47.59:128][692]LogModuleManager: Shutting down and abandoning module CharacterAI (185)
[2016.04.27-08.47.59:128][692]LogModuleManager: Shutting down and abandoning module SmartSnapping (184)
[2016.04.27-08.47.59:128][692]LogModuleManager: Shutting down and abandoning module ViewportSnapping (183)
[2016.04.27-08.47.59:128][692]LogModuleManager: Shutting down and abandoning module LogVisualizer (182)
[2016.04.27-08.47.59:128][692]LogModuleManager: Shutting down and abandoning module GameProjectGeneration (181)
[2016.04.27-08.47.59:128][692]LogModuleManager: Shutting down and abandoning module IntroTutorials (180)
[2016.04.27-08.47.59:128][692]LogModuleManager: Shutting down and abandoning module EditorLiveStreaming (179)
[2016.04.27-08.47.59:128][692]LogModuleManager: Shutting down and abandoning module IOSPlatformEditor (178)
[2016.04.27-08.47.59:128][692]LogModuleManager: Shutting down and abandoning module HTML5PlatformEditor (177)
[2016.04.27-08.47.59:128][692]LogModuleManager: Shutting down and abandoning module AndroidDeviceDetection (176)
[2016.04.27-08.47.59:287][692]LogModuleManager: Shutting down and abandoning module AndroidPlatformEditor (175)
[2016.04.27-08.47.59:287][692]LogModuleManager: Shutting down and abandoning module IOSRuntimeSettings (174)
[2016.04.27-08.47.59:287][692]LogModuleManager: Shutting down and abandoning module AndroidRuntimeSettings (173)
[2016.04.27-08.47.59:287][692]LogModuleManager: Shutting down and abandoning module MergeActors (172)
[2016.04.27-08.47.59:287][692]LogModuleManager: Shutting down and abandoning module SizeMap (171)
[2016.04.27-08.47.59:287][692]LogModuleManager: Shutting down and abandoning module TreeMap (170)
[2016.04.27-08.47.59:288][692]LogModuleManager: Shutting down and abandoning module ReferenceViewer (169)
[2016.04.27-08.47.59:288][692]LogModuleManager: Shutting down and abandoning module LocalizationService (168)
[2016.04.27-08.47.59:288][692]LogModuleManager: Shutting down and abandoning module LocalizationDashboard (167)
[2016.04.27-08.47.59:288][692]LogModuleManager: Shutting down and abandoning module HardwareTargeting (166)
[2016.04.27-08.47.59:288][692]LogModuleManager: Shutting down and abandoning module DeviceProfileEditor (165)
[2016.04.27-08.47.59:288][692]LogModuleManager: Shutting down and abandoning module UndoHistory (164)
[2016.04.27-08.47.59:288][692]LogModuleManager: Shutting down and abandoning module GameplayTagsEditor (163)
[2016.04.27-08.47.59:288][692]LogModuleManager: Shutting down and abandoning module UserFeedback (162)
[2016.04.27-08.47.59:288][692]LogModuleManager: Shutting down and abandoning module XmlParser (161)
[2016.04.27-08.47.59:288][692]LogModuleManager: Shutting down and abandoning module Blutility (160)
[2016.04.27-08.47.59:288][692]LogModuleManager: Shutting down and abandoning module ProjectTargetPlatformEditor (159)
[2016.04.27-08.47.59:288][692]LogModuleManager: Shutting down and abandoning module ProjectSettingsViewer (158)
[2016.04.27-08.47.59:288][692]LogModuleManager: Shutting down and abandoning module InputBindingEditor (157)
[2016.04.27-08.47.59:288][692]LogModuleManager: Shutting down and abandoning module EditorSettingsViewer (156)
[2016.04.27-08.47.59:288][692]LogModuleManager: Shutting down and abandoning module SettingsEditor (155)
[2016.04.27-08.47.59:288][692]LogModuleManager: Shutting down and abandoning module ProjectLauncher (154)
[2016.04.27-08.47.59:288][692]LogModuleManager: Shutting down and abandoning module SessionFrontend (153)
[2016.04.27-08.47.59:288][692]LogModuleManager: Shutting down and abandoning module ProfilerClient (152)
[2016.04.27-08.47.59:288][692]LogModuleManager: Shutting down and abandoning module TargetDeviceServices (151)
[2016.04.27-08.47.59:288][692]LogModuleManager: Shutting down and abandoning module DeviceManager (150)
[2016.04.27-08.47.59:288][692]LogModuleManager: Shutting down and abandoning module AutomationController (149)
[2016.04.27-08.47.59:288][692]LogModuleManager: Shutting down and abandoning module AutomationWindow (148)
[2016.04.27-08.47.59:288][692]LogModuleManager: Shutting down and abandoning module Layers (147)
[2016.04.27-08.47.59:288][692]LogModuleManager: Shutting down and abandoning module ComponentVisualizers (146)
[2016.04.27-08.47.59:288][692]LogModuleManager: Shutting down and abandoning module DetailCustomizations (145)
[2016.04.27-08.47.59:288][692]LogModuleManager: Shutting down and abandoning module PackagesDialog (144)
[2016.04.27-08.47.59:288][692]LogModuleManager: Shutting down and abandoning module Persona (143)
[2016.04.27-08.47.59:288][692]LogModuleManager: Shutting down and abandoning module Kismet (142)
[2016.04.27-08.47.59:288][692]LogModuleManager: Shutting down and abandoning module GraphEditor (141)
[2016.04.27-08.47.59:288][692]LogModuleManager: Shutting down and abandoning module ClassViewer (140)
[2016.04.27-08.47.59:288][692]LogModuleManager: Shutting down and abandoning module Toolbox (139)
[2016.04.27-08.47.59:288][692]LogModuleManager: Shutting down and abandoning module ModuleUI (138)
[2016.04.27-08.47.59:288][692]LogModuleManager: Shutting down and abandoning module MovieSceneTools (137)
[2016.04.27-08.47.59:288][692]LogModuleManager: Shutting down and abandoning module OutputLog (136)
[2016.04.27-08.47.59:288][692]LogModuleManager: Shutting down and abandoning module GammaUI (135)
[2016.04.27-08.47.59:288][692]LogModuleManager: Shutting down and abandoning module Documentation (134)
[2016.04.27-08.47.59:288][692]LogModuleManager: Shutting down and abandoning module GameLiveStreaming (133)
[2016.04.27-08.47.59:289][692]LogModuleManager: Shutting down and abandoning module StreamingPauseRendering (132)
[2016.04.27-08.47.59:289][692]LogModuleManager: Shutting down and abandoning module AnalyticsET (131)
[2016.04.27-08.47.59:289][692]LogModuleManager: Shutting down and abandoning module Analytics (130)
[2016.04.27-08.47.59:289][692]LogModuleManager: Shutting down and abandoning module AITestSuite (129)
[2016.04.27-08.47.59:289][692]LogModuleManager: Shutting down and abandoning module GameplayDebugger (128)
[2016.04.27-08.47.59:289][692]LogModuleManager: Shutting down and abandoning module AIModule (127)
[2016.04.27-08.47.59:289][692]LogModuleManager: Shutting down and abandoning module ProfilerService (126)
[2016.04.27-08.47.59:397][692]LogModuleManager: Shutting down and abandoning module TaskGraph (125)
[2016.04.27-08.47.59:398][692]LogModuleManager: Shutting down and abandoning module SlateRemote (124)
[2016.04.27-08.47.59:398][692]LogModuleManager: Shutting down and abandoning module SteamVRController (123)
[2016.04.27-08.47.59:398][692]LogModuleManager: Shutting down and abandoning module SteamVR (122)
[2016.04.27-08.47.59:398][692]LogModuleManager: Shutting down and abandoning module ProceduralMeshComponent (121)
[2016.04.27-08.47.59:398][692]LogModuleManager: Shutting down and abandoning module OculusLibrary (120)
[2016.04.27-08.47.59:398][692]LogModuleManager: Shutting down and abandoning module OculusInput (119)
[2016.04.27-08.47.59:398][692]LogModuleManager: Shutting down and abandoning module LeapMotionController (118)
[2016.04.27-08.47.59:422][692]LogModuleManager: Shutting down and abandoning module CustomMeshComponent (117)
[2016.04.27-08.47.59:422][692]LogModuleManager: Shutting down and abandoning module CableComponent (116)
[2016.04.27-08.47.59:422][692]LogModuleManager: Shutting down and abandoning module ArchVisCharacter (115)
[2016.04.27-08.47.59:422][692]LogModuleManager: Shutting down and abandoning module MessagingDebugger (114)
[2016.04.27-08.47.59:422][692]LogModuleManager: Shutting down and abandoning module MediaPlayerEditor (113)
[2016.04.27-08.47.59:422][692]LogModuleManager: Shutting down and abandoning module HTML5Networking (112)
[2016.04.27-08.47.59:422][692]LogModuleManager: Shutting down and abandoning module SpeedTreeImporter (111)
[2016.04.27-08.47.59:422][692]LogModuleManager: Shutting down and abandoning module PluginBrowser (110)
[2016.04.27-08.47.59:422][692]LogModuleManager: Shutting down and abandoning module EpicSurvey (109)
[2016.04.27-08.47.59:422][692]LogModuleManager: Shutting down and abandoning module DesktopPlatform (108)
[2016.04.27-08.47.59:422][692]LogModuleManager: Shutting down and abandoning module VisualStudioSourceCodeAccess (107)
[2016.04.27-08.47.59:422][692]LogModuleManager: Shutting down and abandoning module UObjectPlugin (106)
[2016.04.27-08.47.59:422][692]LogModuleManager: Shutting down and abandoning module SubversionSourceControl (105)
[2016.04.27-08.47.59:422][692]LogModuleManager: Shutting down and abandoning module PerforceSourceControl (104)
[2016.04.27-08.47.59:422][692]LogModuleManager: Shutting down and abandoning module SourceControl (103)
[2016.04.27-08.47.59:422][692]LogModuleManager: Shutting down and abandoning module GitSourceControl (102)
[2016.04.27-08.47.59:422][692]LogModuleManager: Shutting down and abandoning module LightPropagationVolumeEditor (101)
[2016.04.27-08.47.59:422][692]LogModuleManager: Shutting down and abandoning module PaperTiledImporter (100)
[2016.04.27-08.47.59:422][692]LogModuleManager: Shutting down and abandoning module PaperSpriteSheetImporter (99)
[2016.04.27-08.47.59:422][692]LogModuleManager: Shutting down and abandoning module MeshPaint (98)
[2016.04.27-08.47.59:422][692]LogModuleManager: Shutting down and abandoning module SlateReflector (97)
[2016.04.27-08.47.59:422][692]LogModuleManager: Shutting down and abandoning module HotReload (96)
[2016.04.27-08.47.59:422][692]LogModuleManager: Shutting down and abandoning module MainFrame (95)
[2016.04.27-08.47.59:422][692]LogModuleManager: Shutting down and abandoning module LevelEditor (94)
[2016.04.27-08.47.59:423][692]LogModuleManager: Shutting down and abandoning module DirectoryWatcher (93)
[2016.04.27-08.47.59:424][692]LogModuleManager: Shutting down and abandoning module AssetRegistry (92)
[2016.04.27-08.47.59:461][692]LogModuleManager: Shutting down and abandoning module ContentBrowser (91)
[2016.04.27-08.47.59:462][692]LogModuleManager: Shutting down and abandoning module Paper2DEditor (90)
[2016.04.27-08.47.59:462][692]LogModuleManager: Shutting down and abandoning module UdpMessaging (89)
[2016.04.27-08.47.59:563][692]LogModuleManager: Shutting down and abandoning module LightPropagationVolumeRuntime (88)
[2016.04.27-08.47.59:563][692]LogModuleManager: Shutting down and abandoning module Paper2D (87)
[2016.04.27-08.47.59:563][692]LogModuleManager: Shutting down and abandoning module WindowsMoviePlayer (86)
[2016.04.27-08.47.59:565][692]LogModuleManager: Shutting down and abandoning module Media (85)
[2016.04.27-08.47.59:565][692]LogModuleManager: Shutting down and abandoning module WmfMedia (84)
[2016.04.27-08.47.59:566][692]LogModuleManager: Shutting down and abandoning module OnlineBlueprintSupport (83)
[2016.04.27-08.47.59:566][692]LogModuleManager: Shutting down and abandoning module GameplayTasksEditor (82)
[2016.04.27-08.47.59:566][692]LogModuleManager: Shutting down and abandoning module PropertyEditor (81)
[2016.04.27-08.47.59:566][692]LogModuleManager: Shutting down and abandoning module BehaviorTreeEditor (80)
[2016.04.27-08.47.59:566][692]LogModuleManager: Shutting down and abandoning module FunctionalTesting (79)
[2016.04.27-08.47.59:566][692]LogModuleManager: Shutting down and abandoning module CollisionAnalyzer (78)
[2016.04.27-08.47.59:566][692]LogModuleManager: Shutting down and abandoning module WorkspaceMenuStructure (77)
[2016.04.27-08.47.59:566][692]LogModuleManager: Shutting down and abandoning module MessageLog (76)
[2016.04.27-08.47.59:566][692]LogModuleManager: Shutting down and abandoning module Sequencer (75)
[2016.04.27-08.47.59:566][692]LogModuleManager: Shutting down and abandoning module AssetTools (74)
[2016.04.27-08.47.59:566][692]LogModuleManager: Shutting down and abandoning module UMGEditor (73)
[2016.04.27-08.47.59:566][692]LogModuleManager: Shutting down and abandoning module UMG (72)
[2016.04.27-08.47.59:566][692]LogModuleManager: Shutting down and abandoning module Slate (71)
[2016.04.27-08.47.59:566][692]LogModuleManager: Shutting down and abandoning module EditorStyle (70)
[2016.04.27-08.47.59:567][692]LogModuleManager: Shutting down and abandoning module SessionServices (69)
[2016.04.27-08.47.59:567][692]LogModuleManager: Shutting down and abandoning module SourceCodeAccess (68)
[2016.04.27-08.47.59:567][692]LogModuleManager: Shutting down and abandoning module HeadMountedDisplay (67)
[2016.04.27-08.47.59:567][692]LogModuleManager: Shutting down and abandoning module XAudio2 (66)
[2016.04.27-08.47.59:567][692]LogModuleManager: Shutting down and abandoning module Networking (65)
[2016.04.27-08.47.59:567][692]LogModuleManager: Shutting down and abandoning module Core (64)
[2016.04.27-08.47.59:567][692]LogModuleManager: Shutting down and abandoning module KismetCompiler (63)
[2016.04.27-08.47.59:567][692]LogModuleManager: Shutting down and abandoning module PhysXFormats (62)
[2016.04.27-08.47.59:567][692]LogModuleManager: Shutting down and abandoning module MeshUtilities (61)
[2016.04.27-08.47.59:567][692]LogModuleManager: Shutting down and abandoning module DerivedDataCache (60)
[2016.04.27-08.47.59:659][692]LogDerivedDataCache: Shutdown
[2016.04.27-08.47.59:659][692]LogModuleManager: Shutting down and abandoning module ShaderFormatOpenGL (59)
[2016.04.27-08.47.59:659][692]LogModuleManager: Shutting down and abandoning module ShaderFormatD3D (58)
[2016.04.27-08.47.59:659][692]LogModuleManager: Shutting down and abandoning module MetalShaderFormat (57)
[2016.04.27-08.47.59:659][692]LogModuleManager: Shutting down and abandoning module TextureFormatUncompressed (56)
[2016.04.27-08.47.59:659][692]LogModuleManager: Shutting down and abandoning module TextureFormatPVR (55)
[2016.04.27-08.47.59:659][692]LogModuleManager: Shutting down and abandoning module TextureFormatIntelISPCTexComp (54)
[2016.04.27-08.47.59:659][692]LogModuleManager: Shutting down and abandoning module TextureFormatDXT (53)
[2016.04.27-08.47.59:659][692]LogModuleManager: Shutting down and abandoning module ImageWrapper (52)
[2016.04.27-08.47.59:659][692]LogModuleManager: Shutting down and abandoning module TextureFormatASTC (51)
[2016.04.27-08.47.59:659][692]LogModuleManager: Shutting down and abandoning module TextureFormatAndroid (50)
[2016.04.27-08.47.59:659][692]LogModuleManager: Shutting down and abandoning module AudioFormatOpus (49)
[2016.04.27-08.47.59:659][692]LogModuleManager: Shutting down and abandoning module AudioFormatOgg (48)
[2016.04.27-08.47.59:659][692]LogModuleManager: Shutting down and abandoning module AudioFormatADPCM (47)
[2016.04.27-08.47.59:659][692]LogModuleManager: Shutting down and abandoning module LinuxTargetPlatform (46)
[2016.04.27-08.47.59:659][692]LogModuleManager: Shutting down and abandoning module LinuxServerTargetPlatform (45)
[2016.04.27-08.47.59:659][692]LogModuleManager: Shutting down and abandoning module LinuxNoEditorTargetPlatform (44)
[2016.04.27-08.47.59:659][692]LogModuleManager: Shutting down and abandoning module Messaging (43)
[2016.04.27-08.47.59:659][692]LogModuleManager: Shutting down and abandoning module IOSTargetPlatform (42)
[2016.04.27-08.47.59:659][692]LogModuleManager: Shutting down and abandoning module HTML5TargetPlatform (41)
[2016.04.27-08.47.59:659][692]LogModuleManager: Shutting down and abandoning module Android_PVRTCTargetPlatform (40)
[2016.04.27-08.47.59:659][692]LogModuleManager: Shutting down and abandoning module Android_MultiTargetPlatform (39)
[2016.04.27-08.47.59:659][692]LogModuleManager: Shutting down and abandoning module Android_ETC2TargetPlatform (38)
[2016.04.27-08.47.59:659][692]LogModuleManager: Shutting down and abandoning module Android_ETC1TargetPlatform (37)
[2016.04.27-08.47.59:659][692]LogModuleManager: Shutting down and abandoning module Android_DXTTargetPlatform (36)
[2016.04.27-08.47.59:659][692]LogModuleManager: Shutting down and abandoning module Android_ATCTargetPlatform (35)
[2016.04.27-08.47.59:659][692]LogModuleManager: Shutting down and abandoning module Android_ASTCTargetPlatform (34)
[2016.04.27-08.47.59:659][692]LogModuleManager: Shutting down and abandoning module AndroidTargetPlatform (33)
[2016.04.27-08.47.59:659][692]LogModuleManager: Shutting down and abandoning module WindowsTargetPlatform (32)
[2016.04.27-08.47.59:659][692]LogModuleManager: Shutting down and abandoning module WindowsServerTargetPlatform (31)
[2016.04.27-08.47.59:659][692]LogModuleManager: Shutting down and abandoning module WindowsNoEditorTargetPlatform (30)
[2016.04.27-08.47.59:659][692]LogModuleManager: Shutting down and abandoning module WindowsClientTargetPlatform (29)
[2016.04.27-08.47.59:659][692]LogModuleManager: Shutting down and abandoning module AllDesktopTargetPlatform (28)
[2016.04.27-08.47.59:659][692]LogModuleManager: Shutting down and abandoning module TargetPlatform (27)
[2016.04.27-08.47.59:659][692]LogModuleManager: Shutting down and abandoning module InputCore (26)
[2016.04.27-08.47.59:659][692]LogModuleManager: Shutting down and abandoning module Settings (25)
[2016.04.27-08.47.59:659][692]LogModuleManager: Shutting down and abandoning module Voice (23)
[2016.04.27-08.47.59:659][692]LogModuleManager: Shutting down and abandoning module OnlineSubsystem (19)
[2016.04.27-08.47.59:659][692]LogOnline:Display: NULL: FOnlineSubsystemNull::Shutdown()
[2016.04.27-08.47.59:660][692]LogOnline:Display: Unloading online subsystem: STEAM
[2016.04.27-08.47.59:660][692]LogOnline:Display: Unloading online subsystem: Null
[2016.04.27-08.47.59:660][692]LogModuleManager: Shutting down and abandoning module HTTP (18)
[2016.04.27-08.48.01:662][692]LogModuleManager: Shutting down and abandoning module XMPP (17)
[2016.04.27-08.48.01:662][692]LogModuleManager: Shutting down and abandoning module OculusRift (16)
[2016.04.27-08.48.01:662][692]LogModuleManager: Shutting down and abandoning module ExampleDeviceProfileSelector (15)
[2016.04.27-08.48.01:662][692]LogModuleManager: Shutting down and abandoning module TextureCompressor (14)
[2016.04.27-08.48.01:662][692]LogModuleManager: Shutting down and abandoning module ShaderCore (13)
[2016.04.27-08.48.01:662][692]LogModuleManager: Shutting down and abandoning module Landscape (12)
[2016.04.27-08.48.01:662][692]LogModuleManager: Shutting down and abandoning module SlateRHIRenderer (11)
[2016.04.27-08.48.01:663][692]LogModuleManager: Shutting down and abandoning module OpenGLDrv (10)
[2016.04.27-08.48.01:663][692]LogModuleManager: Shutting down and abandoning module D3D11RHI (9)
[2016.04.27-08.48.01:663][692]LogModuleManager: Shutting down and abandoning module AnimGraphRuntime (8)
[2016.04.27-08.48.01:663][692]LogModuleManager: Shutting down and abandoning module Renderer (7)
[2016.04.27-08.48.01:663][692]LogModuleManager: Shutting down and abandoning module Engine (6)
[2016.04.27-08.48.01:663][692]LogModuleManager: Shutting down and abandoning module CoreUObject (5)
[2016.04.27-08.48.01:664][692]LogModuleManager: Shutting down and abandoning module NetworkFile (4)
[2016.04.27-08.48.01:664][692]LogModuleManager: Shutting down and abandoning module StreamingFile (3)
[2016.04.27-08.48.01:664][692]LogModuleManager: Shutting down and abandoning module SandboxFile (2)
[2016.04.27-08.48.01:664][692]LogModuleManager: Shutting down and abandoning module PakFile (1)
[2016.04.27-08.48.01:665][692]LogExit: Exiting.
[2016.04.27-08.48.01:666][692]Log file closed, 04/27/16 04:48:01
