[2016.04.26-01.32.41:890][  0]Log file open, 04/25/16 21:32:41
[2016.04.26-01.32.41:890][  0]LogInit:Display: Running engine for game: GameDev2
[2016.04.26-01.32.41:890][  0]LogPlatformFile: Not using cached read wrapper
[2016.04.26-01.32.41:890][  0]LogInit:Display: RandInit(1864400087) SRandInit(1864400089).
[2016.04.26-01.32.41:890][  0]LogTaskGraph: Started task graph with 4 named threads and 7 total threads.
[2016.04.26-01.32.41:890][  0]LogStats: Stats thread started at 0.062625
[2016.04.26-01.32.41:890][  0]LogInit: Version: 4.10.4-2872498+++depot+UE4-Releases+4.10
[2016.04.26-01.32.41:890][  0]LogInit: API Version: 2758231
[2016.04.26-01.32.41:890][  0]LogInit: Compiled (64-bit): Feb 18 2016 15:47:04
[2016.04.26-01.32.41:890][  0]LogInit: Compiled with Visual C++: 19.00.23026.00
[2016.04.26-01.32.41:890][  0]LogInit: Build Configuration: Development
[2016.04.26-01.32.41:890][  0]LogInit: Branch Name: ++depot+UE4-Releases+4.10
[2016.04.26-01.32.41:890][  0]LogInit: Command line:  
[2016.04.26-01.32.41:890][  0]LogInit: Base directory: J:/Game/Epic Games/4.10/Engine/Binaries/Win64/
[2016.04.26-01.32.41:890][  0]LogInit: Rocket: 1
[2016.04.26-01.32.41:894][  0]LogInit: Using libcurl 7.41.0
[2016.04.26-01.32.41:894][  0]LogInit:  - built for x86_64-pc-win32
[2016.04.26-01.32.41:894][  0]LogInit:  - supports SSL with WinSSL
[2016.04.26-01.32.41:894][  0]LogInit:  - other features:
[2016.04.26-01.32.41:894][  0]LogInit:      CURL_VERSION_SSL
[2016.04.26-01.32.41:894][  0]LogInit:      CURL_VERSION_IPV6
[2016.04.26-01.32.41:894][  0]LogInit:      CURL_VERSION_ASYNCHDNS
[2016.04.26-01.32.41:894][  0]LogInit:      CURL_VERSION_LARGEFILE
[2016.04.26-01.32.41:894][  0]LogInit:      CURL_VERSION_IDN
[2016.04.26-01.32.41:894][  0]LogInit:  CurlRequestOptions (configurable via config and command line):
[2016.04.26-01.32.41:894][  0]LogInit:  - bVerifyPeer = true  - Libcurl will verify peer certificate
[2016.04.26-01.32.41:894][  0]LogInit:  - bUseHttpProxy = false  - Libcurl will NOT use HTTP proxy
[2016.04.26-01.32.41:894][  0]LogInit:  - bDontReuseConnections = false  - Libcurl will reuse connections
[2016.04.26-01.32.41:894][  0]LogInit:  - CertBundlePath = nullptr  - Libcurl will use whatever was configured at build time.
[2016.04.26-01.32.41:896][  0]LogOnline:Display: STEAM: Loading Steam SDK 1.32
[2016.04.26-01.32.41:897][  0]LogOnline:Warning: STEAM: Steam API disabled!
[2016.04.26-01.32.41:897][  0]LogOnline:Display: STEAM: OnlineSubsystemSteam::Shutdown()
[2016.04.26-01.32.41:909][  0]LogInit: WinSock: version 1.1 (2.2), MaxSocks=32767, MaxUdp=65467
[2016.04.26-01.32.41:916][  0]LogVoice:Warning: Failed to initialize voice interface
[2016.04.26-01.32.41:921][  0]LogInit: Presizing for 0 objects not considered by GC, pre-allocating 0 bytes.
[2016.04.26-01.32.41:931][  0]LogInit: Object subsystem initialized
[2016.04.26-01.32.41:932][  0]LogInit: Selected Device Profile: [Windows]
[2016.04.26-01.32.41:932][  0]LogInit: Applying CVar settings loaded from the selected device profile: [Windows]
[2016.04.26-01.32.41:944][  0]LogInit: Computer: SHANYEPC
[2016.04.26-01.32.41:944][  0]LogInit: User: Shanye
[2016.04.26-01.32.41:944][  0]LogInit: CPU Page size=4096, Cores=4
[2016.04.26-01.32.41:944][  0]LogInit: High frequency timer resolution =3.507516 MHz
[2016.04.26-01.32.41:944][  0]LogMemory: Memory total: Physical=12.0GB (12GB approx)
[2016.04.26-01.32.41:944][  0]LogMemory: Platform Memory Stats for Windows
[2016.04.26-01.32.41:944][  0]LogMemory: Process Physical Memory: 58.22 MB used, 58.22 MB peak
[2016.04.26-01.32.41:944][  0]LogMemory: Process Virtual Memory: 57.22 MB used, 57.22 MB peak
[2016.04.26-01.32.41:944][  0]LogMemory: Physical Memory: 4432.82 MB used, 12239.21 MB total
[2016.04.26-01.32.41:944][  0]LogMemory: Virtual Memory: 386.54 MB used, 134217728.00 MB total
[2016.04.26-01.32.41:974][  0]LogTextLocalizationManager: No specific translations for ('en-US') exist, so ('en') translations will be used.
[2016.04.26-01.32.42:333][  0]LogD3D11RHI: Found D3D11 adapter 0: NVIDIA GeForce GT 720 (Feature Level 11_0)
[2016.04.26-01.32.42:333][  0]LogD3D11RHI: Adapter has 974MB of dedicated video memory, 0MB of dedicated system memory, and 6119MB of shared system memory, 2 output[s]
[2016.04.26-01.32.42:334][  0]LogD3D11RHI: Found D3D11 adapter 1: Microsoft Basic Render Driver (Feature Level 11_0)
[2016.04.26-01.32.42:334][  0]LogD3D11RHI: Adapter has 0MB of dedicated video memory, 0MB of dedicated system memory, and 6119MB of shared system memory, 0 output[s]
[2016.04.26-01.32.42:334][  0]LogD3D11RHI: Chosen D3D11 Adapter Id = 0
[2016.04.26-01.32.42:347][  0]LogD3D11RHI: !Direct3DDevice
[2016.04.26-01.32.42:347][  0]LogRHI: Texture pool is 682 MB (70% of 974 MB)
[2016.04.26-01.32.42:359][  0]LogD3D11RHI: Async texture creation enabled
[2016.04.26-01.32.42:375][  0]LogShaderCompilers: Guid format shader working directory is 10 characters bigger than the processId version (../../../../../Junior/Repo/GameDev2/Intermediate/Shaders/WorkingDirectory/106032/).
[2016.04.26-01.32.42:375][  0]LogShaderCompilers: Cleaned the shader compiler working directory 'C:/Users/Shanye/AppData/Local/Temp/UnrealShaderWorkingDir/9856E2A240CDBDB67D8E5EA64DA00361/'.
[2016.04.26-01.32.42:375][  0]LogShaderCompilers:Display: Using Local Shader Compiler.
[2016.04.26-01.32.43:666][  0]LogTemp:Display: Loaded TP AllDesktopTargetPlatform
[2016.04.26-01.32.43:669][  0]LogTemp:Display: Loaded TP WindowsClientTargetPlatform
[2016.04.26-01.32.43:672][  0]LogTemp:Display: Loaded TP WindowsNoEditorTargetPlatform
[2016.04.26-01.32.43:675][  0]LogTemp:Display: Loaded TP WindowsServerTargetPlatform
[2016.04.26-01.32.43:677][  0]LogTemp:Display: Loaded TP WindowsTargetPlatform
[2016.04.26-01.32.43:679][  0]LogTemp:Display: Loaded TP AndroidTargetPlatform
[2016.04.26-01.32.43:681][  0]LogTemp:Display: Loaded TP Android_ASTCTargetPlatform
[2016.04.26-01.32.43:683][  0]LogTemp:Display: Loaded TP Android_ATCTargetPlatform
[2016.04.26-01.32.43:685][  0]LogTemp:Display: Loaded TP Android_DXTTargetPlatform
[2016.04.26-01.32.43:687][  0]LogTemp:Display: Loaded TP Android_ETC1TargetPlatform
[2016.04.26-01.32.43:689][  0]LogTemp:Display: Loaded TP Android_ETC2TargetPlatform
[2016.04.26-01.32.43:693][  0]LogTemp:Display: Loaded TP Android_MultiTargetPlatform
[2016.04.26-01.32.43:693][  0]LogTemp:Display: Loaded TP Android_PVRTCTargetPlatform
[2016.04.26-01.32.43:694][  0]LogTemp:Display: Loaded TP HTML5TargetPlatform
[2016.04.26-01.32.43:708][  0]LogTemp:Display: Loaded TP IOSTargetPlatform
[2016.04.26-01.32.43:711][  0]LogTemp:Display: Loaded TP LinuxNoEditorTargetPlatform
[2016.04.26-01.32.43:713][  0]LogTemp:Display: Loaded TP LinuxServerTargetPlatform
[2016.04.26-01.32.43:716][  0]LogTemp:Display: Loaded TP LinuxTargetPlatform
[2016.04.26-01.32.43:716][  0]LogTargetPlatformManager:Display: Building Assets For Windows
[2016.04.26-01.32.43:756][  0]LogDerivedDataCache:Display: Max Cache Size: 512 MB
[2016.04.26-01.32.43:968][  0]LogDerivedDataCache: Loaded boot cache 0.21s 41MB C:/Users/Shanye/AppData/Local/UnrealEngine/4.10/DerivedDataCache/Boot.ddc.
[2016.04.26-01.32.43:968][  0]LogDerivedDataCache:Display: Loaded Boot cache: C:/Users/Shanye/AppData/Local/UnrealEngine/4.10/DerivedDataCache/Boot.ddc
[2016.04.26-01.32.43:968][  0]LogDerivedDataCache: FDerivedDataBackendGraph:  Pak pak cache file ../../../../../Junior/Repo/GameDev2/DerivedDataCache/DDC.ddp not found, will not use a pak cache.
[2016.04.26-01.32.43:968][  0]LogDerivedDataCache: Unable to find inner node Pak for hierarchical cache Hierarchy.
[2016.04.26-01.32.43:968][  0]LogDerivedDataCache: FDerivedDataBackendGraph:  CompressedPak pak cache file ../../../../../Junior/Repo/GameDev2/DerivedDataCache/Compressed.ddp not found, will not use a pak cache.
[2016.04.26-01.32.43:968][  0]LogDerivedDataCache: Unable to find inner node CompressedPak for hierarchical cache Hierarchy.
[2016.04.26-01.32.44:080][  0]LogDerivedDataCache:Display: Pak cache opened for reading ../../../Engine/DerivedDataCache/Compressed.ddp.
[2016.04.26-01.32.44:105][  0]LogDerivedDataCache: Using Local data cache path C:/Users/Shanye/AppData/Local/UnrealEngine/Common/DerivedDataCache: Writable
[2016.04.26-01.32.49:266][  0]LogInit: Selected Device Profile: [Windows]
[2016.04.26-01.32.49:287][  0]LogContentStreaming: Texture pool size is 0.000000MB
[2016.04.26-01.32.50:131][  0]LogMeshUtilities: No automatic mesh reduction module available
[2016.04.26-01.32.50:131][  0]LogMeshUtilities: No automatic mesh merging module available
[2016.04.26-01.33.03:825][  0]UdpMessaging: Initializing bridge on interface 0.0.0.0:0 to multicast group 230.0.0.1:6666.
[2016.04.26-01.33.04:811][  0]LogAssetRegistry: FAssetRegistry took 0.0107 seconds to start up
[2016.04.26-01.33.07:367][  0]SourceControl: Info Source control is disabled
[2016.04.26-01.33.07:383][  0]SourceControl: Info Source control is disabled
[2016.04.26-01.33.07:518][  0]SourceControl: Info Source control is disabled
[2016.04.26-01.33.07:621][  0]SourceControl: Info Source control is disabled
[2016.04.26-01.33.10:228][  0]LogObj: 28640 objects as part of root set at end of initial load.
[2016.04.26-01.33.10:228][  0]LogUObjectAllocator: 6315720 out of 0 bytes used by permanent object pool.
[2016.04.26-01.33.11:903][  0]LogEngine: Initializing Engine...
[2016.04.26-01.33.12:058][  0]LogHMD: Can't find Oculus library dev build: is proper Runtime installed? Version: 0.8.0.0
[2016.04.26-01.33.12:147][  0]LogHMD: SteamVR failed to initialize.  Err: 110
[2016.04.26-01.33.13:500][  0]LogAIModule: Creating AISystem for world NewWorld
[2016.04.26-01.33.13:617][  0]LogInit: XAudio2 using 'Speakers (Realtek High Definition Audio)' : 2 channels at 48 kHz using 32 bits per sample (channel mask 0x3)
[2016.04.26-01.33.13:653][  0]LogInit: FAudioDevice initialized.
[2016.04.26-01.33.13:673][  0]LogDerivedDataCache: Saved boot cache 0.02s 41MB C:/Users/Shanye/AppData/Local/UnrealEngine/4.10/DerivedDataCache/Boot.ddc.
[2016.04.26-01.33.13:675][  0]LogInit: Texture streaming: Enabled
[2016.04.26-01.33.13:713][  0]LogAnalytics: Creating configured Analytics provider AnalyticsET
[2016.04.26-01.33.13:713][  0]LogAnalytics: [UEEditor.Rocket.Release] APIServer = http://et2.epicgames.com/ET2/. AppVersion = 4.10.4-2872498+++depot+UE4-Releases+4.10
[2016.04.26-01.33.13:713][  0]LogAnalytics: [UEEditor.Rocket.Release] SetUserId a32a4e514c2db6b4aa2fabb39e9eb0dd|d0364dc428fd4a30b51194022302dc17|e802f417-8768-47e2-9a46-4150259d8724
[2016.04.26-01.33.13:718][  0]LogAnalytics: [UEEditor.Rocket.Release] AnalyticsET::StartSession
[2016.04.26-01.33.13:818][  0]LogInit: Transaction tracking system initialized
[2016.04.26-01.33.14:321][  0]BlueprintLog: New page: Editor Load
[2016.04.26-01.33.16:980][  0]LocalizationService: Info Localization service is disabled
[2016.04.26-01.33.18:260][  0]LogLinker:Warning: Can't find file '/Game/TopDownBP/TopDownOverview'
[2016.04.26-01.33.18:261][  0]LogLinker:Warning: Can't find file '/Game/TopDownBP/TopDownOverview'
[2016.04.26-01.33.18:261][  0]LogUObjectGlobals:Warning: Failed to find object 'Class /Game/TopDownBP/TopDownOverview.TopDownOverview_C'
[2016.04.26-01.33.18:992][  0]LogConsoleResponse:Display: 
[2016.04.26-01.33.21:072][  0]LogFileCache: Scanning file cache for directory 'J:/Game/Junior/Repo/GameDev2/Content/' took 0.02s
[2016.04.26-01.33.21:072][  0]LogCook:Display: Done creating registry. It took  0.00s.
[2016.04.26-01.33.22:300][  0]SourceControl: Info Source control is disabled
[2016.04.26-01.33.22:345][  0]Cmd: MAP LOAD FILE="../../../../../Junior/Repo/GameDev2/Content/ProjectWarcrab/MainMenu.umap" TEMPLATE=0 SHOWPROGRESS=1 FEATURELEVEL=3
[2016.04.26-01.33.22:384][  0]LogEditorServer:Warning: Can't find file '../../../../../Junior/Repo/GameDev2/Content/ProjectWarcrab/MainMenu.umap'
[2016.04.26-01.33.22:384][  0]Cmd: MAP CHECKDEP NOCLEARLOG
[2016.04.26-01.33.22:436][  0]MapCheck: Info Map check complete: 0 Error(s), 0 Warning(s), took 52.146ms to complete.
[2016.04.26-01.33.22:436][  0]LogFileHelpers: Loading map 'MainMenu' took 0.096
[2016.04.26-01.33.23:412][  0]LogCollectionManager: Loaded 0 collections in 0.000704 seconds
[2016.04.26-01.33.23:511][  0]LogFileCache: Scanning file cache for directory 'J:/Game/Junior/Repo/GameDev2/Saved/Collections/' took 0.01s
[2016.04.26-01.33.23:511][  0]LogFileCache: Scanning file cache for directory 'J:/Game/Junior/Repo/GameDev2/Content/Developers/Shanye/Collections/' took 0.01s
[2016.04.26-01.33.23:511][  0]LogFileCache: Scanning file cache for directory 'J:/Game/Junior/Repo/GameDev2/Content/Collections/' took 0.01s
[2016.04.26-01.33.23:511][  0]LogCollectionManager: Rebuilt the GUID cache for 0 collections in 0.000304 seconds
[2016.04.26-01.33.23:531][  0]LogContentBrowser: Native class hierarchy populated in 0.0186 seconds. Added 1895 classes and 340 folders.
[2016.04.26-01.33.23:551][  0]LogContentBrowser: Native class hierarchy updated for 'WidgetCarousel' in 0.0002 seconds. Added 0 classes and 0 folders.
[2016.04.26-01.33.24:202][  0]LogContentBrowser: Native class hierarchy updated for 'AddContentDialog' in 0.0003 seconds. Added 0 classes and 0 folders.
[2016.04.26-01.33.24:230][  0]LogContentBrowser: Native class hierarchy updated for 'SceneOutliner' in 0.0003 seconds. Added 1 classes and 2 folders.
[2016.04.26-01.33.24:428][  0]LogCrashTracker: Crashtracker disabled due to settings.
[2016.04.26-01.33.24:484][  0]LogUObjectGlobals:Warning: Failed to find object 'Class None.'
[2016.04.26-01.33.24:537][  0]LogLoad: Full Startup: 43.14 seconds (BP compile: 0.15 seconds)
[2016.04.26-01.33.24:546][  0]LogWindowsTextInputMethodSystem:Display: IME system now deactivated.
[2016.04.26-01.33.24:550][  0]LogOcInput: Can't find Oculus library dev build: is proper Runtime installed? Version: 0.8.0.0
[2016.04.26-01.33.24:864][  0]LogContentStreaming: Texture pool size now 400 MB
[2016.04.26-01.33.25:170][  0]LogRenderer: Reallocating scene render targets to support 1220x572 (Frame:2).
[2016.04.26-01.33.26:013][  3]LogAssetRegistry: Asset discovery search completed in 21.2134 seconds
[2016.04.26-01.33.26:013][  3]LogCollectionManager: Rebuilt the object cache for 0 collections in 0.000001 seconds (found 0 objects)
[2016.04.26-01.33.26:013][  3]LogCollectionManager: Fixed up redirectors for 0 collections in 0.000013 seconds (updated 0 objects)
[2016.04.26-01.34.16:399][810]LogAIModule: Creating AISystem for world MainMenu
[2016.04.26-01.34.16:522][810]Cmd: MAP LOAD FILE="../../../../../Junior/Repo/GameDev2/Content/ProjectWarcrab/Levels/MainMenu.umap" TEMPLATE=0 SHOWPROGRESS=1 FEATURELEVEL=3
[2016.04.26-01.34.16:522][810]LightingResults: New page: Lighting Build
[2016.04.26-01.34.16:733][810]LogContentBrowser: Native class hierarchy updated for 'StatsViewer' in 0.0064 seconds. Added 5 classes and 0 folders.
[2016.04.26-01.34.16:748][810]LoadErrors: New page: Loading map: MainMenu.umap
[2016.04.26-01.34.16:775][810]MapCheck: New page: Map Check
[2016.04.26-01.34.16:775][810]LightingResults: New page: Lighting Build
[2016.04.26-01.34.16:948][810]LogParticles: Destroying 0 GPU particle simulations for FXSystem 0x0000020C422C6AC0
[2016.04.26-01.34.17:098][810]LogPhysics:Warning: FConstraintInstance::GetRefFrame : Contained scale.
[2016.04.26-01.34.17:098][810]LogPhysics:Warning: FConstraintInstance::GetRefFrame : Contained scale.
[2016.04.26-01.34.17:098][810]LogPhysics:Warning: FConstraintInstance::GetRefFrame : Contained scale.
[2016.04.26-01.34.17:098][810]LogPhysics:Warning: FConstraintInstance::GetRefFrame : Contained scale.
[2016.04.26-01.34.17:098][810]LogPhysics:Warning: FConstraintInstance::GetRefFrame : Contained scale.
[2016.04.26-01.34.17:098][810]LogPhysics:Warning: FConstraintInstance::GetRefFrame : Contained scale.
[2016.04.26-01.34.17:098][810]LogPhysics:Warning: FConstraintInstance::GetRefFrame : Contained scale.
[2016.04.26-01.34.17:098][810]LogPhysics:Warning: FConstraintInstance::GetRefFrame : Contained scale.
[2016.04.26-01.34.17:098][810]LogPhysics:Warning: FConstraintInstance::GetRefFrame : Contained scale.
[2016.04.26-01.34.17:098][810]LogPhysics:Warning: FConstraintInstance::GetRefFrame : Contained scale.
[2016.04.26-01.34.17:098][810]LogPhysics:Warning: FConstraintInstance::GetRefFrame : Contained scale.
[2016.04.26-01.34.17:098][810]LogPhysics:Warning: FConstraintInstance::GetRefFrame : Contained scale.
[2016.04.26-01.34.17:098][810]LogPhysics:Warning: FConstraintInstance::GetRefFrame : Contained scale.
[2016.04.26-01.34.17:098][810]LogPhysics:Warning: FConstraintInstance::GetRefFrame : Contained scale.
[2016.04.26-01.34.17:098][810]LogPhysics:Warning: FConstraintInstance::GetRefFrame : Contained scale.
[2016.04.26-01.34.17:098][810]LogPhysics:Warning: FConstraintInstance::GetRefFrame : Contained scale.
[2016.04.26-01.34.17:098][810]LogPhysics:Warning: FConstraintInstance::GetRefFrame : Contained scale.
[2016.04.26-01.34.17:098][810]LogPhysics:Warning: FConstraintInstance::GetRefFrame : Contained scale.
[2016.04.26-01.34.17:098][810]LogPhysics:Warning: FConstraintInstance::GetRefFrame : Contained scale.
[2016.04.26-01.34.17:098][810]LogPhysics:Warning: FConstraintInstance::GetRefFrame : Contained scale.
[2016.04.26-01.34.17:098][810]LogPhysics:Warning: FConstraintInstance::GetRefFrame : Contained scale.
[2016.04.26-01.34.17:098][810]LogPhysics:Warning: FConstraintInstance::GetRefFrame : Contained scale.
[2016.04.26-01.34.17:098][810]LogPhysics:Warning: FConstraintInstance::GetRefFrame : Contained scale.
[2016.04.26-01.34.17:098][810]LogPhysics:Warning: FConstraintInstance::GetRefFrame : Contained scale.
[2016.04.26-01.34.17:098][810]LogPhysics:Warning: FConstraintInstance::GetRefFrame : Contained scale.
[2016.04.26-01.34.17:098][810]LogPhysics:Warning: FConstraintInstance::GetRefFrame : Contained scale.
[2016.04.26-01.34.17:098][810]LogPhysics:Warning: FConstraintInstance::GetRefFrame : Contained scale.
[2016.04.26-01.34.17:098][810]LogPhysics:Warning: FConstraintInstance::GetRefFrame : Contained scale.
[2016.04.26-01.34.17:098][810]LogPhysics:Warning: FConstraintInstance::GetRefFrame : Contained scale.
[2016.04.26-01.34.17:098][810]LogPhysics:Warning: FConstraintInstance::GetRefFrame : Contained scale.
[2016.04.26-01.34.17:098][810]LogPhysics:Warning: FConstraintInstance::GetRefFrame : Contained scale.
[2016.04.26-01.34.17:098][810]LogPhysics:Warning: FConstraintInstance::GetRefFrame : Contained scale.
[2016.04.26-01.34.17:098][810]LogPhysics:Warning: FConstraintInstance::GetRefFrame : Contained scale.
[2016.04.26-01.34.17:098][810]LogPhysics:Warning: FConstraintInstance::GetRefFrame : Contained scale.
[2016.04.26-01.34.17:098][810]LogPhysics:Warning: FConstraintInstance::GetRefFrame : Contained scale.
[2016.04.26-01.34.17:098][810]LogPhysics:Warning: FConstraintInstance::GetRefFrame : Contained scale.
[2016.04.26-01.34.17:098][810]LogPhysics:Warning: FConstraintInstance::GetRefFrame : Contained scale.
[2016.04.26-01.34.17:098][810]LogPhysics:Warning: FConstraintInstance::GetRefFrame : Contained scale.
[2016.04.26-01.34.17:098][810]LogPhysics:Warning: FConstraintInstance::GetRefFrame : Contained scale.
[2016.04.26-01.34.17:098][810]LogPhysics:Warning: FConstraintInstance::GetRefFrame : Contained scale.
[2016.04.26-01.34.17:098][810]LogPhysics:Warning: FConstraintInstance::GetRefFrame : Contained scale.
[2016.04.26-01.34.17:098][810]LogPhysics:Warning: FConstraintInstance::GetRefFrame : Contained scale.
[2016.04.26-01.34.17:098][810]LogPhysics:Warning: FConstraintInstance::GetRefFrame : Contained scale.
[2016.04.26-01.34.17:098][810]LogPhysics:Warning: FConstraintInstance::GetRefFrame : Contained scale.
[2016.04.26-01.34.17:098][810]LogPhysics:Warning: FConstraintInstance::GetRefFrame : Contained scale.
[2016.04.26-01.34.17:098][810]LogPhysics:Warning: FConstraintInstance::GetRefFrame : Contained scale.
[2016.04.26-01.34.17:098][810]LogPhysics:Warning: FConstraintInstance::GetRefFrame : Contained scale.
[2016.04.26-01.34.17:100][810]LogEditorServer: Finished looking for orphan Actors (0.000 secs)
[2016.04.26-01.34.17:163][810]Cmd: MAP CHECKDEP NOCLEARLOG
[2016.04.26-01.34.17:194][810]MapCheck: Info Map check complete: 0 Error(s), 0 Warning(s), took 31.474ms to complete.
[2016.04.26-01.34.17:194][810]LogFileHelpers: Loading map 'MainMenu' took 0.681
[2016.04.26-01.34.17:293][811]Cmd: UpdateLandscapeEditorData -warnings
[2016.04.26-01.34.17:342][811]Cmd: UpdateLandscapeEditorData
[2016.04.26-01.38.20:370][224]LogFactory: FactoryCreateBinary: StaticMesh with FbxFactory (0 0 J:\Game\Junior\ProjectWarcrab\Missle.fbx)
[2016.04.26-01.38.20:590][224]LogFbx: ItemName: GlobalSettings, ItemCount : 1
[2016.04.26-01.38.20:590][224]LogFbx: ItemName: AnimationStack, ItemCount : 1
[2016.04.26-01.38.20:590][224]LogFbx: ItemName: AnimationLayer, ItemCount : 1
[2016.04.26-01.38.20:590][224]LogFbx: ItemName: NodeAttribute, ItemCount : 2
[2016.04.26-01.38.20:590][224]LogFbx: ItemName: Model, ItemCount : 6
[2016.04.26-01.38.20:590][224]LogFbx: ItemName: Geometry, ItemCount : 4
[2016.04.26-01.38.20:590][224]LogFbx: ItemName: Material, ItemCount : 1
[2016.04.26-01.38.20:676][224]LogFbx: Loading FBX Scene from J:\Game\Junior\ProjectWarcrab\Missle.fbx
[2016.04.26-01.38.20:779][224]LogFbx: FBX Scene Loaded Succesfully
[2016.04.26-01.38.37:323][224]LogFbx: Loading FBX Scene from J:\Game\Junior\ProjectWarcrab\Missle.fbx
[2016.04.26-01.38.37:401][224]LogFbx: FBX Scene Loaded Succesfully
[2016.04.26-01.38.37:485][224]LogFbx:Warning: Triangulating static mesh Body
[2016.04.26-01.38.37:738][224]LogFbx:Warning: Triangulating static mesh polySurface4
[2016.04.26-01.38.37:770][224]LogFbx:Warning: Triangulating static mesh polySurface2
[2016.04.26-01.38.37:801][224]LogFbx:Warning: Triangulating static mesh polySurface3
[2016.04.26-01.38.37:847][224]LogStaticMesh: Building static mesh Missle...
[2016.04.26-01.38.37:891][224]LogStaticMesh: Built static mesh [0.044878.2s] /Game/ProjectWarcrab/3DAssets/Missle.Missle
[2016.04.26-01.38.37:985][224]FBXImport:Warning: Warning Warning: No smoothing group information was found in this FBX scene.  Please make sure to enable the 'Export Smoothing Groups' option in the FBX Exporter plug-in before exporting the file.  Even for tools that don't support smoothing groups, the FBX Exporter will generate appropriate smoothing data at export-time so that correct vertex normals can be inferred while importing. 
[2016.04.26-01.38.37:985][224]FBXImport:Warning: Warning Warning: The imported mesh is very small. This is most likely an issue with the units used when exporting to FBX. 
[2016.04.26-01.38.42:322][610]LogRenderer: Reallocating scene render targets to support 1432x920 (Frame:619).
[2016.04.26-01.39.08:606][407]LogParticles: Destroying 0 GPU particle simulations for FXSystem 0x0000020C35818360
[2016.04.26-01.39.15:777][531]LogFactory: FactoryCreateBinary: StaticMesh with FbxFactory (0 0 J:\Game\Junior\ProjectWarcrab\Missle.fbx)
[2016.04.26-01.39.15:785][531]LogFbx: ItemName: GlobalSettings, ItemCount : 1
[2016.04.26-01.39.15:785][531]LogFbx: ItemName: AnimationStack, ItemCount : 1
[2016.04.26-01.39.15:785][531]LogFbx: ItemName: AnimationLayer, ItemCount : 1
[2016.04.26-01.39.15:785][531]LogFbx: ItemName: NodeAttribute, ItemCount : 2
[2016.04.26-01.39.15:785][531]LogFbx: ItemName: Model, ItemCount : 6
[2016.04.26-01.39.15:785][531]LogFbx: ItemName: Geometry, ItemCount : 4
[2016.04.26-01.39.15:785][531]LogFbx: ItemName: Material, ItemCount : 1
[2016.04.26-01.39.15:854][531]LogFbx: Loading FBX Scene from J:\Game\Junior\ProjectWarcrab\Missle.fbx
[2016.04.26-01.39.15:941][531]LogFbx: FBX Scene Loaded Succesfully
[2016.04.26-01.39.34:273][531]LogFbx: Loading FBX Scene from J:\Game\Junior\ProjectWarcrab\Missle.fbx
[2016.04.26-01.39.34:353][531]LogFbx: FBX Scene Loaded Succesfully
[2016.04.26-01.39.34:377][531]LogFbx:Warning: Triangulating static mesh Body
[2016.04.26-01.39.34:516][531]LogFbx:Warning: Triangulating static mesh polySurface4
[2016.04.26-01.39.34:547][531]LogFbx:Warning: Triangulating static mesh polySurface2
[2016.04.26-01.39.34:578][531]LogFbx:Warning: Triangulating static mesh polySurface3
[2016.04.26-01.39.34:617][531]LogStaticMesh: Building static mesh Missle...
[2016.04.26-01.39.34:641][531]LogStaticMesh: Built static mesh [0.029299.2s] /Game/ProjectWarcrab/3DAssets/Missle.Missle
[2016.04.26-01.39.34:652][531]FBXImport:Warning: Warning Warning: No smoothing group information was found in this FBX scene.  Please make sure to enable the 'Export Smoothing Groups' option in the FBX Exporter plug-in before exporting the file.  Even for tools that don't support smoothing groups, the FBX Exporter will generate appropriate smoothing data at export-time so that correct vertex normals can be inferred while importing. 
[2016.04.26-01.39.54:791][388]LogFactory: FactoryCreateBinary: Texture with ReimportTextureFactory (0 0 J:\Game\Junior\ProjectWarcrab\Missle_Diffuse.png)
[2016.04.26-01.39.54:894][388]LogTexture:Display: Building textures: Missle_Diffuse (AutoDXT)
[2016.04.26-01.39.55:149][388]LogFactory: FactoryCreateBinary: Texture with ReimportTextureFactory (0 0 J:\Game\Junior\ProjectWarcrab\Missle_Norm.png)
[2016.04.26-01.39.55:206][388]LogTexture:Display: Building textures: Missle_Norm (BC5)
[2016.04.26-01.41.57:233][640]LogMaterial: Missing cached shader map for material Missle_Mat, compiling. 
[2016.04.26-01.41.57:626][640]LogMaterial: Missing cached shader map for material Missle_Mat, compiling. 
[2016.04.26-01.41.57:650][640]LogMaterial: 0.017778 seconds spent updating 1 materials, 1 interfaces, 0 instances, 0 with static permutations.
[2016.04.26-01.41.59:447][717]MaterialEditorStats: Info Base pass shader with only dynamic lighting: 31 instructions
[2016.04.26-01.41.59:447][717]MaterialEditorStats: Info Vertex shader: 31 instructions
[2016.04.26-01.41.59:447][717]MaterialEditorStats: Info Texture samplers: 0/16
[2016.04.26-01.41.59:494][718]LogMaterial: Missing cached shader map for material Missle_Mat, compiling. 
[2016.04.26-01.41.59:497][718]LogMaterial: 0.000059 seconds spent updating 1 materials, 1 interfaces, 0 instances, 0 with static permutations.
[2016.04.26-01.41.59:498][718]LogMaterial: Missing cached shader map for material FMatExpressionPreview MaterialExpressionTextureSample_0, compiling. 
[2016.04.26-01.41.59:524][718]LogMaterial: Missing cached shader map for material FMatExpressionPreview MaterialExpressionTextureSample_0, compiling. 
[2016.04.26-01.42.00:052][745]MaterialEditorStats: Info Base pass shader with only dynamic lighting: 31 instructions
[2016.04.26-01.42.00:052][745]MaterialEditorStats: Info Vertex shader: 31 instructions
[2016.04.26-01.42.00:052][745]MaterialEditorStats: Info Texture samplers: 0/16
[2016.04.26-01.42.01:512][832]LogMaterial: Missing cached shader map for material Missle_Mat, compiling. 
[2016.04.26-01.42.01:515][832]LogMaterial: 0.000104 seconds spent updating 1 materials, 1 interfaces, 0 instances, 0 with static permutations.
[2016.04.26-01.42.01:516][832]LogMaterial: Missing cached shader map for material FMatExpressionPreview MaterialExpressionTextureSample_1, compiling. 
[2016.04.26-01.42.01:543][832]LogMaterial: Missing cached shader map for material FMatExpressionPreview MaterialExpressionTextureSample_0, compiling. 
[2016.04.26-01.42.01:547][832]LogMaterial: Missing cached shader map for material FMatExpressionPreview MaterialExpressionTextureSample_1, compiling. 
[2016.04.26-01.42.02:084][867]MaterialEditorStats: Info Base pass shader with only dynamic lighting: 31 instructions
[2016.04.26-01.42.02:085][867]MaterialEditorStats: Info Vertex shader: 31 instructions
[2016.04.26-01.42.02:085][867]MaterialEditorStats: Info Texture samplers: 0/16
[2016.04.26-01.42.05:107][ 62]LogMaterial: Missing cached shader map for material Missle_Mat, compiling. 
[2016.04.26-01.42.05:110][ 62]LogMaterial: 0.000115 seconds spent updating 1 materials, 1 interfaces, 0 instances, 0 with static permutations.
[2016.04.26-01.42.05:135][ 62]LogMaterial: Missing cached shader map for material FMatExpressionPreview MaterialExpressionTextureSample_1, compiling. 
[2016.04.26-01.42.05:696][ 99]MaterialEditorStats: Info Base pass shader with only dynamic lighting: 46 instructions
[2016.04.26-01.42.05:696][ 99]MaterialEditorStats: Info Vertex shader: 33 instructions
[2016.04.26-01.42.05:696][ 99]MaterialEditorStats: Info Texture samplers: 1/16
[2016.04.26-01.42.06:892][174]LogMaterial: Missing cached shader map for material Missle_Mat, compiling. 
[2016.04.26-01.42.06:895][174]LogMaterial: 0.000038 seconds spent updating 1 materials, 1 interfaces, 0 instances, 0 with static permutations.
[2016.04.26-01.42.06:919][174]LogMaterial: Missing cached shader map for material FMatExpressionPreview MaterialExpressionTextureSample_0, compiling. 
[2016.04.26-01.42.07:502][214]MaterialEditorStats: Info Base pass shader with only dynamic lighting: 47 instructions
[2016.04.26-01.42.07:502][214]MaterialEditorStats: Info Vertex shader: 33 instructions
[2016.04.26-01.42.07:502][214]MaterialEditorStats: Info Texture samplers: 2/16
[2016.04.26-01.42.10:729][417]LogMaterial: Missing cached shader map for material Missle_Mat, compiling. 
[2016.04.26-01.42.10:732][417]LogMaterial: 0.000079 seconds spent updating 1 materials, 1 interfaces, 0 instances, 0 with static permutations.
[2016.04.26-01.42.11:285][451]MaterialEditorStats: Info Base pass shader with only dynamic lighting: 47 instructions
[2016.04.26-01.42.11:286][451]MaterialEditorStats: Info Vertex shader: 33 instructions
[2016.04.26-01.42.11:286][451]MaterialEditorStats: Info Texture samplers: 2/16
[2016.04.26-01.42.12:715][539]LogMaterial: Missing cached shader map for material Missle_Mat, compiling. 
[2016.04.26-01.42.12:718][539]LogMaterial: 0.000039 seconds spent updating 1 materials, 1 interfaces, 0 instances, 0 with static permutations.
[2016.04.26-01.42.13:269][577]MaterialEditorStats: Info Base pass shader with only dynamic lighting: 47 instructions
[2016.04.26-01.42.13:269][577]MaterialEditorStats: Info Vertex shader: 33 instructions
[2016.04.26-01.42.13:269][577]MaterialEditorStats: Info Texture samplers: 2/16
[2016.04.26-01.42.15:881][737]LogMaterial: Missing cached shader map for material Missle_Mat, compiling. 
[2016.04.26-01.42.15:884][737]LogMaterial: 0.000036 seconds spent updating 1 materials, 1 interfaces, 0 instances, 0 with static permutations.
[2016.04.26-01.42.16:462][775]MaterialEditorStats: Info Base pass shader with only dynamic lighting: 50 instructions
[2016.04.26-01.42.16:462][775]MaterialEditorStats: Info Vertex shader: 33 instructions
[2016.04.26-01.42.16:462][775]MaterialEditorStats: Info Texture samplers: 2/16
[2016.04.26-01.42.17:930][865]LogMaterial: Missing cached shader map for material Missle_Mat, compiling. 
[2016.04.26-01.42.17:933][865]LogMaterial: 0.000112 seconds spent updating 1 materials, 1 interfaces, 0 instances, 0 with static permutations.
[2016.04.26-01.42.18:522][904]MaterialEditorStats: Info Base pass shader with only dynamic lighting: 50 instructions
[2016.04.26-01.42.18:522][904]MaterialEditorStats: Info Vertex shader: 33 instructions
[2016.04.26-01.42.18:522][904]MaterialEditorStats: Info Texture samplers: 2/16
[2016.04.26-01.42.19:438][956]LogMaterial: Missing cached shader map for material Missle_Mat, compiling. 
[2016.04.26-01.42.19:441][956]LogMaterial: 0.000033 seconds spent updating 1 materials, 1 interfaces, 0 instances, 0 with static permutations.
[2016.04.26-01.42.20:040][996]MaterialEditorStats: Info Base pass shader with only dynamic lighting: 46 instructions
[2016.04.26-01.42.20:040][996]MaterialEditorStats: Info Vertex shader: 33 instructions
[2016.04.26-01.42.20:040][996]MaterialEditorStats: Info Texture samplers: 2/16
[2016.04.26-01.42.20:814][ 45]LogMaterial: Missing cached shader map for material Missle_Mat, compiling. 
[2016.04.26-01.42.20:817][ 45]LogMaterial: 0.000133 seconds spent updating 1 materials, 1 interfaces, 0 instances, 0 with static permutations.
[2016.04.26-01.42.21:373][ 81]MaterialEditorStats: Info Base pass shader with only dynamic lighting: 46 instructions
[2016.04.26-01.42.21:373][ 81]MaterialEditorStats: Info Vertex shader: 33 instructions
[2016.04.26-01.42.21:373][ 81]MaterialEditorStats: Info Texture samplers: 2/16
[2016.04.26-01.42.21:842][107]LogMaterial: Missing cached shader map for material Missle_Mat, compiling. 
[2016.04.26-01.42.21:845][107]LogMaterial: 0.000113 seconds spent updating 1 materials, 1 interfaces, 0 instances, 0 with static permutations.
[2016.04.26-01.42.22:427][144]MaterialEditorStats: Info Base pass shader with only dynamic lighting: 50 instructions
[2016.04.26-01.42.22:427][144]MaterialEditorStats: Info Vertex shader: 33 instructions
[2016.04.26-01.42.22:427][144]MaterialEditorStats: Info Texture samplers: 2/16
[2016.04.26-01.42.23:841][229]LogMaterial: Missing cached shader map for material Missle_Mat, compiling. 
[2016.04.26-01.42.23:844][229]LogMaterial: 0.000040 seconds spent updating 1 materials, 1 interfaces, 0 instances, 0 with static permutations.
[2016.04.26-01.42.24:443][269]MaterialEditorStats: Info Base pass shader with only dynamic lighting: 50 instructions
[2016.04.26-01.42.24:443][269]MaterialEditorStats: Info Vertex shader: 33 instructions
[2016.04.26-01.42.24:443][269]MaterialEditorStats: Info Texture samplers: 2/16
[2016.04.26-01.42.27:735][486]LogMaterial: Missing cached shader map for material Missle_Mat, compiling. 
[2016.04.26-01.42.27:739][486]LogMaterial: 0.000171 seconds spent updating 1 materials, 1 interfaces, 0 instances, 0 with static permutations.
[2016.04.26-01.42.28:344][528]MaterialEditorStats: Info Base pass shader with only dynamic lighting: 50 instructions
[2016.04.26-01.42.28:344][528]MaterialEditorStats: Info Vertex shader: 33 instructions
[2016.04.26-01.42.28:344][528]MaterialEditorStats: Info Texture samplers: 2/16
[2016.04.26-01.42.34:633][945]LogMaterial: Missing cached shader map for material Missle_Mat, compiling. 
[2016.04.26-01.42.34:637][945]LogMaterial: 0.000084 seconds spent updating 1 materials, 1 interfaces, 0 instances, 0 with static permutations.
[2016.04.26-01.42.35:207][984]MaterialEditorStats: Info Base pass shader with only dynamic lighting: 50 instructions
[2016.04.26-01.42.35:207][984]MaterialEditorStats: Info Vertex shader: 33 instructions
[2016.04.26-01.42.35:207][984]MaterialEditorStats: Info Texture samplers: 2/16
[2016.04.26-01.42.38:366][188]LogMaterial: Missing cached shader map for material Missle_Mat, compiling. 
[2016.04.26-01.42.38:369][188]LogMaterial: 0.000070 seconds spent updating 1 materials, 1 interfaces, 0 instances, 0 with static permutations.
[2016.04.26-01.42.38:961][228]MaterialEditorStats: Info Base pass shader with only dynamic lighting: 50 instructions
[2016.04.26-01.42.38:961][228]MaterialEditorStats: Info Vertex shader: 33 instructions
[2016.04.26-01.42.38:961][228]MaterialEditorStats: Info Texture samplers: 2/16
[2016.04.26-01.42.41:187][372]LogMaterial: Missing cached shader map for material Missle_Mat, compiling. 
[2016.04.26-01.42.41:191][372]LogMaterial: 0.000145 seconds spent updating 1 materials, 1 interfaces, 0 instances, 0 with static permutations.
[2016.04.26-01.42.41:772][412]MaterialEditorStats: Info Base pass shader with only dynamic lighting: 46 instructions
[2016.04.26-01.42.41:772][412]MaterialEditorStats: Info Vertex shader: 33 instructions
[2016.04.26-01.42.41:772][412]MaterialEditorStats: Info Texture samplers: 2/16
[2016.04.26-01.42.45:076][616]LogMaterial: Missing cached shader map for material Missle_Mat, compiling. 
[2016.04.26-01.42.45:080][616]LogMaterial: 0.000086 seconds spent updating 1 materials, 1 interfaces, 0 instances, 0 with static permutations.
[2016.04.26-01.42.45:648][652]MaterialEditorStats: Info Base pass shader with only dynamic lighting: 50 instructions
[2016.04.26-01.42.45:648][652]MaterialEditorStats: Info Vertex shader: 33 instructions
[2016.04.26-01.42.45:648][652]MaterialEditorStats: Info Texture samplers: 2/16
[2016.04.26-01.42.46:592][706]LogMaterial: Missing cached shader map for material Missle_Mat, compiling. 
[2016.04.26-01.42.46:595][706]LogMaterial: 0.000057 seconds spent updating 1 materials, 1 interfaces, 0 instances, 0 with static permutations.
[2016.04.26-01.42.47:204][747]MaterialEditorStats: Info Base pass shader with only dynamic lighting: 50 instructions
[2016.04.26-01.42.47:204][747]MaterialEditorStats: Info Vertex shader: 33 instructions
[2016.04.26-01.42.47:204][747]MaterialEditorStats: Info Texture samplers: 2/16
[2016.04.26-01.42.53:087][128]LogMaterial: Missing cached shader map for material Missle_Mat, compiling. 
[2016.04.26-01.42.53:091][128]LogMaterial: 0.000119 seconds spent updating 1 materials, 1 interfaces, 0 instances, 0 with static permutations.
[2016.04.26-01.42.53:666][167]MaterialEditorStats: Info Base pass shader with only dynamic lighting: 50 instructions
[2016.04.26-01.42.53:666][167]MaterialEditorStats: Info Vertex shader: 33 instructions
[2016.04.26-01.42.53:666][167]MaterialEditorStats: Info Texture samplers: 2/16
[2016.04.26-01.42.57:719][352]LogMaterial: Missing cached shader map for material Missle_Mat, compiling. 
[2016.04.26-01.42.57:722][352]LogMaterial: 0.000095 seconds spent updating 1 materials, 1 interfaces, 0 instances, 0 with static permutations.
[2016.04.26-01.42.58:315][391]MaterialEditorStats: Info Base pass shader with only dynamic lighting: 50 instructions
[2016.04.26-01.42.58:315][391]MaterialEditorStats: Info Vertex shader: 33 instructions
[2016.04.26-01.42.58:315][391]MaterialEditorStats: Info Texture samplers: 2/16
[2016.04.26-01.42.58:997][431]LogMaterial: Missing cached shader map for material Missle_Mat, compiling. 
[2016.04.26-01.42.59:000][431]LogMaterial: 0.000075 seconds spent updating 1 materials, 1 interfaces, 0 instances, 0 with static permutations.
[2016.04.26-01.42.59:588][470]MaterialEditorStats: Info Base pass shader with only dynamic lighting: 50 instructions
[2016.04.26-01.42.59:588][470]MaterialEditorStats: Info Vertex shader: 33 instructions
[2016.04.26-01.42.59:588][470]MaterialEditorStats: Info Texture samplers: 2/16
[2016.04.26-01.42.59:771][476]LogMaterial: Missing cached shader map for material Missle_Mat, compiling. 
[2016.04.26-01.42.59:775][476]LogMaterial: 0.000111 seconds spent updating 1 materials, 1 interfaces, 0 instances, 0 with static permutations.
[2016.04.26-01.43.00:401][517]MaterialEditorStats: Info Base pass shader with only dynamic lighting: 50 instructions
[2016.04.26-01.43.00:401][517]MaterialEditorStats: Info Vertex shader: 33 instructions
[2016.04.26-01.43.00:401][517]MaterialEditorStats: Info Texture samplers: 2/16
[2016.04.26-01.43.02:500][653]LogMaterial: Missing cached shader map for material Missle_Mat, compiling. 
[2016.04.26-01.43.02:503][653]LogMaterial: 0.000074 seconds spent updating 1 materials, 1 interfaces, 0 instances, 0 with static permutations.
[2016.04.26-01.43.03:083][693]MaterialEditorStats: Info Base pass shader with only dynamic lighting: 50 instructions
[2016.04.26-01.43.03:083][693]MaterialEditorStats: Info Vertex shader: 33 instructions
[2016.04.26-01.43.03:083][693]MaterialEditorStats: Info Texture samplers: 2/16
[2016.04.26-01.43.05:553][851]LogMaterial: Missing cached shader map for material Missle_Mat, compiling. 
[2016.04.26-01.43.05:556][851]LogMaterial: 0.000061 seconds spent updating 1 materials, 1 interfaces, 0 instances, 0 with static permutations.
[2016.04.26-01.43.06:157][891]MaterialEditorStats: Info Base pass shader with only dynamic lighting: 50 instructions
[2016.04.26-01.43.06:157][891]MaterialEditorStats: Info Vertex shader: 33 instructions
[2016.04.26-01.43.06:157][891]MaterialEditorStats: Info Texture samplers: 2/16
[2016.04.26-01.43.07:656][975]LogMaterial: Missing cached shader map for material Missle_Mat, compiling. 
[2016.04.26-01.43.07:659][975]LogMaterial: 0.000139 seconds spent updating 1 materials, 1 interfaces, 0 instances, 0 with static permutations.
[2016.04.26-01.43.08:220][ 11]MaterialEditorStats: Info Base pass shader with only dynamic lighting: 50 instructions
[2016.04.26-01.43.08:220][ 11]MaterialEditorStats: Info Vertex shader: 33 instructions
[2016.04.26-01.43.08:220][ 11]MaterialEditorStats: Info Texture samplers: 2/16
[2016.04.26-01.43.09:681][101]LogMaterial: Missing cached shader map for material Missle_Mat, compiling. 
[2016.04.26-01.43.09:684][101]LogMaterial: 0.000108 seconds spent updating 1 materials, 1 interfaces, 0 instances, 0 with static permutations.
[2016.04.26-01.43.10:268][139]MaterialEditorStats: Info Base pass shader with only dynamic lighting: 50 instructions
[2016.04.26-01.43.10:268][139]MaterialEditorStats: Info Vertex shader: 33 instructions
[2016.04.26-01.43.10:268][139]MaterialEditorStats: Info Texture samplers: 2/16
[2016.04.26-01.43.10:991][180]LogMaterial: Missing cached shader map for material Missle_Mat, compiling. 
[2016.04.26-01.43.10:994][180]LogMaterial: 0.000080 seconds spent updating 1 materials, 1 interfaces, 0 instances, 0 with static permutations.
[2016.04.26-01.43.11:600][221]MaterialEditorStats: Info Base pass shader with only dynamic lighting: 50 instructions
[2016.04.26-01.43.11:600][221]MaterialEditorStats: Info Vertex shader: 33 instructions
[2016.04.26-01.43.11:600][221]MaterialEditorStats: Info Texture samplers: 2/16
[2016.04.26-01.43.13:184][309]LogMaterial: Missing cached shader map for material Missle_Mat, compiling. 
[2016.04.26-01.43.13:187][309]LogMaterial: 0.000039 seconds spent updating 1 materials, 1 interfaces, 0 instances, 0 with static permutations.
[2016.04.26-01.43.13:808][351]MaterialEditorStats: Info Base pass shader with only dynamic lighting: 50 instructions
[2016.04.26-01.43.13:808][351]MaterialEditorStats: Info Vertex shader: 33 instructions
[2016.04.26-01.43.13:808][351]MaterialEditorStats: Info Texture samplers: 2/16
[2016.04.26-01.43.15:070][419]LogMaterial: Missing cached shader map for material Missle_Mat, compiling. 
[2016.04.26-01.43.15:073][419]LogMaterial: 0.000138 seconds spent updating 1 materials, 1 interfaces, 0 instances, 0 with static permutations.
[2016.04.26-01.43.15:651][458]MaterialEditorStats: Info Base pass shader with only dynamic lighting: 50 instructions
[2016.04.26-01.43.15:651][458]MaterialEditorStats: Info Vertex shader: 33 instructions
[2016.04.26-01.43.15:651][458]MaterialEditorStats: Info Texture samplers: 2/16
[2016.04.26-01.43.19:195][672]LogMaterial: Missing cached shader map for material Missle_Mat, compiling. 
[2016.04.26-01.43.19:199][672]LogMaterial: 0.000086 seconds spent updating 1 materials, 1 interfaces, 0 instances, 0 with static permutations.
[2016.04.26-01.43.19:774][711]MaterialEditorStats: Info Base pass shader with only dynamic lighting: 50 instructions
[2016.04.26-01.43.19:774][711]MaterialEditorStats: Info Vertex shader: 33 instructions
[2016.04.26-01.43.19:774][711]MaterialEditorStats: Info Texture samplers: 2/16
[2016.04.26-01.43.26:461][128]LogMaterialEditor: Applying material Missle_Mat
[2016.04.26-01.43.26:748][128]LogMaterial: Missing cached shader map for material Missle_Mat, compiling. 
[2016.04.26-01.43.26:756][128]LogMaterial: 0.000136 seconds spent updating 1 materials, 1 interfaces, 0 instances, 0 with static permutations.
[2016.04.26-01.43.26:784][128]LogMaterial: Missing cached shader map for material Missle_Mat, compiling. 
[2016.04.26-01.43.26:796][128]LogMaterial: Missing cached shader map for material Missle_Mat, compiling. 
[2016.04.26-01.43.26:802][128]LogMaterial: 0.000669 seconds spent updating 1 materials, 1 interfaces, 0 instances, 0 with static permutations.
[2016.04.26-01.43.27:302][159]LogMaterialEditor: Saving and Compiling material Missle_Mat
[2016.04.26-01.43.28:434][159]Cmd: OBJ SAVEPACKAGE PACKAGE="/Game/ProjectWarcrab/3DAssets/Missle_Mat" FILE="../../../../../Junior/Repo/GameDev2/Content/ProjectWarcrab/3DAssets/Missle_Mat.uasset" SILENT=true
[2016.04.26-01.43.28:480][159]LogSavePackage: Save=18.649380ms
[2016.04.26-01.43.28:480][159]LogSavePackage: Moving '../../../../../Junior/Repo/GameDev2/Saved/Missle_Mat03DE7C414952F114BFE9B1B61B1B485D.tmp' to '../../../../../Junior/Repo/GameDev2/Content/ProjectWarcrab/3DAssets/Missle_Mat.uasset'
[2016.04.26-01.43.28:484][159]LogSavePackage: Total save time: 34.758788ms
[2016.04.26-01.43.28:484][159]LogSavePackage:Display: Finished SavePackage ../../../../../Junior/Repo/GameDev2/Content/ProjectWarcrab/3DAssets/Missle_Mat.uasset
[2016.04.26-01.43.28:489][159]MaterialEditorStats: Info Base pass shader with only dynamic lighting: 70 instructions
[2016.04.26-01.43.28:489][159]MaterialEditorStats: Info Vertex shader: 33 instructions
[2016.04.26-01.43.28:489][159]MaterialEditorStats: Info Texture samplers: 5/16
[2016.04.26-01.43.53:193][600]Cmd: OBJ SAVEPACKAGE PACKAGE="/Game/ProjectWarcrab/3DAssets/Missle" FILE="../../../../../Junior/Repo/GameDev2/Content/ProjectWarcrab/3DAssets/Missle.uasset" SILENT=true
[2016.04.26-01.43.53:213][600]LogSavePackage: Save=8.823339ms
[2016.04.26-01.43.53:213][600]LogSavePackage: Moving '../../../../../Junior/Repo/GameDev2/Saved/MissleD6154CF74320CB3C32DEF08C8CA414FA.tmp' to '../../../../../Junior/Repo/GameDev2/Content/ProjectWarcrab/3DAssets/Missle.uasset'
[2016.04.26-01.43.53:217][600]LogSavePackage: Total save time: 12.973569ms
[2016.04.26-01.43.53:217][600]LogSavePackage:Display: Finished SavePackage ../../../../../Junior/Repo/GameDev2/Content/ProjectWarcrab/3DAssets/Missle.uasset
[2016.04.26-01.43.58:275][ 89]LogParticles: Destroying 0 GPU particle simulations for FXSystem 0x0000020C048BD1C0
[2016.04.26-01.43.58:275][ 89]LogParticles: Destroying 0 GPU particle simulations for FXSystem 0x0000020C35818180
[2016.04.26-01.43.58:314][ 89]Cmd: OBJ SAVEPACKAGE PACKAGE="/Game/ProjectWarcrab/3DAssets/Missle_Diffuse" FILE="../../../../../Junior/Repo/GameDev2/Content/ProjectWarcrab/3DAssets/Missle_Diffuse.uasset" SILENT=true
[2016.04.26-01.43.58:376][ 89]LogSavePackage: Save=59.324318ms
[2016.04.26-01.43.58:376][ 89]LogSavePackage: Moving '../../../../../Junior/Repo/GameDev2/Saved/Missle_Diffuse12C0A5D54B6E898356FE3D82762205CA.tmp' to '../../../../../Junior/Repo/GameDev2/Content/ProjectWarcrab/3DAssets/Missle_Diffuse.uasset'
[2016.04.26-01.43.58:380][ 89]LogSavePackage: Total save time: 63.431785ms
[2016.04.26-01.43.58:380][ 89]LogSavePackage:Display: Finished SavePackage ../../../../../Junior/Repo/GameDev2/Content/ProjectWarcrab/3DAssets/Missle_Diffuse.uasset
[2016.04.26-01.43.58:391][ 89]Cmd: OBJ SAVEPACKAGE PACKAGE="/Game/ProjectWarcrab/3DAssets/Missle_Norm" FILE="../../../../../Junior/Repo/GameDev2/Content/ProjectWarcrab/3DAssets/Missle_Norm.uasset" SILENT=true
[2016.04.26-01.43.58:466][ 89]LogSavePackage: Save=72.743790ms
[2016.04.26-01.43.58:466][ 89]LogSavePackage: Moving '../../../../../Junior/Repo/GameDev2/Saved/Missle_Norm013F9DDD4F7B1400DB7093A0E225C37C.tmp' to '../../../../../Junior/Repo/GameDev2/Content/ProjectWarcrab/3DAssets/Missle_Norm.uasset'
[2016.04.26-01.43.58:470][ 89]LogSavePackage: Total save time: 77.130083ms
[2016.04.26-01.43.58:470][ 89]LogSavePackage:Display: Finished SavePackage ../../../../../Junior/Repo/GameDev2/Content/ProjectWarcrab/3DAssets/Missle_Norm.uasset
[2016.04.26-01.48.31:648][950]LogBlueprintUserMessages: Early PlayInEditor Detection: Level '/Game/ProjectWarcrab/Levels/MainMenu.MainMenu:PersistentLevel' has LevelScriptBlueprint '/Game/ProjectWarcrab/Levels/MainMenu.MainMenu:PersistentLevel.MainMenu' with GeneratedClass '/Game/ProjectWarcrab/Levels/MainMenu.MainMenu_C' with ClassGeneratedBy '/Game/ProjectWarcrab/Levels/MainMenu.MainMenu:PersistentLevel.MainMenu'
[2016.04.26-01.48.31:649][950]LogPlayLevel: PlayLevel: No blueprints needed recompiling
[2016.04.26-01.48.31:675][950]PIE: New page: PIE session: MainMenu (Apr 25, 2016, 5:48:31 PM)
[2016.04.26-01.48.31:684][950]LogPlayLevel: Creating play world package: /Game/ProjectWarcrab/Levels/UEDPIE_1_MainMenu
[2016.04.26-01.48.31:729][950]LogPlayLevel: PIE: StaticDuplicateObject took: (0.044881s)
[2016.04.26-01.48.31:729][950]LogAIModule: Creating AISystem for world MainMenu
[2016.04.26-01.48.31:730][950]LogPlayLevel: PIE: World Init took: (0.000663s)
[2016.04.26-01.48.31:730][950]LogPlayLevel: PIE: Created PIE world by copying editor world from /Game/ProjectWarcrab/Levels/MainMenu.MainMenu to /Game/ProjectWarcrab/Levels/UEDPIE_1_MainMenu.MainMenu (0.046024s)
[2016.04.26-01.48.31:763][950]LogInit: XAudio2 using 'Speakers (Realtek High Definition Audio)' : 2 channels at 48 kHz using 32 bits per sample (channel mask 0x3)
[2016.04.26-01.48.31:778][950]LogInit: FAudioDevice initialized.
[2016.04.26-01.48.31:915][950]LogLinker:Warning: Can't find file '/Game/ProjectWarcrab/Blueprints/GM_BattleBots'
[2016.04.26-01.48.31:915][950]LogLinker:Warning: Can't find file '/Game/ProjectWarcrab/Blueprints/GM_BattleBots'
[2016.04.26-01.48.31:915][950]LogUObjectGlobals:Warning: Failed to find object 'Class /Game/ProjectWarcrab/Blueprints/GM_BattleBots.GM_BattleBots_C'
[2016.04.26-01.48.31:915][950]LogWorld: Game class is 'GameMode'
[2016.04.26-01.48.31:924][950]LogPhysics:Warning: FConstraintInstance::GetRefFrame : Contained scale.
[2016.04.26-01.48.31:924][950]LogPhysics:Warning: FConstraintInstance::GetRefFrame : Contained scale.
[2016.04.26-01.48.31:924][950]LogPhysics:Warning: FConstraintInstance::GetRefFrame : Contained scale.
[2016.04.26-01.48.31:924][950]LogPhysics:Warning: FConstraintInstance::GetRefFrame : Contained scale.
[2016.04.26-01.48.31:924][950]LogPhysics:Warning: FConstraintInstance::GetRefFrame : Contained scale.
[2016.04.26-01.48.31:924][950]LogPhysics:Warning: FConstraintInstance::GetRefFrame : Contained scale.
[2016.04.26-01.48.31:924][950]LogPhysics:Warning: FConstraintInstance::GetRefFrame : Contained scale.
[2016.04.26-01.48.31:924][950]LogPhysics:Warning: FConstraintInstance::GetRefFrame : Contained scale.
[2016.04.26-01.48.31:924][950]LogPhysics:Warning: FConstraintInstance::GetRefFrame : Contained scale.
[2016.04.26-01.48.31:924][950]LogPhysics:Warning: FConstraintInstance::GetRefFrame : Contained scale.
[2016.04.26-01.48.31:924][950]LogPhysics:Warning: FConstraintInstance::GetRefFrame : Contained scale.
[2016.04.26-01.48.31:924][950]LogPhysics:Warning: FConstraintInstance::GetRefFrame : Contained scale.
[2016.04.26-01.48.31:924][950]LogPhysics:Warning: FConstraintInstance::GetRefFrame : Contained scale.
[2016.04.26-01.48.31:924][950]LogPhysics:Warning: FConstraintInstance::GetRefFrame : Contained scale.
[2016.04.26-01.48.31:924][950]LogPhysics:Warning: FConstraintInstance::GetRefFrame : Contained scale.
[2016.04.26-01.48.31:924][950]LogPhysics:Warning: FConstraintInstance::GetRefFrame : Contained scale.
[2016.04.26-01.48.31:924][950]LogPhysics:Warning: FConstraintInstance::GetRefFrame : Contained scale.
[2016.04.26-01.48.31:924][950]LogPhysics:Warning: FConstraintInstance::GetRefFrame : Contained scale.
[2016.04.26-01.48.31:924][950]LogPhysics:Warning: FConstraintInstance::GetRefFrame : Contained scale.
[2016.04.26-01.48.31:924][950]LogPhysics:Warning: FConstraintInstance::GetRefFrame : Contained scale.
[2016.04.26-01.48.31:924][950]LogPhysics:Warning: FConstraintInstance::GetRefFrame : Contained scale.
[2016.04.26-01.48.31:924][950]LogPhysics:Warning: FConstraintInstance::GetRefFrame : Contained scale.
[2016.04.26-01.48.31:924][950]LogPhysics:Warning: FConstraintInstance::GetRefFrame : Contained scale.
[2016.04.26-01.48.31:924][950]LogPhysics:Warning: FConstraintInstance::GetRefFrame : Contained scale.
[2016.04.26-01.48.31:924][950]LogPhysics:Warning: FConstraintInstance::GetRefFrame : Contained scale.
[2016.04.26-01.48.31:924][950]LogPhysics:Warning: FConstraintInstance::GetRefFrame : Contained scale.
[2016.04.26-01.48.31:924][950]LogPhysics:Warning: FConstraintInstance::GetRefFrame : Contained scale.
[2016.04.26-01.48.31:924][950]LogPhysics:Warning: FConstraintInstance::GetRefFrame : Contained scale.
[2016.04.26-01.48.31:924][950]LogPhysics:Warning: FConstraintInstance::GetRefFrame : Contained scale.
[2016.04.26-01.48.31:924][950]LogPhysics:Warning: FConstraintInstance::GetRefFrame : Contained scale.
[2016.04.26-01.48.31:924][950]LogPhysics:Warning: FConstraintInstance::GetRefFrame : Contained scale.
[2016.04.26-01.48.31:924][950]LogPhysics:Warning: FConstraintInstance::GetRefFrame : Contained scale.
[2016.04.26-01.48.31:924][950]LogPhysics:Warning: FConstraintInstance::GetRefFrame : Contained scale.
[2016.04.26-01.48.31:924][950]LogPhysics:Warning: FConstraintInstance::GetRefFrame : Contained scale.
[2016.04.26-01.48.31:924][950]LogPhysics:Warning: FConstraintInstance::GetRefFrame : Contained scale.
[2016.04.26-01.48.31:924][950]LogPhysics:Warning: FConstraintInstance::GetRefFrame : Contained scale.
[2016.04.26-01.48.31:924][950]LogPhysics:Warning: FConstraintInstance::GetRefFrame : Contained scale.
[2016.04.26-01.48.31:924][950]LogPhysics:Warning: FConstraintInstance::GetRefFrame : Contained scale.
[2016.04.26-01.48.31:924][950]LogPhysics:Warning: FConstraintInstance::GetRefFrame : Contained scale.
[2016.04.26-01.48.31:924][950]LogPhysics:Warning: FConstraintInstance::GetRefFrame : Contained scale.
[2016.04.26-01.48.31:924][950]LogPhysics:Warning: FConstraintInstance::GetRefFrame : Contained scale.
[2016.04.26-01.48.31:924][950]LogPhysics:Warning: FConstraintInstance::GetRefFrame : Contained scale.
[2016.04.26-01.48.31:924][950]LogPhysics:Warning: FConstraintInstance::GetRefFrame : Contained scale.
[2016.04.26-01.48.31:925][950]LogPhysics:Warning: FConstraintInstance::GetRefFrame : Contained scale.
[2016.04.26-01.48.31:925][950]LogPhysics:Warning: FConstraintInstance::GetRefFrame : Contained scale.
[2016.04.26-01.48.31:925][950]LogPhysics:Warning: FConstraintInstance::GetRefFrame : Contained scale.
[2016.04.26-01.48.31:925][950]LogPhysics:Warning: FConstraintInstance::GetRefFrame : Contained scale.
[2016.04.26-01.48.31:925][950]LogWorld: Bringing World /Game/ProjectWarcrab/Levels/UEDPIE_1_MainMenu.MainMenu up for play (max tick rate 0) at 2016.04.25-21.48.31
[2016.04.26-01.48.31:926][950]LogActor:Warning: GameSession /Game/ProjectWarcrab/Levels/UEDPIE_1_MainMenu.MainMenu:PersistentLevel.GameSession_0 has natively added scene component(s), but none of them were set as the actor's RootComponent - picking one arbitrarily
[2016.04.26-01.48.31:927][950]LogActor:Warning: GameNetworkManager /Game/ProjectWarcrab/Levels/UEDPIE_1_MainMenu.MainMenu:PersistentLevel.GameNetworkManager_0 has natively added scene component(s), but none of them were set as the actor's RootComponent - picking one arbitrarily
[2016.04.26-01.48.31:938][950]LogWorld: Bringing up level for play took: 0.015406
[2016.04.26-01.48.31:950][950]LogVoice:Warning: Failed to initialize voice interface
[2016.04.26-01.48.32:035][950]LogInit: WinSock: Socket queue 131072 / 131072
[2016.04.26-01.48.32:035][950]LogInit: WinSock: I am ShanyePC (128.113.17.121:0)
[2016.04.26-01.48.32:045][950]LogNet: GameNetDriver IpNetDriver_0 IpNetDriver listening on port 7777
[2016.04.26-01.48.32:047][950]LogOnline:Warning: NULL: Can't start an online game for session (Game) that hasn't been created
[2016.04.26-01.48.32:143][950]PIE: Info Play in editor start time for /Game/ProjectWarcrab/Levels/UEDPIE_1_MainMenu 1.464
[2016.04.26-01.48.32:145][950]PIE: New page: PIE session: MainMenu (Apr 25, 2016, 5:48:32 PM)
[2016.04.26-01.48.32:237][950]LogNet: Browse: 127.0.0.1//Game/ProjectWarcrab/MainMenu
[2016.04.26-01.48.32:238][950]LogInit: WinSock: Socket queue 32768 / 32768
[2016.04.26-01.48.32:245][950]LogNet: Game client on port 7777, rate 10000
[2016.04.26-01.48.32:245][950]LogNet: GetLocalNetworkVersion: GEngineNetVersion: 2872498, ProjectName: gamedev2, ProjectVersion: 1.0.0.0, InternalProtocolVersion: 9, LocalNetworkVersion: 1639411290
[2016.04.26-01.48.32:272][950]PIE: Info Play in editor start time for /Game/ProjectWarcrab/MainMenu 1.592
[2016.04.26-01.48.32:274][950]LogBlueprintUserMessages: Late PlayInEditor Detection: Level '/Game/ProjectWarcrab/Levels/MainMenu.MainMenu:PersistentLevel' has LevelScriptBlueprint '/Game/ProjectWarcrab/Levels/MainMenu.MainMenu:PersistentLevel.MainMenu' with GeneratedClass '/Game/ProjectWarcrab/Levels/MainMenu.MainMenu_C' with ClassGeneratedBy '/Game/ProjectWarcrab/Levels/MainMenu.MainMenu:PersistentLevel.MainMenu'
[2016.04.26-01.48.32:293][950]LogNet: NotifyAcceptingConnection: Server MainMenu accept
[2016.04.26-01.48.32:293][950]LogNet: Open MainMenu 04/25/16 21:48:32 127.0.0.1
[2016.04.26-01.48.32:294][950]LogNet: Added client connection.  Remote address = 127.0.0.1:51760
[2016.04.26-01.48.32:300][950]LogNet: NotifyAcceptingChannel Control 0 server World /Game/ProjectWarcrab/Levels/UEDPIE_1_MainMenu.MainMenu: Accepted
[2016.04.26-01.48.32:301][950]LogNet: Remote platform little endian=1
[2016.04.26-01.48.32:301][950]LogNet: This platform little endian=1
[2016.04.26-01.48.32:301][950]LogNet: GetLocalNetworkVersion: GEngineNetVersion: 2872498, ProjectName: gamedev2, ProjectVersion: 1.0.0.0, InternalProtocolVersion: 9, LocalNetworkVersion: 1639411290
[2016.04.26-01.48.32:355][950]LogVoice:Warning: Failed to initialize voice interface
[2016.04.26-01.48.32:403][951]LogNet: Login request: /Game/ProjectWarcrab/MainMenu?Name=ShanyePC-46526B70422FC3693C5E6E9F5C8C9DFA userId: ShanyePC-46526B70422FC3693C5E6E9F5C8C9DFA
[2016.04.26-01.48.32:416][951]LogNet: Welcomed by server (Level: /Game/ProjectWarcrab/Levels/UEDPIE_1_MainMenu, Game: /Script/Engine.GameMode)
[2016.04.26-01.48.32:416][951]LogLoad: LoadMap: 127.0.0.1//Game/ProjectWarcrab/Levels/UEDPIE_1_MainMenu?game=/Script/Engine.GameMode
[2016.04.26-01.48.32:432][951]LogParticles: Destroying 0 GPU particle simulations for FXSystem 0x0000020C048BD3A0
[2016.04.26-01.48.32:444][951]Cmd: MEM
[2016.04.26-01.48.32:456][951]LogMemory: Platform Memory Stats for Windows
[2016.04.26-01.48.32:456][951]LogMemory: Process Physical Memory: 1040.17 MB used, 1044.05 MB peak
[2016.04.26-01.48.32:456][951]LogMemory: Process Virtual Memory: 1581.18 MB used, 1622.84 MB peak
[2016.04.26-01.48.32:456][951]LogMemory: Physical Memory: 6442.64 MB used, 12239.21 MB total
[2016.04.26-01.48.32:456][951]LogMemory: Virtual Memory: 2317.98 MB used, 134217728.00 MB total
[2016.04.26-01.48.32:456][951]LogMemory: 
[2016.04.26-01.48.32:456][951]Allocator Stats for TBB: (not implemented)
[2016.04.26-01.48.32:469][951]LogWorld: PIE: Copying PIE streaming level from /Game/ProjectWarcrab/Levels/MainMenu.MainMenu to /Game/ProjectWarcrab/Levels/UEDPIE_2_MainMenu.MainMenu. OwningWorld: None
[2016.04.26-01.48.32:469][951]LogAIModule: Creating AISystem for world MainMenu
[2016.04.26-01.48.32:473][951]LogPhysics:Warning: FConstraintInstance::GetRefFrame : Contained scale.
[2016.04.26-01.48.32:473][951]LogPhysics:Warning: FConstraintInstance::GetRefFrame : Contained scale.
[2016.04.26-01.48.32:473][951]LogPhysics:Warning: FConstraintInstance::GetRefFrame : Contained scale.
[2016.04.26-01.48.32:473][951]LogPhysics:Warning: FConstraintInstance::GetRefFrame : Contained scale.
[2016.04.26-01.48.32:473][951]LogPhysics:Warning: FConstraintInstance::GetRefFrame : Contained scale.
[2016.04.26-01.48.32:473][951]LogPhysics:Warning: FConstraintInstance::GetRefFrame : Contained scale.
[2016.04.26-01.48.32:473][951]LogPhysics:Warning: FConstraintInstance::GetRefFrame : Contained scale.
[2016.04.26-01.48.32:473][951]LogPhysics:Warning: FConstraintInstance::GetRefFrame : Contained scale.
[2016.04.26-01.48.32:473][951]LogPhysics:Warning: FConstraintInstance::GetRefFrame : Contained scale.
[2016.04.26-01.48.32:473][951]LogPhysics:Warning: FConstraintInstance::GetRefFrame : Contained scale.
[2016.04.26-01.48.32:473][951]LogPhysics:Warning: FConstraintInstance::GetRefFrame : Contained scale.
[2016.04.26-01.48.32:473][951]LogPhysics:Warning: FConstraintInstance::GetRefFrame : Contained scale.
[2016.04.26-01.48.32:473][951]LogPhysics:Warning: FConstraintInstance::GetRefFrame : Contained scale.
[2016.04.26-01.48.32:473][951]LogPhysics:Warning: FConstraintInstance::GetRefFrame : Contained scale.
[2016.04.26-01.48.32:473][951]LogPhysics:Warning: FConstraintInstance::GetRefFrame : Contained scale.
[2016.04.26-01.48.32:473][951]LogPhysics:Warning: FConstraintInstance::GetRefFrame : Contained scale.
[2016.04.26-01.48.32:473][951]LogPhysics:Warning: FConstraintInstance::GetRefFrame : Contained scale.
[2016.04.26-01.48.32:473][951]LogPhysics:Warning: FConstraintInstance::GetRefFrame : Contained scale.
[2016.04.26-01.48.32:473][951]LogPhysics:Warning: FConstraintInstance::GetRefFrame : Contained scale.
[2016.04.26-01.48.32:473][951]LogPhysics:Warning: FConstraintInstance::GetRefFrame : Contained scale.
[2016.04.26-01.48.32:473][951]LogPhysics:Warning: FConstraintInstance::GetRefFrame : Contained scale.
[2016.04.26-01.48.32:473][951]LogPhysics:Warning: FConstraintInstance::GetRefFrame : Contained scale.
[2016.04.26-01.48.32:473][951]LogPhysics:Warning: FConstraintInstance::GetRefFrame : Contained scale.
[2016.04.26-01.48.32:473][951]LogPhysics:Warning: FConstraintInstance::GetRefFrame : Contained scale.
[2016.04.26-01.48.32:473][951]LogPhysics:Warning: FConstraintInstance::GetRefFrame : Contained scale.
[2016.04.26-01.48.32:473][951]LogPhysics:Warning: FConstraintInstance::GetRefFrame : Contained scale.
[2016.04.26-01.48.32:473][951]LogPhysics:Warning: FConstraintInstance::GetRefFrame : Contained scale.
[2016.04.26-01.48.32:473][951]LogPhysics:Warning: FConstraintInstance::GetRefFrame : Contained scale.
[2016.04.26-01.48.32:473][951]LogPhysics:Warning: FConstraintInstance::GetRefFrame : Contained scale.
[2016.04.26-01.48.32:473][951]LogPhysics:Warning: FConstraintInstance::GetRefFrame : Contained scale.
[2016.04.26-01.48.32:473][951]LogPhysics:Warning: FConstraintInstance::GetRefFrame : Contained scale.
[2016.04.26-01.48.32:473][951]LogPhysics:Warning: FConstraintInstance::GetRefFrame : Contained scale.
[2016.04.26-01.48.32:473][951]LogPhysics:Warning: FConstraintInstance::GetRefFrame : Contained scale.
[2016.04.26-01.48.32:473][951]LogPhysics:Warning: FConstraintInstance::GetRefFrame : Contained scale.
[2016.04.26-01.48.32:473][951]LogPhysics:Warning: FConstraintInstance::GetRefFrame : Contained scale.
[2016.04.26-01.48.32:473][951]LogPhysics:Warning: FConstraintInstance::GetRefFrame : Contained scale.
[2016.04.26-01.48.32:473][951]LogPhysics:Warning: FConstraintInstance::GetRefFrame : Contained scale.
[2016.04.26-01.48.32:473][951]LogPhysics:Warning: FConstraintInstance::GetRefFrame : Contained scale.
[2016.04.26-01.48.32:473][951]LogPhysics:Warning: FConstraintInstance::GetRefFrame : Contained scale.
[2016.04.26-01.48.32:473][951]LogPhysics:Warning: FConstraintInstance::GetRefFrame : Contained scale.
[2016.04.26-01.48.32:473][951]LogPhysics:Warning: FConstraintInstance::GetRefFrame : Contained scale.
[2016.04.26-01.48.32:473][951]LogPhysics:Warning: FConstraintInstance::GetRefFrame : Contained scale.
[2016.04.26-01.48.32:473][951]LogPhysics:Warning: FConstraintInstance::GetRefFrame : Contained scale.
[2016.04.26-01.48.32:473][951]LogPhysics:Warning: FConstraintInstance::GetRefFrame : Contained scale.
[2016.04.26-01.48.32:473][951]LogPhysics:Warning: FConstraintInstance::GetRefFrame : Contained scale.
[2016.04.26-01.48.32:473][951]LogPhysics:Warning: FConstraintInstance::GetRefFrame : Contained scale.
[2016.04.26-01.48.32:473][951]LogPhysics:Warning: FConstraintInstance::GetRefFrame : Contained scale.
[2016.04.26-01.48.32:474][951]LogWorld: Bringing World /Game/ProjectWarcrab/Levels/UEDPIE_2_MainMenu.MainMenu up for play (max tick rate 0) at 2016.04.25-21.48.32
[2016.04.26-01.48.32:474][951]LogWorld: Bringing up level for play took: 0.003202
[2016.04.26-01.48.32:488][952]LogNet: Client netspeed is 10000
[2016.04.26-01.48.32:488][952]LogNet: Join request: /Game/ProjectWarcrab/MainMenu?Name=ShanyePC-46526B70422FC3693C5E6E9F5C8C9DFA?SplitscreenCount=1
[2016.04.26-01.48.32:488][952]LogOnline:Warning: NULL: No game present to join for session (Game)
[2016.04.26-01.48.32:505][952]LogNet: Join succeeded: ShanyePC-46526B70422
[2016.04.26-01.48.32:534][954]LogOnline:Warning: NULL: No game present to join for session (Game)
[2016.04.26-01.48.32:536][954]LogOnline:Warning: NULL: No game present to join for session (Game)
[2016.04.26-01.48.37:075][ 92]LogBlueprintUserMessages: [MyGameInstance_C_1] Client -2: Hello
[2016.04.26-01.48.37:223][ 92]LogPackageName: SearchForPackageOnDisk took   0.040s to resolve TopDownExampleMap.umap.
[2016.04.26-01.48.37:258][ 92]LogPackageName: SearchForPackageOnDisk took   0.034s to resolve TopDownExampleMap.umap.
[2016.04.26-01.48.37:258][ 92]LogNet: Browse: /Game/TopDownBP/Maps/TopDownExampleMap?listen
[2016.04.26-01.48.37:258][ 92]LogLoad: LoadMap: /Game/TopDownBP/Maps/TopDownExampleMap?listen
[2016.04.26-01.48.37:258][ 92]LogNet: World NetDriver shutdown IpNetDriver_1 [GameNetDriver]
[2016.04.26-01.48.37:258][ 92]LogNet: DestroyNamedNetDriver IpNetDriver_1 [GameNetDriver]
[2016.04.26-01.48.37:258][ 92]LogNet: UNetConnection::Close: Name: IpConnection_0, Driver: GameNetDriver IpNetDriver_1, PC: PlayerController_3, Owner: PlayerController_3, Channels: 11, RemoteAddr: 127.0.0.1:7777, Time: 2016.04.26-01.48.37
[2016.04.26-01.48.37:258][ 92]LogNet: UChannel::Close: Sending CloseBunch. ChIndex == 0. Name: ControlChannel_0
[2016.04.26-01.48.37:259][ 92]LogExit: GameNetDriver IpNetDriver_1 shut down
[2016.04.26-01.48.37:288][ 92]LogParticles: Destroying 0 GPU particle simulations for FXSystem 0x0000020C0EF398A0
[2016.04.26-01.48.37:288][ 92]Cmd: MEM
[2016.04.26-01.48.37:299][ 92]LogMemory: Platform Memory Stats for Windows
[2016.04.26-01.48.37:300][ 92]LogMemory: Process Physical Memory: 1074.89 MB used, 1074.89 MB peak
[2016.04.26-01.48.37:300][ 92]LogMemory: Process Virtual Memory: 1606.13 MB used, 1657.96 MB peak
[2016.04.26-01.48.37:300][ 92]LogMemory: Physical Memory: 6475.70 MB used, 12239.21 MB total
[2016.04.26-01.48.37:300][ 92]LogMemory: Virtual Memory: 2318.16 MB used, 134217728.00 MB total
[2016.04.26-01.48.37:300][ 92]LogMemory: 
[2016.04.26-01.48.37:300][ 92]Allocator Stats for TBB: (not implemented)
[2016.04.26-01.48.40:751][ 92]LogAIModule: Creating AISystem for world TopDownExampleMap
[2016.04.26-01.48.40:751][ 92]LogWorld: Game class is 'TopDownGameMode_C'
[2016.04.26-01.48.40:757][ 92]LogInit: WinSock: Socket queue 131072 / 131072
[2016.04.26-01.48.40:758][ 92]LogNet: GameNetDriver IpNetDriver_2 IpNetDriver listening on port 7778
[2016.04.26-01.48.40:808][ 92]LogWorld: Bringing World /Game/TopDownBP/Maps/UEDPIE_2_TopDownExampleMap.TopDownExampleMap up for play (max tick rate 0) at 2016.04.25-21.48.40
[2016.04.26-01.48.40:808][ 92]LogActor:Warning: GameSession /Game/TopDownBP/Maps/UEDPIE_2_TopDownExampleMap.TopDownExampleMap:PersistentLevel.GameSession_1 has natively added scene component(s), but none of them were set as the actor's RootComponent - picking one arbitrarily
[2016.04.26-01.48.40:808][ 92]LogActor:Warning: GameNetworkManager /Game/TopDownBP/Maps/UEDPIE_2_TopDownExampleMap.TopDownExampleMap:PersistentLevel.GameNetworkManager_1 has natively added scene component(s), but none of them were set as the actor's RootComponent - picking one arbitrarily
[2016.04.26-01.48.40:809][ 92]LogWorld: Bringing up level for play took: 0.049440
[2016.04.26-01.48.40:809][ 92]LogLongPackageNames:Warning: URL: :7778//Game/TopDownBP/Maps/TopDownExampleMap: Name may not contain the following characters: :
[2016.04.26-01.48.40:820][ 92]LogOnline:Warning: NULL: Can't start an online session (Game) in state InProgress
[2016.04.26-01.48.40:973][ 93]LogNet: UChannel::ReceivedSequencedBunch: Bunch.bClose == true. ChIndex == 0. Calling ConditionalCleanUp.
[2016.04.26-01.48.40:973][ 93]LogNet: UChannel::CleanUp: [GameNetDriver] [PlayerController_2] [PlayerController_2]. ChIndex == 0. Closing connection.
[2016.04.26-01.48.40:973][ 93]LogNet: UNetConnection::Close: Name: IpConnection_1, Driver: GameNetDriver IpNetDriver_0, PC: PlayerController_2, Owner: PlayerController_2, Channels: 11, RemoteAddr: 127.0.0.1:51760, Time: 2016.04.26-01.48.40
[2016.04.26-01.48.40:973][ 93]LogNet: UChannel::Close: Sending CloseBunch. ChIndex == 0. Name: ControlChannel_1
[2016.04.26-01.48.40:973][ 93]LogOnline:Warning: NULL: No game present to leave for session (Game)
[2016.04.26-01.48.43:621][181]LogBlueprintUserMessages: [cha_BaseBot_C_4] Server: Hello
[2016.04.26-01.48.45:843][257]LogBlueprintUserMessages: [cha_BaseBot_C_4] Server: Hello
[2016.04.26-01.48.46:943][294]LogBlueprintUserMessages: [cha_BaseBot_C_4] Server: Hello
[2016.04.26-01.49.15:577][241]LogBlueprintUserMessages: Early EndPlayMap Detection: Level '/Game/ProjectWarcrab/Levels/MainMenu.MainMenu:PersistentLevel' has LevelScriptBlueprint '/Game/ProjectWarcrab/Levels/MainMenu.MainMenu:PersistentLevel.MainMenu' with GeneratedClass '/Game/ProjectWarcrab/Levels/MainMenu.MainMenu_C' with ClassGeneratedBy '/Game/ProjectWarcrab/Levels/MainMenu.MainMenu:PersistentLevel.MainMenu'
[2016.04.26-01.49.15:635][241]LogOnline:Display: NULL: FOnlineSubsystemNull::Shutdown()
[2016.04.26-01.49.15:635][241]LogOnline:Warning: NULL: No game present to leave for session (Game)
[2016.04.26-01.49.15:635][241]LogSpawn:Warning: SpawnActor failed because we are in the process of tearing down the world
[2016.04.26-01.49.15:672][241]LogOnline:Display: NULL: FOnlineSubsystemNull::Shutdown()
[2016.04.26-01.49.15:673][241]LogPlayLevel:Display: Shutting down PIE online subsystems
[2016.04.26-01.49.15:673][241]LogBlueprintUserMessages: Late EndPlayMap Detection: Level '/Game/ProjectWarcrab/Levels/MainMenu.MainMenu:PersistentLevel' has LevelScriptBlueprint '/Game/ProjectWarcrab/Levels/MainMenu.MainMenu:PersistentLevel.MainMenu' with GeneratedClass '/Game/ProjectWarcrab/Levels/MainMenu.MainMenu_C' with ClassGeneratedBy '/Game/ProjectWarcrab/Levels/MainMenu.MainMenu:PersistentLevel.MainMenu'
[2016.04.26-01.49.15:698][241]LogExit: GameNetDriver None shut down
[2016.04.26-01.49.15:699][241]LogParticles: Destroying 0 GPU particle simulations for FXSystem 0x0000020C09991940
[2016.04.26-01.49.15:700][241]LogParticles: Destroying 0 GPU particle simulations for FXSystem 0x0000020C4828C720
[2016.04.26-01.49.15:700][241]LogExit: GameNetDriver None shut down
[2016.04.26-01.49.15:770][242]LogPlayLevel:Display: Destroying online subsystem :Context_10
[2016.04.26-01.49.15:770][242]LogOnline:Display: NULL: FOnlineSubsystemNull::Shutdown()
[2016.04.26-01.49.15:770][242]LogPlayLevel:Display: Destroying online subsystem :Context_9
[2016.04.26-01.49.15:770][242]LogOnline:Display: NULL: FOnlineSubsystemNull::Shutdown()
[2016.04.26-01.49.19:438][642]Cmd: QUIT_EDITOR
[2016.04.26-01.49.19:908][642]LogWindowsTextInputMethodSystem:Display: IME system now deactivated.
[2016.04.26-01.49.19:985][642]LogExit: Preparing to exit.
[2016.04.26-01.49.20:380][642]LogActorComponent: UnregisterComponent: (None.None) Not registered. Aborting.
[2016.04.26-01.49.20:380][642]LogActorComponent: UnregisterComponent: (None.None) Not registered. Aborting.
[2016.04.26-01.49.20:380][642]LogActorComponent: UnregisterComponent: (None.None) Not registered. Aborting.
[2016.04.26-01.49.20:420][642]LogExit: Editor shut down
[2016.04.26-01.49.20:420][642]LogParticles: Destroying 0 GPU particle simulations for FXSystem 0x0000020C58BEFA60
[2016.04.26-01.49.20:420][642]LogExit: Transaction tracking system shut down
[2016.04.26-01.49.20:420][642]LogParticles: Destroying 0 GPU particle simulations for FXSystem 0x0000020C35A609A0
[2016.04.26-01.49.20:478][642]LogParticles: Destroying 0 GPU particle simulations for FXSystem 0x0000020C47F9E2A0
[2016.04.26-01.49.20:478][642]LogParticles: Destroying 0 GPU particle simulations for FXSystem 0x0000020C58D65E40
[2016.04.26-01.49.20:478][642]LogParticles: Destroying 0 GPU particle simulations for FXSystem 0x0000020C3581B880
[2016.04.26-01.49.20:478][642]LogParticles: Destroying 0 GPU particle simulations for FXSystem 0x0000020C58BECFE0
[2016.04.26-01.49.21:003][642]LogExit: Object subsystem successfully closed.
[2016.04.26-01.49.21:170][642]LogD3D11RHI: Shutdown
[2016.04.26-01.49.21:170][642]LogD3D11RHI: CleanupD3DDevice
[2016.04.26-01.49.21:346][642]LogD3D11RHI: ~FD3D11DynamicRHI
[2016.04.26-01.49.21:767][642]LogModuleManager: Shutting down and abandoning module CookingStats (204)
[2016.04.26-01.49.21:767][642]LogModuleManager: Shutting down and abandoning module MaterialEditor (203)
[2016.04.26-01.49.21:767][642]LogModuleManager: Shutting down and abandoning module StaticMeshEditor (202)
[2016.04.26-01.49.21:767][642]LogModuleManager: Shutting down and abandoning module StatsViewer (201)
[2016.04.26-01.49.21:769][642]LogModuleManager: Shutting down and abandoning module CrashTracker (200)
[2016.04.26-01.49.21:769][642]LogModuleManager: Shutting down and abandoning module SceneOutliner (199)
[2016.04.26-01.49.21:769][642]LogModuleManager: Shutting down and abandoning module SuperSearch (198)
[2016.04.26-01.49.21:769][642]LogModuleManager: Shutting down and abandoning module WidgetCarousel (197)
[2016.04.26-01.49.21:769][642]LogModuleManager: Shutting down and abandoning module AddContentDialog (196)
[2016.04.26-01.49.21:770][642]LogModuleManager: Shutting down and abandoning module EditorWidgets (195)
[2016.04.26-01.49.21:770][642]LogModuleManager: Shutting down and abandoning module CollectionManager (194)
[2016.04.26-01.49.21:770][642]LogModuleManager: Shutting down and abandoning module FoliageEdit (193)
[2016.04.26-01.49.21:770][642]LogModuleManager: Shutting down and abandoning module LandscapeEditor (192)
[2016.04.26-01.49.21:783][642]LogModuleManager: Shutting down and abandoning module ActorPickerMode (191)
[2016.04.26-01.49.21:783][642]LogModuleManager: Shutting down and abandoning module GeometryMode (190)
[2016.04.26-01.49.21:783][642]LogModuleManager: Shutting down and abandoning module TextureAlignMode (189)
[2016.04.26-01.49.21:783][642]LogModuleManager: Shutting down and abandoning module BspMode (188)
[2016.04.26-01.49.21:783][642]LogModuleManager: Shutting down and abandoning module PlacementMode (187)
[2016.04.26-01.49.21:783][642]LogModuleManager: Shutting down and abandoning module AutomationWorker (186)
[2016.04.26-01.49.21:783][642]LogModuleManager: Shutting down and abandoning module CharacterAI (185)
[2016.04.26-01.49.21:783][642]LogModuleManager: Shutting down and abandoning module SmartSnapping (184)
[2016.04.26-01.49.21:783][642]LogModuleManager: Shutting down and abandoning module ViewportSnapping (183)
[2016.04.26-01.49.21:783][642]LogModuleManager: Shutting down and abandoning module LogVisualizer (182)
[2016.04.26-01.49.21:783][642]LogModuleManager: Shutting down and abandoning module GameProjectGeneration (181)
[2016.04.26-01.49.21:799][642]LogModuleManager: Shutting down and abandoning module IntroTutorials (180)
[2016.04.26-01.49.21:805][642]LogModuleManager: Shutting down and abandoning module EditorLiveStreaming (179)
[2016.04.26-01.49.21:805][642]LogModuleManager: Shutting down and abandoning module IOSPlatformEditor (178)
[2016.04.26-01.49.21:816][642]LogModuleManager: Shutting down and abandoning module HTML5PlatformEditor (177)
[2016.04.26-01.49.21:816][642]LogModuleManager: Shutting down and abandoning module AndroidDeviceDetection (176)
[2016.04.26-01.49.21:911][642]LogModuleManager: Shutting down and abandoning module AndroidPlatformEditor (175)
[2016.04.26-01.49.21:911][642]LogModuleManager: Shutting down and abandoning module IOSRuntimeSettings (174)
[2016.04.26-01.49.21:911][642]LogModuleManager: Shutting down and abandoning module AndroidRuntimeSettings (173)
[2016.04.26-01.49.21:912][642]LogModuleManager: Shutting down and abandoning module MergeActors (172)
[2016.04.26-01.49.21:912][642]LogModuleManager: Shutting down and abandoning module SizeMap (171)
[2016.04.26-01.49.21:912][642]LogModuleManager: Shutting down and abandoning module TreeMap (170)
[2016.04.26-01.49.21:919][642]LogModuleManager: Shutting down and abandoning module ReferenceViewer (169)
[2016.04.26-01.49.21:919][642]LogModuleManager: Shutting down and abandoning module LocalizationService (168)
[2016.04.26-01.49.21:919][642]LogModuleManager: Shutting down and abandoning module LocalizationDashboard (167)
[2016.04.26-01.49.21:924][642]LogModuleManager: Shutting down and abandoning module HardwareTargeting (166)
[2016.04.26-01.49.21:924][642]LogModuleManager: Shutting down and abandoning module DeviceProfileEditor (165)
[2016.04.26-01.49.21:924][642]LogModuleManager: Shutting down and abandoning module UndoHistory (164)
[2016.04.26-01.49.21:935][642]LogModuleManager: Shutting down and abandoning module GameplayTagsEditor (163)
[2016.04.26-01.49.21:935][642]LogModuleManager: Shutting down and abandoning module UserFeedback (162)
[2016.04.26-01.49.21:935][642]LogModuleManager: Shutting down and abandoning module XmlParser (161)
[2016.04.26-01.49.21:935][642]LogModuleManager: Shutting down and abandoning module Blutility (160)
[2016.04.26-01.49.21:935][642]LogModuleManager: Shutting down and abandoning module ProjectTargetPlatformEditor (159)
[2016.04.26-01.49.21:935][642]LogModuleManager: Shutting down and abandoning module ProjectSettingsViewer (158)
[2016.04.26-01.49.21:935][642]LogModuleManager: Shutting down and abandoning module InputBindingEditor (157)
[2016.04.26-01.49.21:944][642]LogModuleManager: Shutting down and abandoning module EditorSettingsViewer (156)
[2016.04.26-01.49.21:944][642]LogModuleManager: Shutting down and abandoning module SettingsEditor (155)
[2016.04.26-01.49.21:954][642]LogModuleManager: Shutting down and abandoning module ProjectLauncher (154)
[2016.04.26-01.49.21:964][642]LogModuleManager: Shutting down and abandoning module SessionFrontend (153)
[2016.04.26-01.49.21:974][642]LogModuleManager: Shutting down and abandoning module ProfilerClient (152)
[2016.04.26-01.49.21:989][642]LogModuleManager: Shutting down and abandoning module TargetDeviceServices (151)
[2016.04.26-01.49.21:989][642]LogModuleManager: Shutting down and abandoning module DeviceManager (150)
[2016.04.26-01.49.21:989][642]LogModuleManager: Shutting down and abandoning module AutomationController (149)
[2016.04.26-01.49.22:012][642]LogModuleManager: Shutting down and abandoning module AutomationWindow (148)
[2016.04.26-01.49.22:024][642]LogModuleManager: Shutting down and abandoning module Layers (147)
[2016.04.26-01.49.22:044][642]LogModuleManager: Shutting down and abandoning module ComponentVisualizers (146)
[2016.04.26-01.49.22:044][642]LogModuleManager: Shutting down and abandoning module DetailCustomizations (145)
[2016.04.26-01.49.22:044][642]LogModuleManager: Shutting down and abandoning module PackagesDialog (144)
[2016.04.26-01.49.22:044][642]LogModuleManager: Shutting down and abandoning module Persona (143)
[2016.04.26-01.49.22:062][642]LogModuleManager: Shutting down and abandoning module Kismet (142)
[2016.04.26-01.49.22:070][642]LogModuleManager: Shutting down and abandoning module GraphEditor (141)
[2016.04.26-01.49.22:070][642]LogModuleManager: Shutting down and abandoning module ClassViewer (140)
[2016.04.26-01.49.22:070][642]LogModuleManager: Shutting down and abandoning module Toolbox (139)
[2016.04.26-01.49.22:070][642]LogModuleManager: Shutting down and abandoning module ModuleUI (138)
[2016.04.26-01.49.22:073][642]LogModuleManager: Shutting down and abandoning module MovieSceneTools (137)
[2016.04.26-01.49.22:076][642]LogModuleManager: Shutting down and abandoning module OutputLog (136)
[2016.04.26-01.49.22:076][642]LogModuleManager: Shutting down and abandoning module GammaUI (135)
[2016.04.26-01.49.22:076][642]LogModuleManager: Shutting down and abandoning module Documentation (134)
[2016.04.26-01.49.22:076][642]LogModuleManager: Shutting down and abandoning module GameLiveStreaming (133)
[2016.04.26-01.49.22:076][642]LogModuleManager: Shutting down and abandoning module StreamingPauseRendering (132)
[2016.04.26-01.49.22:076][642]LogModuleManager: Shutting down and abandoning module AnalyticsET (131)
[2016.04.26-01.49.22:076][642]LogModuleManager: Shutting down and abandoning module Analytics (130)
[2016.04.26-01.49.22:076][642]LogModuleManager: Shutting down and abandoning module AITestSuite (129)
[2016.04.26-01.49.22:076][642]LogModuleManager: Shutting down and abandoning module GameplayDebugger (128)
[2016.04.26-01.49.22:076][642]LogModuleManager: Shutting down and abandoning module AIModule (127)
[2016.04.26-01.49.22:076][642]LogModuleManager: Shutting down and abandoning module ProfilerService (126)
[2016.04.26-01.49.22:123][642]LogModuleManager: Shutting down and abandoning module TaskGraph (125)
[2016.04.26-01.49.22:142][642]LogModuleManager: Shutting down and abandoning module SlateRemote (124)
[2016.04.26-01.49.22:142][642]LogModuleManager: Shutting down and abandoning module SteamVRController (123)
[2016.04.26-01.49.22:142][642]LogModuleManager: Shutting down and abandoning module SteamVR (122)
[2016.04.26-01.49.22:142][642]LogModuleManager: Shutting down and abandoning module ProceduralMeshComponent (121)
[2016.04.26-01.49.22:142][642]LogModuleManager: Shutting down and abandoning module OculusLibrary (120)
[2016.04.26-01.49.22:142][642]LogModuleManager: Shutting down and abandoning module OculusInput (119)
[2016.04.26-01.49.22:142][642]LogModuleManager: Shutting down and abandoning module LeapMotionController (118)
[2016.04.26-01.49.22:190][642]LogModuleManager: Shutting down and abandoning module CustomMeshComponent (117)
[2016.04.26-01.49.22:191][642]LogModuleManager: Shutting down and abandoning module CableComponent (116)
[2016.04.26-01.49.22:195][642]LogModuleManager: Shutting down and abandoning module ArchVisCharacter (115)
[2016.04.26-01.49.22:195][642]LogModuleManager: Shutting down and abandoning module MessagingDebugger (114)
[2016.04.26-01.49.22:220][642]LogModuleManager: Shutting down and abandoning module MediaPlayerEditor (113)
[2016.04.26-01.49.22:224][642]LogModuleManager: Shutting down and abandoning module HTML5Networking (112)
[2016.04.26-01.49.22:224][642]LogModuleManager: Shutting down and abandoning module SpeedTreeImporter (111)
[2016.04.26-01.49.22:224][642]LogModuleManager: Shutting down and abandoning module PluginBrowser (110)
[2016.04.26-01.49.22:224][642]LogModuleManager: Shutting down and abandoning module EpicSurvey (109)
[2016.04.26-01.49.22:224][642]LogModuleManager: Shutting down and abandoning module DesktopPlatform (108)
[2016.04.26-01.49.22:241][642]LogModuleManager: Shutting down and abandoning module VisualStudioSourceCodeAccess (107)
[2016.04.26-01.49.22:241][642]LogModuleManager: Shutting down and abandoning module UObjectPlugin (106)
[2016.04.26-01.49.22:241][642]LogModuleManager: Shutting down and abandoning module SubversionSourceControl (105)
[2016.04.26-01.49.22:241][642]LogModuleManager: Shutting down and abandoning module PerforceSourceControl (104)
[2016.04.26-01.49.22:241][642]LogModuleManager: Shutting down and abandoning module SourceControl (103)
[2016.04.26-01.49.22:246][642]LogModuleManager: Shutting down and abandoning module GitSourceControl (102)
[2016.04.26-01.49.22:246][642]LogModuleManager: Shutting down and abandoning module LightPropagationVolumeEditor (101)
[2016.04.26-01.49.22:246][642]LogModuleManager: Shutting down and abandoning module PaperTiledImporter (100)
[2016.04.26-01.49.22:246][642]LogModuleManager: Shutting down and abandoning module PaperSpriteSheetImporter (99)
[2016.04.26-01.49.22:246][642]LogModuleManager: Shutting down and abandoning module MeshPaint (98)
[2016.04.26-01.49.22:246][642]LogModuleManager: Shutting down and abandoning module SlateReflector (97)
[2016.04.26-01.49.22:253][642]LogModuleManager: Shutting down and abandoning module HotReload (96)
[2016.04.26-01.49.22:262][642]LogModuleManager: Shutting down and abandoning module MainFrame (95)
[2016.04.26-01.49.22:262][642]LogModuleManager: Shutting down and abandoning module LevelEditor (94)
[2016.04.26-01.49.22:269][642]LogModuleManager: Shutting down and abandoning module DirectoryWatcher (93)
[2016.04.26-01.49.22:270][642]LogModuleManager: Shutting down and abandoning module AssetRegistry (92)
[2016.04.26-01.49.22:339][642]LogModuleManager: Shutting down and abandoning module ContentBrowser (91)
[2016.04.26-01.49.22:340][642]LogModuleManager: Shutting down and abandoning module Paper2DEditor (90)
[2016.04.26-01.49.22:340][642]LogModuleManager: Shutting down and abandoning module UdpMessaging (89)
[2016.04.26-01.49.22:441][642]LogModuleManager: Shutting down and abandoning module LightPropagationVolumeRuntime (88)
[2016.04.26-01.49.22:441][642]LogModuleManager: Shutting down and abandoning module Paper2D (87)
[2016.04.26-01.49.22:448][642]LogModuleManager: Shutting down and abandoning module WindowsMoviePlayer (86)
[2016.04.26-01.49.22:452][642]LogModuleManager: Shutting down and abandoning module Media (85)
[2016.04.26-01.49.22:452][642]LogModuleManager: Shutting down and abandoning module WmfMedia (84)
[2016.04.26-01.49.22:452][642]LogModuleManager: Shutting down and abandoning module OnlineBlueprintSupport (83)
[2016.04.26-01.49.22:452][642]LogModuleManager: Shutting down and abandoning module GameplayTasksEditor (82)
[2016.04.26-01.49.22:452][642]LogModuleManager: Shutting down and abandoning module PropertyEditor (81)
[2016.04.26-01.49.22:452][642]LogModuleManager: Shutting down and abandoning module BehaviorTreeEditor (80)
[2016.04.26-01.49.22:478][642]LogModuleManager: Shutting down and abandoning module FunctionalTesting (79)
[2016.04.26-01.49.22:478][642]LogModuleManager: Shutting down and abandoning module CollisionAnalyzer (78)
[2016.04.26-01.49.22:478][642]LogModuleManager: Shutting down and abandoning module WorkspaceMenuStructure (77)
[2016.04.26-01.49.22:478][642]LogModuleManager: Shutting down and abandoning module MessageLog (76)
[2016.04.26-01.49.22:478][642]LogModuleManager: Shutting down and abandoning module Sequencer (75)
[2016.04.26-01.49.22:504][642]LogModuleManager: Shutting down and abandoning module AssetTools (74)
[2016.04.26-01.49.22:504][642]LogModuleManager: Shutting down and abandoning module UMGEditor (73)
[2016.04.26-01.49.22:540][642]LogModuleManager: Shutting down and abandoning module UMG (72)
[2016.04.26-01.49.22:540][642]LogModuleManager: Shutting down and abandoning module Slate (71)
[2016.04.26-01.49.22:540][642]LogModuleManager: Shutting down and abandoning module EditorStyle (70)
[2016.04.26-01.49.22:541][642]LogModuleManager: Shutting down and abandoning module SessionServices (69)
[2016.04.26-01.49.22:541][642]LogModuleManager: Shutting down and abandoning module SourceCodeAccess (68)
[2016.04.26-01.49.22:541][642]LogModuleManager: Shutting down and abandoning module HeadMountedDisplay (67)
[2016.04.26-01.49.22:541][642]LogModuleManager: Shutting down and abandoning module XAudio2 (66)
[2016.04.26-01.49.22:541][642]LogModuleManager: Shutting down and abandoning module Networking (65)
[2016.04.26-01.49.22:541][642]LogModuleManager: Shutting down and abandoning module Core (64)
[2016.04.26-01.49.22:541][642]LogModuleManager: Shutting down and abandoning module KismetCompiler (63)
[2016.04.26-01.49.22:541][642]LogModuleManager: Shutting down and abandoning module PhysXFormats (62)
[2016.04.26-01.49.22:541][642]LogModuleManager: Shutting down and abandoning module MeshUtilities (61)
[2016.04.26-01.49.22:541][642]LogModuleManager: Shutting down and abandoning module DerivedDataCache (60)
[2016.04.26-01.49.22:583][642]LogDerivedDataCache: Shutdown
[2016.04.26-01.49.22:583][642]LogModuleManager: Shutting down and abandoning module ShaderFormatOpenGL (59)
[2016.04.26-01.49.22:591][642]LogModuleManager: Shutting down and abandoning module ShaderFormatD3D (58)
[2016.04.26-01.49.22:591][642]LogModuleManager: Shutting down and abandoning module MetalShaderFormat (57)
[2016.04.26-01.49.22:604][642]LogModuleManager: Shutting down and abandoning module TextureFormatUncompressed (56)
[2016.04.26-01.49.22:604][642]LogModuleManager: Shutting down and abandoning module TextureFormatPVR (55)
[2016.04.26-01.49.22:604][642]LogModuleManager: Shutting down and abandoning module TextureFormatIntelISPCTexComp (54)
[2016.04.26-01.49.22:604][642]LogModuleManager: Shutting down and abandoning module TextureFormatDXT (53)
[2016.04.26-01.49.22:604][642]LogModuleManager: Shutting down and abandoning module ImageWrapper (52)
[2016.04.26-01.49.22:604][642]LogModuleManager: Shutting down and abandoning module TextureFormatASTC (51)
[2016.04.26-01.49.22:604][642]LogModuleManager: Shutting down and abandoning module TextureFormatAndroid (50)
[2016.04.26-01.49.22:604][642]LogModuleManager: Shutting down and abandoning module AudioFormatOpus (49)
[2016.04.26-01.49.22:624][642]LogModuleManager: Shutting down and abandoning module AudioFormatOgg (48)
[2016.04.26-01.49.22:624][642]LogModuleManager: Shutting down and abandoning module AudioFormatADPCM (47)
[2016.04.26-01.49.22:624][642]LogModuleManager: Shutting down and abandoning module LinuxTargetPlatform (46)
[2016.04.26-01.49.22:624][642]LogModuleManager: Shutting down and abandoning module LinuxServerTargetPlatform (45)
[2016.04.26-01.49.22:624][642]LogModuleManager: Shutting down and abandoning module LinuxNoEditorTargetPlatform (44)
[2016.04.26-01.49.22:624][642]LogModuleManager: Shutting down and abandoning module Messaging (43)
[2016.04.26-01.49.22:624][642]LogModuleManager: Shutting down and abandoning module IOSTargetPlatform (42)
[2016.04.26-01.49.22:624][642]LogModuleManager: Shutting down and abandoning module HTML5TargetPlatform (41)
[2016.04.26-01.49.22:624][642]LogModuleManager: Shutting down and abandoning module Android_PVRTCTargetPlatform (40)
[2016.04.26-01.49.22:624][642]LogModuleManager: Shutting down and abandoning module Android_MultiTargetPlatform (39)
[2016.04.26-01.49.22:624][642]LogModuleManager: Shutting down and abandoning module Android_ETC2TargetPlatform (38)
[2016.04.26-01.49.22:624][642]LogModuleManager: Shutting down and abandoning module Android_ETC1TargetPlatform (37)
[2016.04.26-01.49.22:624][642]LogModuleManager: Shutting down and abandoning module Android_DXTTargetPlatform (36)
[2016.04.26-01.49.22:624][642]LogModuleManager: Shutting down and abandoning module Android_ATCTargetPlatform (35)
[2016.04.26-01.49.22:624][642]LogModuleManager: Shutting down and abandoning module Android_ASTCTargetPlatform (34)
[2016.04.26-01.49.22:624][642]LogModuleManager: Shutting down and abandoning module AndroidTargetPlatform (33)
[2016.04.26-01.49.22:624][642]LogModuleManager: Shutting down and abandoning module WindowsTargetPlatform (32)
[2016.04.26-01.49.22:624][642]LogModuleManager: Shutting down and abandoning module WindowsServerTargetPlatform (31)
[2016.04.26-01.49.22:624][642]LogModuleManager: Shutting down and abandoning module WindowsNoEditorTargetPlatform (30)
[2016.04.26-01.49.22:624][642]LogModuleManager: Shutting down and abandoning module WindowsClientTargetPlatform (29)
[2016.04.26-01.49.22:624][642]LogModuleManager: Shutting down and abandoning module AllDesktopTargetPlatform (28)
[2016.04.26-01.49.22:624][642]LogModuleManager: Shutting down and abandoning module TargetPlatform (27)
[2016.04.26-01.49.22:624][642]LogModuleManager: Shutting down and abandoning module InputCore (26)
[2016.04.26-01.49.22:624][642]LogModuleManager: Shutting down and abandoning module Settings (25)
[2016.04.26-01.49.22:624][642]LogModuleManager: Shutting down and abandoning module Voice (23)
[2016.04.26-01.49.22:629][642]LogModuleManager: Shutting down and abandoning module OnlineSubsystem (19)
[2016.04.26-01.49.22:629][642]LogOnline:Display: NULL: FOnlineSubsystemNull::Shutdown()
[2016.04.26-01.49.22:629][642]LogOnline:Display: Unloading online subsystem: STEAM
[2016.04.26-01.49.22:653][642]LogOnline:Display: Unloading online subsystem: Null
[2016.04.26-01.49.22:653][642]LogModuleManager: Shutting down and abandoning module HTTP (18)
[2016.04.26-01.49.24:655][642]LogModuleManager: Shutting down and abandoning module XMPP (17)
[2016.04.26-01.49.24:680][642]LogModuleManager: Shutting down and abandoning module OculusRift (16)
[2016.04.26-01.49.24:693][642]LogModuleManager: Shutting down and abandoning module ExampleDeviceProfileSelector (15)
[2016.04.26-01.49.24:693][642]LogModuleManager: Shutting down and abandoning module TextureCompressor (14)
[2016.04.26-01.49.24:693][642]LogModuleManager: Shutting down and abandoning module ShaderCore (13)
[2016.04.26-01.49.24:693][642]LogModuleManager: Shutting down and abandoning module Landscape (12)
[2016.04.26-01.49.24:693][642]LogModuleManager: Shutting down and abandoning module SlateRHIRenderer (11)
[2016.04.26-01.49.24:702][642]LogModuleManager: Shutting down and abandoning module OpenGLDrv (10)
[2016.04.26-01.49.24:715][642]LogModuleManager: Shutting down and abandoning module D3D11RHI (9)
[2016.04.26-01.49.24:715][642]LogModuleManager: Shutting down and abandoning module AnimGraphRuntime (8)
[2016.04.26-01.49.24:715][642]LogModuleManager: Shutting down and abandoning module Renderer (7)
[2016.04.26-01.49.24:715][642]LogModuleManager: Shutting down and abandoning module Engine (6)
[2016.04.26-01.49.24:715][642]LogModuleManager: Shutting down and abandoning module CoreUObject (5)
[2016.04.26-01.49.24:715][642]LogModuleManager: Shutting down and abandoning module NetworkFile (4)
[2016.04.26-01.49.24:725][642]LogModuleManager: Shutting down and abandoning module StreamingFile (3)
[2016.04.26-01.49.24:725][642]LogModuleManager: Shutting down and abandoning module SandboxFile (2)
[2016.04.26-01.49.24:729][642]LogModuleManager: Shutting down and abandoning module PakFile (1)
[2016.04.26-01.49.24:740][642]LogExit: Exiting.
[2016.04.26-01.49.24:750][642]Log file closed, 04/25/16 21:49:24
