[2016.04.27-07.45.02:554][  0]Log file open, 04/27/16 03:45:02
[2016.04.27-07.45.02:554][  0]LogInit:Display: Running engine for game: GameDev2
[2016.04.27-07.45.02:554][  0]LogPlatformFile: Not using cached read wrapper
[2016.04.27-07.45.02:554][  0]LogInit:Display: RandInit(72183339) SRandInit(72183340).
[2016.04.27-07.45.02:554][  0]LogTaskGraph: Started task graph with 4 named threads and 7 total threads.
[2016.04.27-07.45.02:554][  0]LogStats: Stats thread started at 0.065292
[2016.04.27-07.45.02:554][  0]LogInit: Version: 4.10.4-2872498+++depot+UE4-Releases+4.10
[2016.04.27-07.45.02:554][  0]LogInit: API Version: 2758231
[2016.04.27-07.45.02:554][  0]LogInit: Compiled (64-bit): Feb 18 2016 15:47:04
[2016.04.27-07.45.02:554][  0]LogInit: Compiled with Visual C++: 19.00.23026.00
[2016.04.27-07.45.02:554][  0]LogInit: Build Configuration: Development
[2016.04.27-07.45.02:554][  0]LogInit: Branch Name: ++depot+UE4-Releases+4.10
[2016.04.27-07.45.02:554][  0]LogInit: Command line:  
[2016.04.27-07.45.02:554][  0]LogInit: Base directory: J:/Game/Epic Games/4.10/Engine/Binaries/Win64/
[2016.04.27-07.45.02:554][  0]LogInit: Rocket: 1
[2016.04.27-07.45.02:558][  0]LogInit: Using libcurl 7.41.0
[2016.04.27-07.45.02:558][  0]LogInit:  - built for x86_64-pc-win32
[2016.04.27-07.45.02:558][  0]LogInit:  - supports SSL with WinSSL
[2016.04.27-07.45.02:558][  0]LogInit:  - other features:
[2016.04.27-07.45.02:558][  0]LogInit:      CURL_VERSION_SSL
[2016.04.27-07.45.02:558][  0]LogInit:      CURL_VERSION_IPV6
[2016.04.27-07.45.02:558][  0]LogInit:      CURL_VERSION_ASYNCHDNS
[2016.04.27-07.45.02:558][  0]LogInit:      CURL_VERSION_LARGEFILE
[2016.04.27-07.45.02:558][  0]LogInit:      CURL_VERSION_IDN
[2016.04.27-07.45.02:558][  0]LogInit:  CurlRequestOptions (configurable via config and command line):
[2016.04.27-07.45.02:558][  0]LogInit:  - bVerifyPeer = true  - Libcurl will verify peer certificate
[2016.04.27-07.45.02:558][  0]LogInit:  - bUseHttpProxy = false  - Libcurl will NOT use HTTP proxy
[2016.04.27-07.45.02:558][  0]LogInit:  - bDontReuseConnections = false  - Libcurl will reuse connections
[2016.04.27-07.45.02:558][  0]LogInit:  - CertBundlePath = nullptr  - Libcurl will use whatever was configured at build time.
[2016.04.27-07.45.02:561][  0]LogOnline:Display: STEAM: Loading Steam SDK 1.32
[2016.04.27-07.45.02:562][  0]LogOnline:Warning: STEAM: Steam API disabled!
[2016.04.27-07.45.02:562][  0]LogOnline:Display: STEAM: OnlineSubsystemSteam::Shutdown()
[2016.04.27-07.45.02:574][  0]LogInit: WinSock: version 1.1 (2.2), MaxSocks=32767, MaxUdp=65467
[2016.04.27-07.45.02:577][  0]LogVoice:Warning: Failed to initialize voice interface
[2016.04.27-07.45.02:579][  0]LogInit: Presizing for 0 objects not considered by GC, pre-allocating 0 bytes.
[2016.04.27-07.45.02:584][  0]LogInit: Object subsystem initialized
[2016.04.27-07.45.02:585][  0]LogInit: Selected Device Profile: [Windows]
[2016.04.27-07.45.02:585][  0]LogInit: Applying CVar settings loaded from the selected device profile: [Windows]
[2016.04.27-07.45.02:592][  0]LogInit: Computer: SHANYEPC
[2016.04.27-07.45.02:592][  0]LogInit: User: Shanye
[2016.04.27-07.45.02:592][  0]LogInit: CPU Page size=4096, Cores=4
[2016.04.27-07.45.02:592][  0]LogInit: High frequency timer resolution =3.507522 MHz
[2016.04.27-07.45.02:592][  0]LogMemory: Memory total: Physical=12.0GB (12GB approx)
[2016.04.27-07.45.02:592][  0]LogMemory: Platform Memory Stats for Windows
[2016.04.27-07.45.02:592][  0]LogMemory: Process Physical Memory: 58.21 MB used, 58.21 MB peak
[2016.04.27-07.45.02:592][  0]LogMemory: Process Virtual Memory: 59.11 MB used, 59.11 MB peak
[2016.04.27-07.45.02:592][  0]LogMemory: Physical Memory: 4509.87 MB used, 12239.21 MB total
[2016.04.27-07.45.02:592][  0]LogMemory: Virtual Memory: 388.48 MB used, 134217728.00 MB total
[2016.04.27-07.45.02:621][  0]LogTextLocalizationManager: No specific translations for ('en-US') exist, so ('en') translations will be used.
[2016.04.27-07.45.02:984][  0]LogD3D11RHI: Found D3D11 adapter 0: NVIDIA GeForce GT 720 (Feature Level 11_0)
[2016.04.27-07.45.02:984][  0]LogD3D11RHI: Adapter has 974MB of dedicated video memory, 0MB of dedicated system memory, and 6119MB of shared system memory, 2 output[s]
[2016.04.27-07.45.02:986][  0]LogD3D11RHI: Found D3D11 adapter 1: Microsoft Basic Render Driver (Feature Level 11_0)
[2016.04.27-07.45.02:986][  0]LogD3D11RHI: Adapter has 0MB of dedicated video memory, 0MB of dedicated system memory, and 6119MB of shared system memory, 0 output[s]
[2016.04.27-07.45.02:986][  0]LogD3D11RHI: Chosen D3D11 Adapter Id = 0
[2016.04.27-07.45.02:994][  0]LogD3D11RHI: !Direct3DDevice
[2016.04.27-07.45.02:994][  0]LogRHI: Texture pool is 682 MB (70% of 974 MB)
[2016.04.27-07.45.03:005][  0]LogD3D11RHI: Async texture creation enabled
[2016.04.27-07.45.03:022][  0]LogShaderCompilers: Guid format shader working directory is 11 characters bigger than the processId version (../../../../../Junior/Repo/GameDev2/Intermediate/Shaders/WorkingDirectory/54656/).
[2016.04.27-07.45.03:022][  0]LogShaderCompilers: Cleaned the shader compiler working directory 'C:/Users/Shanye/AppData/Local/Temp/UnrealShaderWorkingDir/F00C9110490EADF02375F69F30ED557C/'.
[2016.04.27-07.45.03:022][  0]LogShaderCompilers:Display: Using Local Shader Compiler.
[2016.04.27-07.45.03:633][  0]LogTemp:Display: Loaded TP AllDesktopTargetPlatform
[2016.04.27-07.45.03:635][  0]LogTemp:Display: Loaded TP WindowsClientTargetPlatform
[2016.04.27-07.45.03:638][  0]LogTemp:Display: Loaded TP WindowsNoEditorTargetPlatform
[2016.04.27-07.45.03:640][  0]LogTemp:Display: Loaded TP WindowsServerTargetPlatform
[2016.04.27-07.45.03:643][  0]LogTemp:Display: Loaded TP WindowsTargetPlatform
[2016.04.27-07.45.03:645][  0]LogTemp:Display: Loaded TP AndroidTargetPlatform
[2016.04.27-07.45.03:647][  0]LogTemp:Display: Loaded TP Android_ASTCTargetPlatform
[2016.04.27-07.45.03:650][  0]LogTemp:Display: Loaded TP Android_ATCTargetPlatform
[2016.04.27-07.45.03:652][  0]LogTemp:Display: Loaded TP Android_DXTTargetPlatform
[2016.04.27-07.45.03:655][  0]LogTemp:Display: Loaded TP Android_ETC1TargetPlatform
[2016.04.27-07.45.03:657][  0]LogTemp:Display: Loaded TP Android_ETC2TargetPlatform
[2016.04.27-07.45.03:661][  0]LogTemp:Display: Loaded TP Android_MultiTargetPlatform
[2016.04.27-07.45.03:661][  0]LogTemp:Display: Loaded TP Android_PVRTCTargetPlatform
[2016.04.27-07.45.03:662][  0]LogTemp:Display: Loaded TP HTML5TargetPlatform
[2016.04.27-07.45.03:676][  0]LogTemp:Display: Loaded TP IOSTargetPlatform
[2016.04.27-07.45.03:678][  0]LogTemp:Display: Loaded TP LinuxNoEditorTargetPlatform
[2016.04.27-07.45.03:680][  0]LogTemp:Display: Loaded TP LinuxServerTargetPlatform
[2016.04.27-07.45.03:683][  0]LogTemp:Display: Loaded TP LinuxTargetPlatform
[2016.04.27-07.45.03:683][  0]LogTargetPlatformManager:Display: Building Assets For Windows
[2016.04.27-07.45.03:724][  0]LogDerivedDataCache:Display: Max Cache Size: 512 MB
[2016.04.27-07.45.03:762][  0]LogDerivedDataCache: Loaded boot cache 0.04s 41MB C:/Users/Shanye/AppData/Local/UnrealEngine/4.10/DerivedDataCache/Boot.ddc.
[2016.04.27-07.45.03:762][  0]LogDerivedDataCache:Display: Loaded Boot cache: C:/Users/Shanye/AppData/Local/UnrealEngine/4.10/DerivedDataCache/Boot.ddc
[2016.04.27-07.45.03:762][  0]LogDerivedDataCache: FDerivedDataBackendGraph:  Pak pak cache file ../../../../../Junior/Repo/GameDev2/DerivedDataCache/DDC.ddp not found, will not use a pak cache.
[2016.04.27-07.45.03:762][  0]LogDerivedDataCache: Unable to find inner node Pak for hierarchical cache Hierarchy.
[2016.04.27-07.45.03:762][  0]LogDerivedDataCache: FDerivedDataBackendGraph:  CompressedPak pak cache file ../../../../../Junior/Repo/GameDev2/DerivedDataCache/Compressed.ddp not found, will not use a pak cache.
[2016.04.27-07.45.03:762][  0]LogDerivedDataCache: Unable to find inner node CompressedPak for hierarchical cache Hierarchy.
[2016.04.27-07.45.03:809][  0]LogDerivedDataCache:Display: Pak cache opened for reading ../../../Engine/DerivedDataCache/Compressed.ddp.
[2016.04.27-07.45.03:821][  0]LogDerivedDataCache: Using Local data cache path C:/Users/Shanye/AppData/Local/UnrealEngine/Common/DerivedDataCache: Writable
[2016.04.27-07.45.03:960][  0]LogInit: Selected Device Profile: [Windows]
[2016.04.27-07.45.03:961][  0]LogContentStreaming: Texture pool size is 0.000000MB
[2016.04.27-07.45.04:045][  0]LogMeshUtilities: No automatic mesh reduction module available
[2016.04.27-07.45.04:045][  0]LogMeshUtilities: No automatic mesh merging module available
[2016.04.27-07.45.04:708][  0]UdpMessaging: Initializing bridge on interface 0.0.0.0:0 to multicast group 230.0.0.1:6666.
[2016.04.27-07.45.04:803][  0]LogAssetRegistry: FAssetRegistry took 0.0108 seconds to start up
[2016.04.27-07.45.04:920][  0]SourceControl: Info Source control is disabled
[2016.04.27-07.45.04:937][  0]SourceControl: Info Source control is disabled
[2016.04.27-07.45.04:944][  0]SourceControl: Info Source control is disabled
[2016.04.27-07.45.04:950][  0]SourceControl: Info Source control is disabled
[2016.04.27-07.45.05:072][  0]LogObj: 28640 objects as part of root set at end of initial load.
[2016.04.27-07.45.05:072][  0]LogUObjectAllocator: 6315720 out of 0 bytes used by permanent object pool.
[2016.04.27-07.45.05:117][  0]LogEngine: Initializing Engine...
[2016.04.27-07.45.05:118][  0]LogHMD: Can't find Oculus library dev build: is proper Runtime installed? Version: 0.8.0.0
[2016.04.27-07.45.05:119][  0]LogHMD: SteamVR failed to initialize.  Err: 110
[2016.04.27-07.45.05:205][  0]LogAIModule: Creating AISystem for world NewWorld
[2016.04.27-07.45.05:209][  0]LogInit: XAudio2 using 'Speakers (Realtek High Definition Audio)' : 2 channels at 48 kHz using 32 bits per sample (channel mask 0x3)
[2016.04.27-07.45.05:225][  0]LogInit: FAudioDevice initialized.
[2016.04.27-07.45.05:246][  0]LogDerivedDataCache: Saved boot cache 0.02s 41MB C:/Users/Shanye/AppData/Local/UnrealEngine/4.10/DerivedDataCache/Boot.ddc.
[2016.04.27-07.45.05:248][  0]LogInit: Texture streaming: Enabled
[2016.04.27-07.45.05:250][  0]LogAnalytics: Creating configured Analytics provider AnalyticsET
[2016.04.27-07.45.05:250][  0]LogAnalytics: [UEEditor.Rocket.Release] APIServer = http://et2.epicgames.com/ET2/. AppVersion = 4.10.4-2872498+++depot+UE4-Releases+4.10
[2016.04.27-07.45.05:251][  0]LogAnalytics: [UEEditor.Rocket.Release] SetUserId a32a4e514c2db6b4aa2fabb39e9eb0dd|d0364dc428fd4a30b51194022302dc17|e802f417-8768-47e2-9a46-4150259d8724
[2016.04.27-07.45.05:251][  0]LogAnalytics: [UEEditor.Rocket.Release] AnalyticsET::StartSession
[2016.04.27-07.45.05:263][  0]LogInit: Transaction tracking system initialized
[2016.04.27-07.45.05:275][  0]BlueprintLog: New page: Editor Load
[2016.04.27-07.45.05:315][  0]LocalizationService: Info Localization service is disabled
[2016.04.27-07.45.05:350][  0]LogLinker:Warning: Can't find file '/Game/TopDownBP/TopDownOverview'
[2016.04.27-07.45.05:350][  0]LogLinker:Warning: Can't find file '/Game/TopDownBP/TopDownOverview'
[2016.04.27-07.45.05:350][  0]LogUObjectGlobals:Warning: Failed to find object 'Class /Game/TopDownBP/TopDownOverview.TopDownOverview_C'
[2016.04.27-07.45.05:468][  0]LogConsoleResponse:Display: 
[2016.04.27-07.45.05:549][  0]LogCook:Display: Done creating registry. It took  0.00s.
[2016.04.27-07.45.05:576][  0]LogFileCache: Scanning file cache for directory 'J:/Game/Junior/Repo/GameDev2/Content/' took 0.01s
[2016.04.27-07.45.05:576][  0]SourceControl: Info Source control is disabled
[2016.04.27-07.45.05:576][  0]Cmd: MAP LOAD FILE="../../../../../Junior/Repo/GameDev2/Content/ProjectWarcrab/MainMenu.umap" TEMPLATE=0 SHOWPROGRESS=1 FEATURELEVEL=3
[2016.04.27-07.45.05:577][  0]LogEditorServer:Warning: Can't find file '../../../../../Junior/Repo/GameDev2/Content/ProjectWarcrab/MainMenu.umap'
[2016.04.27-07.45.05:577][  0]Cmd: MAP CHECKDEP NOCLEARLOG
[2016.04.27-07.45.05:601][  0]MapCheck: Info Map check complete: 0 Error(s), 0 Warning(s), took 24.556ms to complete.
[2016.04.27-07.45.05:601][  0]LogFileHelpers: Loading map 'MainMenu' took 0.025
[2016.04.27-07.45.05:712][  0]LogCollectionManager: Loaded 0 collections in 0.000678 seconds
[2016.04.27-07.45.05:753][  0]LogFileCache: Scanning file cache for directory 'J:/Game/Junior/Repo/GameDev2/Saved/Collections/' took 0.01s
[2016.04.27-07.45.05:753][  0]LogFileCache: Scanning file cache for directory 'J:/Game/Junior/Repo/GameDev2/Content/Developers/Shanye/Collections/' took 0.01s
[2016.04.27-07.45.05:753][  0]LogFileCache: Scanning file cache for directory 'J:/Game/Junior/Repo/GameDev2/Content/Collections/' took 0.01s
[2016.04.27-07.45.05:753][  0]LogCollectionManager: Rebuilt the GUID cache for 0 collections in 0.000001 seconds
[2016.04.27-07.45.05:758][  0]LogContentBrowser: Native class hierarchy populated in 0.0053 seconds. Added 1895 classes and 340 folders.
[2016.04.27-07.45.05:761][  0]LogContentBrowser: Native class hierarchy updated for 'WidgetCarousel' in 0.0003 seconds. Added 0 classes and 0 folders.
[2016.04.27-07.45.05:787][  0]LogContentBrowser: Native class hierarchy updated for 'AddContentDialog' in 0.0003 seconds. Added 0 classes and 0 folders.
[2016.04.27-07.45.05:789][  0]LogContentBrowser: Native class hierarchy updated for 'SceneOutliner' in 0.0002 seconds. Added 1 classes and 2 folders.
[2016.04.27-07.45.05:803][  0]LogCrashTracker: Crashtracker disabled due to settings.
[2016.04.27-07.45.05:807][  0]LogUObjectGlobals:Warning: Failed to find object 'Class None.'
[2016.04.27-07.45.05:829][  0]LogLoad: Full Startup: 3.58 seconds (BP compile: 0.00 seconds)
[2016.04.27-07.45.05:838][  0]LogWindowsTextInputMethodSystem:Display: IME system now deactivated.
[2016.04.27-07.45.05:840][  0]LogOcInput: Can't find Oculus library dev build: is proper Runtime installed? Version: 0.8.0.0
[2016.04.27-07.45.05:875][  0]LogContentStreaming: Texture pool size now 400 MB
[2016.04.27-07.45.05:975][  0]LogRenderer: Reallocating scene render targets to support 1220x572 (Frame:2).
[2016.04.27-07.45.06:060][  1]LogAssetRegistry: Asset discovery search completed in 1.2679 seconds
[2016.04.27-07.45.06:060][  1]LogCollectionManager: Rebuilt the object cache for 0 collections in 0.000001 seconds (found 0 objects)
[2016.04.27-07.45.06:060][  1]LogCollectionManager: Fixed up redirectors for 0 collections in 0.000013 seconds (updated 0 objects)
[2016.04.27-07.45.25:221][335]LogLinker:Warning: Asset '../../../Engine/Content/ArtTools/RenderToTexture/Macros/RenderToTextureMacros.uasset' has been saved with empty engine version. The asset will be loaded but may be incompatible.
[2016.04.27-07.45.25:557][335]LogContentBrowser: Native class hierarchy updated for 'BlueprintGraph' in 0.0007 seconds. Added 107 classes and 0 folders.
[2016.04.27-07.45.25:656][335]LogSkeletalMesh: InitArticulated: Bodies already created (/Engine/Transient.DebugSkelMeshComponent_0) - call TermArticulated first.
[2016.04.27-07.45.25:754][335]LogContentBrowser:Verbose: The majority of assets in the view are of type: AnimSequence
[2016.04.27-07.45.35:105][169]LogSkeletalMesh: InitArticulated: Bodies already created (/Engine/Transient.DebugSkelMeshComponent_2) - call TermArticulated first.
[2016.04.27-07.45.35:181][169]LogContentBrowser:Verbose: The majority of assets in the view are of type: AnimSequence
[2016.04.27-07.45.51:912][147]LogSkeletalMesh: InitArticulated: Bodies already created (/Engine/Transient.DebugSkelMeshComponent_4) - call TermArticulated first.
[2016.04.27-07.45.51:999][147]LogContentBrowser:Verbose: The majority of assets in the view are of type: AnimSequence
[2016.04.27-07.50.59:798][149]LogEditorTransaction: Undo Move Nodes
[2016.04.27-07.52.15:052][ 39]LogEditorTransaction: Undo Move Node
[2016.04.27-07.52.15:288][ 49]LogEditorTransaction: Undo Move Node
[2016.04.27-07.52.15:480][ 56]LogEditorTransaction: Undo Move Node
[2016.04.27-07.52.15:676][ 64]LogEditorTransaction: Undo Move Node
[2016.04.27-07.52.15:863][ 72]LogEditorTransaction: Undo Create Pin Link
[2016.04.27-07.52.16:062][ 78]LogEditorTransaction: Undo Create Pin Link
[2016.04.27-07.52.16:272][ 87]LogEditorTransaction: Undo Move Node
[2016.04.27-07.52.16:448][ 94]LogEditorTransaction: Undo Add Node
[2016.04.27-07.52.16:630][101]LogEditorTransaction: Undo Move Node
[2016.04.27-07.52.16:810][108]LogEditorTransaction: Undo Change Bool Pin Value
[2016.04.27-07.52.16:977][114]LogEditorTransaction: Undo Create Pin Link
[2016.04.27-07.52.17:128][119]LogEditorTransaction: Undo Create Pin Link
[2016.04.27-07.52.17:306][126]LogEditorTransaction: Undo Create Pin Link
[2016.04.27-07.52.17:485][133]LogEditorTransaction: Undo Create Pin Link
[2016.04.27-07.52.17:870][153]LogEditorTransaction: Undo Move Node
[2016.04.27-07.56.02:180][900]BlueprintLog: New page: Compile con_BotController
[2016.04.27-07.56.02:310][900]LogActorComponent: UnregisterComponent: (/Engine/Transient.CharMoveComp) Not registered. Aborting.
[2016.04.27-07.56.02:355][900]LogParticles: Destroying 0 GPU particle simulations for FXSystem 0x0000021C3A0DEB60
[2016.04.27-07.56.02:356][900]LogParticles: Destroying 0 GPU particle simulations for FXSystem 0x0000021C3A0DE200
[2016.04.27-07.56.02:357][900]LogParticles: Destroying 0 GPU particle simulations for FXSystem 0x0000021C6309CF40
[2016.04.27-07.56.02:359][900]LogParticles: Destroying 0 GPU particle simulations for FXSystem 0x0000021C7D0D0F40
[2016.04.27-07.56.02:359][900]LogParticles: Destroying 0 GPU particle simulations for FXSystem 0x0000021C7D0D0900
[2016.04.27-07.56.02:360][900]LogParticles: Destroying 0 GPU particle simulations for FXSystem 0x0000021C03E63560
[2016.04.27-07.56.02:361][900]LogParticles: Destroying 0 GPU particle simulations for FXSystem 0x0000021C7FEF63E0
[2016.04.27-07.56.02:362][900]LogParticles: Destroying 0 GPU particle simulations for FXSystem 0x0000021C7FEF5E40
[2016.04.27-07.56.02:363][900]LogParticles: Destroying 0 GPU particle simulations for FXSystem 0x0000021C10AD7BA0
[2016.04.27-07.56.02:393][900]BlueprintEditorCompileResults: Info [0660.14] Compile of con_BotController successful! [in 212 ms]
[2016.04.27-07.56.03:292][959]Cmd: OBJ SAVEPACKAGE PACKAGE="/Game/ProjectWarcrab/Blueprints/con_BotController" FILE="../../../../../Junior/Repo/GameDev2/Content/ProjectWarcrab/Blueprints/con_BotController.uasset" SILENT=true
[2016.04.27-07.56.03:453][959]LogSavePackage: Save=143.893890ms
[2016.04.27-07.56.03:453][959]LogSavePackage: Moving '../../../../../Junior/Repo/GameDev2/Saved/con_BotControllerAA4FF26C40BF412013F71985BF4CC798.tmp' to '../../../../../Junior/Repo/GameDev2/Content/ProjectWarcrab/Blueprints/con_BotController.uasset'
[2016.04.27-07.56.03:458][959]LogSavePackage: Total save time: 164.880790ms
[2016.04.27-07.56.03:458][959]LogSavePackage:Display: Finished SavePackage ../../../../../Junior/Repo/GameDev2/Content/ProjectWarcrab/Blueprints/con_BotController.uasset
[2016.04.27-07.58.47:062][ 60]BlueprintLog: New page: Compile con_BotController
[2016.04.27-07.58.47:109][ 60]LogBlueprint:Error: [compiler con_BotController] Error The current value of the ' Event ' pin is invalid: Unsupported type Delegate on pin Delegate
[2016.04.27-07.58.47:209][ 60]LogActorComponent: UnregisterComponent: (/Engine/Transient.CharMoveComp) Not registered. Aborting.
[2016.04.27-07.58.47:236][ 60]LogParticles: Destroying 0 GPU particle simulations for FXSystem 0x0000021C16261EE0
[2016.04.27-07.58.47:237][ 60]LogParticles: Destroying 0 GPU particle simulations for FXSystem 0x0000021C8BFFB9C0
[2016.04.27-07.58.47:246][ 60]LogBlueprint:Warning: [compiler con_BotController] Warning [0825.00] Compile of con_BotController failed. 1 Fatal Issue(s) 0 Warning(s) [in 184 ms]
[2016.04.27-07.58.47:246][ 60]BlueprintEditorCompileResults:Error: Error The current value of the ' Event ' pin is invalid: Unsupported type Delegate on pin Delegate
[2016.04.27-07.58.47:246][ 60]BlueprintEditorCompileResults:Warning: Warning [0825.00] Compile of con_BotController failed. 1 Fatal Issue(s) 0 Warning(s) [in 184 ms]
[2016.04.27-08.06.12:646][ 80]LogFileHelpers: Editor autosave (incl. sublevels) for '/Temp/Untitled_0' took 0.033
[2016.04.27-08.06.12:652][ 80]OBJ SavePackage: Generating thumbnails for [0] asset(s) in package [/Game/ProjectWarcrab/Blueprints/con_BotController] ([1] browsable assets)...
[2016.04.27-08.06.12:653][ 80]OBJ SavePackage: Finished generating thumbnails for package [/Game/ProjectWarcrab/Blueprints/con_BotController]
[2016.04.27-08.06.12:807][ 80]LogSavePackage: Save=144.226318ms
[2016.04.27-08.06.12:808][ 80]LogSavePackage: Moving '../../../../../Junior/Repo/GameDev2/Saved/con_BotController_Auto13DC08A774889419AE71B53AC8E8AAD7C.tmp' to '../../../../../Junior/Repo/GameDev2/Saved/Autosaves/Game/ProjectWarcrab/Blueprints/con_BotController_Auto1.uasset'
[2016.04.27-08.06.12:810][ 80]LogSavePackage: Total save time: 155.471586ms
[2016.04.27-08.06.12:810][ 80]LogSavePackage:Display: Finished SavePackage ../../../../../Junior/Repo/GameDev2/Saved/Autosaves/Game/ProjectWarcrab/Blueprints/con_BotController_Auto1.uasset
[2016.04.27-08.06.12:816][ 80]OBJ SavePackage: Generating thumbnails for [1] asset(s) in package [/Game/ProjectWarcrab/Blueprints/cha_BaseBot] ([1] browsable assets)...
[2016.04.27-08.06.12:830][ 80]OBJ SavePackage:     Rendered thumbnail for [Blueprint /Game/ProjectWarcrab/Blueprints/cha_BaseBot.cha_BaseBot]
[2016.04.27-08.06.12:830][ 80]OBJ SavePackage: Finished generating thumbnails for package [/Game/ProjectWarcrab/Blueprints/cha_BaseBot]
[2016.04.27-08.06.12:950][ 80]LogSavePackage: Save=109.931168ms
[2016.04.27-08.06.12:950][ 80]LogSavePackage: Moving '../../../../../Junior/Repo/GameDev2/Saved/cha_BaseBot_Auto1B9BC1DC643CBFA42A16F1586B44BA2EA.tmp' to '../../../../../Junior/Repo/GameDev2/Saved/Autosaves/Game/ProjectWarcrab/Blueprints/cha_BaseBot_Auto1.uasset'
[2016.04.27-08.06.12:952][ 80]LogSavePackage: Total save time: 120.799527ms
[2016.04.27-08.06.12:952][ 80]LogSavePackage:Display: Finished SavePackage ../../../../../Junior/Repo/GameDev2/Saved/Autosaves/Game/ProjectWarcrab/Blueprints/cha_BaseBot_Auto1.uasset
[2016.04.27-08.06.12:952][ 80]LogFileHelpers: Auto-saving content packages took 0.306
[2016.04.27-08.16.13:290][261]LogActorComponent: UnregisterComponent: (/Engine/Transient.CharMoveComp) Not registered. Aborting.
[2016.04.27-08.16.13:319][261]LogFileHelpers: Editor autosave (incl. sublevels) for '/Temp/Untitled_0' took 0.029
[2016.04.27-08.16.13:326][261]OBJ SavePackage: Generating thumbnails for [0] asset(s) in package [/Game/ProjectWarcrab/Blueprints/con_BotController] ([1] browsable assets)...
[2016.04.27-08.16.13:326][261]OBJ SavePackage: Finished generating thumbnails for package [/Game/ProjectWarcrab/Blueprints/con_BotController]
[2016.04.27-08.16.13:502][261]LogSavePackage: Save=165.699890ms
[2016.04.27-08.16.13:502][261]LogSavePackage: Moving '../../../../../Junior/Repo/GameDev2/Saved/con_BotController_Auto291B427F54114FC2050B918823AEE4EA8.tmp' to '../../../../../Junior/Repo/GameDev2/Saved/Autosaves/Game/ProjectWarcrab/Blueprints/con_BotController_Auto2.uasset'
[2016.04.27-08.16.13:505][261]LogSavePackage: Total save time: 177.268170ms
[2016.04.27-08.16.13:505][261]LogSavePackage:Display: Finished SavePackage ../../../../../Junior/Repo/GameDev2/Saved/Autosaves/Game/ProjectWarcrab/Blueprints/con_BotController_Auto2.uasset
[2016.04.27-08.16.13:505][261]LogFileHelpers: Auto-saving content packages took 0.185
[2016.04.27-08.16.50:367][306]BlueprintLog: New page: Compile con_BotController
[2016.04.27-08.16.50:501][306]BlueprintEditorCompileResults: Info [1908.25] Compile of con_BotController successful! [in 134 ms]
[2016.04.27-08.16.59:843][  1]Cmd: OBJ SAVEPACKAGE PACKAGE="/Game/ProjectWarcrab/Blueprints/con_BotController" FILE="../../../../../Junior/Repo/GameDev2/Content/ProjectWarcrab/Blueprints/con_BotController.uasset" SILENT=true
[2016.04.27-08.16.59:992][  1]LogSavePackage: Save=140.968460ms
[2016.04.27-08.16.59:992][  1]LogSavePackage: Moving '../../../../../Junior/Repo/GameDev2/Saved/con_BotController5B51762345B37DCB18A5DAB837771BFD.tmp' to '../../../../../Junior/Repo/GameDev2/Content/ProjectWarcrab/Blueprints/con_BotController.uasset'
[2016.04.27-08.16.59:997][  1]LogSavePackage: Total save time: 152.062912ms
[2016.04.27-08.16.59:997][  1]LogSavePackage:Display: Finished SavePackage ../../../../../Juni