[2016.04.17-01.20.32:254][  0]Log file open, 04/16/16 21:20:32
[2016.04.17-01.20.32:254][  0]LogInit:Display: Running engine for game: GameDev2
[2016.04.17-01.20.32:254][  0]LogPlatformFile: Not using cached read wrapper
[2016.04.17-01.20.32:254][  0]LogInit:Display: RandInit(-991433841) SRandInit(-991433841).
[2016.04.17-01.20.32:254][  0]LogTaskGraph: Started task graph with 4 named threads and 7 total threads.
[2016.04.17-01.20.32:254][  0]LogStats: Stats thread started at 0.068419
[2016.04.17-01.20.32:254][  0]LogInit: Version: 4.10.4-2872498+++depot+UE4-Releases+4.10
[2016.04.17-01.20.32:254][  0]LogInit: API Version: 2758231
[2016.04.17-01.20.32:254][  0]LogInit: Compiled (64-bit): Feb 18 2016 15:47:04
[2016.04.17-01.20.32:254][  0]LogInit: Compiled with Visual C++: 19.00.23026.00
[2016.04.17-01.20.32:254][  0]LogInit: Build Configuration: Development
[2016.04.17-01.20.32:255][  0]LogInit: Branch Name: ++depot+UE4-Releases+4.10
[2016.04.17-01.20.32:255][  0]LogInit: Command line:  /Temp/Autosaves/Game/ProjectWarcrab/UEDPCMainMenu -game -PIEVIACONSOLE -ResX=1280 -ResY=720  -Multiprocess 
[2016.04.17-01.20.32:255][  0]LogInit: Base directory: J:/Game/Epic Games/4.10/Engine/Binaries/Win64/
[2016.04.17-01.20.32:255][  0]LogInit: Rocket: 1
[2016.04.17-01.20.32:259][  0]LogInit: Using libcurl 7.41.0
[2016.04.17-01.20.32:259][  0]LogInit:  - built for x86_64-pc-win32
[2016.04.17-01.20.32:259][  0]LogInit:  - supports SSL with WinSSL
[2016.04.17-01.20.32:259][  0]LogInit:  - other features:
[2016.04.17-01.20.32:259][  0]LogInit:      CURL_VERSION_SSL
[2016.04.17-01.20.32:259][  0]LogInit:      CURL_VERSION_IPV6
[2016.04.17-01.20.32:259][  0]LogInit:      CURL_VERSION_ASYNCHDNS
[2016.04.17-01.20.32:259][  0]LogInit:      CURL_VERSION_LARGEFILE
[2016.04.17-01.20.32:259][  0]LogInit:      CURL_VERSION_IDN
[2016.04.17-01.20.32:259][  0]LogInit:  CurlRequestOptions (configurable via config and command line):
[2016.04.17-01.20.32:259][  0]LogInit:  - bVerifyPeer = true  - Libcurl will verify peer certificate
[2016.04.17-01.20.32:259][  0]LogInit:  - bUseHttpProxy = false  - Libcurl will NOT use HTTP proxy
[2016.04.17-01.20.32:259][  0]LogInit:  - bDontReuseConnections = false  - Libcurl will reuse connections
[2016.04.17-01.20.32:259][  0]LogInit:  - CertBundlePath = nullptr  - Libcurl will use whatever was configured at build time.
[2016.04.17-01.20.32:262][  0]LogOnline:Display: STEAM: Loading Steam SDK 1.32
[2016.04.17-01.20.32:264][  0]LogOnline:Warning: STEAM: Steamworks: SteamUtils() failed!
[2016.04.17-01.20.32:264][  0]LogOnline:Warning: STEAM: Steamworks: SteamUser() failed!
[2016.04.17-01.20.32:264][  0]LogOnline:Warning: STEAM: Steamworks: SteamFriends() failed!
[2016.04.17-01.20.32:264][  0]LogOnline:Warning: STEAM: Steamworks: SteamRemoteStorage() failed!
[2016.04.17-01.20.32:264][  0]LogOnline:Warning: STEAM: Steamworks: SteamUserStats() failed!
[2016.04.17-01.20.32:264][  0]LogOnline:Warning: STEAM: Steamworks: SteamMatchmakingServers() failed!
[2016.04.17-01.20.32:264][  0]LogOnline:Warning: STEAM: Steamworks: SteamApps() failed!
[2016.04.17-01.20.32:264][  0]LogOnline:Warning: STEAM: Steamworks: SteamNetworking() failed!
[2016.04.17-01.20.32:264][  0]LogOnline:Warning: STEAM: Steamworks: SteamMatchmaking() failed!
[2016.04.17-01.20.32:264][  0]LogOnline:Display: STEAM: OnlineSubsystemSteam::Shutdown()
[2016.04.17-01.20.32:264][  0]LogOnline:Warning: STEAM: Steam API failed to initialize!
[2016.04.17-01.20.32:264][  0]LogOnline:Display: STEAM: OnlineSubsystemSteam::Shutdown()
[2016.04.17-01.20.32:277][  0]LogInit: WinSock: version 1.1 (2.2), MaxSocks=32767, MaxUdp=65467
[2016.04.17-01.20.32:281][  0]LogVoice:Warning: Failed to initialize voice interface
[2016.04.17-01.20.32:283][  0]LogInit: Presizing for 0 objects not considered by GC, pre-allocating 0 bytes.
[2016.04.17-01.20.32:288][  0]LogInit: Object subsystem initialized
[2016.04.17-01.20.32:288][  0]LogInit: Selected Device Profile: [Windows]
[2016.04.17-01.20.32:288][  0]LogInit: Applying CVar settings loaded from the selected device profile: [Windows]
[2016.04.17-01.20.32:291][  0]LogInit: Computer: SHANYEPC
[2016.04.17-01.20.32:291][  0]LogInit: User: Shanye
[2016.04.17-01.20.32:291][  0]LogInit: CPU Page size=4096, Cores=4
[2016.04.17-01.20.32:291][  0]LogInit: High frequency timer resolution =3.507516 MHz
[2016.04.17-01.20.32:291][  0]LogMemory: Memory total: Physical=12.0GB (12GB approx)
[2016.04.17-01.20.32:291][  0]LogMemory: Platform Memory Stats for Windows
[2016.04.17-01.20.32:291][  0]LogMemory: Process Physical Memory: 57.91 MB used, 57.91 MB peak
[2016.04.17-01.20.32:291][  0]LogMemory: Process Virtual Memory: 59.20 MB used, 59.20 MB peak
[2016.04.17-01.20.32:291][  0]LogMemory: Physical Memory: 5364.03 MB used, 12239.21 MB total
[2016.04.17-01.20.32:291][  0]LogMemory: Virtual Memory: 389.48 MB used, 134217728.00 MB total
[2016.04.17-01.20.32:317][  0]LogTextLocalizationManager: No specific translations for ('en-US') exist, so ('en') translations will be used.
[2016.04.17-01.20.32:647][  0]LogD3D11RHI: Found D3D11 adapter 0: NVIDIA GeForce GT 720 (Feature Level 11_0)
[2016.04.17-01.20.32:647][  0]LogD3D11RHI: Adapter has 974MB of dedicated video memory, 0MB of dedicated system memory, and 6119MB of shared system memory, 2 output[s]
[2016.04.17-01.20.32:648][  0]LogD3D11RHI: Found D3D11 adapter 1: Microsoft Basic Render Driver (Feature Level 11_0)
[2016.04.17-01.20.32:648][  0]LogD3D11RHI: Adapter has 0MB of dedicated video memory, 0MB of dedicated system memory, and 6119MB of shared system memory, 0 output[s]
[2016.04.17-01.20.32:648][  0]LogD3D11RHI: Chosen D3D11 Adapter Id = 0
[2016.04.17-01.20.32:654][  0]LogD3D11RHI: !Direct3DDevice
[2016.04.17-01.20.32:654][  0]LogRHI: Texture pool is 682 MB (70% of 974 MB)
[2016.04.17-01.20.32:667][  0]LogD3D11RHI: Async texture creation enabled
[2016.04.17-01.20.32:683][  0]LogShaderCompilers: Guid format shader working directory is 11 characters bigger than the processId version (../../../../../Junior/Repo/GameDev2/Intermediate/Shaders/WorkingDirectory/38540/).
[2016.04.17-01.20.32:683][  0]LogShaderCompilers: Cleaned the shader compiler working directory 'C:/Users/Shanye/AppData/Local/Temp/UnrealShaderWorkingDir/814FAB2F47654C2B24B97BA7D5C9F617/'.
[2016.04.17-01.20.32:683][  0]LogShaderCompilers:Display: Using Local Shader Compiler.
[2016.04.17-01.20.33:287][  0]LogTemp:Display: Loaded TP AllDesktopTargetPlatform
[2016.04.17-01.20.33:290][  0]LogTemp:Display: Loaded TP WindowsClientTargetPlatform
[2016.04.17-01.20.33:293][  0]LogTemp:Display: Loaded TP WindowsNoEditorTargetPlatform
[2016.04.17-01.20.33:295][  0]LogTemp:Display: Loaded TP WindowsServerTargetPlatform
[2016.04.17-01.20.33:298][  0]LogTemp:Display: Loaded TP WindowsTargetPlatform
[2016.04.17-01.20.33:300][  0]LogTemp:Display: Loaded TP AndroidTargetPlatform
[2016.04.17-01.20.33:302][  0]LogTemp:Display: Loaded TP Android_ASTCTargetPlatform
[2016.04.17-01.20.33:304][  0]LogTemp:Display: Loaded TP Android_ATCTargetPlatform
[2016.04.17-01.20.33:307][  0]LogTemp:Display: Loaded TP Android_DXTTargetPlatform
[2016.04.17-01.20.33:309][  0]LogTemp:Display: Loaded TP Android_ETC1TargetPlatform
[2016.04.17-01.20.33:311][  0]LogTemp:Display: Loaded TP Android_ETC2TargetPlatform
[2016.04.17-01.20.33:316][  0]LogTemp:Display: Loaded TP Android_MultiTargetPlatform
[2016.04.17-01.20.33:316][  0]LogTemp:Display: Loaded TP Android_PVRTCTargetPlatform
[2016.04.17-01.20.33:317][  0]LogTemp:Display: Loaded TP HTML5TargetPlatform
[2016.04.17-01.20.33:331][  0]LogTemp:Display: Loaded TP IOSTargetPlatform
[2016.04.17-01.20.33:334][  0]LogTemp:Display: Loaded TP LinuxNoEditorTargetPlatform
[2016.04.17-01.20.33:337][  0]LogTemp:Display: Loaded TP LinuxServerTargetPlatform
[2016.04.17-01.20.33:339][  0]LogTemp:Display: Loaded TP LinuxTargetPlatform
[2016.04.17-01.20.33:339][  0]LogTargetPlatformManager:Display: Building Assets For Windows
[2016.04.17-01.20.33:381][  0]LogDerivedDataCache:Display: Max Cache Size: 512 MB
[2016.04.17-01.20.33:419][  0]LogDerivedDataCache: Loaded boot cache 0.04s 41MB C:/Users/Shanye/AppData/Local/UnrealEngine/4.10/DerivedDataCache/Boot.ddc.
[2016.04.17-01.20.33:419][  0]LogDerivedDataCache:Display: Loaded Boot cache: C:/Users/Shanye/AppData/Local/UnrealEngine/4.10/DerivedDataCache/Boot.ddc
[2016.04.17-01.20.33:419][  0]LogDerivedDataCache: FDerivedDataBackendGraph:  Pak pak cache file ../../../../../Junior/Repo/GameDev2/DerivedDataCache/DDC.ddp not found, will not use a pak cache.
[2016.04.17-01.20.33:419][  0]LogDerivedDataCache: Unable to find inner node Pak for hierarchical cache Hierarchy.
[2016.04.17-01.20.33:419][  0]LogDerivedDataCache: FDerivedDataBackendGraph:  CompressedPak pak cache file ../../../../../Junior/Repo/GameDev2/DerivedDataCache/Compressed.ddp not found, will not use a pak cache.
[2016.04.17-01.20.33:419][  0]LogDerivedDataCache: Unable to find inner node CompressedPak for hierarchical cache Hierarchy.
[2016.04.17-01.20.33:465][  0]LogDerivedDataCache:Display: Pak cache opened for reading ../../../Engine/DerivedDataCache/Compressed.ddp.
[2016.04.17-01.20.33:478][  0]LogDerivedDataCache: Using Local data cache path C:/Users/Shanye/AppData/Local/UnrealEngine/Common/DerivedDataCache: Writable
[2016.04.17-01.20.33:614][  0]LogInit: Selected Device Profile: [Windows]
[2016.04.17-01.20.33:616][  0]LogContentStreaming: Texture pool size is 1000.000000MB
[2016.04.17-01.20.33:688][  0]LogMeshUtilities: No automatic mesh reduction module available
[2016.04.17-01.20.33:688][  0]LogMeshUtilities: No automatic mesh merging module available
[2016.04.17-01.20.33:968][  0]LogWindowsMoviePlayer: Unable to load movie: ../../../../../Junior/Repo/GameDev2/Content/Movies/Default_Startup.mp4
[2016.04.17-01.20.34:051][  0]SourceControl: Info Source control is disabled
[2016.04.17-01.20.34:051][  0]SourceControl: Info Source control is disabled
[2016.04.17-01.20.34:056][  0]SourceControl: Info Source control is disabled
[2016.04.17-01.20.34:141][  0]LogObj: 27942 objects as part of root set at end of initial load.
[2016.04.17-01.20.34:141][  0]LogUObjectAllocator: 6046040 out of 0 bytes used by permanent object pool.
[2016.04.17-01.20.34:188][  0]LogEngine: Initializing Engine...
[2016.04.17-01.20.34:190][  0]LogHMD: Can't find Oculus library dev build: is proper Runtime installed? Version: 0.8.0.0
[2016.04.17-01.20.34:191][  0]LogHMD: SteamVR failed to initialize.  Err: 110
[2016.04.17-01.20.34:272][  0]LogInit: XAudio2 using 'Speakers (Realtek High Definition Audio)' : 2 channels at 48 kHz using 32 bits per sample (channel mask 0x3)
[2016.04.17-01.20.34:289][  0]LogInit: FAudioDevice initialized.
[2016.04.17-01.20.34:291][  0]LogInit: Texture streaming: Enabled
[2016.04.17-01.20.34:351][  0]LogLinker:Warning: Can't find file '/Game/ProjectWarcrab/Blueprints/Widgets/LoadingScreen'
[2016.04.17-01.20.34:351][  0]LogUObjectGlobals:Warning: Failed to load '/Game/ProjectWarcrab/Blueprints/Widgets/LoadingScreen': Can't find file '/Game/ProjectWarcrab/Blueprints/Widgets/LoadingScreen'
[2016.04.17-01.20.34:351][  0]LogLinker:Warning: Can't find file for asset '/Game/ProjectWarcrab/Blueprints/Widgets/LoadingScreen' while loading NULL.
[2016.04.17-01.20.34:351][  0]LogUObjectGlobals:Warning: Failed to load '/Game/ProjectWarcrab/Blueprints/Widgets/LoadingScreen': Can't find file for asset '/Game/ProjectWarcrab/Blueprints/Widgets/LoadingScreen' while loading NULL.
[2016.04.17-01.20.34:351][  0]LogLinker:Warning: Can't find file '/Game/ProjectWarcrab/Blueprints/Widgets/LoadingScreen'
[2016.04.17-01.20.34:351][  0]LogUObjectGlobals:Warning: Failed to load '/Game/ProjectWarcrab/Blueprints/Widgets/LoadingScreen': Can't find file '/Game/ProjectWarcrab/Blueprints/Widgets/LoadingScreen'
[2016.04.17-01.20.34:351][  0]LogLinker:Warning: Can't find file for asset '/Game/ProjectWarcrab/Blueprints/Widgets/LoadingScreen' while loading NULL.
[2016.04.17-01.20.34:351][  0]LogUObjectGlobals:Warning: Failed to load '/Game/ProjectWarcrab/Blueprints/Widgets/LoadingScreen': Can't find file for asset '/Game/ProjectWarcrab/Blueprints/Widgets/LoadingScreen' while loading NULL.
[2016.04.17-01.20.34:353][  0]LogLinker:Warning: Can't find file '/Game/ProjectWarcrab/Blueprints/Widgets/LoadingScreen'
[2016.04.17-01.20.34:353][  0]LoadErrors: Info Failed to load /Game/ProjectWarcrab/Blueprints/Widgets/ErrorDialog.ErrorDialog_C Referenced by EdGraphPin_32939
[2016.04.17-01.20.34:353][  0]LogUObjectGlobals:Warning: Failed to load '/Game/ProjectWarcrab/Blueprints/Widgets/LoadingScreen': Can't find file '/Game/ProjectWarcrab/Blueprints/Widgets/LoadingScreen'
[2016.04.17-01.20.34:353][  0]LogLinker:Warning: Can't find file for asset '/Game/ProjectWarcrab/Blueprints/Widgets/LoadingScreen' while loading NULL.
[2016.04.17-01.20.34:353][  0]LoadErrors: Info Failed to load /Game/ProjectWarcrab/Blueprints/Widgets/ErrorDialog.ErrorDialog_C Referenced by EdGraphPin_32939
[2016.04.17-01.20.34:353][  0]LogUObjectGlobals:Warning: Failed to load '/Game/ProjectWarcrab/Blueprints/Widgets/LoadingScreen': Can't find file for asset '/Game/ProjectWarcrab/Blueprints/Widgets/LoadingScreen' while loading NULL.
[2016.04.17-01.20.34:353][  0]LogLinker:Warning: Can't find file '/Game/ProjectWarcrab/Blueprints/Widgets/LoadingScreen'
[2016.04.17-01.20.34:353][  0]LoadErrors: Info Failed to load /Game/ProjectWarcrab/Blueprints/Widgets/ErrorDialog.ErrorDialog_C Referenced by EdGraphPin_32940
[2016.04.17-01.20.34:353][  0]LogUObjectGlobals:Warning: Failed to load '/Game/ProjectWarcrab/Blueprints/Widgets/LoadingScreen': Can't find file '/Game/ProjectWarcrab/Blueprints/Widgets/LoadingScreen'
[2016.04.17-01.20.34:353][  0]LogLinker:Warning: Can't find file for asset '/Game/ProjectWarcrab/Blueprints/Widgets/LoadingScreen' while loading NULL.
[2016.04.17-01.20.34:353][  0]LoadErrors: Info Failed to load /Game/ProjectWarcrab/Blueprints/Widgets/ErrorDialog.ErrorDialog_C Referenced by EdGraphPin_32940
[2016.04.17-01.20.34:353][  0]LogUObjectGlobals:Warning: Failed to load '/Game/ProjectWarcrab/Blueprints/Widgets/LoadingScreen': Can't find file for asset '/Game/ProjectWarcrab/Blueprints/Widgets/LoadingScreen' while loading NULL.
[2016.04.17-01.20.34:355][  0]LogLinker:Warning: Can't find file '/Game/ProjectWarcrab/Blueprints/Widgets/LoadingScreen'
[2016.04.17-01.20.34:355][  0]LoadErrors: Info Failed to load /Game/ProjectWarcrab/Blueprints/Widgets/ErrorDialog.ErrorDialog_C Referenced by EdGraphPin_32924
[2016.04.17-01.20.34:355][  0]LogUObjectGlobals:Warning: Failed to load '/Game/ProjectWarcrab/Blueprints/Widgets/LoadingScreen': Can't find file '/Game/ProjectWarcrab/Blueprints/Widgets/LoadingScreen'
[2016.04.17-01.20.34:355][  0]LogLinker:Warning: Can't find file for asset '/Game/ProjectWarcrab/Blueprints/Widgets/LoadingScreen' while loading NULL.
[2016.04.17-01.20.34:355][  0]LoadErrors: Info Failed to load /Game/ProjectWarcrab/Blueprints/Widgets/ErrorDialog.ErrorDialog_C Referenced by EdGraphPin_32924
[2016.04.17-01.20.34:355][  0]LogUObjectGlobals:Warning: Failed to load '/Game/ProjectWarcrab/Blueprints/Widgets/LoadingScreen': Can't find file for asset '/Game/ProjectWarcrab/Blueprints/Widgets/LoadingScreen' while loading NULL.
[2016.04.17-01.20.34:355][  0]LogLinker:Warning: Can't find file '/Game/ProjectWarcrab/Blueprints/Widgets/LoadingScreen'
[2016.04.17-01.20.34:355][  0]LoadErrors: Info Failed to load /Game/ProjectWarcrab/Blueprints/Widgets/ErrorDialog.ErrorDialog_C Referenced by EdGraphPin_32925
[2016.04.17-01.20.34:355][  0]LogUObjectGlobals:Warning: Failed to load '/Game/ProjectWarcrab/Blueprints/Widgets/LoadingScreen': Can't find file '/Game/ProjectWarcrab/Blueprints/Widgets/LoadingScreen'
[2016.04.17-01.20.34:355][  0]LogLinker:Warning: Can't find file for asset '/Game/ProjectWarcrab/Blueprints/Widgets/LoadingScreen' while loading NULL.
[2016.04.17-01.20.34:356][  0]LoadErrors: Info Failed to load /Game/ProjectWarcrab/Blueprints/Widgets/ErrorDialog.ErrorDialog_C Referenced by EdGraphPin_32925
[2016.04.17-01.20.34:356][  0]LogUObjectGlobals:Warning: Failed to load '/Game/ProjectWarcrab/Blueprints/Widgets/LoadingScreen': Can't find file for asset '/Game/ProjectWarcrab/Blueprints/Widgets/LoadingScreen' while loading NULL.
[2016.04.17-01.20.34:363][  0]LogBlueprint:Error: [compiler LevelSwitchHandler] Error Spawn node  Create Widget  must have a class specified.
[2016.04.17-01.20.34:363][  0]LogBlueprint:Error: [compiler LevelSwitchHandler] Error Spawn node  Create Widget  must have a class specified.
[2016.04.17-01.20.34:366][  0]LogBlueprint:Warning: [compiler LevelSwitchHandler] Warning [0002.32] Compile of LevelSwitchHandler failed. 2 Fatal Issue(s) 0 Warning(s) [in 4 ms]
[2016.04.17-01.20.34:366][  0]LogBlueprint:Warning: [compiler LevelSwitchHandler] Warning [0002.32] Compile of LevelSwitchHandler failed. 2 Fatal Issue(s) 1 Warning(s) [in 0 ms]
[2016.04.17-01.20.34:366][  0]LogBlueprint:Warning: [compiler LevelSwitchHandler] Warning [0002.32] Compile of LevelSwitchHandler failed. 2 Fatal Issue(s) 2 Warning(s) [in 0 ms]
[2016.04.17-01.20.34:515][  0]LogNet: Browse: /Temp/Autosaves/Game/ProjectWarcrab/UEDPCMainMenu?Name=Player
[2016.04.17-01.20.34:517][  0]LogLoad: LoadMap: /Temp/Autosaves/Game/ProjectWarcrab/UEDPCMainMenu?Name=Player
[2016.04.17-01.20.34:532][  0]LogParticles: Destroying 0 GPU particle simulations for FXSystem 0x0000023961D94400
[2016.04.17-01.20.34:544][  0]LogMemory: Platform Memory Stats for Windows
[2016.04.17-01.20.34:544][  0]LogMemory: Process Physical Memory: 406.30 MB used, 406.30 MB peak
[2016.04.17-01.20.34:544][  0]LogMemory: Process Virtual Memory: 458.45 MB used, 458.46 MB peak
[2016.04.17-01.20.34:544][  0]LogMemory: Physical Memory: 5678.55 MB used, 12239.21 MB total
[2016.04.17-01.20.34:544][  0]LogMemory: Virtual Memory: 1001.90 MB used, 134217728.00 MB total
[2016.04.17-01.20.34:544][  0]LogMemory: 
[2016.04.17-01.20.34:544][  0]Allocator Stats for TBB: (not implemented)
[2016.04.17-01.20.34:695][  0]LogAIModule: Creating AISystem for world MainMenu
[2016.04.17-01.20.34:695][  0]LogLinker:Warning: Can't find file '/Game/ProjectWarcrab/Blueprints/GM_BattleBots'
[2016.04.17-01.20.34:695][  0]LogUObjectGlobals:Warning: Failed to load '/Game/ProjectWarcrab/Blueprints/GM_BattleBots': Can't find file '/Game/ProjectWarcrab/Blueprints/GM_BattleBots'
[2016.04.17-01.20.34:695][  0]LogLinker:Warning: Can't find file '/Game/ProjectWarcrab/Blueprints/GM_BattleBots'
[2016.04.17-01.20.34:695][  0]LogUObjectGlobals:Warning: Failed to load '/Game/ProjectWarcrab/Blueprints/GM_BattleBots': Can't find file '/Game/ProjectWarcrab/Blueprints/GM_BattleBots'
[2016.04.17-01.20.34:695][  0]LogUObjectGlobals:Warning: Failed to find object 'Class /Game/ProjectWarcrab/Blueprints/GM_BattleBots.GM_BattleBots_C'
[2016.04.17-01.20.34:695][  0]LogWorld: Game class is 'GameMode'
[2016.04.17-01.20.34:698][  0]LogPhysics:Warning: FConstraintInstance::GetRefFrame : Contained scale.
[2016.04.17-01.20.34:698][  0]LogPhysics:Warning: FConstraintInstance::GetRefFrame : Contained scale.
[2016.04.17-01.20.34:698][  0]LogPhysics:Warning: FConstraintInstance::GetRefFrame : Contained scale.
[2016.04.17-01.20.34:698][  0]LogPhysics:Warning: FConstraintInstance::GetRefFrame : Contained scale.
[2016.04.17-01.20.34:698][  0]LogPhysics:Warning: FConstraintInstance::GetRefFrame : Contained scale.
[2016.04.17-01.20.34:698][  0]LogPhysics:Warning: FConstraintInstance::GetRefFrame : Contained scale.
[2016.04.17-01.20.34:698][  0]LogPhysics:Warning: FConstraintInstance::GetRefFrame : Contained scale.
[2016.04.17-01.20.34:698][  0]LogPhysics:Warning: FConstraintInstance::GetRefFrame : Contained scale.
[2016.04.17-01.20.34:698][  0]LogPhysics:Warning: FConstraintInstance::GetRefFrame : Contained scale.
[2016.04.17-01.20.34:698][  0]LogPhysics:Warning: FConstraintInstance::GetRefFrame : Contained scale.
[2016.04.17-01.20.34:698][  0]LogPhysics:Warning: FConstraintInstance::GetRefFrame : Contained scale.
[2016.04.17-01.20.34:698][  0]LogPhysics:Warning: FConstraintInstance::GetRefFrame : Contained scale.
[2016.04.17-01.20.34:698][  0]LogPhysics:Warning: FConstraintInstance::GetRefFrame : Contained scale.
[2016.04.17-01.20.34:698][  0]LogPhysics:Warning: FConstraintInstance::GetRefFrame : Contained scale.
[2016.04.17-01.20.34:699][  0]LogPhysics:Warning: FConstraintInstance::GetRefFrame : Contained scale.
[2016.04.17-01.20.34:699][  0]LogPhysics:Warning: FConstraintInstance::GetRefFrame : Contained scale.
[2016.04.17-01.20.34:699][  0]LogPhysics:Warning: FConstraintInstance::GetRefFrame : Contained scale.
[2016.04.17-01.20.34:699][  0]LogPhysics:Warning: FConstraintInstance::GetRefFrame : Contained scale.
[2016.04.17-01.20.34:699][  0]LogPhysics:Warning: FConstraintInstance::GetRefFrame : Contained scale.
[2016.04.17-01.20.34:699][  0]LogPhysics:Warning: FConstraintInstance::GetRefFrame : Contained scale.
[2016.04.17-01.20.34:699][  0]LogPhysics:Warning: FConstraintInstance::GetRefFrame : Contained scale.
[2016.04.17-01.20.34:699][  0]LogPhysics:Warning: FConstraintInstance::GetRefFrame : Contained scale.
[2016.04.17-01.20.34:699][  0]LogPhysics:Warning: FConstraintInstance::GetRefFrame : Contained scale.
[2016.04.17-01.20.34:699][  0]LogPhysics:Warning: FConstraintInstance::GetRefFrame : Contained scale.
[2016.04.17-01.20.34:699][  0]LogPhysics:Warning: FConstraintInstance::GetRefFrame : Contained scale.
[2016.04.17-01.20.34:699][  0]LogPhysics:Warning: FConstraintInstance::GetRefFrame : Contained scale.
[2016.04.17-01.20.34:699][  0]LogPhysics:Warning: FConstraintInstance::GetRefFrame : Contained scale.
[2016.04.17-01.20.34:699][  0]LogPhysics:Warning: FConstraintInstance::GetRefFrame : Contained scale.
[2016.04.17-01.20.34:699][  0]LogPhysics:Warning: FConstraintInstance::GetRefFrame : Contained scale.
[2016.04.17-01.20.34:699][  0]LogPhysics:Warning: FConstraintInstance::GetRefFrame : Contained scale.
[2016.04.17-01.20.34:699][  0]LogPhysics:Warning: FConstraintInstance::GetRefFrame : Contained scale.
[2016.04.17-01.20.34:699][  0]LogPhysics:Warning: FConstraintInstance::GetRefFrame : Contained scale.
[2016.04.17-01.20.34:699][  0]LogPhysics:Warning: FConstraintInstance::GetRefFrame : Contained scale.
[2016.04.17-01.20.34:699][  0]LogPhysics:Warning: FConstraintInstance::GetRefFrame : Contained scale.
[2016.04.17-01.20.34:699][  0]LogPhysics:Warning: FConstraintInstance::GetRefFrame : Contained scale.
[2016.04.17-01.20.34:699][  0]LogPhysics:Warning: FConstraintInstance::GetRefFrame : Contained scale.
[2016.04.17-01.20.34:699][  0]LogPhysics:Warning: FConstraintInstance::GetRefFrame : Contained scale.
[2016.04.17-01.20.34:699][  0]LogPhysics:Warning: FConstraintInstance::GetRefFrame : Contained scale.
[2016.04.17-01.20.34:699][  0]LogPhysics:Warning: FConstraintInstance::GetRefFrame : Contained scale.
[2016.04.17-01.20.34:699][  0]LogPhysics:Warning: FConstraintInstance::GetRefFrame : Contained scale.
[2016.04.17-01.20.34:699][  0]LogPhysics:Warning: FConstraintInstance::GetRefFrame : Contained scale.
[2016.04.17-01.20.34:699][  0]LogPhysics:Warning: FConstraintInstance::GetRefFrame : Contained scale.
[2016.04.17-01.20.34:699][  0]LogPhysics:Warning: FConstraintInstance::GetRefFrame : Contained scale.
[2016.04.17-01.20.34:699][  0]LogPhysics:Warning: FConstraintInstance::GetRefFrame : Contained scale.
[2016.04.17-01.20.34:699][  0]LogPhysics:Warning: FConstraintInstance::GetRefFrame : Contained scale.
[2016.04.17-01.20.34:699][  0]LogPhysics:Warning: FConstraintInstance::GetRefFrame : Contained scale.
[2016.04.17-01.20.34:699][  0]LogPhysics:Warning: FConstraintInstance::GetRefFrame : Contained scale.
[2016.04.17-01.20.34:700][  0]LogWorld: Bringing World /Temp/Autosaves/Game/ProjectWarcrab/UEDPCMainMenu.MainMenu up for play (max tick rate 0) at 2016.04.16-21.20.34
[2016.04.17-01.20.34:700][  0]LogWorld: Bringing up level for play took: 0.003948
[2016.04.17-01.20.34:701][  0]LogOnline:Warning: NULL: Can't start an online game for session (Game) that hasn't been created
[2016.04.17-01.20.34:704][  0]LogInit:Display: Game Engine Initialized.
[2016.04.17-01.20.34:913][  0]LogLoad: Full Startup: 2.86 seconds (BP compile: 0.07 seconds)
[2016.04.17-01.20.34:929][  0]LogWindowsTextInputMethodSystem:Display: IME system now deactivated.
[2016.04.17-01.20.34:931][  0]LogOcInput: Can't find Oculus library dev build: is proper Runtime installed? Version: 0.8.0.0
[2016.04.17-01.20.35:021][  2]LogRenderer: Reallocating scene render targets to support 1280x720 (Frame:2).
[2016.04.17-01.20.37:412][ 69]LogWindowsTextInputMethodSystem:Display: IME system now deactivated.
[2016.04.17-01.20.37:415][ 69]LogEngine: All Windows Closed
[2016.04.17-01.20.37:415][ 69]LogWindows: FPlatformMisc::RequestExit(0)
[2016.04.17-01.20.38:195][ 70]LogExit: Preparing to exit.
[2016.04.17-01.20.38:232][ 70]LogExit: Game engine shut down
[2016.04.17-01.20.38:335][ 70]LogParticles: Destroying 0 GPU particle simulations for FXSystem 0x000002395CE66CA0
[2016.04.17-01.20.38:335][ 70]LogExit: Object subsystem successfully closed.
[2016.04.17-01.20.38:352][ 70]LogD3D11RHI: Shutdown
[2016.04.17-01.20.38:352][ 70]LogD3D11RHI: CleanupD3DDevice
[2016.04.17-01.20.38:397][ 70]LogD3D11RHI: ~FD3D11DynamicRHI
[2016.04.17-01.20.38:403][ 70]LogModuleManager: Shutting down and abandoning module AutomationController (119)
[2016.04.17-01.20.38:403][ 70]LogModuleManager: Shutting down and abandoning module AutomationWorker (118)
[2016.04.17-01.20.38:403][ 70]LogModuleManager: Shutting down and abandoning module CharacterAI (117)
[2016.04.17-01.20.38:403][ 70]LogModuleManager: Shutting down and abandoning module AITestSuite (116)
[2016.04.17-01.20.38:403][ 70]LogModuleManager: Shutting down and abandoning module GameplayDebugger (115)
[2016.04.17-01.20.38:403][ 70]LogModuleManager: Shutting down and abandoning module AIModule (114)
[2016.04.17-01.20.38:403][ 70]LogModuleManager: Shutting down and abandoning module MovieSceneCapture (113)
[2016.04.17-01.20.38:403][ 70]LogModuleManager: Shutting down and abandoning module GameLiveStreaming (112)
[2016.04.17-01.20.38:403][ 70]LogModuleManager: Shutting down and abandoning module StreamingPauseRendering (111)
[2016.04.17-01.20.38:403][ 70]LogModuleManager: Shutting down and abandoning module ProfilerService (110)
[2016.04.17-01.20.38:651][ 70]LogModuleManager: Shutting down and abandoning module TaskGraph (109)
[2016.04.17-01.20.38:651][ 70]LogModuleManager: Shutting down and abandoning module SlateRemote (108)
[2016.04.17-01.20.38:651][ 70]LogModuleManager: Shutting down and abandoning module SteamVRController (107)
[2016.04.17-01.20.38:651][ 70]LogModuleManager: Shutting down and abandoning module SteamVR (106)
[2016.04.17-01.20.38:651][ 70]LogModuleManager: Shutting down and abandoning module ProceduralMeshComponent (105)
[2016.04.17-01.20.38:651][ 70]LogModuleManager: Shutting down and abandoning module OculusLibrary (104)
[2016.04.17-01.20.38:651][ 70]LogModuleManager: Shutting down and abandoning module OculusInput (103)
[2016.04.17-01.20.38:651][ 70]LogModuleManager: Shutting down and abandoning module LeapMotionController (102)
[2016.04.17-01.20.38:671][ 70]LogModuleManager: Shutting down and abandoning module CustomMeshComponent (101)
[2016.04.17-01.20.38:671][ 70]LogModuleManager: Shutting down and abandoning module CableComponent (100)
[2016.04.17-01.20.38:671][ 70]LogModuleManager: Shutting down and abandoning module ArchVisCharacter (99)
[2016.04.17-01.20.38:671][ 70]LogModuleManager: Shutting down and abandoning module HTML5Networking (98)
[2016.04.17-01.20.38:671][ 70]LogModuleManager: Shutting down and abandoning module DesktopPlatform (97)
[2016.04.17-01.20.38:671][ 70]LogModuleManager: Shutting down and abandoning module DirectoryWatcher (96)
[2016.04.17-01.20.38:671][ 70]LogModuleManager: Shutting down and abandoning module HotReload (95)
[2016.04.17-01.20.38:671][ 70]LogModuleManager: Shutting down and abandoning module VisualStudioSourceCodeAccess (94)
[2016.04.17-01.20.38:671][ 70]LogModuleManager: Shutting down and abandoning module UObjectPlugin (93)
[2016.04.17-01.20.38:671][ 70]LogModuleManager: Shutting down and abandoning module SubversionSourceControl (92)
[2016.04.17-01.20.38:671][ 70]LogModuleManager: Shutting down and abandoning module SourceControl (91)
[2016.04.17-01.20.38:671][ 70]LogModuleManager: Shutting down and abandoning module PerforceSourceControl (90)
[2016.04.17-01.20.38:671][ 70]LogModuleManager: Shutting down and abandoning module UdpMessaging (89)
[2016.04.17-01.20.38:671][ 70]LogModuleManager: Shutting down and abandoning module LightPropagationVolumeRuntime (88)
[2016.04.17-01.20.38:671][ 70]LogModuleManager: Shutting down and abandoning module Paper2D (87)
[2016.04.17-01.20.38:671][ 70]LogModuleManager: Shutting down and abandoning module WindowsMoviePlayer (86)
[2016.04.17-01.20.38:674][ 70]LogModuleManager: Shutting down and abandoning module Media (85)
[2016.04.17-01.20.38:674][ 70]LogModuleManager: Shutting down and abandoning module WmfMedia (84)
[2016.04.17-01.20.38:674][ 70]LogModuleManager: Shutting down and abandoning module OnlineBlueprintSupport (83)
[2016.04.17-01.20.38:674][ 70]LogModuleManager: Shutting down and abandoning module GameplayTasksEditor (82)
[2016.04.17-01.20.38:674][ 70]LogModuleManager: Shutting down and abandoning module PropertyEditor (81)
[2016.04.17-01.20.38:674][ 70]LogModuleManager: Shutting down and abandoning module BehaviorTreeEditor (80)
[2016.04.17-01.20.38:674][ 70]LogModuleManager: Shutting down and abandoning module FunctionalTesting (79)
[2016.04.17-01.20.38:674][ 70]LogModuleManager: Shutting down and abandoning module CollisionAnalyzer (78)
[2016.04.17-01.20.38:674][ 70]LogModuleManager: Shutting down and abandoning module WorkspaceMenuStructure (77)
[2016.04.17-01.20.38:674][ 70]LogModuleManager: Shutting down and abandoning module MessageLog (76)
[2016.04.17-01.20.38:674][ 70]LogModuleManager: Shutting down and abandoning module Sequencer (75)
[2016.04.17-01.20.38:674][ 70]LogModuleManager: Shutting down and abandoning module AssetTools (74)
[2016.04.17-01.20.38:674][ 70]LogModuleManager: Shutting down and abandoning module UMGEditor (73)
[2016.04.17-01.20.38:674][ 70]LogModuleManager: Shutting down and abandoning module UMG (72)
[2016.04.17-01.20.38:674][ 70]LogModuleManager: Shutting down and abandoning module Slate (71)
[2016.04.17-01.20.38:674][ 70]LogModuleManager: Shutting down and abandoning module EditorStyle (70)
[2016.04.17-01.20.38:675][ 70]LogModuleManager: Shutting down and abandoning module SessionServices (69)
[2016.04.17-01.20.38:675][ 70]LogModuleManager: Shutting down and abandoning module SourceCodeAccess (68)
[2016.04.17-01.20.38:675][ 70]LogModuleManager: Shutting down and abandoning module HeadMountedDisplay (67)
[2016.04.17-01.20.38:676][ 70]LogModuleManager: Shutting down and abandoning module XAudio2 (66)
[2016.04.17-01.20.38:676][ 70]LogModuleManager: Shutting down and abandoning module Networking (65)
[2016.04.17-01.20.38:676][ 70]LogModuleManager: Shutting down and abandoning module Core (64)
[2016.04.17-01.20.38:676][ 70]LogModuleManager: Shutting down and abandoning module KismetCompiler (63)
[2016.04.17-01.20.38:676][ 70]LogModuleManager: Shutting down and abandoning module PhysXFormats (62)
[2016.04.17-01.20.38:676][ 70]LogModuleManager: Shutting down and abandoning module MeshUtilities (61)
[2016.04.17-01.20.38:676][ 70]LogModuleManager: Shutting down and abandoning module DerivedDataCache (60)
[2016.04.17-01.20.38:972][ 70]LogDerivedDataCache: Shutdown
[2016.04.17-01.20.38:972][ 70]LogModuleManager: Shutting down and abandoning module ShaderFormatOpenGL (59)
[2016.04.17-01.20.38:972][ 70]LogModuleManager: Shutting down and abandoning module ShaderFormatD3D (58)
[2016.04.17-01.20.38:972][ 70]LogModuleManager: Shutting down and abandoning module MetalShaderFormat (57)
[2016.04.17-01.20.38:972][ 70]LogModuleManager: Shutting down and abandoning module TextureFormatUncompressed (56)
[2016.04.17-01.20.38:972][ 70]LogModuleManager: Shutting down and abandoning module TextureFormatPVR (55)
[2016.04.17-01.20.38:972][ 70]LogModuleManager: Shutting down and abandoning module TextureFormatIntelISPCTexComp (54)
[2016.04.17-01.20.38:972][ 70]LogModuleManager: Shutting down and abandoning module TextureFormatDXT (53)
[2016.04.17-01.20.38:972][ 70]LogModuleManager: Shutting down and abandoning module ImageWrapper (52)
[2016.04.17-01.20.38:972][ 70]LogModuleManager: Shutting down and abandoning module TextureFormatASTC (51)
[2016.04.17-01.20.38:972][ 70]LogModuleManager: Shutting down and abandoning module TextureFormatAndroid (50)
[2016.04.17-01.20.38:972][ 70]LogModuleManager: Shutting down and abandoning module AudioFormatOpus (49)
[2016.04.17-01.20.38:972][ 70]LogModuleManager: Shutting down and abandoning module AudioFormatOgg (48)
[2016.04.17-01.20.38:972][ 70]LogModuleManager: Shutting down and abandoning module AudioFormatADPCM (47)
[2016.04.17-01.20.38:972][ 70]LogModuleManager: Shutting down and abandoning module LinuxTargetPlatform (46)
[2016.04.17-01.20.38:972][ 70]LogModuleManager: Shutting down and abandoning module LinuxServerTargetPlatform (45)
[2016.04.17-01.20.38:972][ 70]LogModuleManager: Shutting down and abandoning module LinuxNoEditorTargetPlatform (44)
[2016.04.17-01.20.38:972][ 70]LogModuleManager: Shutting down and abandoning module Messaging (43)
[2016.04.17-01.20.38:972][ 70]LogModuleManager: Shutting down and abandoning module IOSTargetPlatform (42)
[2016.04.17-01.20.38:972][ 70]LogModuleManager: Shutting down and abandoning module HTML5TargetPlatform (41)
[2016.04.17-01.20.38:972][ 70]LogModuleManager: Shutting down and abandoning module Android_PVRTCTargetPlatform (40)
[2016.04.17-01.20.38:972][ 70]LogModuleManager: Shutting down and abandoning module Android_MultiTargetPlatform (39)
[2016.04.17-01.20.38:972][ 70]LogModuleManager: Shutting down and abandoning module Android_ETC2TargetPlatform (38)
[2016.04.17-01.20.38:972][ 70]LogModuleManager: Shutting down and abandoning module Android_ETC1TargetPlatform (37)
[2016.04.17-01.20.38:972][ 70]LogModuleManager: Shutting down and abandoning module Android_DXTTargetPlatform (36)
[2016.04.17-01.20.38:972][ 70]LogModuleManager: Shutting down and abandoning module Android_ATCTargetPlatform (35)
[2016.04.17-01.20.38:972][ 70]LogModuleManager: Shutting down and abandoning module Android_ASTCTargetPlatform (34)
[2016.04.17-01.20.38:972][ 70]LogModuleManager: Shutting down and abandoning module AndroidTargetPlatform (33)
[2016.04.17-01.20.38:972][ 70]LogModuleManager: Shutting down and abandoning module WindowsTargetPlatform (32)
[2016.04.17-01.20.38:972][ 70]LogModuleManager: Shutting down and abandoning module WindowsServerTargetPlatform (31)
[2016.04.17-01.20.38:972][ 70]LogModuleManager: Shutting down and abandoning module WindowsNoEditorTargetPlatform (30)
[2016.04.17-01.20.38:972][ 70]LogModuleManager: Shutting down and abandoning module WindowsClientTargetPlatform (29)
[2016.04.17-01.20.38:972][ 70]LogModuleManager: Shutting down and abandoning module AllDesktopTargetPlatform (28)
[2016.04.17-01.20.38:972][ 70]LogModuleManager: Shutting down and abandoning module TargetPlatform (27)
[2016.04.17-01.20.38:972][ 70]LogModuleManager: Shutting down and abandoning module InputCore (26)
[2016.04.17-01.20.38:972][ 70]LogModuleManager: Shutting down and abandoning module Settings (25)
[2016.04.17-01.20.38:972][ 70]LogModuleManager: Shutting down and abandoning module Voice (23)
[2016.04.17-01.20.38:972][ 70]LogModuleManager: Shutting down and abandoning module OnlineSubsystem (19)
[2016.04.17-01.20.38:972][ 70]LogOnline:Display: NULL: FOnlineSubsystemNull::Shutdown()
[2016.04.17-01.20.38:972][ 70]LogOnline:Display: Unloading online subsystem: STEAM
[2016.04.17-01.20.38:972][ 70]LogOnline:Display: Unloading online subsystem: Null
[2016.04.17-01.20.38:972][ 70]LogModuleManager: Shutting down and abandoning module HTTP (18)
[2016.04.17-01.20.38:972][ 70]LogModuleManager: Shutting down and abandoning module XMPP (17)
[2016.04.17-01.20.38:972][ 70]LogModuleManager: Shutting down and abandoning module OculusRift (16)
[2016.04.17-01.20.38:972][ 70]LogModuleManager: Shutting down and abandoning module ExampleDeviceProfileSelector (15)
[2016.04.17-01.20.38:972][ 70]LogModuleManager: Shutting down and abandoning module TextureCompressor (14)
[2016.04.17-01.20.38:972][ 70]LogModuleManager: Shutting down and abandoning module ShaderCore (13)
[2016.04.17-01.20.38:973][ 70]LogModuleManager: Shutting down and abandoning module Landscape (12)
[2016.04.17-01.20.38:973][ 70]LogModuleManager: Shutting down and abandoning module SlateRHIRenderer (11)
[2016.04.17-01.20.38:973][ 70]LogModuleManager: Shutting down and abandoning module OpenGLDrv (10)
[2016.04.17-01.20.38:973][ 70]LogModuleManager: Shutting down and abandoning module D3D11RHI (9)
[2016.04.17-01.20.38:973][ 70]LogModuleManager: Shutting down and abandoning module AnimGraphRuntime (8)
[2016.04.17-01.20.38:973][ 70]LogModuleManager: Shutting down and abandoning module Renderer (7)
[2016.04.17-01.20.38:973][ 70]LogModuleManager: Shutting down and abandoning module Engine (6)
[2016.04.17-01.20.38:973][ 70]LogModuleManager: Shutting down and abandoning module CoreUObject (5)
[2016.04.17-01.20.38:973][ 70]LogModuleManager: Shutting down and abandoning module NetworkFile (4)
[2016.04.17-01.20.38:973][ 70]LogModuleManager: Shutting down and abandoning module StreamingFile (3)
[2016.04.17-01.20.38:973][ 70]LogModuleManager: Shutting down and abandoning module SandboxFile (2)
[2016.04.17-01.20.38:973][ 70]LogModuleManager: Shutting down and abandoning module PakFile (1)
[2016.04.17-01.20.38:974][ 70]LogExit: Exiting.
[2016.04.17-01.20.38:975][ 70]Log file closed, 04/16/16 21:20:38
