[2016.04.22-05.52.10:677][  0]Log file open, 04/22/16 01:52:10
[2016.04.22-05.52.10:677][  0]LogInit:Display: Running engine for game: GameDev2
[2016.04.22-05.52.10:677][  0]LogPlatformFile: Not using cached read wrapper
[2016.04.22-05.52.10:677][  0]LogInit:Display: RandInit(-459060379) SRandInit(-459060378).
[2016.04.22-05.52.10:677][  0]LogTaskGraph: Started task graph with 4 named threads and 7 total threads.
[2016.04.22-05.52.10:677][  0]LogStats: Stats thread started at 0.063193
[2016.04.22-05.52.10:677][  0]LogInit: Version: 4.10.4-2872498+++depot+UE4-Releases+4.10
[2016.04.22-05.52.10:677][  0]LogInit: API Version: 2758231
[2016.04.22-05.52.10:677][  0]LogInit: Compiled (64-bit): Feb 18 2016 15:47:04
[2016.04.22-05.52.10:677][  0]LogInit: Compiled with Visual C++: 19.00.23026.00
[2016.04.22-05.52.10:677][  0]LogInit: Build Configuration: Development
[2016.04.22-05.52.10:677][  0]LogInit: Branch Name: ++depot+UE4-Releases+4.10
[2016.04.22-05.52.10:677][  0]LogInit: Command line:  
[2016.04.22-05.52.10:677][  0]LogInit: Base directory: J:/Game/Epic Games/4.10/Engine/Binaries/Win64/
[2016.04.22-05.52.10:677][  0]LogInit: Rocket: 1
[2016.04.22-05.52.10:681][  0]LogInit: Using libcurl 7.41.0
[2016.04.22-05.52.10:681][  0]LogInit:  - built for x86_64-pc-win32
[2016.04.22-05.52.10:681][  0]LogInit:  - supports SSL with WinSSL
[2016.04.22-05.52.10:681][  0]LogInit:  - other features:
[2016.04.22-05.52.10:681][  0]LogInit:      CURL_VERSION_SSL
[2016.04.22-05.52.10:681][  0]LogInit:      CURL_VERSION_IPV6
[2016.04.22-05.52.10:681][  0]LogInit:      CURL_VERSION_ASYNCHDNS
[2016.04.22-05.52.10:681][  0]LogInit:      CURL_VERSION_LARGEFILE
[2016.04.22-05.52.10:681][  0]LogInit:      CURL_VERSION_IDN
[2016.04.22-05.52.10:681][  0]LogInit:  CurlRequestOptions (configurable via config and command line):
[2016.04.22-05.52.10:681][  0]LogInit:  - bVerifyPeer = true  - Libcurl will verify peer certificate
[2016.04.22-05.52.10:681][  0]LogInit:  - bUseHttpProxy = false  - Libcurl will NOT use HTTP proxy
[2016.04.22-05.52.10:681][  0]LogInit:  - bDontReuseConnections = false  - Libcurl will reuse connections
[2016.04.22-05.52.10:681][  0]LogInit:  - CertBundlePath = nullptr  - Libcurl will use whatever was configured at build time.
[2016.04.22-05.52.10:685][  0]LogOnline:Display: STEAM: Loading Steam SDK 1.32
[2016.04.22-05.52.10:685][  0]LogOnline:Warning: STEAM: Steam API disabled!
[2016.04.22-05.52.10:685][  0]LogOnline:Display: STEAM: OnlineSubsystemSteam::Shutdown()
[2016.04.22-05.52.10:698][  0]LogInit: WinSock: version 1.1 (2.2), MaxSocks=32767, MaxUdp=65467
[2016.04.22-05.52.10:702][  0]LogVoice:Warning: Failed to initialize voice interface
[2016.04.22-05.52.10:704][  0]LogInit: Presizing for 0 objects not considered by GC, pre-allocating 0 bytes.
[2016.04.22-05.52.10:709][  0]LogInit: Object subsystem initialized
[2016.04.22-05.52.10:710][  0]LogInit: Selected Device Profile: [Windows]
[2016.04.22-05.52.10:710][  0]LogInit: Applying CVar settings loaded from the selected device profile: [Windows]
[2016.04.22-05.52.10:718][  0]LogInit: Computer: SHANYEPC
[2016.04.22-05.52.10:718][  0]LogInit: User: Shanye
[2016.04.22-05.52.10:718][  0]LogInit: CPU Page size=4096, Cores=4
[2016.04.22-05.52.10:718][  0]LogInit: High frequency timer resolution =3.507516 MHz
[2016.04.22-05.52.10:718][  0]LogMemory: Memory total: Physical=12.0GB (12GB approx)
[2016.04.22-05.52.10:718][  0]LogMemory: Platform Memory Stats for Windows
[2016.04.22-05.52.10:718][  0]LogMemory: Process Physical Memory: 58.09 MB used, 58.09 MB peak
[2016.04.22-05.52.10:718][  0]LogMemory: Process Virtual Memory: 59.13 MB used, 59.13 MB peak
[2016.04.22-05.52.10:718][  0]LogMemory: Physical Memory: 4237.91 MB used, 12239.21 MB total
[2016.04.22-05.52.10:718][  0]LogMemory: Virtual Memory: 388.48 MB used, 134217728.00 MB total
[2016.04.22-05.52.10:746][  0]LogTextLocalizationManager: No specific translations for ('en-US') exist, so ('en') translations will be used.
[2016.04.22-05.52.11:167][  0]LogD3D11RHI: Found D3D11 adapter 0: NVIDIA GeForce GT 720 (Feature Level 11_0)
[2016.04.22-05.52.11:167][  0]LogD3D11RHI: Adapter has 974MB of dedicated video memory, 0MB of dedicated system memory, and 6119MB of shared system memory, 2 output[s]
[2016.04.22-05.52.11:168][  0]LogD3D11RHI: Found D3D11 adapter 1: Microsoft Basic Render Driver (Feature Level 11_0)
[2016.04.22-05.52.11:168][  0]LogD3D11RHI: Adapter has 0MB of dedicated video memory, 0MB of dedicated system memory, and 6119MB of shared system memory, 0 output[s]
[2016.04.22-05.52.11:168][  0]LogD3D11RHI: Chosen D3D11 Adapter Id = 0
[2016.04.22-05.52.11:183][  0]LogD3D11RHI: !Direct3DDevice
[2016.04.22-05.52.11:183][  0]LogRHI: Texture pool is 682 MB (70% of 974 MB)
[2016.04.22-05.52.11:196][  0]LogD3D11RHI: Async texture creation enabled
[2016.04.22-05.52.11:213][  0]LogShaderCompilers: Guid format shader working directory is 11 characters bigger than the processId version (../../../../../Junior/Repo/GameDev2/Intermediate/Shaders/WorkingDirectory/72720/).
[2016.04.22-05.52.11:213][  0]LogShaderCompilers: Cleaned the shader compiler working directory 'C:/Users/Shanye/AppData/Local/Temp/UnrealShaderWorkingDir/6B21E2994E6750E98D8560A6BE6FD4C9/'.
[2016.04.22-05.52.11:213][  0]LogShaderCompilers:Display: Using Local Shader Compiler.
[2016.04.22-05.52.13:555][  0]LogTemp:Display: Loaded TP AllDesktopTargetPlatform
[2016.04.22-05.52.13:558][  0]LogTemp:Display: Loaded TP WindowsClientTargetPlatform
[2016.04.22-05.52.13:561][  0]LogTemp:Display: Loaded TP WindowsNoEditorTargetPlatform
[2016.04.22-05.52.13:563][  0]LogTemp:Display: Loaded TP WindowsServerTargetPlatform
[2016.04.22-05.52.13:567][  0]LogTemp:Display: Loaded TP WindowsTargetPlatform
[2016.04.22-05.52.13:571][  0]LogTemp:Display: Loaded TP AndroidTargetPlatform
[2016.04.22-05.52.13:575][  0]LogTemp:Display: Loaded TP Android_ASTCTargetPlatform
[2016.04.22-05.52.13:578][  0]LogTemp:Display: Loaded TP Android_ATCTargetPlatform
[2016.04.22-05.52.13:582][  0]LogTemp:Display: Loaded TP Android_DXTTargetPlatform
[2016.04.22-05.52.13:584][  0]LogTemp:Display: Loaded TP Android_ETC1TargetPlatform
[2016.04.22-05.52.13:587][  0]LogTemp:Display: Loaded TP Android_ETC2TargetPlatform
[2016.04.22-05.52.13:596][  0]LogTemp:Display: Loaded TP Android_MultiTargetPlatform
[2016.04.22-05.52.13:596][  0]LogTemp:Display: Loaded TP Android_PVRTCTargetPlatform
[2016.04.22-05.52.13:597][  0]LogTemp:Display: Loaded TP HTML5TargetPlatform
[2016.04.22-05.52.13:616][  0]LogTemp:Display: Loaded TP IOSTargetPlatform
[2016.04.22-05.52.13:619][  0]LogTemp:Display: Loaded TP LinuxNoEditorTargetPlatform
[2016.04.22-05.52.13:623][  0]LogTemp:Display: Loaded TP LinuxServerTargetPlatform
[2016.04.22-05.52.13:627][  0]LogTemp:Display: Loaded TP LinuxTargetPlatform
[2016.04.22-05.52.13:627][  0]LogTargetPlatformManager:Display: Building Assets For Windows
[2016.04.22-05.52.13:682][  0]LogDerivedDataCache:Display: Max Cache Size: 512 MB
[2016.04.22-05.52.21:563][  0]LogDerivedDataCache: Loaded boot cache 7.88s 41MB C:/Users/Shanye/AppData/Local/UnrealEngine/4.10/DerivedDataCache/Boot.ddc.
[2016.04.22-05.52.21:563][  0]LogDerivedDataCache:Display: Loaded Boot cache: C:/Users/Shanye/AppData/Local/UnrealEngine/4.10/DerivedDataCache/Boot.ddc
[2016.04.22-05.52.21:563][  0]LogDerivedDataCache: FDerivedDataBackendGraph:  Pak pak cache file ../../../../../Junior/Repo/GameDev2/DerivedDataCache/DDC.ddp not found, will not use a pak cache.
[2016.04.22-05.52.21:563][  0]LogDerivedDataCache: Unable to find inner node Pak for hierarchical cache Hierarchy.
[2016.04.22-05.52.21:563][  0]LogDerivedDataCache: FDerivedDataBackendGraph:  CompressedPak pak cache file ../../../../../Junior/Repo/GameDev2/DerivedDataCache/Compressed.ddp not found, will not use a pak cache.
[2016.04.22-05.52.21:563][  0]LogDerivedDataCache: Unable to find inner node CompressedPak for hierarchical cache Hierarchy.
[2016.04.22-05.52.22:199][  0]LogDerivedDataCache:Display: Pak cache opened for reading ../../../Engine/DerivedDataCache/Compressed.ddp.
[2016.04.22-05.52.22:212][  0]LogDerivedDataCache: Using Local data cache path C:/Users/Shanye/AppData/Local/UnrealEngine/Common/DerivedDataCache: Writable
[2016.04.22-05.52.34:033][  0]LogInit: Selected Device Profile: [Windows]
[2016.04.22-05.52.34:035][  0]LogContentStreaming: Texture pool size is 0.000000MB
[2016.04.22-05.52.34:177][  0]LogMeshUtilities: No automatic mesh reduction module available
[2016.04.22-05.52.34:177][  0]LogMeshUtilities: No automatic mesh merging module available
[2016.04.22-05.52.56:200][  0]UdpMessaging: Initializing bridge on interface 0.0.0.0:0 to multicast group 230.0.0.1:6666.
[2016.04.22-05.52.56:718][  0]LogAssetRegistry: FAssetRegistry took 0.0106 seconds to start up
[2016.04.22-05.52.57:221][  0]SourceControl: Info Source control is disabled
[2016.04.22-05.52.57:282][  0]SourceControl: Info Source control is disabled
[2016.04.22-05.52.57:354][  0]SourceControl: Info Source control is disabled
[2016.04.22-05.52.57:504][  0]SourceControl: Info Source control is disabled
[2016.04.22-05.52.59:285][  0]LogObj: 28640 objects as part of root set at end of initial load.
[2016.04.22-05.52.59:285][  0]LogUObjectAllocator: 6315720 out of 0 bytes used by permanent object pool.
[2016.04.22-05.52.59:515][  0]LogEngine: Initializing Engine...
[2016.04.22-05.52.59:517][  0]LogHMD: Can't find Oculus library dev build: is proper Runtime installed? Version: 0.8.0.0
[2016.04.22-05.52.59:608][  0]LogHMD: SteamVR failed to initialize.  Err: 110
[2016.04.22-05.52.59:732][  0]LogAIModule: Creating AISystem for world NewWorld
[2016.04.22-05.52.59:806][  0]LogInit: XAudio2 using 'Speakers (Realtek High Definition Audio)' : 2 channels at 48 kHz using 32 bits per sample (channel mask 0x3)
[2016.04.22-05.52.59:823][  0]LogInit: FAudioDevice initialized.
[2016.04.22-05.52.59:844][  0]LogDerivedDataCache: Saved boot cache 0.02s 41MB C:/Users/Shanye/AppData/Local/UnrealEngine/4.10/DerivedDataCache/Boot.ddc.
[2016.04.22-05.52.59:847][  0]LogInit: Texture streaming: Enabled
[2016.04.22-05.52.59:866][  0]LogAnalytics: Creating configured Analytics provider AnalyticsET
[2016.04.22-05.52.59:866][  0]LogAnalytics: [UEEditor.Rocket.Release] APIServer = http://et2.epicgames.com/ET2/. AppVersion = 4.10.4-2872498+++depot+UE4-Releases+4.10
[2016.04.22-05.52.59:866][  0]LogAnalytics: [UEEditor.Rocket.Release] SetUserId a32a4e514c2db6b4aa2fabb39e9eb0dd|d0364dc428fd4a30b51194022302dc17|e802f417-8768-47e2-9a46-4150259d8724
[2016.04.22-05.52.59:866][  0]LogAnalytics: [UEEditor.Rocket.Release] AnalyticsET::StartSession
[2016.04.22-05.53.00:633][  0]LogInit: Transaction tracking system initialized
[2016.04.22-05.53.00:887][  0]BlueprintLog: New page: Editor Load
[2016.04.22-05.53.02:426][  0]LocalizationService: Info Localization service is disabled
[2016.04.22-05.53.04:626][  0]LogLinker:Warning: Can't find file '/Game/TopDownBP/TopDownOverview'
[2016.04.22-05.53.04:626][  0]LogLinker:Warning: Can't find file '/Game/TopDownBP/TopDownOverview'
[2016.04.22-05.53.04:626][  0]LogUObjectGlobals:Warning: Failed to find object 'Class /Game/TopDownBP/TopDownOverview.TopDownOverview_C'
[2016.04.22-05.53.05:251][  0]LogConsoleResponse:Display: 
[2016.04.22-05.53.07:274][  0]LogCook:Display: Done creating registry. It took  0.00s.
[2016.04.22-05.53.08:105][  0]LogFileCache: Scanning file cache for directory 'J:/Game/Junior/Repo/GameDev2/Content/' took 0.01s
[2016.04.22-05.53.08:146][  0]SourceControl: Info Source control is disabled
[2016.04.22-05.53.08:146][  0]Cmd: MAP LOAD FILE="../../../../../Junior/Repo/GameDev2/Content/ProjectWarcrab/MainMenu.umap" TEMPLATE=0 SHOWPROGRESS=1 FEATURELEVEL=3
[2016.04.22-05.53.08:146][  0]LogEditorServer:Warning: Can't find file '../../../../../Junior/Repo/GameDev2/Content/ProjectWarcrab/MainMenu.umap'
[2016.04.22-05.53.08:146][  0]Cmd: MAP CHECKDEP NOCLEARLOG
[2016.04.22-05.53.08:172][  0]MapCheck: Info Map check complete: 0 Error(s), 0 Warning(s), took 25.498ms to complete.
[2016.04.22-05.53.08:172][  0]LogFileHelpers: Loading map 'MainMenu' took 0.026
[2016.04.22-05.53.08:441][  0]LogCollectionManager: Loaded 0 collections in 0.000958 seconds
[2016.04.22-05.53.08:482][  0]LogFileCache: Scanning file cache for directory 'J:/Game/Junior/Repo/GameDev2/Saved/Collections/' took 0.01s
[2016.04.22-05.53.08:482][  0]LogFileCache: Scanning file cache for directory 'J:/Game/Junior/Repo/GameDev2/Content/Developers/Shanye/Collections/' took 0.01s
[2016.04.22-05.53.08:482][  0]LogFileCache: Scanning file cache for directory 'J:/Game/Junior/Repo/GameDev2/Content/Collections/' took 0.01s
[2016.04.22-05.53.08:482][  0]LogCollectionManager: Rebuilt the GUID cache for 0 collections in 0.000001 seconds
[2016.04.22-05.53.08:488][  0]LogContentBrowser: Native class hierarchy populated in 0.0054 seconds. Added 1895 classes and 340 folders.
[2016.04.22-05.53.08:490][  0]LogContentBrowser: Native class hierarchy updated for 'WidgetCarousel' in 0.0003 seconds. Added 0 classes and 0 folders.
[2016.04.22-05.53.10:277][  0]LogContentBrowser: Native class hierarchy updated for 'AddContentDialog' in 0.0003 seconds. Added 0 classes and 0 folders.
[2016.04.22-05.53.10:301][  0]LogContentBrowser: Native class hierarchy updated for 'SceneOutliner' in 0.0003 seconds. Added 1 classes and 2 folders.
[2016.04.22-05.53.10:412][  0]LogCrashTracker: Crashtracker disabled due to settings.
[2016.04.22-05.53.10:416][  0]LogUObjectGlobals:Warning: Failed to find object 'Class None.'
[2016.04.22-05.53.10:439][  0]LogLoad: Full Startup: 60.10 seconds (BP compile: 0.00 seconds)
[2016.04.22-05.53.10:773][  0]LogWindowsTextInputMethodSystem:Display: IME system now deactivated.
[2016.04.22-05.53.10:780][  0]LogOcInput: Can't find Oculus library dev build: is proper Runtime installed? Version: 0.8.0.0
[2016.04.22-05.53.10:905][  0]LogContentStreaming: Texture pool size now 400 MB
[2016.04.22-05.53.11:018][  0]LogRenderer: Reallocating scene render targets to support 1208x572 (Frame:2).
[2016.04.22-05.53.11:125][  1]LogAssetRegistry: Asset discovery search completed in 14.4179 seconds
[2016.04.22-05.53.11:125][  1]LogCollectionManager: Rebuilt the object cache for 0 collections in 0.000001 seconds (found 0 objects)
[2016.04.22-05.53.11:125][  1]LogCollectionManager: Fixed up redirectors for 0 collections in 0.000014 seconds (updated 0 objects)
[2016.04.22-05.54.27:767][792]LogRenderer: Reallocating scene render targets to support 1220x572 (Frame:5).
[2016.04.22-05.54.39:574][ 18]LogSkeletalMesh: InitArticulated: Bodies already created (/Engine/Transient.DebugSkelMeshComponent_0) - call TermArticulated first.
[2016.04.22-05.54.40:203][ 18]LogContentBrowser:Verbose: The majority of assets in the view are of type: AnimSequence
[2016.04.22-05.55.46:338][ 90]LogParticles: Destroying 0 GPU particle simulations for FXSystem 0x000002AAFFB78E00
[2016.04.22-05.55.46:338][ 90]LogParticles: Destroying 0 GPU particle simulations for FXSystem 0x000002AAFFB78860
[2016.04.22-05.55.46:357][ 90]LogParticles: Destroying 0 GPU particle simulations for FXSystem 0x000002AA859E8860
[2016.04.22-05.55.46:450][ 90]LogWindowsTextInputMethodSystem:Display: IME system now deactivated.
[2016.04.22-05.55.46:640][ 91]Cmd: QUIT_EDITOR
[2016.04.22-05.55.46:754][ 91]LogExit: Preparing to exit.
[2016.04.22-05.55.47:316][ 91]LogExit: Editor shut down
[2016.04.22-05.55.47:317][ 91]LogParticles: Destroying 0 GPU particle simulations for FXSystem 0x000002AAE410AAC0
[2016.04.22-05.55.47:317][ 91]LogExit: Transaction tracking system shut down
[2016.04.22-05.55.47:318][ 91]LogParticles: Destroying 0 GPU particle simulations for FXSystem 0x000002AAD6A02AC0
[2016.04.22-05.55.47:318][ 91]LogParticles: Destroying 0 GPU particle simulations for FXSystem 0x000002AA89462340
[2016.04.22-05.55.47:318][ 91]LogParticles: Destroying 0 GPU particle simulations for FXSystem 0x000002AA894620C0
[2016.04.22-05.55.47:318][ 91]LogParticles: Destroying 0 GPU particle simulations for FXSystem 0x000002AA89461F80
[2016.04.22-05.55.47:432][ 91]LogExit: Object subsystem successfully closed.
[2016.04.22-05.55.47:447][ 91]LogD3D11RHI: Shutdown
[2016.04.22-05.55.47:447][ 91]LogD3D11RHI: CleanupD3DDevice
[2016.04.22-05.55.47:486][ 91]LogD3D11RHI: ~FD3D11DynamicRHI
[2016.04.22-05.55.47:497][ 91]LogModuleManager: Shutting down and abandoning module CrashTracker (200)
[2016.04.22-05.55.47:497][ 91]LogModuleManager: Shutting down and abandoning module SceneOutliner (199)
[2016.04.22-05.55.47:497][ 91]LogModuleManager: Shutting down and abandoning module SuperSearch (198)
[2016.04.22-05.55.47:498][ 91]LogModuleManager: Shutting down and abandoning module WidgetCarousel (197)
[2016.04.22-05.55.47:498][ 91]LogModuleManager: Shutting down and abandoning module AddContentDialog (196)
[2016.04.22-05.55.47:499][ 91]LogModuleManager: Shutting down and abandoning module EditorWidgets (195)
[2016.04.22-05.55.47:499][ 91]LogModuleManager: Shutting down and abandoning module CollectionManager (194)
[2016.04.22-05.55.47:499][ 91]LogModuleManager: Shutting down and abandoning module FoliageEdit (193)
[2016.04.22-05.55.47:499][ 91]LogModuleManager: Shutting down and abandoning module LandscapeEditor (192)
[2016.04.22-05.55.47:499][ 91]LogModuleManager: Shutting down and abandoning module ActorPickerMode (191)
[2016.04.22-05.55.47:499][ 91]LogModuleManager: Shutting down and abandoning module GeometryMode (190)
[2016.04.22-05.55.47:499][ 91]LogModuleManager: Shutting down and abandoning module TextureAlignMode (189)
[2016.04.22-05.55.47:499][ 91]LogModuleManager: Shutting down and abandoning module BspMode (188)
[2016.04.22-05.55.47:499][ 91]LogModuleManager: Shutting down and abandoning module PlacementMode (187)
[2016.04.22-05.55.47:499][ 91]LogModuleManager: Shutting down and abandoning module AutomationWorker (186)
[2016.04.22-05.55.47:499][ 91]LogModuleManager: Shutting down and abandoning module CharacterAI (185)
[2016.04.22-05.55.47:499][ 91]LogModuleManager: Shutting down and abandoning module SmartSnapping (184)
[2016.04.22-05.55.47:499][ 91]LogModuleManager: Shutting down and abandoning module ViewportSnapping (183)
[2016.04.22-05.55.47:499][ 91]LogModuleManager: Shutting down and abandoning module LogVisualizer (182)
[2016.04.22-05.55.47:499][ 91]LogModuleManager: Shutting down and abandoning module GameProjectGeneration (181)
[2016.04.22-05.55.47:499][ 91]LogModuleManager: Shutting down and abandoning module IntroTutorials (180)
[2016.04.22-05.55.47:499][ 91]LogModuleManager: Shutting down and abandoning module EditorLiveStreaming (179)
[2016.04.22-05.55.47:499][ 91]LogModuleManager: Shutting down and abandoning module IOSPlatformEditor (178)
[2016.04.22-05.55.47:499][ 91]LogModuleManager: Shutting down and abandoning module HTML5PlatformEditor (177)
[2016.04.22-05.55.47:499][ 91]LogModuleManager: Shutting down and abandoning module AndroidDeviceDetection (176)
[2016.04.22-05.55.48:312][ 91]LogModuleManager: Shutting down and abandoning module AndroidPlatformEditor (175)
[2016.04.22-05.55.48:312][ 91]LogModuleManager: Shutting down and abandoning module IOSRuntimeSettings (174)
[2016.04.22-05.55.48:312][ 91]LogModuleManager: Shutting down and abandoning module AndroidRuntimeSettings (173)
[2016.04.22-05.55.48:312][ 91]LogModuleManager: Shutting down and abandoning module MergeActors (172)
[2016.04.22-05.55.48:312][ 91]LogModuleManager: Shutting down and abandoning module SizeMap (171)
[2016.04.22-05.55.48:312][ 91]LogModuleManager: Shutting down and abandoning module TreeMap (170)
[2016.04.22-05.55.48:312][ 91]LogModuleManager: Shutting down and abandoning module ReferenceViewer (169)
[2016.04.22-05.55.48:312][ 91]LogModuleManager: Shutting down and abandoning module LocalizationService (168)
[2016.04.22-05.55.48:313][ 91]LogModuleManager: Shutting down and abandoning module LocalizationDashboard (167)
[2016.04.22-05.55.48:313][ 91]LogModuleManager: Shutting down and abandoning module HardwareTargeting (166)
[2016.04.22-05.55.48:313][ 91]LogModuleManager: Shutting down and abandoning module DeviceProfileEditor (165)
[2016.04.22-05.55.48:313][ 91]LogModuleManager: Shutting down and abandoning module UndoHistory (164)
[2016.04.22-05.55.48:313][ 91]LogModuleManager: Shutting down and abandoning module GameplayTagsEditor (163)
[2016.04.22-05.55.48:313][ 91]LogModuleManager: Shutting down and abandoning module UserFeedback (162)
[2016.04.22-05.55.48:313][ 91]LogModuleManager: Shutting down and abandoning module XmlParser (161)
[2016.04.22-05.55.48:313][ 91]LogModuleManager: Shutting down and abandoning module Blutility (160)
[2016.04.22-05.55.48:313][ 91]LogModuleManager: Shutting down and abandoning module ProjectTargetPlatformEditor (159)
[2016.04.22-05.55.48:313][ 91]LogModuleManager: Shutting down and abandoning module ProjectSettingsViewer (158)
[2016.04.22-05.55.48:313][ 91]LogModuleManager: Shutting down and abandoning module InputBindingEditor (157)
[2016.04.22-05.55.48:313][ 91]LogModuleManager: Shutting down and abandoning module EditorSettingsViewer (156)
[2016.04.22-05.55.48:313][ 91]LogModuleManager: Shutting down and abandoning module SettingsEditor (155)
[2016.04.22-05.55.48:313][ 91]LogModuleManager: Shutting down and abandoning module ProjectLauncher (154)
[2016.04.22-05.55.48:313][ 91]LogModuleManager: Shutting down and abandoning module SessionFrontend (153)
[2016.04.22-05.55.48:313][ 91]LogModuleManager: Shutting down and abandoning module ProfilerClient (152)
[2016.04.22-05.55.48:313][ 91]LogModuleManager: Shutting down and abandoning module TargetDeviceServices (151)
[2016.04.22-05.55.48:313][ 91]LogModuleManager: Shutting down and abandoning module DeviceManager (150)
[2016.04.22-05.55.48:313][ 91]LogModuleManager: Shutting down and abandoning module AutomationController (149)
[2016.04.22-05.55.48:313][ 91]LogModuleManager: Shutting down and abandoning module AutomationWindow (148)
[2016.04.22-05.55.48:313][ 91]LogModuleManager: Shutting down and abandoning module Layers (147)
[2016.04.22-05.55.48:313][ 91]LogModuleManager: Shutting down and abandoning module ComponentVisualizers (146)
[2016.04.22-05.55.48:313][ 91]LogModuleManager: Shutting down and abandoning module DetailCustomizations (145)
[2016.04.22-05.55.48:313][ 91]LogModuleManager: Shutting down and abandoning module PackagesDialog (144)
[2016.04.22-05.55.48:313][ 91]LogModuleManager: Shutting down and abandoning module Persona (143)
[2016.04.22-05.55.48:313][ 91]LogModuleManager: Shutting down and abandoning module Kismet (142)
[2016.04.22-05.55.48:313][ 91]LogModuleManager: Shutting down and abandoning module GraphEditor (141)
[2016.04.22-05.55.48:313][ 91]LogModuleManager: Shutting down and abandoning module ClassViewer (140)
[2016.04.22-05.55.48:314][ 91]LogModuleManager: Shutting down and abandoning module Toolbox (139)
[2016.04.22-05.55.48:314][ 91]LogModuleManager: Shutting down and abandoning module ModuleUI (138)
[2016.04.22-05.55.48:314][ 91]LogModuleManager: Shutting down and abandoning module MovieSceneTools (137)
[2016.04.22-05.55.48:314][ 91]LogModuleManager: Shutting down and abandoning module OutputLog (136)
[2016.04.22-05.55.48:314][ 91]LogModuleManager: Shutting down and abandoning module GammaUI (135)
[2016.04.22-05.55.48:314][ 91]LogModuleManager: Shutting down and abandoning module Documentation (134)
[2016.04.22-05.55.48:314][ 91]LogModuleManager: Shutting down and abandoning module GameLiveStreaming (133)
[2016.04.22-05.55.48:314][ 91]LogModuleManager: Shutting down and abandoning module StreamingPauseRendering (132)
[2016.04.22-05.55.48:314][ 91]LogModuleManager: Shutting down and abandoning module AnalyticsET (131)
[2016.04.22-05.55.48:314][ 91]LogModuleManager: Shutting down and abandoning module Analytics (130)
[2016.04.22-05.55.48:314][ 91]LogModuleManager: Shutting down and abandoning module AITestSuite (129)
[2016.04.22-05.55.48:314][ 91]LogModuleManager: Shutting down and abandoning module GameplayDebugger (128)
[2016.04.22-05.55.48:314][ 91]LogModuleManager: Shutting down and abandoning module AIModule (127)
[2016.04.22-05.55.48:314][ 91]LogModuleManager: Shutting down and abandoning module ProfilerService (126)
[2016.04.22-05.55.48:343][ 91]LogModuleManager: Shutting down and abandoning module TaskGraph (125)
[2016.04.22-05.55.48:344][ 91]LogModuleManager: Shutting down and abandoning module SlateRemote (124)
[2016.04.22-05.55.48:344][ 91]LogModuleManager: Shutting down and abandoning module SteamVRController (123)
[2016.04.22-05.55.48:344][ 91]LogModuleManager: Shutting down and abandoning module SteamVR (122)
[2016.04.22-05.55.48:344][ 91]LogModuleManager: Shutting down and abandoning module ProceduralMeshComponent (121)
[2016.04.22-05.55.48:344][ 91]LogModuleManager: Shutting down and abandoning module OculusLibrary (120)
[2016.04.22-05.55.48:344][ 91]LogModuleManager: Shutting down and abandoning module OculusInput (119)
[2016.04.22-05.55.48:344][ 91]LogModuleManager: Shutting down and abandoning module LeapMotionController (118)
[2016.04.22-05.55.48:371][ 91]LogModuleManager: Shutting down and abandoning module CustomMeshComponent (117)
[2016.04.22-05.55.48:371][ 91]LogModuleManager: Shutting down and abandoning module CableComponent (116)
[2016.04.22-05.55.48:371][ 91]LogModuleManager: Shutting down and abandoning module ArchVisCharacter (115)
[2016.04.22-05.55.48:371][ 91]LogModuleManager: Shutting down and abandoning module MessagingDebugger (114)
[2016.04.22-05.55.48:371][ 91]LogModuleManager: Shutting down and abandoning module MediaPlayerEditor (113)
[2016.04.22-05.55.48:371][ 91]LogModuleManager: Shutting down and abandoning module HTML5Networking (112)
[2016.04.22-05.55.48:371][ 91]LogModuleManager: Shutting down and abandoning module SpeedTreeImporter (111)
[2016.04.22-05.55.48:371][ 91]LogModuleManager: Shutting down and abandoning module PluginBrowser (110)
[2016.04.22-05.55.48:371][ 91]LogModuleManager: Shutting down and abandoning module EpicSurvey (109)
[2016.04.22-05.55.48:371][ 91]LogModuleManager: Shutting down and abandoning module DesktopPlatform (108)
[2016.04.22-05.55.48:371][ 91]LogModuleManager: Shutting down and abandoning module VisualStudioSourceCodeAccess (107)
[2016.04.22-05.55.48:371][ 91]LogModuleManager: Shutting down and abandoning module UObjectPlugin (106)
[2016.04.22-05.55.48:371][ 91]LogModuleManager: Shutting down and abandoning module SubversionSourceControl (105)
[2016.04.22-05.55.48:371][ 91]LogModuleManager: Shutting down and abandoning module PerforceSourceControl (104)
[2016.04.22-05.55.48:371][ 91]LogModuleManager: Shutting down and abandoning module SourceControl (103)
[2016.04.22-05.55.48:371][ 91]LogModuleManager: Shutting down and abandoning module GitSourceControl (102)
[2016.04.22-05.55.48:371][ 91]LogModuleManager: Shutting down and abandoning module LightPropagationVolumeEditor (101)
[2016.04.22-05.55.48:371][ 91]LogModuleManager: Shutting down and abandoning module PaperTiledImporter (100)
[2016.04.22-05.55.48:371][ 91]LogModuleManager: Shutting down and abandoning module PaperSpriteSheetImporter (99)
[2016.04.22-05.55.48:371][ 91]LogModuleManager: Shutting down and abandoning module MeshPaint (98)
[2016.04.22-05.55.48:371][ 91]LogModuleManager: Shutting down and abandoning module SlateReflector (97)
[2016.04.22-05.55.48:371][ 91]LogModuleManager: Shutting down and abandoning module HotReload (96)
[2016.04.22-05.55.48:371][ 91]LogModuleManager: Shutting down and abandoning module MainFrame (95)
[2016.04.22-05.55.48:371][ 91]LogModuleManager: Shutting down and abandoning module LevelEditor (94)
[2016.04.22-05.55.48:372][ 91]LogModuleManager: Shutting down and abandoning module DirectoryWatcher (93)
[2016.04.22-05.55.48:373][ 91]LogModuleManager: Shutting down and abandoning module AssetRegistry (92)
[2016.04.22-05.55.48:458][ 91]LogModuleManager: Shutting down and abandoning module ContentBrowser (91)
[2016.04.22-05.55.48:458][ 91]LogModuleManager: Shutting down and abandoning module Paper2DEditor (90)
[2016.04.22-05.55.48:458][ 91]LogModuleManager: Shutting down and abandoning module UdpMessaging (89)
[2016.04.22-05.55.48:559][ 91]LogModuleManager: Shutting down and abandoning module LightPropagationVolumeRuntime (88)
[2016.04.22-05.55.48:559][ 91]LogModuleManager: Shutting down and abandoning module Paper2D (87)
[2016.04.22-05.55.48:559][ 91]LogModuleManager: Shutting down and abandoning module WindowsMoviePlayer (86)
[2016.04.22-05.55.48:562][ 91]LogModuleManager: Shutting down and abandoning module Media (85)
[2016.04.22-05.55.48:562][ 91]LogModuleManager: Shutting down and abandoning module WmfMedia (84)
[2016.04.22-05.55.48:562][ 91]LogModuleManager: Shutting down and abandoning module OnlineBlueprintSupport (83)
[2016.04.22-05.55.48:562][ 91]LogModuleManager: Shutting down and abandoning module GameplayTasksEditor (82)
[2016.04.22-05.55.48:562][ 91]LogModuleManager: Shutting down and abandoning module PropertyEditor (81)
[2016.04.22-05.55.48:562][ 91]LogModuleManager: Shutting down and abandoning module BehaviorTreeEditor (80)
[2016.04.22-05.55.48:562][ 91]LogModuleManager: Shutting down and abandoning module FunctionalTesting (79)
[2016.04.22-05.55.48:562][ 91]LogModuleManager: Shutting down and abandoning module CollisionAnalyzer (78)
[2016.04.22-05.55.48:562][ 91]LogModuleManager: Shutting down and abandoning module WorkspaceMenuStructure (77)
[2016.04.22-05.55.48:562][ 91]LogModuleManager: Shutting down and abandoning module MessageLog (76)
[2016.04.22-05.55.48:562][ 91]LogModuleManager: Shutting down and abandoning module Sequencer (75)
[2016.04.22-05.55.48:562][ 91]LogModuleManager: Shutting down and abandoning module AssetTools (74)
[2016.04.22-05.55.48:562][ 91]LogModuleManager: Shutting down and abandoning module UMGEditor (73)
[2016.04.22-05.55.48:562][ 91]LogModuleManager: Shutting down and abandoning module UMG (72)
[2016.04.22-05.55.48:562][ 91]LogModuleManager: Shutting down and abandoning module Slate (71)
[2016.04.22-05.55.48:562][ 91]LogModuleManager: Shutting down and abandoning module EditorStyle (70)
[2016.04.22-05.55.48:564][ 91]LogModuleManager: Shutting down and abandoning module SessionServices (69)
[2016.04.22-05.55.48:564][ 91]LogModuleManager: Shutting down and abandoning module SourceCodeAccess (68)
[2016.04.22-05.55.48:564][ 91]LogModuleManager: Shutting down and abandoning module HeadMountedDisplay (67)
[2016.04.22-05.55.48:564][ 91]LogModuleManager: Shutting down and abandoning module XAudio2 (66)
[2016.04.22-05.55.48:564][ 91]LogModuleManager: Shutting down and abandoning module Networking (65)
[2016.04.22-05.55.48:564][ 91]LogModuleManager: Shutting down and abandoning module Core (64)
[2016.04.22-05.55.48:564][ 91]LogModuleManager: Shutting down and abandoning module KismetCompiler (63)
[2016.04.22-05.55.48:564][ 91]LogModuleManager: Shutting down and abandoning module PhysXFormats (62)
[2016.04.22-05.55.48:564][ 91]LogModuleManager: Shutting down and abandoning module MeshUtilities (61)
[2016.04.22-05.55.48:564][ 91]LogModuleManager: Shutting down and abandoning module DerivedDataCache (60)
[2016.04.22-05.55.48:663][ 91]LogDerivedDataCache: Shutdown
[2016.04.22-05.55.48:663][ 91]LogModuleManager: Shutting down and abandoning module ShaderFormatOpenGL (59)
[2016.04.22-05.55.48:663][ 91]LogModuleManager: Shutting down and abandoning module ShaderFormatD3D (58)
[2016.04.22-05.55.48:663][ 91]LogModuleManager: Shutting down and abandoning module MetalShaderFormat (57)
[2016.04.22-05.55.48:663][ 91]LogModuleManager: Shutting down and abandoning module TextureFormatUncompressed (56)
[2016.04.22-05.55.48:663][ 91]LogModuleManager: Shutting down and abandoning module TextureFormatPVR (55)
[2016.04.22-05.55.48:663][ 91]LogModuleManager: Shutting down and abandoning module TextureFormatIntelISPCTexComp (54)
[2016.04.22-05.55.48:663][ 91]LogModuleManager: Shutting down and abandoning module TextureFormatDXT (53)
[2016.04.22-05.55.48:663][ 91]LogModuleManager: Shutting down and abandoning module ImageWrapper (52)
[2016.04.22-05.55.48:663][ 91]LogModuleManager: Shutting down and abandoning module TextureFormatASTC (51)
[2016.04.22-05.55.48:663][ 91]LogModuleManager: Shutting down and abandoning module TextureFormatAndroid (50)
[2016.04.22-05.55.48:663][ 91]LogModuleManager: Shutting down and abandoning module AudioFormatOpus (49)
[2016.04.22-05.55.48:663][ 91]LogModuleManager: Shutting down and abandoning module AudioFormatOgg (48)
[2016.04.22-05.55.48:663][ 91]LogModuleManager: Shutting down and abandoning module AudioFormatADPCM (47)
[2016.04.22-05.55.48:663][ 91]LogModuleManager: Shutting down and abandoning module LinuxTargetPlatform (46)
[2016.04.22-05.55.48:663][ 91]LogModuleManager: Shutting down and abandoning module LinuxServerTargetPlatform (45)
[2016.04.22-05.55.48:663][ 91]LogModuleManager: Shutting down and abandoning module LinuxNoEditorTargetPlatform (44)
[2016.04.22-05.55.48:663][ 91]LogModuleManager: Shutting down and abandoning module Messaging (43)
[2016.04.22-05.55.48:663][ 91]LogModuleManager: Shutting down and abandoning module IOSTargetPlatform (42)
[2016.04.22-05.55.48:663][ 91]LogModuleManager: Shutting down and abandoning module HTML5TargetPlatform (41)
[2016.04.22-05.55.48:663][ 91]LogModuleManager: Shutting down and abandoning module Android_PVRTCTargetPlatform (40)
[2016.04.22-05.55.48:663][ 91]LogModuleManager: Shutting down and abandoning module Android_MultiTargetPlatform (39)
[2016.04.22-05.55.48:663][ 91]LogModuleManager: Shutting down and abandoning module Android_ETC2TargetPlatform (38)
[2016.04.22-05.55.48:663][ 91]LogModuleManager: Shutting down and abandoning module Android_ETC1TargetPlatform (37)
[2016.04.22-05.55.48:663][ 91]LogModuleManager: Shutting down and abandoning module Android_DXTTargetPlatform (36)
[2016.04.22-05.55.48:663][ 91]LogModuleManager: Shutting down and abandoning module Android_ATCTargetPlatform (35)
[2016.04.22-05.55.48:663][ 91]LogModuleManager: Shutting down and abandoning module Android_ASTCTargetPlatform (34)
[2016.04.22-05.55.48:663][ 91]LogModuleManager: Shutting down and abandoning module AndroidTargetPlatform (33)
[2016.04.22-05.55.48:663][ 91]LogModuleManager: Shutting down and abandoning module WindowsTargetPlatform (32)
[2016.04.22-05.55.48:663][ 91]LogModuleManager: Shutting down and abandoning module WindowsServerTargetPlatform (31)
[2016.04.22-05.55.48:663][ 91]LogModuleManager: Shutting down and abandoning module WindowsNoEditorTargetPlatform (30)
[2016.04.22-05.55.48:663][ 91]LogModuleManager: Shutting down and abandoning module WindowsClientTargetPlatform (29)
[2016.04.22-05.55.48:663][ 91]LogModuleManager: Shutting down and abandoning module AllDesktopTargetPlatform (28)
[2016.04.22-05.55.48:663][ 91]LogModuleManager: Shutting down and abandoning module TargetPlatform (27)
[2016.04.22-05.55.48:663][ 91]LogModuleManager: Shutting down and abandoning module InputCore (26)
[2016.04.22-05.55.48:663][ 91]LogModuleManager: Shutting down and abandoning module Settings (25)
[2016.04.22-05.55.48:663][ 91]LogModuleManager: Shutting down and abandoning module Voice (23)
[2016.04.22-05.55.48:663][ 91]LogModuleManager: Shutting down and abandoning module OnlineSubsystem (19)
[2016.04.22-05.55.48:663][ 91]LogOnline:Display: NULL: FOnlineSubsystemNull::Shutdown()
[2016.04.22-05.55.48:663][ 91]LogOnline:Display: Unloading online subsystem: STEAM
[2016.04.22-05.55.48:663][ 91]LogOnline:Display: Unloading online subsystem: Null
[2016.04.22-05.55.48:663][ 91]LogModuleManager: Shutting down and abandoning module HTTP (18)
[2016.04.22-05.55.50:665][ 91]LogModuleManager: Shutting down and abandoning module XMPP (17)
[2016.04.22-05.55.50:665][ 91]LogModuleManager: Shutting down and abandoning module OculusRift (16)
[2016.04.22-05.55.50:665][ 91]LogModuleManager: Shutting down and abandoning module ExampleDeviceProfileSelector (15)
[2016.04.22-05.55.50:665][ 91]LogModuleManager: Shutting down and abandoning module TextureCompressor (14)
[2016.04.22-05.55.50:665][ 91]LogModuleManager: Shutting down and abandoning module ShaderCore (13)
[2016.04.22-05.55.50:665][ 91]LogModuleManager: Shutting down and abandoning module Landscape (12)
[2016.04.22-05.55.50:665][ 91]LogModuleManager: Shutting down and abandoning module SlateRHIRenderer (11)
[2016.04.22-05.55.50:666][ 91]LogModuleManager: Shutting down and abandoning module OpenGLDrv (10)
[2016.04.22-05.55.50:666][ 91]LogModuleManager: Shutting down and abandoning module D3D11RHI (9)
[2016.04.22-05.55.50:666][ 91]LogModuleManager: Shutting down and abandoning module AnimGraphRuntime (8)
[2016.04.22-05.55.50:666][ 91]LogModuleManager: Shutting down and abandoning module Renderer (7)
[2016.04.22-05.55.50:666][ 91]LogModuleManager: Shutting down and abandoning module Engine (6)
[2016.04.22-05.55.50:666][ 91]LogModuleManager: Shutting down and abandoning module CoreUObject (5)
[2016.04.22-05.55.50:666][ 91]LogModuleManager: Shutting down and abandoning module NetworkFile (4)
[2016.04.22-05.55.50:666][ 91]LogModuleManager: Shutting down and abandoning module StreamingFile (3)
[2016.04.22-05.55.50:666][ 91]LogModuleManager: Shutting down and abandoning module SandboxFile (2)
[2016.04.22-05.55.50:666][ 91]LogModuleManager: Shutting down and abandoning module PakFile (1)
[2016.04.22-05.55.50:667][ 91]LogExit: Exiting.
[2016.04.22-05.55.50:668][ 91]Log file closed, 04/22/16 01:55:50
