[2016.04.27-02.05.35:811][  0]Log file open, 04/26/16 22:05:35
[2016.04.27-02.05.35:811][  0]LogInit:Display: Running engine for game: GameDev2
[2016.04.27-02.05.35:811][  0]LogPlatformFile: Not using cached read wrapper
[2016.04.27-02.05.35:811][  0]LogInit:Display: RandInit(-1676512738) SRandInit(-1676512737).
[2016.04.27-02.05.35:812][  0]LogTaskGraph: Started task graph with 4 named threads and 7 total threads.
[2016.04.27-02.05.35:812][  0]LogStats: Stats thread started at 0.063457
[2016.04.27-02.05.35:812][  0]LogInit: Version: 4.10.4-2872498+++depot+UE4-Releases+4.10
[2016.04.27-02.05.35:812][  0]LogInit: API Version: 2758231
[2016.04.27-02.05.35:812][  0]LogInit: Compiled (64-bit): Feb 18 2016 15:47:04
[2016.04.27-02.05.35:812][  0]LogInit: Compiled with Visual C++: 19.00.23026.00
[2016.04.27-02.05.35:812][  0]LogInit: Build Configuration: Development
[2016.04.27-02.05.35:812][  0]LogInit: Branch Name: ++depot+UE4-Releases+4.10
[2016.04.27-02.05.35:812][  0]LogInit: Command line:  
[2016.04.27-02.05.35:812][  0]LogInit: Base directory: J:/Game/Epic Games/4.10/Engine/Binaries/Win64/
[2016.04.27-02.05.35:812][  0]LogInit: Rocket: 1
[2016.04.27-02.05.35:816][  0]LogInit: Using libcurl 7.41.0
[2016.04.27-02.05.35:816][  0]LogInit:  - built for x86_64-pc-win32
[2016.04.27-02.05.35:816][  0]LogInit:  - supports SSL with WinSSL
[2016.04.27-02.05.35:816][  0]LogInit:  - other features:
[2016.04.27-02.05.35:816][  0]LogInit:      CURL_VERSION_SSL
[2016.04.27-02.05.35:816][  0]LogInit:      CURL_VERSION_IPV6
[2016.04.27-02.05.35:816][  0]LogInit:      CURL_VERSION_ASYNCHDNS
[2016.04.27-02.05.35:816][  0]LogInit:      CURL_VERSION_LARGEFILE
[2016.04.27-02.05.35:816][  0]LogInit:      CURL_VERSION_IDN
[2016.04.27-02.05.35:816][  0]LogInit:  CurlRequestOptions (configurable via config and command line):
[2016.04.27-02.05.35:816][  0]LogInit:  - bVerifyPeer = true  - Libcurl will verify peer certificate
[2016.04.27-02.05.35:816][  0]LogInit:  - bUseHttpProxy = false  - Libcurl will NOT use HTTP proxy
[2016.04.27-02.05.35:816][  0]LogInit:  - bDontReuseConnections = false  - Libcurl will reuse connections
[2016.04.27-02.05.35:816][  0]LogInit:  - CertBundlePath = nullptr  - Libcurl will use whatever was configured at build time.
[2016.04.27-02.05.35:819][  0]LogOnline:Display: STEAM: Loading Steam SDK 1.32
[2016.04.27-02.05.35:820][  0]LogOnline:Warning: STEAM: Steam API disabled!
[2016.04.27-02.05.35:820][  0]LogOnline:Display: STEAM: OnlineSubsystemSteam::Shutdown()
[2016.04.27-02.05.35:832][  0]LogInit: WinSock: version 1.1 (2.2), MaxSocks=32767, MaxUdp=65467
[2016.04.27-02.05.35:836][  0]LogVoice:Warning: Failed to initialize voice interface
[2016.04.27-02.05.35:837][  0]LogInit: Presizing for 0 objects not considered by GC, pre-allocating 0 bytes.
[2016.04.27-02.05.35:842][  0]LogInit: Object subsystem initialized
[2016.04.27-02.05.35:842][  0]LogInit: Selected Device Profile: [Windows]
[2016.04.27-02.05.35:842][  0]LogInit: Applying CVar settings loaded from the selected device profile: [Windows]
[2016.04.27-02.05.35:851][  0]LogInit: Computer: SHANYEPC
[2016.04.27-02.05.35:851][  0]LogInit: User: Shanye
[2016.04.27-02.05.35:851][  0]LogInit: CPU Page size=4096, Cores=4
[2016.04.27-02.05.35:851][  0]LogInit: High frequency timer resolution =3.507516 MHz
[2016.04.27-02.05.35:851][  0]LogMemory: Memory total: Physical=12.0GB (12GB approx)
[2016.04.27-02.05.35:851][  0]LogMemory: Platform Memory Stats for Windows
[2016.04.27-02.05.35:851][  0]LogMemory: Process Physical Memory: 58.07 MB used, 58.07 MB peak
[2016.04.27-02.05.35:851][  0]LogMemory: Process Virtual Memory: 59.11 MB used, 59.11 MB peak
[2016.04.27-02.05.35:851][  0]LogMemory: Physical Memory: 5515.14 MB used, 12239.21 MB total
[2016.04.27-02.05.35:851][  0]LogMemory: Virtual Memory: 388.48 MB used, 134217728.00 MB total
[2016.04.27-02.05.35:881][  0]LogTextLocalizationManager: No specific translations for ('en-US') exist, so ('en') translations will be used.
[2016.04.27-02.05.36:239][  0]LogD3D11RHI: Found D3D11 adapter 0: NVIDIA GeForce GT 720 (Feature Level 11_0)
[2016.04.27-02.05.36:239][  0]LogD3D11RHI: Adapter has 974MB of dedicated video memory, 0MB of dedicated system memory, and 6119MB of shared system memory, 2 output[s]
[2016.04.27-02.05.36:241][  0]LogD3D11RHI: Found D3D11 adapter 1: Microsoft Basic Render Driver (Feature Level 11_0)
[2016.04.27-02.05.36:241][  0]LogD3D11RHI: Adapter has 0MB of dedicated video memory, 0MB of dedicated system memory, and 6119MB of shared system memory, 0 output[s]
[2016.04.27-02.05.36:241][  0]LogD3D11RHI: Chosen D3D11 Adapter Id = 0
[2016.04.27-02.05.36:256][  0]LogD3D11RHI: !Direct3DDevice
[2016.04.27-02.05.36:256][  0]LogRHI: Texture pool is 682 MB (70% of 974 MB)
[2016.04.27-02.05.36:269][  0]LogD3D11RHI: Async texture creation enabled
[2016.04.27-02.05.36:285][  0]LogShaderCompilers: Guid format shader working directory is 10 characters bigger than the processId version (../../../../../Junior/Repo/GameDev2/Intermediate/Shaders/WorkingDirectory/128848/).
[2016.04.27-02.05.36:285][  0]LogShaderCompilers: Cleaned the shader compiler working directory 'C:/Users/Shanye/AppData/Local/Temp/UnrealShaderWorkingDir/1805BFAE496B34BB2268D2A62A79C504/'.
[2016.04.27-02.05.36:285][  0]LogShaderCompilers:Display: Using Local Shader Compiler.
[2016.04.27-02.05.36:918][  0]LogTemp:Display: Loaded TP AllDesktopTargetPlatform
[2016.04.27-02.05.36:920][  0]LogTemp:Display: Loaded TP WindowsClientTargetPlatform
[2016.04.27-02.05.36:923][  0]LogTemp:Display: Loaded TP WindowsNoEditorTargetPlatform
[2016.04.27-02.05.36:926][  0]LogTemp:Display: Loaded TP WindowsServerTargetPlatform
[2016.04.27-02.05.36:928][  0]LogTemp:Display: Loaded TP WindowsTargetPlatform
[2016.04.27-02.05.36:930][  0]LogTemp:Display: Loaded TP AndroidTargetPlatform
[2016.04.27-02.05.36:932][  0]LogTemp:Display: Loaded TP Android_ASTCTargetPlatform
[2016.04.27-02.05.36:934][  0]LogTemp:Display: Loaded TP Android_ATCTargetPlatform
[2016.04.27-02.05.36:936][  0]LogTemp:Display: Loaded TP Android_DXTTargetPlatform
[2016.04.27-02.05.36:938][  0]LogTemp:Display: Loaded TP Android_ETC1TargetPlatform
[2016.04.27-02.05.36:940][  0]LogTemp:Display: Loaded TP Android_ETC2TargetPlatform
[2016.04.27-02.05.36:945][  0]LogTemp:Display: Loaded TP Android_MultiTargetPlatform
[2016.04.27-02.05.36:945][  0]LogTemp:Display: Loaded TP Android_PVRTCTargetPlatform
[2016.04.27-02.05.36:945][  0]LogTemp:Display: Loaded TP HTML5TargetPlatform
[2016.04.27-02.05.36:960][  0]LogTemp:Display: Loaded TP IOSTargetPlatform
[2016.04.27-02.05.36:962][  0]LogTemp:Display: Loaded TP LinuxNoEditorTargetPlatform
[2016.04.27-02.05.36:964][  0]LogTemp:Display: Loaded TP LinuxServerTargetPlatform
[2016.04.27-02.05.36:967][  0]LogTemp:Display: Loaded TP LinuxTargetPlatform
[2016.04.27-02.05.36:967][  0]LogTargetPlatformManager:Display: Building Assets For Windows
[2016.04.27-02.05.37:006][  0]LogDerivedDataCache:Display: Max Cache Size: 512 MB
[2016.04.27-02.05.37:044][  0]LogDerivedDataCache: Loaded boot cache 0.04s 41MB C:/Users/Shanye/AppData/Local/UnrealEngine/4.10/DerivedDataCache/Boot.ddc.
[2016.04.27-02.05.37:044][  0]LogDerivedDataCache:Display: Loaded Boot cache: C:/Users/Shanye/AppData/Local/UnrealEngine/4.10/DerivedDataCache/Boot.ddc
[2016.04.27-02.05.37:044][  0]LogDerivedDataCache: FDerivedDataBackendGraph:  Pak pak cache file ../../../../../Junior/Repo/GameDev2/DerivedDataCache/DDC.ddp not found, will not use a pak cache.
[2016.04.27-02.05.37:044][  0]LogDerivedDataCache: Unable to find inner node Pak for hierarchical cache Hierarchy.
[2016.04.27-02.05.37:044][  0]LogDerivedDataCache: FDerivedDataBackendGraph:  CompressedPak pak cache file ../../../../../Junior/Repo/GameDev2/DerivedDataCache/Compressed.ddp not found, will not use a pak cache.
[2016.04.27-02.05.37:044][  0]LogDerivedDataCache: Unable to find inner node CompressedPak for hierarchical cache Hierarchy.
[2016.04.27-02.05.37:091][  0]LogDerivedDataCache:Display: Pak cache opened for reading ../../../Engine/DerivedDataCache/Compressed.ddp.
[2016.04.27-02.05.37:103][  0]LogDerivedDataCache: Using Local data cache path C:/Users/Shanye/AppData/Local/UnrealEngine/Common/DerivedDataCache: Writable
[2016.04.27-02.05.37:236][  0]LogInit: Selected Device Profile: [Windows]
[2016.04.27-02.05.37:237][  0]LogContentStreaming: Texture pool size is 0.000000MB
[2016.04.27-02.05.37:316][  0]LogMeshUtilities: No automatic mesh reduction module available
[2016.04.27-02.05.37:316][  0]LogMeshUtilities: No automatic mesh merging module available
[2016.04.27-02.05.37:991][  0]UdpMessaging: Initializing bridge on interface 0.0.0.0:0 to multicast group 230.0.0.1:6666.
[2016.04.27-02.05.38:111][  0]LogAssetRegistry: FAssetRegistry took 0.0113 seconds to start up
[2016.04.27-02.05.38:236][  0]SourceControl: Info Source control is disabled
[2016.04.27-02.05.38:253][  0]SourceControl: Info Source control is disabled
[2016.04.27-02.05.38:258][  0]SourceControl: Info Source control is disabled
[2016.04.27-02.05.38:264][  0]SourceControl: Info Source control is disabled
[2016.04.27-02.05.38:386][  0]LogObj: 28640 objects as part of root set at end of initial load.
[2016.04.27-02.05.38:386][  0]LogUObjectAllocator: 6315720 out of 0 bytes used by permanent object pool.
[2016.04.27-02.05.38:431][  0]LogEngine: Initializing Engine...
[2016.04.27-02.05.38:432][  0]LogHMD: Can't find Oculus library dev build: is proper Runtime installed? Version: 0.8.0.0
[2016.04.27-02.05.38:433][  0]LogHMD: SteamVR failed to initialize.  Err: 110
[2016.04.27-02.05.38:521][  0]LogAIModule: Creating AISystem for world NewWorld
[2016.04.27-02.05.38:525][  0]LogInit: XAudio2 using 'Speakers (Realtek High Definition Audio)' : 2 channels at 48 kHz using 32 bits per sample (channel mask 0x3)
[2016.04.27-02.05.38:669][  0]LogInit: FAudioDevice initialized.
[2016.04.27-02.05.38:690][  0]LogDerivedDataCache: Saved boot cache 0.02s 41MB C:/Users/Shanye/AppData/Local/UnrealEngine/4.10/DerivedDataCache/Boot.ddc.
[2016.04.27-02.05.38:693][  0]LogInit: Texture streaming: Enabled
[2016.04.27-02.05.38:696][  0]LogAnalytics: Creating configured Analytics provider AnalyticsET
[2016.04.27-02.05.38:696][  0]LogAnalytics: [UEEditor.Rocket.Release] APIServer = http://et2.epicgames.com/ET2/. AppVersion = 4.10.4-2872498+++depot+UE4-Releases+4.10
[2016.04.27-02.05.38:696][  0]LogAnalytics: [UEEditor.Rocket.Release] SetUserId a32a4e514c2db6b4aa2fabb39e9eb0dd|d0364dc428fd4a30b51194022302dc17|e802f417-8768-47e2-9a46-4150259d8724
[2016.04.27-02.05.38:696][  0]LogAnalytics: [UEEditor.Rocket.Release] AnalyticsET::StartSession
[2016.04.27-02.05.38:716][  0]LogInit: Transaction tracking system initialized
[2016.04.27-02.05.38:729][  0]BlueprintLog: New page: Editor Load
[2016.04.27-02.05.38:770][  0]LocalizationService: Info Localization service is disabled
[2016.04.27-02.05.38:804][  0]LogLinker:Warning: Can't find file '/Game/TopDownBP/TopDownOverview'
[2016.04.27-02.05.38:804][  0]LogLinker:Warning: Can't find file '/Game/TopDownBP/TopDownOverview'
[2016.04.27-02.05.38:804][  0]LogUObjectGlobals:Warning: Failed to find object 'Class /Game/TopDownBP/TopDownOverview.TopDownOverview_C'
[2016.04.27-02.05.38:922][  0]LogConsoleResponse:Display: 
[2016.04.27-02.05.39:002][  0]LogCook:Display: Done creating registry. It took  0.00s.
[2016.04.27-02.05.39:031][  0]LogFileCache: Scanning file cache for directory 'J:/Game/Junior/Repo/GameDev2/Content/' took 0.01s
[2016.04.27-02.05.39:031][  0]SourceControl: Info Source control is disabled
[2016.04.27-02.05.39:031][  0]Cmd: MAP LOAD FILE="../../../../../Junior/Repo/GameDev2/Content/ProjectWarcrab/MainMenu.umap" TEMPLATE=0 SHOWPROGRESS=1 FEATURELEVEL=3
[2016.04.27-02.05.39:032][  0]LogEditorServer:Warning: Can't find file '../../../../../Junior/Repo/GameDev2/Content/ProjectWarcrab/MainMenu.umap'
[2016.04.27-02.05.39:032][  0]Cmd: MAP CHECKDEP NOCLEARLOG
[2016.04.27-02.05.39:057][  0]MapCheck: Info Map check complete: 0 Error(s), 0 Warning(s), took 25.369ms to complete.
[2016.04.27-02.05.39:057][  0]LogFileHelpers: Loading map 'MainMenu' took 0.026
[2016.04.27-02.05.39:159][  0]LogCollectionManager: Loaded 0 collections in 0.000720 seconds
[2016.04.27-02.05.39:199][  0]LogFileCache: Scanning file cache for directory 'J:/Game/Junior/Repo/GameDev2/Saved/Collections/' took 0.01s
[2016.04.27-02.05.39:199][  0]LogFileCache: Scanning file cache for directory 'J:/Game/Junior/Repo/GameDev2/Content/Developers/Shanye/Collections/' took 0.01s
[2016.04.27-02.05.39:199][  0]LogFileCache: Scanning file cache for directory 'J:/Game/Junior/Repo/GameDev2/Content/Collections/' took 0.01s
[2016.04.27-02.05.39:199][  0]LogCollectionManager: Rebuilt the GUID cache for 0 collections in 0.000001 seconds
[2016.04.27-02.05.39:205][  0]LogContentBrowser: Native class hierarchy populated in 0.0052 seconds. Added 1895 classes and 340 folders.
[2016.04.27-02.05.39:208][  0]LogContentBrowser: Native class hierarchy updated for 'WidgetCarousel' in 0.0004 seconds. Added 0 classes and 0 folders.
[2016.04.27-02.05.39:249][  0]LogContentBrowser: Native class hierarchy updated for 'AddContentDialog' in 0.0003 seconds. Added 0 classes and 0 folders.
[2016.04.27-02.05.39:251][  0]LogContentBrowser: Native class hierarchy updated for 'SceneOutliner' in 0.0002 seconds. Added 1 classes and 2 folders.
[2016.04.27-02.05.39:265][  0]LogCrashTracker: Crashtracker disabled due to settings.
[2016.04.27-02.05.39:269][  0]LogUObjectGlobals:Warning: Failed to find object 'Class None.'
[2016.04.27-02.05.39:291][  0]LogLoad: Full Startup: 3.90 seconds (BP compile: 0.00 seconds)
[2016.04.27-02.05.39:300][  0]LogWindowsTextInputMethodSystem:Display: IME system now deactivated.
[2016.04.27-02.05.39:302][  0]LogOcInput: Can't find Oculus library dev build: is proper Runtime installed? Version: 0.8.0.0
[2016.04.27-02.05.39:342][  0]LogContentStreaming: Texture pool size now 400 MB
[2016.04.27-02.05.39:442][  0]LogRenderer: Reallocating scene render targets to support 1220x572 (Frame:2).
[2016.04.27-02.05.39:510][  1]LogFileCache: Retrieving MD5 hashes for directory 'J:/Game/Junior/Repo/GameDev2/Content/' took 0.20s
[2016.04.27-02.05.45:140][112]LogCollectionManager: Rebuilt the object cache for 0 collections in 0.000001 seconds (found 0 objects)
[2016.04.27-02.05.45:308][131]LogAssetRegistry: Asset discovery search completed in 7.2081 seconds
[2016.04.27-02.05.45:308][131]LogCollectionManager: Fixed up redirectors for 0 collections in 0.000004 seconds (updated 0 objects)
[2016.04.27-02.05.45:341][132]AssetReimport: New page: Outstanding source content changes 6:05:45 PM
[2016.04.27-02.05.45:363][133]LogFactory: FactoryCreateBinary: SoundWave with ReimportSoundFactory (0 0 J:/Game/Junior/Repo/GameDev2/Content/ProjectWarcrab/sounds/explode.wav)
[2016.04.27-02.05.45:383][133]LogFactory: FactoryCreateBinary: SoundWave with ReimportSoundFactory (0 0 J:/Game/Junior/Repo/GameDev2/Content/ProjectWarcrab/sounds/explode.wav)
[2016.04.27-02.05.45:383][133]LogFactory: FactoryCreateBinary: SoundWave with SoundSurroundFactory (0 0 J:/Game/Junior/Repo/GameDev2/Content/ProjectWarcrab/sounds/explode.wav)
[2016.04.27-02.05.45:383][133]LogFactory: FactoryCreateBinary: SoundWave with ReimportSoundSurroundFactory (0 0 J:/Game/Junior/Repo/GameDev2/Content/ProjectWarcrab/sounds/explode.wav)
[2016.04.27-02.05.45:384][133]LogFactory: FactoryCreateBinary: SoundWave with ReimportSoundSurroundFactory (0 0 J:/Game/Junior/Repo/GameDev2/Content/ProjectWarcrab/sounds/explode.wav)
[2016.04.27-02.05.45:387][133]LogFactory: FactoryCreateBinary: MediaPlayer with MediaPlayerFactory (0 0 J:/Game/Junior/Repo/GameDev2/Content/ProjectWarcrab/sounds/explode.wav)
[2016.04.27-02.05.45:504][134]LogFactory: FactoryCreateBinary: SoundWave with ReimportSoundFactory (0 0 J:/Game/Junior/Repo/GameDev2/Content/ProjectWarcrab/sounds/gravity_well.wav)
[2016.04.27-02.05.45:504][134]LogFactory: FactoryCreateBinary: SoundWave with ReimportSoundFactory (0 0 J:/Game/Junior/Repo/GameDev2/Content/ProjectWarcrab/sounds/gravity_well.wav)
[2016.04.27-02.05.45:505][134]LogFactory: FactoryCreateBinary: SoundWave with SoundSurroundFactory (0 0 J:/Game/Junior/Repo/GameDev2/Content/ProjectWarcrab/sounds/gravity_well.wav)
[2016.04.27-02.05.45:505][134]LogFactory: FactoryCreateBinary: SoundWave with ReimportSoundSurroundFactory (0 0 J:/Game/Junior/Repo/GameDev2/Content/ProjectWarcrab/sounds/gravity_well.wav)
[2016.04.27-02.05.45:506][134]LogFactory: FactoryCreateBinary: SoundWave with ReimportSoundSurroundFactory (0 0 J:/Game/Junior/Repo/GameDev2/Content/ProjectWarcrab/sounds/gravity_well.wav)
[2016.04.27-02.05.45:506][134]LogFactory: FactoryCreateBinary: MediaPlayer with MediaPlayerFactory (0 0 J:/Game/Junior/Repo/GameDev2/Content/ProjectWarcrab/sounds/gravity_well.wav)
[2016.04.27-02.05.45:510][134]LogFactory: FactoryCreateBinary: SoundWave with ReimportSoundFactory (0 0 J:/Game/Junior/Repo/GameDev2/Content/ProjectWarcrab/sounds/lasso.wav)
[2016.04.27-02.05.45:511][134]LogFactory: FactoryCreateBinary: SoundWave with ReimportSoundFactory (0 0 J:/Game/Junior/Repo/GameDev2/Content/ProjectWarcrab/sounds/lasso.wav)
[2016.04.27-02.05.45:511][134]LogFactory: FactoryCreateBinary: SoundWave with SoundSurroundFactory (0 0 J:/Game/Junior/Repo/GameDev2/Content/ProjectWarcrab/sounds/lasso.wav)
[2016.04.27-02.05.45:511][134]LogFactory: FactoryCreateBinary: SoundWave with ReimportSoundSurroundFactory (0 0 J:/Game/Junior/Repo/GameDev2/Content/ProjectWarcrab/sounds/lasso.wav)
[2016.04.27-02.05.45:512][134]LogFactory: FactoryCreateBinary: SoundWave with ReimportSoundSurroundFactory (0 0 J:/Game/Junior/Repo/GameDev2/Content/ProjectWarcrab/sounds/lasso.wav)
[2016.04.27-02.05.45:512][134]LogFactory: FactoryCreateBinary: MediaPlayer with MediaPlayerFactory (0 0 J:/Game/Junior/Repo/GameDev2/Content/ProjectWarcrab/sounds/lasso.wav)
[2016.04.27-02.05.45:514][134]LogFactory: FactoryCreateBinary: SoundWave with ReimportSoundFactory (0 0 J:/Game/Junior/Repo/GameDev2/Content/ProjectWarcrab/sounds/missle_launch.wav)
[2016.04.27-02.05.45:515][134]LogFactory: FactoryCreateBinary: SoundWave with ReimportSoundFactory (0 0 J:/Game/Junior/Repo/GameDev2/Content/ProjectWarcrab/sounds/missle_launch.wav)
[2016.04.27-02.05.45:515][134]LogFactory: FactoryCreateBinary: SoundWave with SoundSurroundFactory (0 0 J:/Game/Junior/Repo/GameDev2/Content/ProjectWarcrab/sounds/missle_launch.wav)
[2016.04.27-02.05.45:516][134]LogFactory: FactoryCreateBinary: SoundWave with ReimportSoundSurroundFactory (0 0 J:/Game/Junior/Repo/GameDev2/Content/ProjectWarcrab/sounds/missle_launch.wav)
[2016.04.27-02.05.45:516][134]LogFactory: FactoryCreateBinary: SoundWave with ReimportSoundSurroundFactory (0 0 J:/Game/Junior/Repo/GameDev2/Content/ProjectWarcrab/sounds/missle_launch.wav)
[2016.04.27-02.05.45:516][134]LogFactory: FactoryCreateBinary: MediaPlayer with MediaPlayerFactory (0 0 J:/Game/Junior/Repo/GameDev2/Content/ProjectWarcrab/sounds/missle_launch.wav)
[2016.04.27-02.05.45:519][134]LogFactory: FactoryCreateBinary: SoundWave with ReimportSoundFactory (0 0 J:/Game/Junior/Repo/GameDev2/Content/ProjectWarcrab/sounds/mortar_fire.wav)
[2016.04.27-02.05.45:519][134]LogFactory: FactoryCreateBinary: SoundWave with ReimportSoundFactory (0 0 J:/Game/Junior/Repo/GameDev2/Content/ProjectWarcrab/sounds/mortar_fire.wav)
[2016.04.27-02.05.45:520][134]LogFactory: FactoryCreateBinary: SoundWave with SoundSurroundFactory (0 0 J:/Game/Junior/Repo/GameDev2/Content/ProjectWarcrab/sounds/mortar_fire.wav)
[2016.04.27-02.05.45:520][134]LogFactory: FactoryCreateBinary: SoundWave with ReimportSoundSurroundFactory (0 0 J:/Game/Junior/Repo/GameDev2/Content/ProjectWarcrab/sounds/mortar_fire.wav)
[2016.04.27-02.05.45:520][134]LogFactory: FactoryCreateBinary: SoundWave with ReimportSoundSurroundFactory (0 0 J:/Game/Junior/Repo/GameDev2/Content/ProjectWarcrab/sounds/mortar_fire.wav)
[2016.04.27-02.05.45:520][134]LogFactory: FactoryCreateBinary: MediaPlayer with MediaPlayerFactory (0 0 J:/Game/Junior/Repo/GameDev2/Content/ProjectWarcrab/sounds/mortar_fire.wav)
[2016.04.27-02.05.45:649][135]Cmd: OBJ SAVEPACKAGE PACKAGE="/Game/ProjectWarcrab/sounds/explode" FILE="../../../../../Junior/Repo/GameDev2/Content/ProjectWarcrab/sounds/explode.uasset" SILENT=true
[2016.04.27-02.05.45:674][135]LogSavePackage: Save=3.251304ms
[2016.04.27-02.05.45:675][135]LogSavePackage: Moving '../../../../../Junior/Repo/GameDev2/Saved/explodeAD4CC3D0405A966F46A57581E5A2F481.tmp' to '../../../../../Junior/Repo/GameDev2/Content/ProjectWarcrab/sounds/explode.uasset'
[2016.04.27-02.05.45:679][135]LogSavePackage: Total save time: 28.299797ms
[2016.04.27-02.05.45:679][135]LogSavePackage:Display: Finished SavePackage ../../../../../Junior/Repo/GameDev2/Content/ProjectWarcrab/sounds/explode.uasset
[2016.04.27-02.05.45:727][135]Cmd: OBJ SAVEPACKAGE PACKAGE="/Game/ProjectWarcrab/sounds/gravity_well" FILE="../../../../../Junior/Repo/GameDev2/Content/ProjectWarcrab/sounds/gravity_well.uasset" SILENT=true
[2016.04.27-02.05.45:755][135]LogSavePackage: Save=5.229627ms
[2016.04.27-02.05.45:755][135]LogSavePackage: Moving '../../../../../Junior/Repo/GameDev2/Saved/gravity_well25587A9E4B5FAD59A4354C9579C93951.tmp' to '../../../../../Junior/Repo/GameDev2/Content/ProjectWarcrab/sounds/gravity_well.uasset'
[2016.04.27-02.05.45:771][135]LogSavePackage: Total save time: 22.138745ms
[2016.04.27-02.05.45:771][135]LogSavePackage:Display: Finished SavePackage ../../../../../Junior/Repo/GameDev2/Content/ProjectWarcrab/sounds/gravity_well.uasset
[2016.04.27-02.05.45:819][135]Cmd: OBJ SAVEPACKAGE PACKAGE="/Game/ProjectWarcrab/sounds/lasso" FILE="../../../../../Junior/Repo/GameDev2/Content/ProjectWarcrab/sounds/lasso.uasset" SILENT=true
[2016.04.27-02.05.45:830][135]LogSavePackage: Save=1.774475ms
[2016.04.27-02.05.45:830][135]LogSavePackage: Moving '../../../../../Junior/Repo/GameDev2/Saved/lassoEDAB59A94EDD8DBC29340F8014D15C3E.tmp' to '../../../../../Junior/Repo/GameDev2/Content/ProjectWarcrab/sounds/lasso.uasset'
[2016.04.27-02.05.45:834][135]LogSavePackage: Total save time: 12.994383ms
[2016.04.27-02.05.45:834][135]LogSavePackage:Display: Finished SavePackage ../../../../../Junior/Repo/GameDev2/Content/ProjectWarcrab/sounds/lasso.uasset
[2016.04.27-02.05.45:849][135]Cmd: OBJ SAVEPACKAGE PACKAGE="/Game/ProjectWarcrab/sounds/missle_launch" FILE="../../../../../Junior/Repo/GameDev2/Content/ProjectWarcrab/sounds/missle_launch.uasset" SILENT=true
[2016.04.27-02.05.45:852][135]LogSavePackage: Save=1.465710ms
[2016.04.27-02.05.45:852][135]LogSavePackage: Moving '../../../../../Junior/Repo/GameDev2/Saved/missle_launch62B509514073373B52310DAFF56F9788.tmp' to '../../../../../Junior/Repo/GameDev2/Content/ProjectWarcrab/sounds/missle_launch.uasset'
[2016.04.27-02.05.45:856][135]LogSavePackage: Total save time: 5.492777ms
[2016.04.27-02.05.45:856][135]LogSavePackage:Display: Finished SavePackage ../../../../../Junior/Repo/GameDev2/Content/ProjectWarcrab/sounds/missle_launch.uasset
[2016.04.27-02.05.45:862][135]Cmd: OBJ SAVEPACKAGE PACKAGE="/Game/ProjectWarcrab/sounds/mortar_fire" FILE="../../../../../Junior/Repo/GameDev2/Content/ProjectWarcrab/sounds/mortar_fire.uasset" SILENT=true
[2016.04.27-02.05.45:866][135]LogSavePackage: Save=1.502488ms
[2016.04.27-02.05.45:866][135]LogSavePackage: Moving '../../../../../Junior/Repo/GameDev2/Saved/mortar_fireCF5CE8AA41DCE7E0E52B81A4852B3301.tmp' to '../../../../../Junior/Repo/GameDev2/Content/ProjectWarcrab/sounds/mortar_fire.uasset'
[2016.04.27-02.05.45:870][135]LogSavePackage: Total save time: 5.620498ms
[2016.04.27-02.05.45:870][135]LogSavePackage:Display: Finished SavePackage ../../../../../Junior/Repo/GameDev2/Content/ProjectWarcrab/sounds/mortar_fire.uasset
[2016.04.27-02.05.48:872][338]AssetReimport: Info Importing new asset /Game/ProjectWarcrab/sounds/explode.
[2016.04.27-02.05.48:872][338]AssetReimport: Info Importing new asset /Game/ProjectWarcrab/sounds/gravity_well.
[2016.04.27-02.05.48:872][338]AssetReimport: Info Importing new asset /Game/ProjectWarcrab/sounds/lasso.
[2016.04.27-02.05.48:872][338]AssetReimport: Info Importing new asset /Game/ProjectWarcrab/sounds/missle_launch.
[2016.04.27-02.05.48:872][338]AssetReimport: Info Importing new asset /Game/ProjectWarcrab/sounds/mortar_fire.
[2016.04.27-02.06.28:577][ 78]Cmd: OBJ SAVEPACKAGE PACKAGE="/Game/ProjectWarcrab/Sound/explode" FILE="../../../../../Junior/Repo/GameDev2/Content/ProjectWarcrab/Sound/explode.uasset" SILENT=true
[2016.04.27-02.06.28:580][ 78]LogSavePackage: Save=1.446608ms
[2016.04.27-02.06.28:580][ 78]LogSavePackage: Moving '../../../../../Junior/Repo/GameDev2/Saved/explode270980234BA340AC805B0D865FECADCC.tmp' to '../../../../../Junior/Repo/GameDev2/Content/ProjectWarcrab/Sound/explode.uasset'
[2016.04.27-02.06.28:584][ 78]LogSavePackage: Total save time: 5.205397ms
[2016.04.27-02.06.28:584][ 78]LogSavePackage:Display: Finished SavePackage ../../../../../Junior/Repo/GameDev2/Content/ProjectWarcrab/Sound/explode.uasset
[2016.04.27-02.06.28:588][ 78]Cmd: OBJ SAVEPACKAGE PACKAGE="/Game/ProjectWarcrab/Sound/gravity_well" FILE="../../../../../Junior/Repo/GameDev2/Content/ProjectWarcrab/Sound/gravity_well.uasset" SILENT=true
[2016.04.27-02.06.28:591][ 78]LogSavePackage: Save=1.647035ms
[2016.04.27-02.06.28:591][ 78]LogSavePackage: Moving '../../../../../Junior/Repo/GameDev2/Saved/gravity_well62E1F06E4C5909A81E92FB8982DD3AC4.tmp' to '../../../../../Junior/Repo/GameDev2/Content/ProjectWarcrab/Sound/gravity_well.uasset'
[2016.04.27-02.06.28:595][ 78]LogSavePackage: Total save time: 5.609665ms
[2016.04.27-02.06.28:595][ 78]LogSavePackage:Display: Finished SavePackage ../../../../../Junior/Repo/GameDev2/Content/ProjectWarcrab/Sound/gravity_well.uasset
[2016.04.27-02.06.28:599][ 78]Cmd: OBJ SAVEPACKAGE PACKAGE="/Game/ProjectWarcrab/Sound/lasso" FILE="../../../../../Junior/Repo/GameDev2/Content/ProjectWarcrab/Sound/lasso.uasset" SILENT=true
[2016.04.27-02.06.28:602][ 78]LogSavePackage: Save=1.437770ms
[2016.04.27-02.06.28:602][ 78]LogSavePackage: Moving '../../../../../Junior/Repo/GameDev2/Saved/lassoCB9265B34B7AA6E4E68F4CAEAB313D97.tmp' to '../../../../../Junior/Repo/GameDev2/Content/ProjectWarcrab/Sound/lasso.uasset'
[2016.04.27-02.06.28:606][ 78]LogSavePackage: Total save time: 5.311452ms
[2016.04.27-02.06.28:606][ 78]LogSavePackage:Display: Finished SavePackage ../../../../../Junior/Repo/GameDev2/Content/ProjectWarcrab/Sound/lasso.uasset
[2016.04.27-02.06.28:609][ 78]Cmd: OBJ SAVEPACKAGE PACKAGE="/Game/ProjectWarcrab/Sound/missle_launch" FILE="../../../../../Junior/Repo/GameDev2/Content/ProjectWarcrab/Sound/missle_launch.uasset" SILENT=true
[2016.04.27-02.06.28:613][ 78]LogSavePackage: Save=1.453450ms
[2016.04.27-02.06.28:613][ 78]LogSavePackage: Moving '../../../../../Junior/Repo/GameDev2/Saved/missle_launch920FE3514BB0BD6C26A185A218444795.tmp' to '../../../../../Junior/Repo/GameDev2/Content/ProjectWarcrab/Sound/missle_launch.uasset'
[2016.04.27-02.06.28:616][ 78]LogSavePackage: Total save time: 5.581155ms
[2016.04.27-02.06.28:616][ 78]LogSavePackage:Display: Finished SavePackage ../../../../../Junior/Repo/GameDev2/Content/ProjectWarcrab/Sound/missle_launch.uasset
[2016.04.27-02.06.28:619][ 78]Cmd: OBJ SAVEPACKAGE PACKAGE="/Game/ProjectWarcrab/Sound/mortar_fire" FILE="../../../../../Junior/Repo/GameDev2/Content/ProjectWarcrab/Sound/mortar_fire.uasset" SILENT=true
[2016.04.27-02.06.28:623][ 78]LogSavePackage: Save=1.553521ms
[2016.04.27-02.06.28:623][ 78]LogSavePackage: Moving '../../../../../Junior/Repo/GameDev2/Saved/mortar_fire3551484A4AE11BA3CD8E11887540F4F1.tmp' to '../../../../../Junior/Repo/GameDev2/Content/ProjectWarcrab/Sound/mortar_fire.uasset'
[2016.04.27-02.06.28:627][ 78]LogSavePackage: Total save time: 5.797550ms
[2016.04.27-02.06.28:627][ 78]LogSavePackage:Display: Finished SavePackage ../../../../../Junior/Repo/GameDev2/Content/ProjectWarcrab/Sound/mortar_fire.uasset
[2016.04.27-02.07.20:690][938]LogWmfMedia:Error: Failed to set topology in media session
[2016.04.27-02.07.48:708][210]LogWindowsTextInputMethodSystem:Display: IME system now deactivated.
[2016.04.27-02.07.48:768][210]LogWindowsTextInputMethodSystem:Display: IME system now activated using TSF (搜狗拼音输入法).
[2016.04.27-02.08.30:792][600]LogWindowsTextInputMethodSystem:Display: IME system now deactivated.
[2016.04.27-02.08.30:792][600]LogWindowsTextInputMethodSystem:Display: IME system now deactivated.
[2016.04.27-02.09.36:069][638]LogWindowsTextInputMethodSystem:Display: IME system now deactivated.
[2016.04.27-02.09.36:078][638]LogWindowsTextInputMethodSystem:Display: IME system now activated using TSF (搜狗拼音输入法).
[2016.04.27-02.09.40:112][914]LogWindowsTextInputMethodSystem:Display: IME system now deactivated.
[2016.04.27-02.09.40:112][914]LogWindowsTextInputMethodSystem:Display: IME system now deactivated.
[2016.04.27-02.10.40:760][211]Cmd: OBJ SAVEPACKAGE PACKAGE="/Game/ProjectWarcrab/Sound/Explode_SoundCue" FILE="../../../../../Junior/Repo/GameDev2/Content/ProjectWarcrab/Sound/Explode_SoundCue.uasset" SILENT=true
[2016.04.27-02.10.40:764][211]LogSavePackage: Save=2.333845ms
[2016.04.27-02.10.40:764][211]LogSavePackage: Moving '../../../../../Junior/Repo/GameDev2/Saved/Explode_SoundCue506D522849B40A1853F35C8314A3AF27.tmp' to '../../../../../Junior/Repo/GameDev2/Content/ProjectWarcrab/Sound/Explode_SoundCue.uasset'
[2016.04.27-02.10.40:768][211]LogSavePackage: Total save time: 6.464120ms
[2016.04.27-02.10.40:768][211]LogSavePackage:Display: Finished SavePackage ../../../../../Junior/Repo/GameDev2/Content/ProjectWarcrab/Sound/Explode_SoundCue.uasset
[2016.04.27-02.10.47:051][714]Cmd: OBJ SAVEPACKAGE PACKAGE="/Game/ProjectWarcrab/Sound/Explode_SoundWave" FILE="../../../../../Junior/Repo/GameDev2/Content/ProjectWarcrab/Sound/Explode_SoundWave.uasset" SILENT=true
[2016.04.27-02.10.47:057][714]LogSavePackage: Save=3.772755ms
[2016.04.27-02.10.47:057][714]LogSavePackage: Moving '../../../../../Junior/Repo/GameDev2/Saved/Explode_SoundWave8A0086E649A7C9C04D21FF8632FBFA38.tmp' to '../../../../../Junior/Repo/GameDev2/Content/ProjectWarcrab/Sound/Explode_SoundWave.uasset'
[2016.04.27-02.10.47:061][714]LogSavePackage: Total save time: 7.879365ms
[2016.04.27-02.10.47:061][714]LogSavePackage:Display: Finished SavePackage ../../../../../Junior/Repo/GameDev2/Content/ProjectWarcrab/Sound/Explode_SoundWave.uasset
[2016.04.27-02.10.47:064][714]Cmd: OBJ SAVEPACKAGE PACKAGE="/Game/ProjectWarcrab/Sound/explode" FILE="../../../../../Junior/Repo/GameDev2/Content/ProjectWarcrab/Sound/explode.uasset" SILENT=true
[2016.04.27-02.10.47:077][714]LogSavePackage: Save=1.488803ms
[2016.04.27-02.10.47:077][714]LogSavePackage: Moving '../../../../../Junior/Repo/GameDev2/Saved/explodeBD347F914981491CF28957BBE3AFA4C3.tmp' to '../../../../../Junior/Repo/GameDev2/Content/ProjectWarcrab/Sound/explode.uasset'
[2016.04.27-02.10.47:081][714]LogSavePackage: Total save time: 15.471064ms
[2016.04.27-02.10.47:081][714]LogSavePackage:Display: Finished SavePackage ../../../../../Junior/Repo/GameDev2/Content/ProjectWarcrab/Sound/explode.uasset
[2016.04.27-02.11.45:154][ 77]LogWindowsTextInputMethodSystem:Display: IME system now deactivated.
[2016.04.27-02.11.45:157][ 77]LogWindowsTextInputMethodSystem:Display: IME system now activated using TSF (搜狗拼音输入法).
[2016.04.27-02.13.09:134][981]Cmd: OBJ SAVEPACKAGE PACKAGE="/Game/ProjectWarcrab/Sound/Explode_SoundCue" FILE="../../../../../Junior/Repo/GameDev2/Content/ProjectWarcrab/Sound/Explode_SoundCue.uasset" SILENT=true
[2016.04.27-02.13.09:147][981]LogSavePackage: Save=1.970910ms
[2016.04.27-02.13.09:147][981]LogSavePackage: Moving '../../../../../Junior/Repo/GameDev2/Saved/Explode_SoundCueB264C0AC46DCA10F7A54A1918A92FE58.tmp' to '../../../../../Junior/Repo/GameDev2/Content/ProjectWarcrab/Sound/Explode_SoundCue.uasset'
[2016.04.27-02.13.09:151][981]LogSavePackage: Total save time: 15.045974ms
[2016.04.27-02.13.09:151][981]LogSavePackage:Display: Finished SavePackage ../../../../../Junior/Repo/GameDev2/Content/ProjectWarcrab/Sound/Explode_SoundCue.uasset
[2016.04.27-02.13.11:020][121]Cmd: OBJ SAVEPACKAGE PACKAGE="/Game/ProjectWarcrab/Sound/Explode_SoundWave" FILE="../../../../../Junior/Repo/GameDev2/Content/ProjectWarcrab/Sound/Explode_SoundWave.uasset" SILENT=true
[2016.04.27-02.13.11:032][121]LogSavePackage: Save=3.631060ms
[2016.04.27-02.13.11:032][121]LogSavePackage: Moving '../../../../../Junior/Repo/GameDev2/Saved/Explode_SoundWaveAED899824B86C463B3AD2CA8D2ACD68F.tmp' to '../../../../../Junior/Repo/GameDev2/Content/ProjectWarcrab/Sound/Explode_SoundWave.uasset'
[2016.04.27-02.13.11:036][121]LogSavePackage: Total save time: 13.910700ms
[2016.04.27-02.13.11:036][121]LogSavePackage:Display: Finished SavePackage ../../../../../Junior/Repo/GameDev2/Content/ProjectWarcrab/Sound/Explode_SoundWave.uasset
[2016.04.27-02.21.18:368][620]Cmd: OBJ SAVEPACKAGE PACKAGE="/Game/ProjectWarcrab/Sound/Explode_SoundWave" FILE="../../../../../Junior/Repo/GameDev2/Content/ProjectWarcrab/Sound/Explode_SoundWave.uasset" SILENT=true
[2016.04.27-02.21.18:381][620]LogSavePackage: Save=4.177600ms
[2016.04.27-02.21.18:381][620]LogSavePackage: Moving '../../../../../Junior/Repo/GameDev2/Saved/Explode_SoundWave1CDA937F4D3183DE6F9632AFB0D15717.tmp' to '../../../../../Junior/Repo/GameDev2/Content/ProjectWarcrab/Sound/Explode_SoundWave.uasset'
[2016.04.27-02.21.18:385][620]LogSavePackage: Total save time: 15.130650ms
[2016.04.27-02.21.18:385][620]LogSavePackage:Display: Finished SavePackage ../../../../../Junior/Repo/GameDev2/Content/ProjectWarcrab/Sound/Explode_SoundWave.uasset
[2016.04.27-02.22.10:799][923]Cmd: MAP LOAD FILE="../../../Engine/Content/Maps/Templates/Template_Default.umap" TEMPLATE=1 SHOWPROGRESS=1 FEATURELEVEL=3
[2016.04.27-02.22.10:838][923]LightingResults: New page: Lighting Build
[2016.04.27-02.22.10:855][923]LogContentBrowser: Native class hierarchy updated for 'StatsViewer' in 0.0058 seconds. Added 5 classes and 0 folders.
[2016.04.27-02.22.10:903][923]LoadErrors: New page: Loading map: Template_Default.umap
[2016.04.27-02.22.10:971][923]MapCheck: New page: Map Check
[2016.04.27-02.22.10:971][923]LightingResults: New page: Lighting Build
[2016.04.27-02.22.10:981][923]LogParticles: Destroying 0 GPU particle simulations for FXSystem 0x000001FF9606EAC0
[2016.04.27-02.22.11:548][923]LogAIModule: Creating AISystem for world Untitled_1
[2016.04.27-02.22.11:597][923]LogEditorServer: Finished looking for orphan Actors (0.000 secs)
[2016.04.27-02.22.11:631][923]Cmd: MAP CHECKDEP NOCLEARLOG
[2016.04.27-02.22.11:660][923]MapCheck: Info Map check complete: 0 Error(s), 0 Warning(s), took 29.076ms to complete.
[2016.04.27-02.22.11:660][923]LogFileHelpers: Loading map 'Template_Default' took 0.862
[2016.04.27-02.22.25:011][203]Cmd: OBJ SAVEPACKAGE PACKAGE="/Game/ProjectWarcrab/Levels/TestMap" FILE="../../../../../Junior/Repo/GameDev2/Content/ProjectWarcrab/Levels/TestMap.umap" SILENT=true AUTOSAVING=false KEEPDIRTY=false
[2016.04.27-02.22.25:091][203]LogSavePackage: Save=54.510658ms
[2016.04.27-02.22.25:091][203]LogSavePackage: Moving '../../../../../Junior/Repo/GameDev2/Saved/TestMapAD0D36894C3B9337E238B39FD8020623.tmp' to '../../../../../Junior/Repo/GameDev2/Content/ProjectWarcrab/Levels/TestMap.umap'
[2016.04.27-02.22.25:093][203]LogSavePackage: Total save time: 56.532603ms
[2016.04.27-02.22.25:093][203]LogSavePackage:Display: Finished SavePackage ../../../../../Junior/Repo/GameDev2/Content/ProjectWarcrab/Levels/TestMap.umap
[2016.04.27-02.22.25:128][203]LogFileHelpers: Saving map 'TestMap' took 0.551
[2016.04.27-02.22.26:344][347]Cmd: MAP LOAD FILE="../../../../../Junior/Repo/GameDev2/Content/ProjectWarcrab/Levels/TestMap.umap" TEMPLATE=0 SHOWPROGRESS=1 FEATURELEVEL=3
[2016.04.27-02.22.26:344][347]LightingResults: New page: Lighting Build
[2016.04.27-02.22.26:356][347]LoadErrors: New page: Loading map: TestMap.umap
[2016.04.27-02.22.26:356][347]MapCheck: New page: Map Check
[2016.04.27-02.22.26:356][347]LightingResults: New page: Lighting Build
[2016.04.27-02.22.26:366][347]LogParticles: Destroying 0 GPU particle simulations for FXSystem 0x000001FF89A16E80
[2016.04.27-02.22.26:389][347]LogAIModule: Creating AISystem for world TestMap
[2016.04.27-02.22.26:408][347]LogEditorServer: Finished looking for orphan Actors (0.000 secs)
[2016.04.27-02.22.26:431][347]Cmd: MAP CHECKDEP NOCLEARLOG
[2016.04.27-02.22.26:461][347]MapCheck: Info Map check complete: 0 Error(s), 0 Warning(s), took 29.519ms to complete.
[2016.04.27-02.22.26:461][347]LogFileHelpers: Loading map 'TestMap' took 0.118
[2016.04.27-02.22.31:874][991]LogWmfMedia:Error: Failed to create source object from URL for C:/Users/jiangs5/Downloads/BGM.mp3
[2016.04.27-02.24.02:846][893]LogSkeletalMesh: InitArticulated: Bodies already created (/Engine/Transient.DebugSkelMeshComponent_0) - call TermArticulated first.
[2016.04.27-02.24.02:980][893]LogContentBrowser:Verbose: The majority of assets in the view are of type: AnimSequence
[2016.04.27-02.24.12:605][369]LogSkeletalMesh: InitArticulated: Bodies already created (/Engine/Transient.DebugSkelMeshComponent_2) - call TermArticulated first.
[2016.04.27-02.24.12:694][369]LogContentBrowser:Verbose: The majority of assets in the view are of type: AnimSequence
[2016.04.27-02.24.22:393][875]LogWindowsTextInputMethodSystem:Display: IME system now deactivated.
[2016.04.27-02.24.22:393][875]LogWindowsTextInputMethodSystem:Display: IME system now deactivated.
[2016.04.27-02.25.12:461][535]Cmd: OBJ SAVEPACKAGE PACKAGE="/Game/ProjectWarcrab/Character/Calm/Calm_BlendSpace" FILE="../../../../../Junior/Repo/GameDev2/Content/ProjectWarcrab/Character/Calm/Calm_BlendSpace.uasset" SILENT=true
[2016.04.27-02.25.12:480][535]LogSavePackage: Save=8.060120ms
[2016.04.27-02.25.12:480][535]LogSavePackage: Moving '../../../../../Junior/Repo/GameDev2/Saved/Calm_BlendSpaceDAEDCEAB4702530FB4B9CD9E86C8CAEE.tmp' to '../../../../../Junior/Repo/GameDev2/Content/ProjectWarcrab/Character/Calm/Calm_BlendSpace.uasset'
[2016.04.27-02.25.12:484][535]LogSavePackage: Total save time: 21.624133ms
[2016.04.27-02.25.12:484][535]LogSavePackage:Display: Finished SavePackage ../../../../../Junior/Repo/GameDev2/Content/ProjectWarcrab/Character/Calm/Calm_BlendSpace.uasset
[2016.04.27-02.25.15:024][635]LogLinker:Warning: Asset '../../../Engine/Content/ArtTools/RenderToTexture/Macros/RenderToTextureMacros.uasset' has been saved with empty engine version. The asset will be loaded but may be incompatible.
[2016.04.27-02.25.15:526][635]LogContentBrowser: Native class hierarchy updated for 'BlueprintGraph' in 0.0006 seconds. Added 107 classes and 0 folders.
[2016.04.27-02.25.15:682][635]LogSkeletalMesh: InitArticulated: Bodies already created (/Engine/Transient.DebugSkelMeshComponent_4) - call TermArticulated first.
[2016.04.27-02.26.01:581][413]LogSkeletalMesh: InitArticulated: Bodies already created (/Engine/Transient.DebugSkelMeshComponent_6) - call TermArticulated first.
[2016.04.27-02.31.34:406][178]LogWindowsTextInputMethodSystem:Display: IME system now deactivated.
[2016.04.27-02.31.34:413][178]LogWindowsTextInputMethodSystem:Display: IME system now activated using TSF (搜狗拼音输入法).
[2016.04.27-02.36.53:911][249]LogParticles: Destroying 0 GPU particle simulations for FXSystem 0x000001FFE874FF60
[2016.04.27-02.36.53:912][249]LogParticles: Destroying 0 GPU particle simulations for FXSystem 0x000001FFA8ED7CE0
[2016.04.27-02.36.53:912][249]LogParticles: Destroying 0 GPU particle simulations for FXSystem 0x000001FFA8ED44A0
[2016.04.27-02.36.53:914][249]LogParticles: Destroying 0 GPU particle simulations for FXSystem 0x000002002B5CB880
[2016.04.27-02.36.53:915][249]LogParticles: Destroying 0 GPU particle simulations for FXSystem 0x000002002B5CB2E0
[2016.04.27-02.36.53:915][249]LogParticles: Destroying 0 GPU particle simulations for FXSystem 0x0000020035B10B80
[2016.04.27-02.36.54:175][249]LogWindowsTextInputMethodSystem:Display: IME system now activated using TSF (搜狗拼音输入法).
[2016.04.27-02.36.54:390][250]Cmd: QUIT_EDITOR
[2016.04.27-02.36.54:507][250]LogExit: Preparing to exit.
[2016.04.27-02.36.55:626][250]LogExit: Editor shut down
[2016.04.27-02.36.55:626][250]LogExit: Transaction tracking system shut down
[2016.04.27-02.36.55:626][250]LogParticles: Destroying 0 GPU particle simulations for FXSystem 0x000001FF87BABA60
[2016.04.27-02.36.55:627][250]LogParticles: Destroying 0 GPU particle simulations for FXSystem 0x0000020019197060
[2016.04.27-02.36.55:627][250]LogParticles: Destroying 0 GPU particle simulations for FXSystem 0x0000020019197600
[2016.04.27-02.36.55:628][250]LogParticles: Destroying 0 GPU particle simulations for FXSystem 0x00000200148885E0
[2016.04.27-02.36.55:628][250]LogParticles: Destroying 0 GPU particle simulations for FXSystem 0x000001FFC4A48FE0
[2016.04.27-02.36.55:628][250]LogParticles: Destroying 0 GPU particle simulations for FXSystem 0x0000020004A787C0
[2016.04.27-02.36.55:628][250]LogParticles: Destroying 0 GPU particle simulations for FXSystem 0x000001FFA8ED7880
[2016.04.27-02.36.55:629][250]LogParticles: Destroying 0 GPU particle simulations for FXSystem 0x000001FFA8ED5BC0
[2016.04.27-02.36.55:629][250]LogParticles: Destroying 0 GPU particle simulations for FXSystem 0x000001FFC38E99E0
[2016.04.27-02.36.55:629][250]LogParticles: Destroying 0 GPU particle simulations for FXSystem 0x000001FFC38EA0C0
[2016.04.27-02.36.55:630][250]LogParticles: Destroying 0 GPU particle simulations for FXSystem 0x000001FFB05456C0
[2016.04.27-02.36.55:631][250]LogParticles: Destroying 0 GPU particle simulations for FXSystem 0x00000200218E6D40
[2016.04.27-02.36.55:631][250]LogParticles: Destroying 0 GPU particle simulations for FXSystem 0x0000020025680720
[2016.04.27-02.36.55:765][250]LogExit: Object subsystem successfully closed.
[2016.04.27-02.36.55:772][250]LogD3D11RHI: Shutdown
[2016.04.27-02.36.55:772][250]LogD3D11RHI: CleanupD3DDevice
[2016.04.27-02.36.55:866][250]LogD3D11RHI: ~FD3D11DynamicRHI
[2016.04.27-02.36.55:875][250]LogModuleManager: Shutting down and abandoning module BlueprintGraph (206)
[2016.04.27-02.36.55:875][250]LogModuleManager: Shutting down and abandoning module StatsViewer (205)
[2016.04.27-02.36.55:875][250]LogModuleManager: Shutting down and abandoning module NewLevelDialog (204)
[2016.04.27-02.36.55:875][250]LogModuleManager: Shutting down and abandoning module SoundClassEditor (203)
[2016.04.27-02.36.55:875][250]LogModuleManager: Shutting down and abandoning module SoundCueEditor (202)
[2016.04.27-02.36.55:875][250]LogModuleManager: Shutting down and abandoning module CookingStats (201)
[2016.04.27-02.36.55:875][250]LogModuleManager: Shutting down and abandoning module CrashTracker (200)
[2016.04.27-02.36.55:875][250]LogModuleManager: Shutting down and abandoning module SceneOutliner (199)
[2016.04.27-02.36.55:875][250]LogModuleManager: Shutting down and abandoning module SuperSearch (198)
[2016.04.27-02.36.55:875][250]LogModuleManager: Shutting down and abandoning module WidgetCarousel (197)
[2016.04.27-02.36.55:875][250]LogModuleManager: Shutting down and abandoning module AddContentDialog (196)
[2016.04.27-02.36.55:876][250]LogModuleManager: Shutting down and abandoning module EditorWidgets (195)
[2016.04.27-02.36.55:876][250]LogModuleManager: Shutting down and abandoning module CollectionManager (194)
[2016.04.27-02.36.55:876][250]LogModuleManager: Shutting down and abandoning module FoliageEdit (193)
[2016.04.27-02.36.55:876][250]LogModuleManager: Shutting down and abandoning module LandscapeEditor (192)
[2016.04.27-02.36.55:876][250]LogModuleManager: Shutting down and abandoning module ActorPickerMode (191)
[2016.04.27-02.36.55:876][250]LogModuleManager: Shutting down and abandoning module GeometryMode (190)
[2016.04.27-02.36.55:876][250]LogModuleManager: Shutting down and abandoning module TextureAlignMode (189)
[2016.04.27-02.36.55:876][250]LogModuleManager: Shutting down and abandoning module BspMode (188)
[2016.04.27-02.36.55:876][250]LogModuleManager: Shutting down and abandoning module PlacementMode (187)
[2016.04.27-02.36.55:876][250]LogModuleManager: Shutting down and abandoning module AutomationWorker (186)
[2016.04.27-02.36.55:876][250]LogModuleManager: Shutting down and abandoning module CharacterAI (185)
[2016.04.27-02.36.55:876][250]LogModuleManager: Shutting down and abandoning module SmartSnapping (184)
[2016.04.27-02.36.55:876][250]LogModuleManager: Shutting down and abandoning module ViewportSnapping (183)
[2016.04.27-02.36.55:876][250]LogModuleManager: Shutting down and abandoning module LogVisualizer (182)
[2016.04.27-02.36.55:876][250]LogModuleManager: Shutting down and abandoning module GameProjectGeneration (181)
[2016.04.27-02.36.55:876][250]LogModuleManager: Shutting down and abandoning module IntroTutorials (180)
[2016.04.27-02.36.55:876][250]LogModuleManager: Shutting down and abandoning module EditorLiveStreaming (179)
[2016.04.27-02.36.55:876][250]LogModuleManager: Shutting down and abandoning module IOSPlatformEditor (178)
[2016.04.27-02.36.55:877][250]LogModuleManager: Shutting down and abandoning module HTML5PlatformEditor (177)
[2016.04.27-02.36.55:877][250]LogModuleManager: Shutting down and abandoning module AndroidDeviceDetection (176)
[2016.04.27-02.36.56:295][250]LogModuleManager: Shutting down and abandoning module AndroidPlatformEditor (175)
[2016.04.27-02.36.56:295][250]LogModuleManager: Shutting down and abandoning module IOSRuntimeSettings (174)
[2016.04.27-02.36.56:295][250]LogModuleManager: Shutting down and abandoning module AndroidRuntimeSettings (173)
[2016.04.27-02.36.56:295][250]LogModuleManager: Shutting down and abandoning module MergeActors (172)
[2016.04.27-02.36.56:295][250]LogModuleManager: Shutting down and abandoning module SizeMap (171)
[2016.04.27-02.36.56:295][250]LogModuleManager: Shutting down and abandoning module TreeMap (170)
[2016.04.27-02.36.56:295][250]LogModuleManager: Shutting down and abandoning module ReferenceViewer (169)
[2016.04.27-02.36.56:296][250]LogModuleManager: Shutting down and abandoning module LocalizationService (168)
[2016.04.27-02.36.56:296][250]LogModuleManager: Shutting down and abandoning module LocalizationDashboard (167)
[2016.04.27-02.36.56:296][250]LogModuleManager: Shutting down and abandoning module HardwareTargeting (166)
[2016.04.27-02.36.56:296][250]LogModuleManager: Shutting down and abandoning module DeviceProfileEditor (165)
[2016.04.27-02.36.56:296][250]LogModuleManager: Shutting down and abandoning module UndoHistory (164)
[2016.04.27-02.36.56:296][250]LogModuleManager: Shutting down and abandoning module GameplayTagsEditor (163)
[2016.04.27-02.36.56:296][250]LogModuleManager: Shutting down and abandoning module UserFeedback (162)
[2016.04.27-02.36.56:296][250]LogModuleManager: Shutting down and abandoning module XmlParser (161)
[2016.04.27-02.36.56:296][250]LogModuleManager: Shutting down and abandoning module Blutility (160)
[2016.04.27-02.36.56:296][250]LogModuleManager: Shutting down and abandoning module ProjectTargetPlatformEditor (159)
[2016.04.27-02.36.56:296][250]LogModuleManager: Shutting down and abandoning module ProjectSettingsViewer (158)
[2016.04.27-02.36.56:296][250]LogModuleManager: Shutting down and abandoning module InputBindingEditor (157)
[2016.04.27-02.36.56:296][250]LogModuleManager: Shutting down and abandoning module EditorSettingsViewer (156)
[2016.04.27-02.36.56:296][250]LogModuleManager: Shutting down and abandoning module SettingsEditor (155)
[2016.04.27-02.36.56:296][250]LogModuleManager: Shutting down and abandoning module ProjectLauncher (154)
[2016.04.27-02.36.56:296][250]LogModuleManager: Shutting down and abandoning module SessionFrontend (153)
[2016.04.27-02.36.56:296][250]LogModuleManager: Shutting down and abandoning module ProfilerClient (152)
[2016.04.27-02.36.56:296][250]LogModuleManager: Shutting down and abandoning module TargetDeviceServices (151)
[2016.04.27-02.36.56:296][250]LogModuleManager: Shutting down and abandoning module DeviceManager (150)
[2016.04.27-02.36.56:296][250]LogModuleManager: Shutting down and abandoning module AutomationController (149)
[2016.04.27-02.36.56:296][250]LogModuleManager: Shutting down and abandoning module AutomationWindow (148)
[2016.04.27-02.36.56:297][250]LogModuleManager: Shutting down and abandoning module Layers (147)
[2016.04.27-02.36.56:297][250]LogModuleManager: Shutting down and abandoning module ComponentVisualizers (146)
[2016.04.27-02.36.56:297][250]LogModuleManager: Shutting down and abandoning module DetailCustomizations (145)
[2016.04.27-02.36.56:297][250]LogModuleManager: Shutting down and abandoning module PackagesDialog (144)
[2016.04.27-02.36.56:297][250]LogModuleManager: Shutting down and abandoning module Persona (143)
[2016.04.27-02.36.56:297][250]LogModuleManager: Shutting down and abandoning module Kismet (142)
[2016.04.27-02.36.56:297][250]LogModuleManager: Shutting down and abandoning module GraphEditor (141)
[2016.04.27-02.36.56:297][250]LogModuleManager: Shutting down and abandoning module ClassViewer (140)
[2016.04.27-02.36.56:297][250]LogModuleManager: Shutting down and abandoning module Toolbox (139)
[2016.04.27-02.36.56:297][250]LogModuleManager: Shutting down and abandoning module ModuleUI (138)
[2016.04.27-02.36.56:297][250]LogModuleManager: Shutting down and abandoning module MovieSceneTools (137)
[2016.04.27-02.36.56:297][250]LogModuleManager: Shutting down and abandoning module OutputLog (136)
[2016.04.27-02.36.56:297][250]LogModuleManager: Shutting down and abandoning module GammaUI (135)
[2016.04.27-02.36.56:297][250]LogModuleManager: Shutting down and abandoning module Documentation (134)
[2016.04.27-02.36.56:297][250]LogModuleManager: Shutting down and abandoning module GameLiveStreaming (133)
[2016.04.27-02.36.56:297][250]LogModuleManager: Shutting down and abandoning module StreamingPauseRendering (132)
[2016.04.27-02.36.56:297][250]LogModuleManager: Shutting down and abandoning module AnalyticsET (131)
[2016.04.27-02.36.56:297][250]LogModuleManager: Shutting down and abandoning module Analytics (130)
[2016.04.27-02.36.56:297][250]LogModuleManager: Shutting down and abandoning module AITestSuite (129)
[2016.04.27-02.36.56:297][250]LogModuleManager: Shutting down and abandoning module GameplayDebugger (128)
[2016.04.27-02.36.56:297][250]LogModuleManager: Shutting down and abandoning module AIModule (127)
[2016.04.27-02.36.56:298][250]LogModuleManager: Shutting down and abandoning module ProfilerService (126)
[2016.04.27-02.36.56:406][250]LogModuleManager: Shutting down and abandoning module TaskGraph (125)
[2016.04.27-02.36.56:406][250]LogModuleManager: Shutting down and abandoning module SlateRemote (124)
[2016.04.27-02.36.56:406][250]LogModuleManager: Shutting down and abandoning module SteamVRController (123)
[2016.04.27-02.36.56:406][250]LogModuleManager: Shutting down and abandoning module SteamVR (122)
[2016.04.27-02.36.56:406][250]LogModuleManager: Shutting down and abandoning module ProceduralMeshComponent (121)
[2016.04.27-02.36.56:406][250]LogModuleManager: Shutting down and abandoning module OculusLibrary (120)
[2016.04.27-02.36.56:406][250]LogModuleManager: Shutting down and abandoning module OculusInput (119)
[2016.04.27-02.36.56:406][250]LogModuleManager: Shutting down and abandoning module LeapMotionController (118)
[2016.04.27-02.36.56:429][250]LogModuleManager: Shutting down and abandoning module CustomMeshComponent (117)
[2016.04.27-02.36.56:429][250]LogModuleManager: Shutting down and abandoning module CableComponent (116)
[2016.04.27-02.36.56:429][250]LogModuleManager: Shutting down and abandoning module ArchVisCharacter (115)
[2016.04.27-02.36.56:429][250]LogModuleManager: Shutting down and abandoning module MessagingDebugger (114)
[2016.04.27-02.36.56:429][250]LogModuleManager: Shutting down and abandoning module MediaPlayerEditor (113)
[2016.04.27-02.36.56:429][250]LogModuleManager: Shutting down and abandoning module HTML5Networking (112)
[2016.04.27-02.36.56:429][250]LogModuleManager: Shutting down and abandoning module SpeedTreeImporter (111)
[2016.04.27-02.36.56:429][250]LogModuleManager: Shutting down and abandoning module PluginBrowser (110)
[2016.04.27-02.36.56:429][250]LogModuleManager: Shutting down and abandoning module EpicSurvey (109)
[2016.04.27-02.36.56:430][250]LogModuleManager: Shutting down and abandoning module DesktopPlatform (108)
[2016.04.27-02.36.56:430][250]LogModuleManager: Shutting down and abandoning module VisualStudioSourceCodeAccess (107)
[2016.04.27-02.36.56:430][250]LogModuleManager: Shutting down and abandoning module UObjectPlugin (106)
[2016.04.27-02.36.56:430][250]LogModuleManager: Shutting down and abandoning module SubversionSourceControl (105)
[2016.04.27-02.36.56:430][250]LogModuleManager: Shutting down and abandoning module PerforceSourceControl (104)
[2016.04.27-02.36.56:430][250]LogModuleManager: Shutting down and abandoning module SourceControl (103)
[2016.04.27-02.36.56:430][250]LogModuleManager: Shutting down and abandoning module GitSourceControl (102)
[2016.04.27-02.36.56:430][250]LogModuleManager: Shutting down and abandoning module LightPropagationVolumeEditor (101)
[2016.04.27-02.36.56:430][250]LogModuleManager: Shutting down and abandoning module PaperTiledImporter (100)
[2016.04.27-02.36.56:430][250]LogModuleManager: Shutting down and abandoning module PaperSpriteSheetImporter (99)
[2016.04.27-02.36.56:430][250]LogModuleManager: Shutting down and abandoning module MeshPaint (98)
[2016.04.27-02.36.56:430][250]LogModuleManager: Shutting down and abandoning module SlateReflector (97)
[2016.04.27-02.36.56:430][250]LogModuleManager: Shutting down and abandoning module HotReload (96)
[2016.04.27-02.36.56:430][250]LogModuleManager: Shutting down and abandoning module MainFrame (95)
[2016.04.27-02.36.56:430][250]LogModuleManager: Shutting down and abandoning module LevelEditor (94)
[2016.04.27-02.36.56:431][250]LogModuleManager: Shutting down and abandoning module DirectoryWatcher (93)
[2016.04.27-02.36.56:431][250]LogModuleManager: Shutting down and abandoning module AssetRegistry (92)
[2016.04.27-02.36.56:572][250]LogModuleManager: Shutting down and abandoning module ContentBrowser (91)
[2016.04.27-02.36.56:573][250]LogModuleManager: Shutting down and abandoning module Paper2DEditor (90)
[2016.04.27-02.36.56:574][250]LogModuleManager: Shutting down and abandoning module UdpMessaging (89)
[2016.04.27-02.36.56:674][250]LogModuleManager: Shutting down and abandoning module LightPropagationVolumeRuntime (88)
[2016.04.27-02.36.56:674][250]LogModuleManager: Shutting down and abandoning module Paper2D (87)
[2016.04.27-02.36.56:674][250]LogModuleManager: Shutting down and abandoning module WindowsMoviePlayer (86)
[2016.04.27-02.36.56:682][250]LogModuleManager: Shutting down and abandoning module Media (85)
[2016.04.27-02.36.56:682][250]LogModuleManager: Shutting down and abandoning module WmfMedia (84)
[2016.04.27-02.36.56:682][250]LogModuleManager: Shutting down and abandoning module OnlineBlueprintSupport (83)
[2016.04.27-02.36.56:682][250]LogModuleManager: Shutting down and abandoning module GameplayTasksEditor (82)
[2016.04.27-02.36.56:682][250]LogModuleManager: Shutting down and abandoning module PropertyEditor (81)
[2016.04.27-02.36.56:682][250]LogModuleManager: Shutting down and abandoning module BehaviorTreeEditor (80)
[2016.04.27-02.36.56:682][250]LogModuleManager: Shutting down and abandoning module FunctionalTesting (79)
[2016.04.27-02.36.56:682][250]LogModuleManager: Shutting down and abandoning module CollisionAnalyzer (78)
[2016.04.27-02.36.56:682][250]LogModuleManager: Shutting down and abandoning module WorkspaceMenuStructure (77)
[2016.04.27-02.36.56:682][250]LogModuleManager: Shutting down and abandoning module MessageLog (76)
[2016.04.27-02.36.56:682][250]LogModuleManager: Shutting down and abandoning module Sequencer (75)
[2016.04.27-02.36.56:683][250]LogModuleManager: Shutting down and abandoning module AssetTools (74)
[2016.04.27-02.36.56:683][250]LogModuleManager: Shutting down and abandoning module UMGEditor (73)
[2016.04.27-02.36.56:683][250]LogModuleManager: Shutting down and abandoning module UMG (72)
[2016.04.27-02.36.56:683][250]LogModuleManager: Shutting down and abandoning module Slate (71)
[2016.04.27-02.36.56:683][250]LogModuleManager: Shutting down and abandoning module EditorStyle (70)
[2016.04.27-02.36.56:688][250]LogModuleManager: Shutting down and abandoning module SessionServices (69)
[2016.04.27-02.36.56:688][250]LogModuleManager: Shutting down and abandoning module SourceCodeAccess (68)
[2016.04.27-02.36.56:688][250]LogModuleManager: Shutting down and abandoning module HeadMountedDisplay (67)
[2016.04.27-02.36.56:688][250]LogModuleManager: Shutting down and abandoning module XAudio2 (66)
[2016.04.27-02.36.56:688][250]LogModuleManager: Shutting down and abandoning module Networking (65)
[2016.04.27-02.36.56:688][250]LogModuleManager: Shutting down and abandoning module Core (64)
[2016.04.27-02.36.56:688][250]LogModuleManager: Shutting down and abandoning module KismetCompiler (63)
[2016.04.27-02.36.56:688][250]LogModuleManager: Shutting down and abandoning module PhysXFormats (62)
[2016.04.27-02.36.56:688][250]LogModuleManager: Shutting down and abandoning module MeshUtilities (61)
[2016.04.27-02.36.56:688][250]LogModuleManager: Shutting down and abandoning module DerivedDataCache (60)
[2016.04.27-02.36.56:729][250]LogDerivedDataCache: Shutdown
[2016.04.27-02.36.56:729][250]LogModuleManager: Shutting down and abandoning module ShaderFormatOpenGL (59)
[2016.04.27-02.36.56:729][250]LogModuleManager: Shutting down and abandoning module ShaderFormatD3D (58)
[2016.04.27-02.36.56:729][250]LogModuleManager: Shutting down and abandoning module MetalShaderFormat (57)
[2016.04.27-02.36.56:729][250]LogModuleManager: Shutting down and abandoning module TextureFormatUncompressed (56)
[2016.04.27-02.36.56:729][250]LogModuleManager: Shutting down and abandoning module TextureFormatPVR (55)
[2016.04.27-02.36.56:729][250]LogModuleManager: Shutting down and abandoning module TextureFormatIntelISPCTexComp (54)
[2016.04.27-02.36.56:729][250]LogModuleManager: Shutting down and abandoning module TextureFormatDXT (53)
[2016.04.27-02.36.56:729][250]LogModuleManager: Shutting down and abandoning module ImageWrapper (52)
[2016.04.27-02.36.56:729][250]LogModuleManager: Shutting down and abandoning module TextureFormatASTC (51)
[2016.04.27-02.36.56:730][250]LogModuleManager: Shutting down and abandoning module TextureFormatAndroid (50)
[2016.04.27-02.36.56:730][250]LogModuleManager: Shutting down and abandoning module AudioFormatOpus (49)
[2016.04.27-02.36.56:730][250]LogModuleManager: Shutting down and abandoning module AudioFormatOgg (48)
[2016.04.27-02.36.56:730][250]LogModuleManager: Shutting down and abandoning module AudioFormatADPCM (47)
[2016.04.27-02.36.56:730][250]LogModuleManager: Shutting down and abandoning module LinuxTargetPlatform (46)
[2016.04.27-02.36.56:730][250]LogModuleManager: Shutting down and abandoning module LinuxServerTargetPlatform (45)
[2016.04.27-02.36.56:730][250]LogModuleManager: Shutting down and abandoning module LinuxNoEditorTargetPlatform (44)
[2016.04.27-02.36.56:730][250]LogModuleManager: Shutting down and abandoning module Messaging (43)
[2016.04.27-02.36.56:730][250]LogModuleManager: Shutting down and abandoning module IOSTargetPlatform (42)
[2016.04.27-02.36.56:730][250]LogModuleManager: Shutting down and abandoning module HTML5TargetPlatform (41)
[2016.04.27-02.36.56:730][250]LogModuleManager: Shutting down and abandoning module Android_PVRTCTargetPlatform (40)
[2016.04.27-02.36.56:730][250]LogModuleManager: Shutting down and abandoning module Android_MultiTargetPlatform (39)
[2016.04.27-02.36.56:730][250]LogModuleManager: Shutting down and abandoning module Android_ETC2TargetPlatform (38)
[2016.04.27-02.36.56:730][250]LogModuleManager: Shutting down and abandoning module Android_ETC1TargetPlatform (37)
[2016.04.27-02.36.56:730][250]LogModuleManager: Shutting down and abandoning module Android_DXTTargetPlatform (36)
[2016.04.27-02.36.56:730][250]LogModuleManager: Shutting down and abandoning module Android_ATCTargetPlatform (35)
[2016.04.27-02.36.56:730][250]LogModuleManager: Shutting down and abandoning module Android_ASTCTargetPlatform (34)
[2016.04.27-02.36.56:730][250]LogModuleManager: Shutting down and abandoning module AndroidTargetPlatform (33)
[2016.04.27-02.36.56:730][250]LogModuleManager: Shutting down and abandoning module WindowsTargetPlatform (32)
[2016.04.27-02.36.56:730][250]LogModuleManager: Shutting down and abandoning module WindowsServerTargetPlatform (31)
[2016.04.27-02.36.56:730][250]LogModuleManager: Shutting down and abandoning module WindowsNoEditorTargetPlatform (30)
[2016.04.27-02.36.56:730][250]LogModuleManager: Shutting down and abandoning module WindowsClientTargetPlatform (29)
[2016.04.27-02.36.56:731][250]LogModuleManager: Shutting down and abandoning module AllDesktopTargetPlatform (28)
[2016.04.27-02.36.56:731][250]LogModuleManager: Shutting down and abandoning module TargetPlatform (27)
[2016.04.27-02.36.56:731][250]LogModuleManager: Shutting down and abandoning module InputCore (26)
[2016.04.27-02.36.56:731][250]LogModuleManager: Shutting down and abandoning module Settings (25)
[2016.04.27-02.36.56:731][250]LogModuleManager: Shutting down and abandoning module Voice (23)
[2016.04.27-02.36.56:731][250]LogModuleManager: Shutting down and abandoning module OnlineSubsystem (19)
[2016.04.27-02.36.56:731][250]LogOnline:Display: NULL: FOnlineSubsystemNull::Shutdown()
[2016.04.27-02.36.56:732][250]LogOnline:Display: Unloading online subsystem: STEAM
[2016.04.27-02.36.56:733][250]LogOnline:Display: Unloading online subsystem: Null
[2016.04.27-02.36.56:733][250]LogModuleManager: Shutting down and abandoning module HTTP (18)
[2016.04.27-02.36.58:145][250]LogModuleManager: Shutting down and abandoning module XMPP (17)
[2016.04.27-02.36.58:145][250]LogModuleManager: Shutting down and abandoning module OculusRift (16)
[2016.04.27-02.36.58:145][250]LogModuleManager: Shutting down and abandoning module ExampleDeviceProfileSelector (15)
[2016.04.27-02.36.58:145][250]LogModuleManager: Shutting down and abandoning module TextureCompressor (14)
[2016.04.27-02.36.58:145][250]LogModuleManager: Shutting down and abandoning module ShaderCore (13)
[2016.04.27-02.36.58:145][250]LogModuleManager: Shutting down and abandoning module Landscape (12)
[2016.04.27-02.36.58:145][250]LogModuleManager: Shutting down and abandoning module SlateRHIRenderer (11)
[2016.04.27-02.36.58:146][250]LogModuleManager: Shutting down and abandoning module OpenGLDrv (10)
[2016.04.27-02.36.58:146][250]LogModuleManager: Shutting down and abandoning module D3D11RHI (9)
[2016.04.27-02.36.58:146][250]LogModuleManager: Shutting down and abandoning module AnimGraphRuntime (8)
[2016.04.27-02.36.58:146][250]LogModuleManager: Shutting down and abandoning module Renderer (7)
[2016.04.27-02.36.58:146][250]LogModuleManager: Shutting down and abandoning module Engine (6)
[2016.04.27-02.36.58:146][250]LogModuleManager: Shutting down and abandoning module CoreUObject (5)
[2016.04.27-02.36.58:146][250]LogModuleManager: Shutting down and abandoning module NetworkFile (4)
[2016.04.27-02.36.58:146][250]LogModuleManager: Shutting down and abandoning module StreamingFile (3)
[2016.04.27-02.36.58:146][250]LogModuleManager: Shutting down and abandoning module SandboxFile (2)
[2016.04.27-02.36.58:146][250]LogModuleManager: Shutting down and abandoning module PakFile (1)
[2016.04.27-02.36.58:147][250]LogExit: Exiting.
[2016.04.27-02.36.58:158][250]Log file closed, 04/26/16 22:36:58
