[2016.04.22-05.35.59:536][  0]Log file open, 04/22/16 01:35:59
[2016.04.22-05.35.59:536][  0]LogInit:Display: Running engine for game: GameDev2
[2016.04.22-05.35.59:536][  0]LogPlatformFile: Not using cached read wrapper
[2016.04.22-05.35.59:536][  0]LogInit:Display: RandInit(427333943) SRandInit(427333944).
[2016.04.22-05.35.59:536][  0]LogTaskGraph: Started task graph with 4 named threads and 7 total threads.
[2016.04.22-05.35.59:536][  0]LogStats: Stats thread started at 0.065209
[2016.04.22-05.35.59:536][  0]LogInit: Version: 4.10.4-2872498+++depot+UE4-Releases+4.10
[2016.04.22-05.35.59:536][  0]LogInit: API Version: 2758231
[2016.04.22-05.35.59:536][  0]LogInit: Compiled (64-bit): Feb 18 2016 15:47:04
[2016.04.22-05.35.59:536][  0]LogInit: Compiled with Visual C++: 19.00.23026.00
[2016.04.22-05.35.59:536][  0]LogInit: Build Configuration: Development
[2016.04.22-05.35.59:536][  0]LogInit: Branch Name: ++depot+UE4-Releases+4.10
[2016.04.22-05.35.59:536][  0]LogInit: Command line:  
[2016.04.22-05.35.59:536][  0]LogInit: Base directory: J:/Game/Epic Games/4.10/Engine/Binaries/Win64/
[2016.04.22-05.35.59:536][  0]LogInit: Rocket: 1
[2016.04.22-05.35.59:657][  0]LogInit: Using libcurl 7.41.0
[2016.04.22-05.35.59:657][  0]LogInit:  - built for x86_64-pc-win32
[2016.04.22-05.35.59:657][  0]LogInit:  - supports SSL with WinSSL
[2016.04.22-05.35.59:657][  0]LogInit:  - other features:
[2016.04.22-05.35.59:657][  0]LogInit:      CURL_VERSION_SSL
[2016.04.22-05.35.59:657][  0]LogInit:      CURL_VERSION_IPV6
[2016.04.22-05.35.59:657][  0]LogInit:      CURL_VERSION_ASYNCHDNS
[2016.04.22-05.35.59:657][  0]LogInit:      CURL_VERSION_LARGEFILE
[2016.04.22-05.35.59:657][  0]LogInit:      CURL_VERSION_IDN
[2016.04.22-05.35.59:657][  0]LogInit:  CurlRequestOptions (configurable via config and command line):
[2016.04.22-05.35.59:657][  0]LogInit:  - bVerifyPeer = true  - Libcurl will verify peer certificate
[2016.04.22-05.35.59:657][  0]LogInit:  - bUseHttpProxy = false  - Libcurl will NOT use HTTP proxy
[2016.04.22-05.35.59:657][  0]LogInit:  - bDontReuseConnections = false  - Libcurl will reuse connections
[2016.04.22-05.35.59:657][  0]LogInit:  - CertBundlePath = nullptr  - Libcurl will use whatever was configured at build time.
[2016.04.22-05.35.59:659][  0]LogOnline:Display: STEAM: Loading Steam SDK 1.32
[2016.04.22-05.35.59:660][  0]LogOnline:Warning: STEAM: Steam API disabled!
[2016.04.22-05.35.59:660][  0]LogOnline:Display: STEAM: OnlineSubsystemSteam::Shutdown()
[2016.04.22-05.35.59:673][  0]LogInit: WinSock: version 1.1 (2.2), MaxSocks=32767, MaxUdp=65467
[2016.04.22-05.35.59:678][  0]LogVoice:Warning: Failed to initialize voice interface
[2016.04.22-05.35.59:679][  0]LogInit: Presizing for 0 objects not considered by GC, pre-allocating 0 bytes.
[2016.04.22-05.35.59:684][  0]LogInit: Object subsystem initialized
[2016.04.22-05.35.59:685][  0]LogInit: Selected Device Profile: [Windows]
[2016.04.22-05.35.59:685][  0]LogInit: Applying CVar settings loaded from the selected device profile: [Windows]
[2016.04.22-05.35.59:692][  0]LogInit: Computer: SHANYEPC
[2016.04.22-05.35.59:692][  0]LogInit: User: Shanye
[2016.04.22-05.35.59:692][  0]LogInit: CPU Page size=4096, Cores=4
[2016.04.22-05.35.59:692][  0]LogInit: High frequency timer resolution =3.507516 MHz
[2016.04.22-05.35.59:692][  0]LogMemory: Memory total: Physical=12.0GB (12GB approx)
[2016.04.22-05.35.59:692][  0]LogMemory: Platform Memory Stats for Windows
[2016.04.22-05.35.59:692][  0]LogMemory: Process Physical Memory: 58.09 MB used, 58.09 MB peak
[2016.04.22-05.35.59:692][  0]LogMemory: Process Virtual Memory: 57.19 MB used, 57.19 MB peak
[2016.04.22-05.35.59:692][  0]LogMemory: Physical Memory: 5350.05 MB used, 12239.21 MB total
[2016.04.22-05.35.59:692][  0]LogMemory: Virtual Memory: 386.54 MB used, 134217728.00 MB total
[2016.04.22-05.35.59:721][  0]LogTextLocalizationManager: No specific translations for ('en-US') exist, so ('en') translations will be used.
[2016.04.22-05.36.00:063][  0]LogD3D11RHI: Found D3D11 adapter 0: NVIDIA GeForce GT 720 (Feature Level 11_0)
[2016.04.22-05.36.00:063][  0]LogD3D11RHI: Adapter has 974MB of dedicated video memory, 0MB of dedicated system memory, and 6119MB of shared system memory, 2 output[s]
[2016.04.22-05.36.00:064][  0]LogD3D11RHI: Found D3D11 adapter 1: Microsoft Basic Render Driver (Feature Level 11_0)
[2016.04.22-05.36.00:064][  0]LogD3D11RHI: Adapter has 0MB of dedicated video memory, 0MB of dedicated system memory, and 6119MB of shared system memory, 0 output[s]
[2016.04.22-05.36.00:064][  0]LogD3D11RHI: Chosen D3D11 Adapter Id = 0
[2016.04.22-05.36.00:075][  0]LogD3D11RHI: !Direct3DDevice
[2016.04.22-05.36.00:075][  0]LogRHI: Texture pool is 682 MB (70% of 974 MB)
[2016.04.22-05.36.00:087][  0]LogD3D11RHI: Async texture creation enabled
[2016.04.22-05.36.00:103][  0]LogShaderCompilers: Guid format shader working directory is 11 characters bigger than the processId version (../../../../../Junior/Repo/GameDev2/Intermediate/Shaders/WorkingDirectory/80252/).
[2016.04.22-05.36.00:103][  0]LogShaderCompilers: Cleaned the shader compiler working directory 'C:/Users/Shanye/AppData/Local/Temp/UnrealShaderWorkingDir/EE5581E34A88EEEF50F792BAF340BA8D/'.
[2016.04.22-05.36.00:103][  0]LogShaderCompilers:Display: Using Local Shader Compiler.
[2016.04.22-05.36.03:294][  0]LogTemp:Display: Loaded TP AllDesktopTargetPlatform
[2016.04.22-05.36.03:297][  0]LogTemp:Display: Loaded TP WindowsClientTargetPlatform
[2016.04.22-05.36.03:300][  0]LogTemp:Display: Loaded TP WindowsNoEditorTargetPlatform
[2016.04.22-05.36.03:303][  0]LogTemp:Display: Loaded TP WindowsServerTargetPlatform
[2016.04.22-05.36.03:305][  0]LogTemp:Display: Loaded TP WindowsTargetPlatform
[2016.04.22-05.36.03:307][  0]LogTemp:Display: Loaded TP AndroidTargetPlatform
[2016.04.22-05.36.03:309][  0]LogTemp:Display: Loaded TP Android_ASTCTargetPlatform
[2016.04.22-05.36.03:312][  0]LogTemp:Display: Loaded TP Android_ATCTargetPlatform
[2016.04.22-05.36.03:314][  0]LogTemp:Display: Loaded TP Android_DXTTargetPlatform
[2016.04.22-05.36.03:316][  0]LogTemp:Display: Loaded TP Android_ETC1TargetPlatform
[2016.04.22-05.36.03:319][  0]LogTemp:Display: Loaded TP Android_ETC2TargetPlatform
[2016.04.22-05.36.03:323][  0]LogTemp:Display: Loaded TP Android_MultiTargetPlatform
[2016.04.22-05.36.03:323][  0]LogTemp:Display: Loaded TP Android_PVRTCTargetPlatform
[2016.04.22-05.36.03:324][  0]LogTemp:Display: Loaded TP HTML5TargetPlatform
[2016.04.22-05.36.03:338][  0]LogTemp:Display: Loaded TP IOSTargetPlatform
[2016.04.22-05.36.03:340][  0]LogTemp:Display: Loaded TP LinuxNoEditorTargetPlatform
[2016.04.22-05.36.03:342][  0]LogTemp:Display: Loaded TP LinuxServerTargetPlatform
[2016.04.22-05.36.03:345][  0]LogTemp:Display: Loaded TP LinuxTargetPlatform
[2016.04.22-05.36.03:345][  0]LogTargetPlatformManager:Display: Building Assets For Windows
[2016.04.22-05.36.03:386][  0]LogDerivedDataCache:Display: Max Cache Size: 512 MB
[2016.04.22-05.36.07:502][  0]LogDerivedDataCache: Loaded boot cache 4.10s 41MB C:/Users/Shanye/AppData/Local/UnrealEngine/4.10/DerivedDataCache/Boot.ddc.
[2016.04.22-05.36.07:502][  0]LogDerivedDataCache:Display: Loaded Boot cache: C:/Users/Shanye/AppData/Local/UnrealEngine/4.10/DerivedDataCache/Boot.ddc
[2016.04.22-05.36.07:511][  0]LogDerivedDataCache: FDerivedDataBackendGraph:  Pak pak cache file ../../../../../Junior/Repo/GameDev2/DerivedDataCache/DDC.ddp not found, will not use a pak cache.
[2016.04.22-05.36.07:511][  0]LogDerivedDataCache: Unable to find inner node Pak for hierarchical cache Hierarchy.
[2016.04.22-05.36.07:511][  0]LogDerivedDataCache: FDerivedDataBackendGraph:  CompressedPak pak cache file ../../../../../Junior/Repo/GameDev2/DerivedDataCache/Compressed.ddp not found, will not use a pak cache.
[2016.04.22-05.36.07:511][  0]LogDerivedDataCache: Unable to find inner node CompressedPak for hierarchical cache Hierarchy.
[2016.04.22-05.36.07:635][  0]LogDerivedDataCache:Display: Pak cache opened for reading ../../../Engine/DerivedDataCache/Compressed.ddp.
[2016.04.22-05.36.07:706][  0]LogDerivedDataCache: Using Local data cache path C:/Users/Shanye/AppData/Local/UnrealEngine/Common/DerivedDataCache: Writable
[2016.04.22-05.36.29:331][  0]LogInit: Selected Device Profile: [Windows]
[2016.04.22-05.36.29:564][  0]LogContentStreaming: Texture pool size is 0.000000MB
[2016.04.22-05.36.36:281][  0]LogMeshUtilities: No automatic mesh reduction module available
[2016.04.22-05.36.36:281][  0]LogMeshUtilities: No automatic mesh merging module available
[2016.04.22-05.37.06:341][  0]UdpMessaging: Initializing bridge on interface 0.0.0.0:0 to multicast group 230.0.0.1:6666.
[2016.04.22-05.37.08:404][  0]LogAssetRegistry: FAssetRegistry took 0.2397 seconds to start up
[2016.04.22-05.37.16:289][  0]SourceControl: Info Source control is disabled
[2016.04.22-05.37.16:306][  0]SourceControl: Info Source control is disabled
[2016.04.22-05.37.16:484][  0]SourceControl: Info Source control is disabled
[2016.04.22-05.37.17:042][  0]SourceControl: Info Source control is disabled
[2016.04.22-05.37.22:352][  0]LogObj: 28640 objects as part of root set at end of initial load.
[2016.04.22-05.37.22:352][  0]LogUObjectAllocator: 6315720 out of 0 bytes used by permanent object pool.
[2016.04.22-05.37.25:369][  0]LogAutomationTest:Warning: Smoke tests took > 1s to run: 2.01s
[2016.04.22-05.37.25:587][  0]LogEngine: Initializing Engine...
[2016.04.22-05.37.25:684][  0]LogHMD: Can't find Oculus library dev build: is proper Runtime installed? Version: 0.8.0.0
[2016.04.22-05.37.25:772][  0]LogHMD: SteamVR failed to initialize.  Err: 110
[2016.04.22-05.37.28:933][  0]LogAIModule: Creating AISystem for world NewWorld
[2016.04.22-05.37.30:714][  0]LogInit: XAudio2 using 'Speakers (Realtek High Definition Audio)' : 2 channels at 48 kHz using 32 bits per sample (channel mask 0x3)
[2016.04.22-05.37.30:896][  0]LogInit: FAudioDevice initialized.
[2016.04.22-05.37.30:917][  0]LogDerivedDataCache: Saved boot cache 0.02s 41MB C:/Users/Shanye/AppData/Local/UnrealEngine/4.10/DerivedDataCache/Boot.ddc.
[2016.04.22-05.37.30:919][  0]LogInit: Texture streaming: Enabled
[2016.04.22-05.37.31:095][  0]LogAnalytics: Creating configured Analytics provider AnalyticsET
[2016.04.22-05.37.31:098][  0]LogAnalytics: [UEEditor.Rocket.Release] APIServer = http://et2.epicgames.com/ET2/. AppVersion = 4.10.4-2872498+++depot+UE4-Releases+4.10
[2016.04.22-05.37.31:098][  0]LogAnalytics: [UEEditor.Rocket.Release] SetUserId a32a4e514c2db6b4aa2fabb39e9eb0dd|d0364dc428fd4a30b51194022302dc17|e802f417-8768-47e2-9a46-4150259d8724
[2016.04.22-05.37.31:143][  0]LogAnalytics: [UEEditor.Rocket.Release] AnalyticsET::StartSession
[2016.04.22-05.37.31:776][  0]LogInit: Transaction tracking system initialized
[2016.04.22-05.37.33:268][  0]BlueprintLog: New page: Editor Load
[2016.04.22-05.37.41:161][  0]LocalizationService: Info Localization service is disabled
[2016.04.22-05.37.43:523][  0]LogLinker:Warning: Can't find file '/Game/TopDownBP/TopDownOverview'
[2016.04.22-05.37.43:554][  0]LogLinker:Warning: Can't find file '/Game/TopDownBP/TopDownOverview'
[2016.04.22-05.37.43:554][  0]LogUObjectGlobals:Warning: Failed to find object 'Class /Game/TopDownBP/TopDownOverview.TopDownOverview_C'
[2016.04.22-05.37.44:789][  0]LogConsoleResponse:Display: 
[2016.04.22-05.37.49:301][  0]LogFileCache: Scanning file cache for directory 'J:/Game/Junior/Repo/GameDev2/Content/' took 0.21s
[2016.04.22-05.37.49:301][  0]LogCook:Display: Done creating registry. It took  0.00s.
[2016.04.22-05.37.52:125][  0]SourceControl: Info Source control is disabled
[2016.04.22-05.37.52:216][  0]Cmd: MAP LOAD FILE="../../../../../Junior/Repo/GameDev2/Content/ProjectWarcrab/MainMenu.umap" TEMPLATE=0 SHOWPROGRESS=1 FEATURELEVEL=3
[2016.04.22-05.37.52:239][  0]LogEditorServer:Warning: Can't find file '../../../../../Junior/Repo/GameDev2/Content/ProjectWarcrab/MainMenu.umap'
[2016.04.22-05.37.52:277][  0]Cmd: MAP CHECKDEP NOCLEARLOG
[2016.04.22-05.37.52:440][  0]MapCheck: Info Map check complete: 0 Error(s), 0 Warning(s), took 159.662ms to complete.
[2016.04.22-05.37.52:462][  0]LogFileHelpers: Loading map 'MainMenu' took 0.283
[2016.04.22-05.37.57:251][  0]LogCollectionManager: Loaded 0 collections in 0.000777 seconds
[2016.04.22-05.37.57:740][  0]LogFileCache: Scanning file cache for directory 'J:/Game/Junior/Repo/GameDev2/Saved/Collections/' took 0.01s
[2016.04.22-05.37.57:740][  0]LogFileCache: Scanning file cache for directory 'J:/Game/Junior/Repo/GameDev2/Content/Developers/Shanye/Collections/' took 0.01s
[2016.04.22-05.37.57:740][  0]LogFileCache: Scanning file cache for directory 'J:/Game/Junior/Repo/GameDev2/Content/Collections/' took 0.01s
[2016.04.22-05.37.57:740][  0]LogCollectionManager: Rebuilt the GUID cache for 0 collections in 0.000001 seconds
[2016.04.22-05.37.57:784][  0]LogContentBrowser: Native class hierarchy populated in 0.0247 seconds. Added 1895 classes and 340 folders.
[2016.04.22-05.37.58:081][  0]LogContentBrowser: Native class hierarchy updated for 'WidgetCarousel' in 0.0004 seconds. Added 0 classes and 0 folders.
[2016.04.22-05.38.00:289][  0]LogContentBrowser: Native class hierarchy updated for 'AddContentDialog' in 0.0003 seconds. Added 0 classes and 0 folders.
[2016.04.22-05.38.00:452][  0]LogContentBrowser: Native class hierarchy updated for 'SceneOutliner' in 0.0003 seconds. Added 1 classes and 2 folders.
[2016.04.22-05.38.02:081][  0]LogCrashTracker: Crashtracker disabled due to settings.
[2016.04.22-05.38.03:254][  0]LogUObjectGlobals:Warning: Failed to find object 'Class None.'
[2016.04.22-05.38.03:434][  0]LogLoad: Full Startup: 124.89 seconds (BP compile: 2.19 seconds)
[2016.04.22-05.38.03:550][  0]LogWindowsTextInputMethodSystem:Display: IME system now deactivated.
[2016.04.22-05.38.03:628][  0]LogOcInput: Can't find Oculus library dev build: is proper Runtime installed? Version: 0.8.0.0
[2016.04.22-05.38.05:767][  0]LogContentStreaming: Texture pool size now 400 MB
[2016.04.22-05.38.08:479][  0]LogRenderer: Reallocating scene render targets to support 1208x572 (Frame:2).
[2016.04.22-05.38.13:236][  6]LogAssetRegistry: Asset discovery search completed in 64.8476 seconds
[2016.04.22-05.38.13:297][  6]LogCollectionManager: Rebuilt the object cache for 0 collections in 0.000001 seconds (found 0 objects)
[2016.04.22-05.38.13:306][  6]LogCollectionManager: Fixed up redirectors for 0 collections in 0.068682 seconds (updated 0 objects)
[2016.04.22-05.39.33:633][574]LogFactory: FactoryCreateBinary: Texture with ReimportTextureFactory (0 0 C:\Users\Shanye\Downloads\mortar.png)
[2016.04.22-05.39.33:759][574]LogTexture:Display: Building textures: mortar (AutoDXT)
[2016.04.22-05.39.39:222][585]LogContentBrowser: Native class hierarchy updated for 'TextureEditor' in 0.0003 seconds. Added 1 classes and 2 folders.
[2016.04.22-05.40.03:117][447]LogFactory: FactoryCreateBinary: Texture with ReimportTextureFactory (0 0 C:\Users\Shanye\Downloads\missle.png)
[2016.04.22-05.40.03:173][447]LogTexture:Display: Building textures: missle (AutoDXT)
[2016.04.22-05.40.14:449][481]LogFactory: FactoryCreateBinary: Texture with ReimportTextureFactory (0 0 C:\Users\Shanye\Downloads\gravity_wall.png)
[2016.04.22-05.40.14:469][481]LogTexture:Display: Building textures: gravity_wall (AutoDXT)
[2016.04.22-05.40.22:448][505]LogFactory: FactoryCreateBinary: Texture with ReimportTextureFactory (0 0 C:\Users\Shanye\Downloads\Electric-Lasso.png)
[2016.04.22-05.40.22:505][505]LogTexture:Display: Building textures: Electric-Lasso (AutoDXT)
[2016.04.22-05.40.31:780][533]LogFactory: FactoryCreateBinary: Texture with ReimportTextureFactory (0 0 C:\Users\Shanye\Downloads\homing_missle.png)
[2016.04.22-05.40.31:784][533]LogTexture:Display: Building textures: homing_missle (AutoDXT)
[2016.04.22-05.40.39:535][957]Cmd: OBJ SAVEPACKAGE PACKAGE="/Game/ProjectWarcrab/2DAssets/mortar" FILE="../../../../../Junior/Repo/GameDev2/Content/ProjectWarcrab/2DAssets/mortar.uasset" SILENT=true
[2016.04.22-05.40.40:342][957]LogSavePackage: Save=200.679916ms
[2016.04.22-05.40.40:342][957]LogSavePackage: Moving '../../../../../Junior/Repo/GameDev2/Saved/mortar6C8E6AF94D4CBA9DB030BDAD1B42C85E.tmp' to '../../../../../Junior/Repo/GameDev2/Content/ProjectWarcrab/2DAssets/mortar.uasset'
[2016.04.22-05.40.40:374][957]LogSavePackage: Total save time: 471.495498ms
[2016.04.22-05.40.40:374][957]LogSavePackage:Display: Finished SavePackage ../../../../../Junior/Repo/GameDev2/Content/ProjectWarcrab/2DAssets/mortar.uasset
[2016.04.22-05.40.40:387][957]Cmd: OBJ SAVEPACKAGE PACKAGE="/Game/ProjectWarcrab/2DAssets/missle" FILE="../../../../../Junior/Repo/GameDev2/Content/ProjectWarcrab/2DAssets/missle.uasset" SILENT=true
[2016.04.22-05.40.40:415][957]LogSavePackage: Save=9.515281ms
[2016.04.22-05.40.40:415][957]LogSavePackage: Moving '../../../../../Junior/Repo/GameDev2/Saved/missleF6E5689B4EE8B9CCD647D0B5749FF155.tmp' to '../../../../../Junior/Repo/GameDev2/Content/ProjectWarcrab/2DAssets/missle.uasset'
[2016.04.22-05.40.40:419][957]LogSavePackage: Total save time: 14.217470ms
[2016.04.22-05.40.40:419][957]LogSavePackage:Display: Finished SavePackage ../../../../../Junior/Repo/GameDev2/Content/ProjectWarcrab/2DAssets/missle.uasset
[2016.04.22-05.40.40:435][957]Cmd: OBJ SAVEPACKAGE PACKAGE="/Game/ProjectWarcrab/2DAssets/gravity_wall" FILE="../../../../../Junior/Repo/GameDev2/Content/ProjectWarcrab/2DAssets/gravity_wall.uasset" SILENT=true
[2016.04.22-05.40.40:447][957]LogSavePackage: Save=10.411357ms
[2016.04.22-05.40.40:447][957]LogSavePackage: Moving '../../../../../Junior/Repo/GameDev2/Saved/gravity_wall364DCAA240166E1CF68BBCAF4F134809.tmp' to '../../../../../Junior/Repo/GameDev2/Content/ProjectWarcrab/2DAssets/gravity_wall.uasset'
[2016.04.22-05.40.40:451][957]LogSavePackage: Total save time: 14.498580ms
[2016.04.22-05.40.40:451][957]LogSavePackage:Display: Finished SavePackage ../../../../../Junior/Repo/GameDev2/Content/ProjectWarcrab/2DAssets/gravity_wall.uasset
[2016.04.22-05.40.40:465][957]Cmd: OBJ SAVEPACKAGE PACKAGE="/Game/ProjectWarcrab/2DAssets/Electric-Lasso" FILE="../../../../../Junior/Repo/GameDev2/Content/ProjectWarcrab/2DAssets/Electric-Lasso.uasset" SILENT=true
[2016.04.22-05.40.40:489][957]LogSavePackage: Save=8.518279ms
[2016.04.22-05.40.40:490][957]LogSavePackage: Moving '../../../../../Junior/Repo/GameDev2/Saved/Electric-LassoB755D079492B92FF9101A394CF1AEDC1.tmp' to '../../../../../Junior/Repo/GameDev2/Content/ProjectWarcrab/2DAssets/Electric-Lasso.uasset'
[2016.04.22-05.40.40:494][957]LogSavePackage: Total save time: 13.269220ms
[2016.04.22-05.40.40:494][957]LogSavePackage:Display: Finished SavePackage ../../../../../Junior/Repo/GameDev2/Content/ProjectWarcrab/2DAssets/Electric-Lasso.uasset
[2016.04.22-05.40.40:509][957]Cmd: OBJ SAVEPACKAGE PACKAGE="/Game/ProjectWarcrab/2DAssets/homing_missle" FILE="../../../../../Junior/Repo/GameDev2/Content/ProjectWarcrab/2DAssets/homing_missle.uasset" SILENT=true
[2016.04.22-05.40.40:522][957]LogSavePackage: Save=9.990261ms
[2016.04.22-05.40.40:522][957]LogSavePackage: Moving '../../../../../Junior/Repo/GameDev2/Saved/homing_missle4A03707246CC4356A149A999CA32BFDD.tmp' to '../../../../../Junior/Repo/GameDev2/Content/ProjectWarcrab/2DAssets/homing_missle.uasset'
[2016.04.22-05.40.40:526][957]LogSavePackage: Total save time: 14.551040ms
[2016.04.22-05.40.40:526][957]LogSavePackage:Display: Finished SavePackage ../../../../../Junior/Repo/GameDev2/Content/ProjectWarcrab/2DAssets/homing_missle.uasset
[2016.04.22-05.40.47:336][352]LogLinker:Warning: Can't find file '/Game/ProjectWarcrab/Blueprints/Widgets/LoadingScreen'
[2016.04.22-05.40.47:336][352]LogLinker:Warning: Can't find file for asset '/Game/ProjectWarcrab/Blueprints/Widgets/LoadingScreen' while loading ../../../../../Junior/Repo/GameDev2/Content/ProjectWarcrab/Blueprints/LevelSwitchHandler.uasset.
[2016.04.22-05.40.47:349][352]LoadErrors:Error: Error /Game/ProjectWarcrab/Blueprints/LevelSwitchHandler : Can't find file for asset. /Game/ProjectWarcrab/Blueprints/Widgets/LoadingScreen
[2016.04.22-05.40.47:350][352]LogLinker:Warning: Can't find file '/Game/ProjectWarcrab/Blueprints/Widgets/LoadingScreen'
[2016.04.22-05.40.47:350][352]LogLinker:Warning: Can't find file for asset '/Game/ProjectWarcrab/Blueprints/Widgets/LoadingScreen' while loading ../../../../../Junior/Repo/GameDev2/Content/ProjectWarcrab/Blueprints/LevelSwitchHandler.uasset.
[2016.04.22-05.40.47:377][352]LogLinker:Warning: Can't find file '/Game/ProjectWarcrab/Blueprints/Widgets/LoadingScreen'
[2016.04.22-05.40.47:377][352]LogLinker:Warning: Can't find file for asset '/Game/ProjectWarcrab/Blueprints/Widgets/LoadingScreen' while loading ../../../../../Junior/Repo/GameDev2/Content/ProjectWarcrab/Blueprints/Widgets/MainMenu.uasset.
[2016.04.22-05.40.47:378][352]LoadErrors:Error: Error /Game/ProjectWarcrab/Blueprints/Widgets/MainMenu : Can't find file for asset. /Game/ProjectWarcrab/Blueprints/Widgets/LoadingScreen
[2016.04.22-05.40.47:378][352]LogLinker:Warning: Can't find file '/Game/ProjectWarcrab/Blueprints/Widgets/LoadingScreen'
[2016.04.22-05.40.47:378][352]LogLinker:Warning: Can't find file for asset '/Game/ProjectWarcrab/Blueprints/Widgets/LoadingScreen' while loading ../../../../../Junior/Repo/GameDev2/Content/ProjectWarcrab/Blueprints/Widgets/MainMenu.uasset.
[2016.04.22-05.40.47:379][352]LogLinker:Warning: Can't find file '/Game/ProjectWarcrab/Blueprints/Widgets/LoadingScreen'
[2016.04.22-05.40.47:379][352]LogLinker:Warning: Can't find file for asset '/Game/ProjectWarcrab/Blueprints/Widgets/LoadingScreen' while loading ../../../../../Junior/Repo/GameDev2/Content/ProjectWarcrab/Blueprints/Widgets/MainMenu.uasset.
[2016.04.22-05.40.47:416][352]LogLinker:Warning: Can't find file '/Game/ProjectWarcrab/Blueprints/Widgets/LoadingScreen'
[2016.04.22-05.40.47:443][352]LoadErrors: Info Failed to load /Game/ProjectWarcrab/Blueprints/Widgets/ErrorDialog.ErrorDialog_C Referenced by EdGraphPin_32939
[2016.04.22-05.40.47:443][352]LogLinker:Warning: Can't find file for asset '/Game/ProjectWarcrab/Blueprints/Widgets/LoadingScreen' while loading ../../../../../Junior/Repo/GameDev2/Content/ProjectWarcrab/Blueprints/Widgets/MainMenu.uasset.
[2016.04.22-05.40.47:452][352]LogLinker:Warning: Can't find file '/Game/ProjectWarcrab/Blueprints/Widgets/LoadingScreen'
[2016.04.22-05.40.47:452][352]LoadErrors: Info Failed to load /Game/ProjectWarcrab/Blueprints/Widgets/ErrorDialog.ErrorDialog_C Referenced by EdGraphPin_32940
[2016.04.22-05.40.47:452][352]LogLinker:Warning: Can't find file for asset '/Game/ProjectWarcrab/Blueprints/Widgets/LoadingScreen' while loading ../../../../../Junior/Repo/GameDev2/Content/ProjectWarcrab/Blueprints/Widgets/MainMenu.uasset.
[2016.04.22-05.40.47:458][352]LogLinker:Warning: Can't find file '/Game/ProjectWarcrab/Blueprints/Widgets/LoadingScreen'
[2016.04.22-05.40.47:458][352]LoadErrors: Info Failed to load /Game/ProjectWarcrab/Blueprints/Widgets/ErrorDialog.ErrorDialog_C Referenced by EdGraphPin_32924
[2016.04.22-05.40.47:458][352]LogLinker:Warning: Can't find file for asset '/Game/ProjectWarcrab/Blueprints/Widgets/LoadingScreen' while loading ../../../../../Junior/Repo/GameDev2/Content/ProjectWarcrab/Blueprints/Widgets/MainMenu.uasset.
[2016.04.22-05.40.47:458][352]LogLinker:Warning: Can't find file '/Game/ProjectWarcrab/Blueprints/Widgets/LoadingScreen'
[2016.04.22-05.40.47:459][352]LoadErrors: Info Failed to load /Game/ProjectWarcrab/Blueprints/Widgets/ErrorDialog.ErrorDialog_C Referenced by EdGraphPin_32925
[2016.04.22-05.40.47:459][352]LogLinker:Warning: Can't find file for asset '/Game/ProjectWarcrab/Blueprints/Widgets/LoadingScreen' while loading ../../../../../Junior/Repo/GameDev2/Content/ProjectWarcrab/Blueprints/Widgets/MainMenu.uasset.
[2016.04.22-05.40.48:501][352]LogBlueprint:Error: [compiler LevelSwitchHandler] Error Spawn node  Create Widget  must have a class specified.
[2016.04.22-05.40.48:503][352]LogBlueprint:Error: [compiler LevelSwitchHandler] Error Spawn node  Create Widget  must have a class specified.
[2016.04.22-05.40.48:595][352]LogBlueprint:Warning: [compiler LevelSwitchHandler] Warning [0290.05] Compile of LevelSwitchHandler failed. 2 Fatal Issue(s) 0 Warning(s) [in 463 ms]
[2016.04.22-05.40.48:595][352]LogBlueprint:Warning: [compiler LevelSwitchHandler] Warning [0290.05] Compile of LevelSwitchHandler failed. 2 Fatal Issue(s) 1 Warning(s) [in 0 ms]
[2016.04.22-05.40.48:595][352]LogBlueprint:Warning: [compiler LevelSwitchHandler] Warning [0290.05] Compile of LevelSwitchHandler failed. 2 Fatal Issue(s) 2 Warning(s) [in 0 ms]
[2016.04.22-05.40.50:149][352]LogLinker:Warning: Can't find file '/Game/ProjectWarcrab/Landscape/Ground_LayerInfo'
[2016.04.22-05.40.50:149][352]LogLinker:Warning: Can't find file for asset '/Game/ProjectWarcrab/Landscape/Ground_LayerInfo' while loading ../../../../../Junior/Repo/GameDev2/Content/ProjectWarcrab/Levels/MainMenu.umap.
[2016.04.22-05.40.50:149][352]LoadErrors:Error: Error /Game/ProjectWarcrab/Levels/MainMenu : Can't find file for asset. /Game/ProjectWarcrab/Landscape/Ground_LayerInfo
[2016.04.22-05.40.50:149][352]LogLinker:Warning: Can't find file '/Game/ProjectWarcrab/Landscape/Lava_LayerInfo'
[2016.04.22-05.40.50:149][352]LogLinker:Warning: Can't find file for asset '/Game/ProjectWarcrab/Landscape/Lava_LayerInfo' while loading ../../../../../Junior/Repo/GameDev2/Content/ProjectWarcrab/Levels/MainMenu.umap.
[2016.04.22-05.40.50:149][352]LoadErrors:Error: Error /Game/ProjectWarcrab/Levels/MainMenu : Can't find file for asset. /Game/ProjectWarcrab/Landscape/Lava_LayerInfo
[2016.04.22-05.40.50:149][352]LogLinker:Warning: Can't find file '/Game/ProjectWarcrab/Landscape/test_lavaground'
[2016.04.22-05.40.50:149][352]LogLinker:Warning: Can't find file for asset '/Game/ProjectWarcrab/Landscape/test_lavaground' while loading ../../../../../Junior/Repo/GameDev2/Content/ProjectWarcrab/Levels/MainMenu.umap.
[2016.04.22-05.40.50:149][352]LoadErrors:Error: Error /Game/ProjectWarcrab/Levels/MainMenu : Can't find file for asset. /Game/ProjectWarcrab/Landscape/test_lavaground
[2016.04.22-05.40.52:639][352]LogLinker:Warning: Can't find file '/Game/ProjectWarcrab/Landscape/Ground_LayerInfo'
[2016.04.22-05.40.52:639][352]LogLinker:Warning: Can't find file for asset '/Game/ProjectWarcrab/Landscape/Ground_LayerInfo' while loading ../../../../../Junior/Repo/GameDev2/Content/ProjectWarcrab/Levels/MainMenu.umap.
[2016.04.22-05.40.52:640][352]LogLinker:Warning: Can't find file '/Game/ProjectWarcrab/Landscape/Lava_LayerInfo'
[2016.04.22-05.40.52:640][352]LogLinker:Warning: Can't find file for asset '/Game/ProjectWarcrab/Landscape/Lava_LayerInfo' while loading ../../../../../Junior/Repo/GameDev2/Content/ProjectWarcrab/Levels/MainMenu.umap.
[2016.04.22-05.40.52:641][352]LogLinker:Warning: Can't find file '/Game/ProjectWarcrab/Landscape/safezone'
[2016.04.22-05.40.52:641][352]LogLinker:Warning: Can't find file for asset '/Game/ProjectWarcrab/Landscape/safezone' while loading ../../../../../Junior/Repo/GameDev2/Content/ProjectWarcrab/Levels/MainMenu.umap.
[2016.04.22-05.40.52:641][352]LoadErrors:Error: Error /Game/ProjectWarcrab/Levels/MainMenu : Can't find file for asset. /Game/ProjectWarcrab/Landscape/safezone
[2016.04.22-05.40.52:642][352]LogLinker:Warning: Can't find file '/Game/ProjectWarcrab/Landscape/test_lavaground'
[2016.04.22-05.40.52:642][352]LogLinker:Warning: Can't find file for asset '/Game/ProjectWarcrab/Landscape/test_lavaground' while loading ../../../../../Junior/Repo/GameDev2/Content/ProjectWarcrab/Levels/MainMenu.umap.
[2016.04.22-05.40.52:707][352]LogLinker:Warning: Can't find file '/Game/ProjectWarcrab/Landscape/safezone'
[2016.04.22-05.40.52:707][352]LogLinker:Warning: Can't find file for asset '/Game/ProjectWarcrab/Landscape/safezone' while loading ../../../../../Junior/Repo/GameDev2/Content/ProjectWarcrab/Levels/MainMenu.umap.
[2016.04.22-05.40.52:708][352]LogLinker:Warning: Can't find file '/Game/ProjectWarcrab/Landscape/Ground_LayerInfo'
[2016.04.22-05.40.52:709][352]LogLinker:Warning: Can't find file for asset '/Game/ProjectWarcrab/Landscape/Ground_LayerInfo' while loading NULL.
[2016.04.22-05.40.52:709][352]LogLinker:Warning: Can't find file '/Game/ProjectWarcrab/Landscape/Lava_LayerInfo'
[2016.04.22-05.40.52:709][352]LogLinker:Warning: Can't find file for asset '/Game/ProjectWarcrab/Landscape/Lava_LayerInfo' while loading NULL.
[2016.04.22-05.40.52:709][352]LogLinker:Warning: Can't find file '/Game/ProjectWarcrab/Landscape/test_lavaground'
[2016.04.22-05.40.52:709][352]LogLinker:Warning: Can't find file for asset '/Game/ProjectWarcrab/Landscape/test_lavaground' while loading NULL.
[2016.04.22-05.40.52:709][352]LogLinker:Warning: Can't find file '/Game/ProjectWarcrab/Landscape/Ground_LayerInfo'
[2016.04.22-05.40.52:709][352]LogLinker:Warning: Can't find file for asset '/Game/ProjectWarcrab/Landscape/Ground_LayerInfo' while loading NULL.
[2016.04.22-05.40.52:709][352]LogLinker:Warning: Can't find file '/Game/ProjectWarcrab/Landscape/Lava_LayerInfo'
[2016.04.22-05.40.52:709][352]LogLinker:Warning: Can't find file for asset '/Game/ProjectWarcrab/Landscape/Lava_LayerInfo' while loading NULL.
[2016.04.22-05.40.52:709][352]LogLinker:Warning: Can't find file '/Game/ProjectWarcrab/Landscape/safezone'
[2016.04.22-05.40.52:709][352]LogLinker:Warning: Can't find file for asset '/Game/ProjectWarcrab/Landscape/safezone' while loading NULL.
[2016.04.22-05.40.52:710][352]LogLinker:Warning: Can't find file '/Game/ProjectWarcrab/Landscape/test_lavaground'
[2016.04.22-05.40.52:710][352]LogLinker:Warning: Can't find file for asset '/Game/ProjectWarcrab/Landscape/test_lavaground' while loading NULL.
[2016.04.22-05.40.52:710][352]LogLinker:Warning: Can't find file '/Game/ProjectWarcrab/Landscape/safezone'
[2016.04.22-05.40.52:710][352]LogLinker:Warning: Can't find file for asset '/Game/ProjectWarcrab/Landscape/safezone' while loading NULL.
[2016.04.22-05.40.59:950][352]LogLinker:Warning: Can't find file '/Game/ProjectWarcrab/Landscape/test_lavaground'
[2016.04.22-05.40.59:950][352]LoadErrors: Info Failed to load /Game/ProjectWarcrab/Landscape/test_lavaground.test_lavaground Referenced by Landscape_0
[2016.04.22-05.40.59:950][352]LogLinker:Warning: Can't find file for asset '/Game/ProjectWarcrab/Landscape/test_lavaground' while loading NULL.
[2016.04.22-05.40.59:951][352]LogLinker:Warning: Can't find file '/Game/ProjectWarcrab/Landscape/Ground_LayerInfo'
[2016.04.22-05.40.59:951][352]LoadErrors: Info Failed to load /Game/ProjectWarcrab/Landscape/Ground_LayerInfo.Ground_LayerInfo Referenced by Landscape_0
[2016.04.22-05.40.59:951][352]LogLinker:Warning: Can't find file for asset '/Game/ProjectWarcrab/Landscape/Ground_LayerInfo' while loading NULL.
[2016.04.22-05.40.59:951][352]LogLinker:Warning: Can't find file '/Game/ProjectWarcrab/Landscape/Lava_LayerInfo'
[2016.04.22-05.40.59:951][352]LoadErrors: Info Failed to load /Game/ProjectWarcrab/Landscape/Lava_LayerInfo.Lava_LayerInfo Referenced by Landscape_0
[2016.04.22-05.40.59:951][352]LogLinker:Warning: Can't find file for asset '/Game/ProjectWarcrab/Landscape/Lava_LayerInfo' while loading NULL.
[2016.04.22-05.40.59:976][352]LogLinker:Warning: Can't find file '/Game/ProjectWarcrab/Landscape/Ground_LayerInfo'
[2016.04.22-05.40.59:976][352]LogLinker:Warning: Can't find file for asset '/Game/ProjectWarcrab/Landscape/Ground_LayerInfo' while loading NULL.
[2016.04.22-05.40.59:976][352]LogLinker:Warning: Can't find file '/Game/ProjectWarcrab/Landscape/Lava_LayerInfo'
[2016.04.22-05.40.59:976][352]LogLinker:Warning: Can't find file for asset '/Game/ProjectWarcrab/Landscape/Lava_LayerInfo' while loading NULL.
[2016.04.22-05.41.00:084][352]LogLinker:Warning: Can't find file '/Game/ProjectWarcrab/Landscape/Ground_LayerInfo'
[2016.04.22-05.41.00:084][352]LogLinker:Warning: Can't find file for asset '/Game/ProjectWarcrab/Landscape/Ground_LayerInfo' while loading NULL.
[2016.04.22-05.41.00:085][352]LogLinker:Warning: Can't find file '/Game/ProjectWarcrab/Landscape/Lava_LayerInfo'
[2016.04.22-05.41.00:085][352]LogLinker:Warning: Can't find file for asset '/Game/ProjectWarcrab/Landscape/Lava_LayerInfo' while loading NULL.
[2016.04.22-05.41.00:085][352]LogLinker:Warning: Can't find file '/Game/ProjectWarcrab/Landscape/safezone'
[2016.04.22-05.41.00:085][352]LoadErrors: Info Failed to load /Game/ProjectWarcrab/Landscape/safezone.safezone Referenced by Landscape_0
[2016.04.22-05.41.00:085][352]LogLinker:Warning: Can't find file for asset '/Game/ProjectWarcrab/Landscape/safezone' while loading NULL.
[2016.04.22-05.41.00:085][352]LogLinker:Warning: Can't find file '/Game/ProjectWarcrab/Landscape/test_lavaground'
[2016.04.22-05.41.00:085][352]LoadErrors: Info Failed to load /Game/ProjectWarcrab/Landscape/test_lavaground.test_lavaground Referenced by LandscapeMaterialInstanceConstant_1
[2016.04.22-05.41.00:085][352]LogLinker:Warning: Can't find file for asset '/Game/ProjectWarcrab/Landscape/test_lavaground' while loading NULL.
[2016.04.22-05.41.03:048][352]LogAIModule: Creating AISystem for world MainMenu
[2016.04.22-05.41.04:009][352]Cmd: MAP LOAD FILE="../../../../../Junior/Repo/GameDev2/Content/ProjectWarcrab/Levels/MainMenu.umap" TEMPLATE=0 SHOWPROGRESS=1 FEATURELEVEL=3
[2016.04.22-05.41.04:025][352]LightingResults: New page: Lighting Build
[2016.04.22-05.41.04:124][352]LogContentBrowser: Native class hierarchy updated for 'StatsViewer' in 0.0238 seconds. Added 5 classes and 0 folders.
[2016.04.22-05.41.04:228][352]LoadErrors: New page: Loading map: MainMenu.umap
[2016.04.22-05.41.04:485][352]MapCheck: New page: Map Check
[2016.04.22-05.41.04:485][352]LightingResults: New page: Lighting Build
[2016.04.22-05.41.05:330][352]LogParticles: Destroying 0 GPU particle simulations for FXSystem 0x0000023595402AC0
[2016.04.22-05.41.06:231][352]LogPhysics:Warning: FConstraintInstance::GetRefFrame : Contained scale.
[2016.04.22-05.41.06:231][352]LogPhysics:Warning: FConstraintInstance::GetRefFrame : Contained scale.
[2016.04.22-05.41.06:231][352]LogPhysics:Warning: FConstraintInstance::GetRefFrame : Contained scale.
[2016.04.22-05.41.06:231][352]LogPhysics:Warning: FConstraintInstance::GetRefFrame : Contained scale.
[2016.04.22-05.41.06:231][352]LogPhysics:Warning: FConstraintInstance::GetRefFrame : Contained scale.
[2016.04.22-05.41.06:231][352]LogPhysics:Warning: FConstraintInstance::GetRefFrame : Contained scale.
[2016.04.22-05.41.06:231][352]LogPhysics:Warning: FConstraintInstance::GetRefFrame : Contained scale.
[2016.04.22-05.41.06:231][352]LogPhysics:Warning: FConstraintInstance::GetRefFrame : Contained scale.
[2016.04.22-05.41.06:231][352]LogPhysics:Warning: FConstraintInstance::GetRefFrame : Contained scale.
[2016.04.22-05.41.06:231][352]LogPhysics:Warning: FConstraintInstance::GetRefFrame : Contained scale.
[2016.04.22-05.41.06:231][352]LogPhysics:Warning: FConstraintInstance::GetRefFrame : Contained scale.
[2016.04.22-05.41.06:231][352]LogPhysics:Warning: FConstraintInstance::GetRefFrame : Contained scale.
[2016.04.22-05.41.06:231][352]LogPhysics:Warning: FConstraintInstance::GetRefFrame : Contained scale.
[2016.04.22-05.41.06:231][352]LogPhysics:Warning: FConstraintInstance::GetRefFrame : Contained scale.
[2016.04.22-05.41.06:231][352]LogPhysics:Warning: FConstraintInstance::GetRefFrame : Contained scale.
[2016.04.22-05.41.06:231][352]LogPhysics:Warning: FConstraintInstance::GetRefFrame : Contained scale.
[2016.04.22-05.41.06:231][352]LogPhysics:Warning: FConstraintInstance::GetRefFrame : Contained scale.
[2016.04.22-05.41.06:231][352]LogPhysics:Warning: FConstraintInstance::GetRefFrame : Contained scale.
[2016.04.22-05.41.06:231][352]LogPhysics:Warning: FConstraintInstance::GetRefFrame : Contained scale.
[2016.04.22-05.41.06:231][352]LogPhysics:Warning: FConstraintInstance::GetRefFrame : Contained scale.
[2016.04.22-05.41.06:231][352]LogPhysics:Warning: FConstraintInstance::GetRefFrame : Contained scale.
[2016.04.22-05.41.06:231][352]LogPhysics:Warning: FConstraintInstance::GetRefFrame : Contained scale.
[2016.04.22-05.41.06:231][352]LogPhysics:Warning: FConstraintInstance::GetRefFrame : Contained scale.
[2016.04.22-05.41.06:231][352]LogPhysics:Warning: FConstraintInstance::GetRefFrame : Contained scale.
[2016.04.22-05.41.06:231][352]LogPhysics:Warning: FConstraintInstance::GetRefFrame : Contained scale.
[2016.04.22-05.41.06:231][352]LogPhysics:Warning: FConstraintInstance::GetRefFrame : Contained scale.
[2016.04.22-05.41.06:231][352]LogPhysics:Warning: FConstraintInstance::GetRefFrame : Contained scale.
[2016.04.22-05.41.06:231][352]LogPhysics:Warning: FConstraintInstance::GetRefFrame : Contained scale.
[2016.04.22-05.41.06:231][352]LogPhysics:Warning: FConstraintInstance::GetRefFrame : Contained scale.
[2016.04.22-05.41.06:231][352]LogPhysics:Warning: FConstraintInstance::GetRefFrame : Contained scale.
[2016.04.22-05.41.06:231][352]LogPhysics:Warning: FConstraintInstance::GetRefFrame : Contained scale.
[2016.04.22-05.41.06:231][352]LogPhysics:Warning: FConstraintInstance::GetRefFrame : Contained scale.
[2016.04.22-05.41.06:231][352]LogPhysics:Warning: FConstraintInstance::GetRefFrame : Contained scale.
[2016.04.22-05.41.06:231][352]LogPhysics:Warning: FConstraintInstance::GetRefFrame : Contained scale.
[2016.04.22-05.41.06:231][352]LogPhysics:Warning: FConstraintInstance::GetRefFrame : Contained scale.
[2016.04.22-05.41.06:231][352]LogPhysics:Warning: FConstraintInstance::GetRefFrame : Contained scale.
[2016.04.22-05.41.06:231][352]LogPhysics:Warning: FConstraintInstance::GetRefFrame : Contained scale.
[2016.04.22-05.41.06:231][352]LogPhysics:Warning: FConstraintInstance::GetRefFrame : Contained scale.
[2016.04.22-05.41.06:231][352]LogPhysics:Warning: FConstraintInstance::GetRefFrame : Contained scale.
[2016.04.22-05.41.06:231][352]LogPhysics:Warning: FConstraintInstance::GetRefFrame : Contained scale.
[2016.04.22-05.41.06:231][352]LogPhysics:Warning: FConstraintInstance::GetRefFrame : Contained scale.
[2016.04.22-05.41.06:231][352]LogPhysics:Warning: FConstraintInstance::GetRefFrame : Contained scale.
[2016.04.22-05.41.06:231][352]LogPhysics:Warning: FConstraintInstance::GetRefFrame : Contained scale.
[2016.04.22-05.41.06:231][352]LogPhysics:Warning: FConstraintInstance::GetRefFrame : Contained scale.
[2016.04.22-05.41.06:231][352]LogPhysics:Warning: FConstraintInstance::GetRefFrame : Contained scale.
[2016.04.22-05.41.06:231][352]LogPhysics:Warning: FConstraintInstance::GetRefFrame : Contained scale.
[2016.04.22-05.41.06:231][352]LogPhysics:Warning: FConstraintInstance::GetRefFrame : Contained scale.
[2016.04.22-05.41.06:534][352]LogEditorServer: Finished looking for orphan Actors (0.020 secs)
[2016.04.22-05.41.06:748][352]Cmd: MAP CHECKDEP NOCLEARLOG
[2016.04.22-05.41.07:317][352]MapCheck: Info Map check complete: 0 Error(s), 0 Warning(s), took 568.815ms to complete.
[2016.04.22-05.41.07:318][352]LogFileHelpers: Loading map 'MainMenu' took 3.346
[2016.04.22-05.41.08:148][353]Cmd: UpdateLandscapeEditorData -warnings
[2016.04.22-05.41.08:571][353]MapCheck:Warning: Warning LandscapeComponent_0 : Fixed up deleted layer weightmap 
[2016.04.22-05.41.09:210][353]LogMaterial: 0.023920 seconds spent updating 1 materials, 1 interfaces, 1 instances, 0 with static permutations.
[2016.04.22-05.41.09:220][353]LogMaterial: 0.001042 seconds spent updating 1 materials, 1 interfaces, 1 instances, 0 with static permutations.
[2016.04.22-05.41.09:242][353]Cmd: UpdateLandscapeEditorData
[2016.04.22-05.42.19:733][405]LogMaterial: 0.000523 seconds spent updating 1 materials, 2 interfaces, 3 instances, 0 with static permutations.
[2016.04.22-05.42.19:782][405]LogMaterial: 0.000666 seconds spent updating 1 materials, 1 interfaces, 1 instances, 0 with static permutations.
[2016.04.22-05.42.19:933][406]Cmd: UpdateLandscapeEditorData
[2016.04.22-05.42.19:933][406]Cmd: UpdateLandscapeMIC
[2016.04.22-05.42.19:953][406]LogMaterial: 0.000796 seconds spent updating 1 materials, 1 interfaces, 1 instances, 0 with static permutations.
[2016.04.22-05.42.24:407][882]LogMaterial: 0.000324 seconds spent updating 1 materials, 1 interfaces, 2 instances, 0 with static permutations.
[2016.04.22-05.42.24:425][882]LogMaterial:Warning: Material /Game/StarterContent/Materials/M_Concrete_Tiles.M_Concrete_Tiles needed to have new flag set bUsedWithLandscape !
[2016.04.22-05.42.24:548][882]LogMaterial: Missing cached shader map for material M_Concrete_Tiles, compiling. 
[2016.04.22-05.42.24:968][882]LogMaterial: 0.000755 seconds spent updating 1 materials, 1 interfaces, 0 instances, 0 with static permutations.
[2016.04.22-05.42.24:969][882]LogMaterial: 0.000536 seconds spent updating 1 materials, 1 interfaces, 1 instances, 0 with static permutations.
[2016.04.22-05.42.24:982][883]Cmd: UpdateLandscapeEditorData
[2016.04.22-05.42.24:983][883]Cmd: UpdateLandscapeMIC
[2016.04.22-05.42.24:988][883]LogMaterial: 0.000269 seconds spent updating 1 materials, 1 interfaces, 1 instances, 0 with static permutations.
[2016.04.22-05.42.45:608][367]LogEditorViewport: Clicking on Actor (LMB): AmbientSound (NewMediaSoundWave)
[2016.04.22-05.42.47:030][399]LogEditorViewport: Clicking on Actor (LMB): AmbientSound (NewMediaSoundWave)
[2016.04.22-05.42.49:947][657]LogEditorActor: Deleted Actor: AmbientSound
[2016.04.22-05.42.50:166][657]LogEditorActor: Deleted 1 Actors (0.260 secs)
[2016.04.22-05.43.13:125][346]LogEditorViewport: Clicking on Actor (LMB): Landscape (Landscape)
[2016.04.22-05.43.16:722][701]Cmd: OBJ SAVEPACKAGE PACKAGE="/Game/ProjectWarcrab/Levels/MainMenu" FILE="../../../../../Junior/Repo/GameDev2/Content/ProjectWarcrab/Levels/MainMenu.umap" SILENT=true AUTOSAVING=false KEEPDIRTY=false
[2016.04.22-05.43.17:536][701]LogTexture:Display: Building textures: Texture2D_3 (BGRA8)
[2016.04.22-05.43.18:266][701]LogSavePackage: Save=756.147644ms
[2016.04.22-05.43.18:266][701]LogSavePackage: Moving '../../../../../Junior/Repo/GameDev2/Saved/MainMenu2A5F98C8416F90E372F416A5993A7E14.tmp' to '../../../../../Junior/Repo/GameDev2/Content/ProjectWarcrab/Levels/MainMenu.umap'
[2016.04.22-05.43.18:297][701]LogSavePackage: Total save time: 1542.256117ms
[2016.04.22-05.43.18:297][701]LogSavePackage:Display: Finished SavePackage ../../../../../Junior/Repo/GameDev2/Content/ProjectWarcrab/Levels/MainMenu.umap
[2016.04.22-05.43.18:386][701]LogFileHelpers: Saving map 'MainMenu' took 2.001
[2016.04.22-05.43.18:402][701]Cmd: OBJ SAVEPACKAGE PACKAGE="/Game/StarterContent/Materials/M_Concrete_Tiles" FILE="../../../../../Junior/Repo/GameDev2/Content/StarterContent/Materials/M_Concrete_Tiles.uasset" SILENT=true
[2016.04.22-05.43.18:436][701]LogSavePackage: Save=25.350418ms
[2016.04.22-05.43.18:436][701]LogSavePackage: Moving '../../../../../Junior/Repo/GameDev2/Saved/M_Concrete_Tiles7B77C08E4FEF6EFF45EF28A1FF2D650C.tmp' to '../../../../../Junior/Repo/GameDev2/Content/StarterContent/Materials/M_Concrete_Tiles.uasset'
[2016.04.22-05.43.18:451][701]LogSavePackage: Total save time: 46.913542ms
[2016.04.22-05.43.18:451][701]LogSavePackage:Display: Finished SavePackage ../../../../../Junior/Repo/GameDev2/Content/StarterContent/Materials/M_Concrete_Tiles.uasset
[2016.04.22-05.44.49:294][363]LogEditorViewport: Clicking on Actor (LMB): SkeletalMeshActor (Calm_Skeletonal_mesh)
[2016.04.22-05.44.59:084][483]Cmd: MODE GRID=0
[2016.04.22-05.48.50:478][  8]Cmd: OBJ SAVEPACKAGE PACKAGE="/Game/ProjectWarcrab/Levels/MainMenu" FILE="../../../../../Junior/Repo/GameDev2/Content/ProjectWarcrab/Levels/MainMenu.umap" SILENT=true AUTOSAVING=false KEEPDIRTY=false
[2016.04.22-05.48.50:610][  8]LogSavePackage: Save=104.829170ms
[2016.04.22-05.48.50:610][  8]LogSavePackage: Moving '../../../../../Junior/Repo/GameDev2/Saved/MainMenu3F9D3C3F4E5FBD61553D16828A8FDA2B.tmp' to '../../../../../Junior/Repo/GameDev2/Content/ProjectWarcrab/Levels/MainMenu.umap'
[2016.04.22-05.48.50:614][  8]LogSavePackage: Total save time: 118.945427ms
[2016.04.22-05.48.50:614][  8]LogSavePackage:Display: Finished SavePackage ../../../../../Junior/Repo/GameDev2/Content/ProjectWarcrab/Levels/MainMenu.umap
[2016.04.22-05.48.50:635][  8]LogFileHelpers: Saving map 'MainMenu' took 0.308
[2016.04.22-05.48.50:654][  8]Cmd: OBJ SAVEPACKAGE PACKAGE="/Game/ProjectWarcrab/Character/Calm/Calm_BlendSpace" FILE="../../../../../Junior/Repo/GameDev2/Content/ProjectWarcrab/Character/Calm/Calm_BlendSpace.uasset" SILENT=true
[2016.04.22-05.48.50:665][  8]LogSavePackage: Save=9.298318ms
[2016.04.22-05.48.50:665][  8]LogSavePackage: Moving '../../../../../Junior/Repo/GameDev2/Saved/Calm_BlendSpace054C70C24E9C5024213895A19D99EDFF.tmp' to '../../../../../Junior/Repo/GameDev2/Content/ProjectWarcrab/Character/Calm/Calm_BlendSpace.uasset'
[2016.04.22-05.48.50:669][  8]LogSavePackage: Total save time: 13.923243ms
[2016.04.22-05.48.50:669][  8]LogSavePackage:Display: Finished SavePackage ../../../../../Junior/Repo/GameDev2/Content/ProjectWarcrab/Character/Calm/Calm_BlendSpace.uasset
[2016.04.22-05.48.50:686][  8]Cmd: OBJ SAVEPACKAGE PACKAGE="/Game/ProjectWarcrab/Character/Calm/Calm_AnimBP" FILE="../../../../../Junior/Repo/GameDev2/Content/ProjectWarcrab/Character/Calm/Calm_AnimBP.uasset" SILENT=true
[2016.04.22-05.48.50:701][  8]LogSavePackage: Save=13.637001ms
[2016.04.22-05.48.50:701][  8]LogSavePackage: Moving '../../../../../Junior/Repo/GameDev2/Saved/Calm_AnimBPB41C6D134F764C759F38BF93D5C778F3.tmp' to '../../../../../Junior/Repo/GameDev2/Content/ProjectWarcrab/Character/Calm/Calm_AnimBP.uasset'
[2016.04.22-05.48.50:705][  8]LogSavePackage: Total save time: 17.968845ms
[2016.04.22-05.48.50:705][  8]LogSavePackage:Display: Finished SavePackage ../../../../../Junior/Repo/GameDev2/Content/ProjectWarcrab/Character/Calm/Calm_AnimBP.uasset
[2016.04.22-05.48.50:726][  8]Cmd: OBJ SAVEPACKAGE PACKAGE="/Game/ProjectWarcrab/Character/Shy/Shy_BlendSpace" FILE="../../../../../Junior/Repo/GameDev2/Content/ProjectWarcrab/Character/Shy/Shy_BlendSpace.uasset" SILENT=true
[2016.04.22-05.48.50:737][  8]LogSavePackage: Save=8.147931ms
[2016.04.22-05.48.50:737][  8]LogSavePackage: Moving '../../../../../Junior/Repo/GameDev2/Saved/Shy_BlendSpace4391EC0342663BCC17E61F9E8F66B66B.tmp' to '../../../../../Junior/Repo/GameDev2/Content/ProjectWarcrab/Character/Shy/Shy_BlendSpace.uasset'
[2016.04.22-05.48.50:741][  8]LogSavePackage: Total save time: 13.067652ms
[2016.04.22-05.48.50:742][  8]LogSavePackage:Display: Finished SavePackage ../../../../../Junior/Repo/GameDev2/Content/ProjectWarcrab/Character/Shy/Shy_BlendSpace.uasset
[2016.04.22-05.48.50:761][  8]Cmd: OBJ SAVEPACKAGE PACKAGE="/Game/ProjectWarcrab/Character/Shy/Shy_AnimBP" FILE="../../../../../Junior/Repo/GameDev2/Content/ProjectWarcrab/Character/Shy/Shy_AnimBP.uasset" SILENT=true
[2016.04.22-05.48.50:776][  8]LogSavePackage: Save=12.837290ms
[2016.04.22-05.48.50:776][  8]LogSavePackage: Moving '../../../../../Junior/Repo/GameDev2/Saved/Shy_AnimBP8231428945B5525A91258E97478018CC.tmp' to '../../../../../Junior/Repo/GameDev2/Content/ProjectWarcrab/Character/Shy/Shy_AnimBP.uasset'
[2016.04.22-05.48.50:780][  8]LogSavePackage: Total save time: 17.076474ms
[2016.04.22-05.48.50:780][  8]LogSavePackage:Display: Finished SavePackage ../../../../../Junior/Repo/GameDev2/Content/ProjectWarcrab/Character/Shy/Shy_AnimBP.uasset
[2016.04.22-05.48.50:795][  8]Cmd: OBJ SAVEPACKAGE PACKAGE="/Game/ProjectWarcrab/Character/Smart/Smart_BlendSpace" FILE="../../../../../Junior/Repo/GameDev2/Content/ProjectWarcrab/Character/Smart/Smart_BlendSpace.uasset" SILENT=true
[2016.04.22-05.48.50:804][  8]LogSavePackage: Save=7.480793ms
[2016.04.22-05.48.50:804][  8]LogSavePackage: Moving '../../../../../Junior/Repo/GameDev2/Saved/Smart_BlendSpaceAE81C8134FD6CE37BF338E882B11C066.tmp' to '../../../../../Junior/Repo/GameDev2/Content/ProjectWarcrab/Character/Smart/Smart_BlendSpace.uasset'
[2016.04.22-05.48.50:809][  8]LogSavePackage: Total save time: 12.445562ms
[2016.04.22-05.48.50:809][  8]LogSavePackage:Display: Finished SavePackage ../../../../../Junior/Repo/GameDev2/Content/ProjectWarcrab/Character/Smart/Smart_BlendSpace.uasset
[2016.04.22-05.48.50:822][  8]Cmd: OBJ SAVEPACKAGE PACKAGE="/Game/ProjectWarcrab/Character/Smart/Smart_AnimBP" FILE="../../../../../Junior/Repo/GameDev2/Content/ProjectWarcrab/Character/Smart/Smart_AnimBP.uasset" SILENT=true
[2016.04.22-05.48.50:889][  8]LogSavePackage: Save=40.434315ms
[2016.04.22-05.48.50:889][  8]LogSavePackage: Moving '../../../../../Junior/Repo/GameDev2/Saved/Smart_AnimBPC24212424735853E4D5A62A8CE46B83A.tmp' to '../../../../../Junior/Repo/GameDev2/Content/ProjectWarcrab/Character/Smart/Smart_AnimBP.uasset'
[2016.04.22-05.48.50:895][  8]LogSavePackage: Total save time: 46.715681ms
[2016.04.22-05.48.50:895][  8]LogSavePackage:Display: Finished SavePackage ../../../../../Junior/Repo/GameDev2/Content/ProjectWarcrab/Character/Smart/Smart_AnimBP.uasset
[2016.04.22-05.50.11:992][572]Cmd: QUIT_EDITOR
[2016.04.22-05.50.12:392][572]LogWindowsTextInputMethodSystem:Display: IME system now deactivated.
[2016.04.22-05.50.12:481][572]LogExit: Preparing to exit.
[2016.04.22-05.50.14:089][572]LogActorComponent: UnregisterComponent: (None.None) Not registered. Aborting.
[2016.04.22-05.50.14:089][572]LogActorComponent: UnregisterComponent: (None.None) Not registered. Aborting.
[2016.04.22-05.50.14:089][572]LogActorComponent: UnregisterComponent: (None.None) Not registered. Aborting.
[2016.04.22-05.50.14:238][572]LogExit: Editor shut down
[2016.04.22-05.50.14:238][572]LogExit: Transaction tracking system shut down
[2016.04.22-05.50.14:330][572]LogParticles: Destroying 0 GPU particle simulations for FXSystem 0x00000235996E7240
[2016.04.22-05.50.14:330][572]LogParticles: Destroying 0 GPU particle simulations for FXSystem 0x00000235861C2F20
[2016.04.22-05.50.14:330][572]LogParticles: Destroying 0 GPU particle simulations for FXSystem 0x00000235C72171A0
[2016.04.22-05.50.14:330][572]LogParticles: Destroying 0 GPU particle simulations for FXSystem 0x00000235C9C3BCE0
[2016.04.22-05.50.14:330][572]LogParticles: Destroying 0 GPU particle simulations for FXSystem 0x000002358B012FC0
[2016.04.22-05.50.14:330][572]LogParticles: Destroying 0 GPU particle simulations for FXSystem 0x000002358882B920
[2016.04.22-05.50.14:330][572]LogParticles: Destroying 0 GPU particle simulations for FXSystem 0x0000023585F59800
[2016.04.22-05.50.15:461][572]LogExit: Object subsystem successfully closed.
[2016.04.22-05.50.15:651][572]LogD3D11RHI: Shutdown
[2016.04.22-05.50.15:651][572]LogD3D11RHI: CleanupD3DDevice
[2016.04.22-05.50.15:850][572]LogD3D11RHI: ~FD3D11DynamicRHI
[2016.04.22-05.50.16:511][572]LogModuleManager: Shutting down and abandoning module StatsViewer (203)
[2016.04.22-05.50.16:513][572]LogModuleManager: Shutting down and abandoning module CookingStats (202)
[2016.04.22-05.50.16:513][572]LogModuleManager: Shutting down and abandoning module TextureEditor (201)
[2016.04.22-05.50.16:519][572]LogModuleManager: Shutting down and abandoning module CrashTracker (200)
[2016.04.22-05.50.16:519][572]LogModuleManager: Shutting down and abandoning module SceneOutliner (199)
[2016.04.22-05.50.16:519][572]LogModuleManager: Shutting down and abandoning module SuperSearch (198)
[2016.04.22-05.50.16:519][572]LogModuleManager: Shutting down and abandoning module WidgetCarousel (197)
[2016.04.22-05.50.16:523][572]LogModuleManager: Shutting down and abandoning module AddContentDialog (196)
[2016.04.22-05.50.16:532][572]LogModuleManager: Shutting down and abandoning module EditorWidgets (195)
[2016.04.22-05.50.16:532][572]LogModuleManager: Shutting down and abandoning module CollectionManager (194)
[2016.04.22-05.50.16:564][572]LogModuleManager: Shutting down and abandoning module FoliageEdit (193)
[2016.04.22-05.50.16:575][572]LogModuleManager: Shutting down and abandoning module LandscapeEditor (192)
[2016.04.22-05.50.16:593][572]LogModuleManager: Shutting down and abandoning module ActorPickerMode (191)
[2016.04.22-05.50.16:593][572]LogModuleManager: Shutting down and abandoning module GeometryMode (190)
[2016.04.22-05.50.16:593][572]LogModuleManager: Shutting down and abandoning module TextureAlignMode (189)
[2016.04.22-05.50.16:593][572]LogModuleManager: Shutting down and abandoning module BspMode (188)
[2016.04.22-05.50.16:593][572]LogModuleManager: Shutting down and abandoning module PlacementMode (187)
[2016.04.22-05.50.16:593][572]LogModuleManager: Shutting down and abandoning module AutomationWorker (186)
[2016.04.22-05.50.16:593][572]LogModuleManager: Shutting down and abandoning module CharacterAI (185)
[2016.04.22-05.50.16:593][572]LogModuleManager: Shutting down and abandoning module SmartSnapping (184)
[2016.04.22-05.50.16:593][572]LogModuleManager: Shutting down and abandoning module ViewportSnapping (183)
[2016.04.22-05.50.16:593][572]LogModuleManager: Shutting down and abandoning module LogVisualizer (182)
[2016.04.22-05.50.16:608][572]LogModuleManager: Shutting down and abandoning module GameProjectGeneration (181)
[2016.04.22-05.50.16:619][572]LogModuleManager: Shutting down and abandoning module IntroTutorials (180)
[2016.04.22-05.50.16:628][572]LogModuleManager: Shutting down and abandoning module EditorLiveStreaming (179)
[2016.04.22-05.50.16:628][572]LogModuleManager: Shutting down and abandoning module IOSPlatformEditor (178)
[2016.04.22-05.50.16:634][572]LogModuleManager: Shutting down and abandoning module HTML5PlatformEditor (177)
[2016.04.22-05.50.16:634][572]LogModuleManager: Shutting down and abandoning module AndroidDeviceDetection (176)
[2016.04.22-05.50.17:527][572]LogModuleManager: Shutting down and abandoning module AndroidPlatformEditor (175)
[2016.04.22-05.50.17:527][572]LogModuleManager: Shutting down and abandoning module IOSRuntimeSettings (174)
[2016.04.22-05.50.17:527][572]LogModuleManager: Shutting down and abandoning module AndroidRuntimeSettings (173)
[2016.04.22-05.50.17:527][572]LogModuleManager: Shutting down and abandoning module MergeActors (172)
[2016.04.22-05.50.17:547][572]LogModuleManager: Shutting down and abandoning module SizeMap (171)
[2016.04.22-05.50.17:547][572]LogModuleManager: Shutting down and abandoning module TreeMap (170)
[2016.04.22-05.50.17:555][572]LogModuleManager: Shutting down and abandoning module ReferenceViewer (169)
[2016.04.22-05.50.17:563][572]LogModuleManager: Shutting down and abandoning module LocalizationService (168)
[2016.04.22-05.50.17:572][572]LogModuleManager: Shutting down and abandoning module LocalizationDashboard (167)
[2016.04.22-05.50.17:577][572]LogModuleManager: Shutting down and abandoning module HardwareTargeting (166)
[2016.04.22-05.50.17:585][572]LogModuleManager: Shutting down and abandoning module DeviceProfileEditor (165)
[2016.04.22-05.50.17:601][572]LogModuleManager: Shutting down and abandoning module UndoHistory (164)
[2016.04.22-05.50.17:612][572]LogModuleManager: Shutting down and abandoning module GameplayTagsEditor (163)
[2016.04.22-05.50.17:618][572]LogModuleManager: Shutting down and abandoning module UserFeedback (162)
[2016.04.22-05.50.17:618][572]LogModuleManager: Shutting down and abandoning module XmlParser (161)
[2016.04.22-05.50.17:626][572]LogModuleManager: Shutting down and abandoning module Blutility (160)
[2016.04.22-05.50.17:626][572]LogModuleManager: Shutting down and abandoning module ProjectTargetPlatformEditor (159)
[2016.04.22-05.50.17:626][572]LogModuleManager: Shutting down and abandoning module ProjectSettingsViewer (158)
[2016.04.22-05.50.17:626][572]LogModuleManager: Shutting down and abandoning module InputBindingEditor (157)
[2016.04.22-05.50.17:654][572]LogModuleManager: Shutting down and abandoning module EditorSettingsViewer (156)
[2016.04.22-05.50.17:654][572]LogModuleManager: Shutting down and abandoning module SettingsEditor (155)
[2016.04.22-05.50.17:706][572]LogModuleManager: Shutting down and abandoning module ProjectLauncher (154)
[2016.04.22-05.50.17:724][572]LogModuleManager: Shutting down and abandoning module SessionFrontend (153)
[2016.04.22-05.50.17:743][572]LogModuleManager: Shutting down and abandoning module ProfilerClient (152)
[2016.04.22-05.50.17:758][572]LogModuleManager: Shutting down and abandoning module TargetDeviceServices (151)
[2016.04.22-05.50.17:758][572]LogModuleManager: Shutting down and abandoning module DeviceManager (150)
[2016.04.22-05.50.17:770][572]LogModuleManager: Shutting down and abandoning module AutomationController (149)
[2016.04.22-05.50.17:781][572]LogModuleManager: Shutting down and abandoning module AutomationWindow (148)
[2016.04.22-05.50.17:793][572]LogModuleManager: Shutting down and abandoning module Layers (147)
[2016.04.22-05.50.17:814][572]LogModuleManager: Shutting down and abandoning module ComponentVisualizers (146)
[2016.04.22-05.50.17:814][572]LogModuleManager: Shutting down and abandoning module DetailCustomizations (145)
[2016.04.22-05.50.17:814][572]LogModuleManager: Shutting down and abandoning module PackagesDialog (144)
[2016.04.22-05.50.17:814][572]LogModuleManager: Shutting down and abandoning module Persona (143)
[2016.04.22-05.50.17:869][572]LogModuleManager: Shutting down and abandoning module Kismet (142)
[2016.04.22-05.50.17:884][572]LogModuleManager: Shutting down and abandoning module GraphEditor (141)
[2016.04.22-05.50.17:912][572]LogModuleManager: Shutting down and abandoning module ClassViewer (140)
[2016.04.22-05.50.17:914][572]LogModuleManager: Shutting down and abandoning module Toolbox (139)
[2016.04.22-05.50.17:914][572]LogModuleManager: Shutting down and abandoning module ModuleUI (138)
[2016.04.22-05.50.17:917][572]LogModuleManager: Shutting down and abandoning module MovieSceneTools (137)
[2016.04.22-05.50.17:923][572]LogModuleManager: Shutting down and abandoning module OutputLog (136)
[2016.04.22-05.50.17:923][572]LogModuleManager: Shutting down and abandoning module GammaUI (135)
[2016.04.22-05.50.17:929][572]LogModuleManager: Shutting down and abandoning module Documentation (134)
[2016.04.22-05.50.17:929][572]LogModuleManager: Shutting down and abandoning module GameLiveStreaming (133)
[2016.04.22-05.50.17:939][572]LogModuleManager: Shutting down and abandoning module StreamingPauseRendering (132)
[2016.04.22-05.50.17:939][572]LogModuleManager: Shutting down and abandoning module AnalyticsET (131)
[2016.04.22-05.50.17:939][572]LogModuleManager: Shutting down and abandoning module Analytics (130)
[2016.04.22-05.50.17:939][572]LogModuleManager: Shutting down and abandoning module AITestSuite (129)
[2016.04.22-05.50.17:958][572]LogModuleManager: Shutting down and abandoning module GameplayDebugger (128)
[2016.04.22-05.50.17:964][572]LogModuleManager: Shutting down and abandoning module AIModule (127)
[2016.04.22-05.50.17:973][572]LogModuleManager: Shutting down and abandoning module ProfilerService (126)
[2016.04.22-05.50.17:990][572]LogModuleManager: Shutting down and abandoning module TaskGraph (125)
[2016.04.22-05.50.18:004][572]LogModuleManager: Shutting down and abandoning module SlateRemote (124)
[2016.04.22-05.50.18:004][572]LogModuleManager: Shutting down and abandoning module SteamVRController (123)
[2016.04.22-05.50.18:004][572]LogModuleManager: Shutting down and abandoning module SteamVR (122)
[2016.04.22-05.50.18:004][572]LogModuleManager: Shutting down and abandoning module ProceduralMeshComponent (121)
[2016.04.22-05.50.18:004][572]LogModuleManager: Shutting down and abandoning module OculusLibrary (120)
[2016.04.22-05.50.18:004][572]LogModuleManager: Shutting down and abandoning module OculusInput (119)
[2016.04.22-05.50.18:004][572]LogModuleManager: Shutting down and abandoning module LeapMotionController (118)
[2016.04.22-05.50.18:084][572]LogModuleManager: Shutting down and abandoning module CustomMeshComponent (117)
[2016.04.22-05.50.18:084][572]LogModuleManager: Shutting down and abandoning module CableComponent (116)
[2016.04.22-05.50.18:089][572]LogModuleManager: Shutting down and abandoning module ArchVisCharacter (115)
[2016.04.22-05.50.18:089][572]LogModuleManager: Shutting down and abandoning module MessagingDebugger (114)
[2016.04.22-05.50.18:114][572]LogModuleManager: Shutting down and abandoning module MediaPlayerEditor (113)
[2016.04.22-05.50.18:119][572]LogModuleManager: Shutting down and abandoning module HTML5Networking (112)
[2016.04.22-05.50.18:119][572]LogModuleManager: Shutting down and abandoning module SpeedTreeImporter (111)
[2016.04.22-05.50.18:119][572]LogModuleManager: Shutting down and abandoning module PluginBrowser (110)
[2016.04.22-05.50.18:131][572]LogModuleManager: Shutting down and abandoning module EpicSurvey (109)
[2016.04.22-05.50.18:134][572]LogModuleManager: Shutting down and abandoning module DesktopPlatform (108)
[2016.04.22-05.50.18:143][572]LogModuleManager: Shutting down and abandoning module VisualStudioSourceCodeAccess (107)
[2016.04.22-05.50.18:151][572]LogModuleManager: Shutting down and abandoning module UObjectPlugin (106)
[2016.04.22-05.50.18:151][572]LogModuleManager: Shutting down and abandoning module SubversionSourceControl (105)
[2016.04.22-05.50.18:157][572]LogModuleManager: Shutting down and abandoning module PerforceSourceControl (104)
[2016.04.22-05.50.18:167][572]LogModuleManager: Shutting down and abandoning module SourceControl (103)
[2016.04.22-05.50.18:181][572]LogModuleManager: Shutting down and abandoning module GitSourceControl (102)
[2016.04.22-05.50.18:197][572]LogModuleManager: Shutting down and abandoning module LightPropagationVolumeEditor (101)
[2016.04.22-05.50.18:197][572]LogModuleManager: Shutting down and abandoning module PaperTiledImporter (100)
[2016.04.22-05.50.18:206][572]LogModuleManager: Shutting down and abandoning module PaperSpriteSheetImporter (99)
[2016.04.22-05.50.18:206][572]LogModuleManager: Shutting down and abandoning module MeshPaint (98)
[2016.04.22-05.50.18:206][572]LogModuleManager: Shutting down and abandoning module SlateReflector (97)
[2016.04.22-05.50.18:223][572]LogModuleManager: Shutting down and abandoning module HotReload (96)
[2016.04.22-05.50.18:231][572]LogModuleManager: Shutting down and abandoning module MainFrame (95)
[2016.04.22-05.50.18:231][572]LogModuleManager: Shutting down and abandoning module LevelEditor (94)
[2016.04.22-05.50.18:238][572]LogModuleManager: Shutting down and abandoning module DirectoryWatcher (93)
[2016.04.22-05.50.18:238][572]LogModuleManager: Shutting down and abandoning module AssetRegistry (92)
[2016.04.22-05.50.18:373][572]LogModuleManager: Shutting down and abandoning module ContentBrowser (91)
[2016.04.22-05.50.18:374][572]LogModuleManager: Shutting down and abandoning module Paper2DEditor (90)
[2016.04.22-05.50.18:396][572]LogModuleManager: Shutting down and abandoning module UdpMessaging (89)
[2016.04.22-05.50.18:497][572]LogModuleManager: Shutting down and abandoning module LightPropagationVolumeRuntime (88)
[2016.04.22-05.50.18:497][572]LogModuleManager: Shutting down and abandoning module Paper2D (87)
[2016.04.22-05.50.18:502][572]LogModuleManager: Shutting down and abandoning module WindowsMoviePlayer (86)
[2016.04.22-05.50.18:513][572]LogModuleManager: Shutting down and abandoning module Media (85)
[2016.04.22-05.50.18:513][572]LogModuleManager: Shutting down and abandoning module WmfMedia (84)
[2016.04.22-05.50.18:534][572]LogModuleManager: Shutting down and abandoning module OnlineBlueprintSupport (83)
[2016.04.22-05.50.18:534][572]LogModuleManager: Shutting down and abandoning module GameplayTasksEditor (82)
[2016.04.22-05.50.18:534][572]LogModuleManager: Shutting down and abandoning module PropertyEditor (81)
[2016.04.22-05.50.18:534][572]LogModuleManager: Shutting down and abandoning module BehaviorTreeEditor (80)
[2016.04.22-05.50.18:556][572]LogModuleManager: Shutting down and abandoning module FunctionalTesting (79)
[2016.04.22-05.50.18:556][572]LogModuleManager: Shutting down and abandoning module CollisionAnalyzer (78)
[2016.04.22-05.50.18:561][572]LogModuleManager: Shutting down and abandoning module WorkspaceMenuStructure (77)
[2016.04.22-05.50.18:561][572]LogModuleManager: Shutting down and abandoning module MessageLog (76)
[2016.04.22-05.50.18:561][572]LogModuleManager: Shutting down and abandoning module Sequencer (75)
[2016.04.22-05.50.18:587][572]LogModuleManager: Shutting down and abandoning module AssetTools (74)
[2016.04.22-05.50.18:605][572]LogModuleManager: Shutting down and abandoning module UMGEditor (73)
[2016.04.22-05.50.18:641][572]LogModuleManager: Shutting down and abandoning module UMG (72)
[2016.04.22-05.50.18:649][572]LogModuleManager: Shutting down and abandoning module Slate (71)
[2016.04.22-05.50.18:649][572]LogModuleManager: Shutting down and abandoning module EditorStyle (70)
[2016.04.22-05.50.18:660][572]LogModuleManager: Shutting down and abandoning module SessionServices (69)
[2016.04.22-05.50.18:660][572]LogModuleManager: Shutting down and abandoning module SourceCodeAccess (68)
[2016.04.22-05.50.18:660][572]LogModuleManager: Shutting down and abandoning module HeadMountedDisplay (67)
[2016.04.22-05.50.18:660][572]LogModuleManager: Shutting down and abandoning module XAudio2 (66)
[2016.04.22-05.50.18:660][572]LogModuleManager: Shutting down and abandoning module Networking (65)
[2016.04.22-05.50.18:660][572]LogModuleManager: Shutting down and abandoning module Core (64)
[2016.04.22-05.50.18:660][572]LogModuleManager: Shutting down and abandoning module KismetCompiler (63)
[2016.04.22-05.50.18:660][572]LogModuleManager: Shutting down and abandoning module PhysXFormats (62)
[2016.04.22-05.50.18:660][572]LogModuleManager: Shutting down and abandoning module MeshUtilities (61)
[2016.04.22-05.50.18:678][572]LogModuleManager: Shutting down and abandoning module DerivedDataCache (60)
[2016.04.22-05.50.18:719][572]LogDerivedDataCache: Shutdown
[2016.04.22-05.50.18:719][572]LogModuleManager: Shutting down and abandoning module ShaderFormatOpenGL (59)
[2016.04.22-05.50.18:727][572]LogModuleManager: Shutting down and abandoning module ShaderFormatD3D (58)
[2016.04.22-05.50.18:736][572]LogModuleManager: Shutting down and abandoning module MetalShaderFormat (57)
[2016.04.22-05.50.18:748][572]LogModuleManager: Shutting down and abandoning module TextureFormatUncompressed (56)
[2016.04.22-05.50.18:748][572]LogModuleManager: Shutting down and abandoning module TextureFormatPVR (55)
[2016.04.22-05.50.18:756][572]LogModuleManager: Shutting down and abandoning module TextureFormatIntelISPCTexComp (54)
[2016.04.22-05.50.18:764][572]LogModuleManager: Shutting down and abandoning module TextureFormatDXT (53)
[2016.04.22-05.50.18:764][572]LogModuleManager: Shutting down and abandoning module ImageWrapper (52)
[2016.04.22-05.50.18:764][572]LogModuleManager: Shutting down and abandoning module TextureFormatASTC (51)
[2016.04.22-05.50.18:764][572]LogModuleManager: Shutting down and abandoning module TextureFormatAndroid (50)
[2016.04.22-05.50.18:764][572]LogModuleManager: Shutting down and abandoning module AudioFormatOpus (49)
[2016.04.22-05.50.18:776][572]LogModuleManager: Shutting down and abandoning module AudioFormatOgg (48)
[2016.04.22-05.50.18:777][572]LogModuleManager: Shutting down and abandoning module AudioFormatADPCM (47)
[2016.04.22-05.50.18:778][572]LogModuleManager: Shutting down and abandoning module LinuxTargetPlatform (46)
[2016.04.22-05.50.18:778][572]LogModuleManager: Shutting down and abandoning module LinuxServerTargetPlatform (45)
[2016.04.22-05.50.18:784][572]LogModuleManager: Shutting down and abandoning module LinuxNoEditorTargetPlatform (44)
[2016.04.22-05.50.18:785][572]LogModuleManager: Shutting down and abandoning module Messaging (43)
[2016.04.22-05.50.18:785][572]LogModuleManager: Shutting down and abandoning module IOSTargetPlatform (42)
[2016.04.22-05.50.18:785][572]LogModuleManager: Shutting down and abandoning module HTML5TargetPlatform (41)
[2016.04.22-05.50.18:785][572]LogModuleManager: Shutting down and abandoning module Android_PVRTCTargetPlatform (40)
[2016.04.22-05.50.18:785][572]LogModuleManager: Shutting down and abandoning module Android_MultiTargetPlatform (39)
[2016.04.22-05.50.18:785][572]LogModuleManager: Shutting down and abandoning module Android_ETC2TargetPlatform (38)
[2016.04.22-05.50.18:785][572]LogModuleManager: Shutting down and abandoning module Android_ETC1TargetPlatform (37)
[2016.04.22-05.50.18:785][572]LogModuleManager: Shutting down and abandoning module Android_DXTTargetPlatform (36)
[2016.04.22-05.50.18:785][572]LogModuleManager: Shutting down and abandoning module Android_ATCTargetPlatform (35)
[2016.04.22-05.50.18:785][572]LogModuleManager: Shutting down and abandoning module Android_ASTCTargetPlatform (34)
[2016.04.22-05.50.18:785][572]LogModuleManager: Shutting down and abandoning module AndroidTargetPlatform (33)
[2016.04.22-05.50.18:785][572]LogModuleManager: Shutting down and abandoning module WindowsTargetPlatform (32)
[2016.04.22-05.50.18:785][572]LogModuleManager: Shutting down and abandoning module WindowsServerTargetPlatform (31)
[2016.04.22-05.50.18:797][572]LogModuleManager: Shutting down and abandoning module WindowsNoEditorTargetPlatform (30)
[2016.04.22-05.50.18:813][572]LogModuleManager: Shutting down and abandoning module WindowsClientTargetPlatform (29)
[2016.04.22-05.50.18:817][572]LogModuleManager: Shutting down and abandoning module AllDesktopTargetPlatform (28)
[2016.04.22-05.50.18:817][572]LogModuleManager: Shutting down and abandoning module TargetPlatform (27)
[2016.04.22-05.50.18:817][572]LogModuleManager: Shutting down and abandoning module InputCore (26)
[2016.04.22-05.50.18:817][572]LogModuleManager: Shutting down and abandoning module Settings (25)
[2016.04.22-05.50.18:817][572]LogModuleManager: Shutting down and abandoning module Voice (23)
[2016.04.22-05.50.18:822][572]LogModuleManager: Shutting down and abandoning module OnlineSubsystem (19)
[2016.04.22-05.50.18:822][572]LogOnline:Display: NULL: FOnlineSubsystemNull::Shutdown()
[2016.04.22-05.50.18:887][572]LogOnline:Display: Unloading online subsystem: STEAM
[2016.04.22-05.50.18:996][572]LogOnline:Display: Unloading online subsystem: Null
[2016.04.22-05.50.18:996][572]LogModuleManager: Shutting down and abandoning module HTTP (18)
[2016.04.22-05.50.19:997][572]LogModuleManager: Shutting down and abandoning module XMPP (17)
[2016.04.22-05.50.20:023][572]LogModuleManager: Shutting down and abandoning module OculusRift (16)
[2016.04.22-05.50.20:036][572]LogModuleManager: Shutting down and abandoning module ExampleDeviceProfileSelector (15)
[2016.04.22-05.50.20:036][572]LogModuleManager: Shutting down and abandoning module TextureCompressor (14)
[2016.04.22-05.50.20:036][572]LogModuleManager: Shutting down and abandoning module ShaderCore (13)
[2016.04.22-05.50.20:037][572]LogModuleManager: Shutting down and abandoning module Landscape (12)
[2016.04.22-05.50.20:037][572]LogModuleManager: Shutting down and abandoning module SlateRHIRenderer (11)
[2016.04.22-05.50.20:045][572]LogModuleManager: Shutting down and abandoning module OpenGLDrv (10)
[2016.04.22-05.50.20:058][572]LogModuleManager: Shutting down and abandoning module D3D11RHI (9)
[2016.04.22-05.50.20:058][572]LogModuleManager: Shutting down and abandoning module AnimGraphRuntime (8)
[2016.04.22-05.50.20:074][572]LogModuleManager: Shutting down and abandoning module Renderer (7)
[2016.04.22-05.50.20:074][572]LogModuleManager: Shutting down and abandoning module Engine (6)
[2016.04.22-05.50.20:074][572]LogModuleManager: Shutting down and abandoning module CoreUObject (5)
[2016.04.22-05.50.20:075][572]LogModuleManager: Shutting down and abandoning module NetworkFile (4)
[2016.04.22-05.50.20:086][572]LogModuleManager: Shutting down and abandoning module StreamingFile (3)
[2016.04.22-05.50.20:094][572]LogModuleManager: Shutting down and abandoning module SandboxFile (2)
[2016.04.22-05.50.20:106][572]LogModuleManager: Shutting down and abandoning module PakFile (1)
[2016.04.22-05.50.20:116][572]LogExit: Exiting.
[2016.04.22-05.50.20:135][572]Log file closed, 04/22/16 01:50:20
