[2016.03.08-00.20.31:747][  0]Log file open, 03/07/16 19:20:31
[2016.03.08-00.20.31:747][  0]LogInit:Display: Running engine for game: GameDev2
[2016.03.08-00.20.31:747][  0]LogPlatformFile: Not using cached read wrapper
[2016.03.08-00.20.31:747][  0]LogInit:Display: RandInit(657439986) SRandInit(657439986).
[2016.03.08-00.20.31:747][  0]LogTaskGraph: Started task graph with 4 named threads and 7 total threads.
[2016.03.08-00.20.31:747][  0]LogStats: Stats thread started at 0.066308
[2016.03.08-00.20.31:747][  0]LogInit: Version: 4.10.4-2872498+++depot+UE4-Releases+4.10
[2016.03.08-00.20.31:747][  0]LogInit: API Version: 2758231
[2016.03.08-00.20.31:747][  0]LogInit: Compiled (64-bit): Feb 18 2016 15:47:04
[2016.03.08-00.20.31:747][  0]LogInit: Compiled with Visual C++: 19.00.23026.00
[2016.03.08-00.20.31:747][  0]LogInit: Build Configuration: Development
[2016.03.08-00.20.31:747][  0]LogInit: Branch Name: ++depot+UE4-Releases+4.10
[2016.03.08-00.20.31:747][  0]LogInit: Command line: -EpicPortal 
[2016.03.08-00.20.31:747][  0]LogInit: Base directory: J:/Game/Epic Games/4.10/Engine/Binaries/Win64/
[2016.03.08-00.20.31:747][  0]LogInit: Rocket: 1
[2016.03.08-00.20.31:751][  0]LogInit: Using libcurl 7.41.0
[2016.03.08-00.20.31:751][  0]LogInit:  - built for x86_64-pc-win32
[2016.03.08-00.20.31:751][  0]LogInit:  - supports SSL with WinSSL
[2016.03.08-00.20.31:751][  0]LogInit:  - other features:
[2016.03.08-00.20.31:751][  0]LogInit:      CURL_VERSION_SSL
[2016.03.08-00.20.31:751][  0]LogInit:      CURL_VERSION_IPV6
[2016.03.08-00.20.31:751][  0]LogInit:      CURL_VERSION_ASYNCHDNS
[2016.03.08-00.20.31:751][  0]LogInit:      CURL_VERSION_LARGEFILE
[2016.03.08-00.20.31:751][  0]LogInit:      CURL_VERSION_IDN
[2016.03.08-00.20.31:751][  0]LogInit:  CurlRequestOptions (configurable via config and command line):
[2016.03.08-00.20.31:751][  0]LogInit:  - bVerifyPeer = true  - Libcurl will verify peer certificate
[2016.03.08-00.20.31:751][  0]LogInit:  - bUseHttpProxy = false  - Libcurl will NOT use HTTP proxy
[2016.03.08-00.20.31:751][  0]LogInit:  - bDontReuseConnections = false  - Libcurl will reuse connections
[2016.03.08-00.20.31:751][  0]LogInit:  - CertBundlePath = nullptr  - Libcurl will use whatever was configured at build time.
[2016.03.08-00.20.31:755][  0]LogInit: Presizing for 0 objects not considered by GC, pre-allocating 0 bytes.
[2016.03.08-00.20.31:759][  0]LogInit: Object subsystem initialized
[2016.03.08-00.20.31:760][  0]LogInit: Selected Device Profile: [Windows]
[2016.03.08-00.20.31:760][  0]LogInit: Applying CVar settings loaded from the selected device profile: [Windows]
[2016.03.08-00.20.31:766][  0]LogInit: Computer: SHANYEPC
[2016.03.08-00.20.31:766][  0]LogInit: User: Shanye
[2016.03.08-00.20.31:766][  0]LogInit: CPU Page size=4096, Cores=4
[2016.03.08-00.20.31:766][  0]LogInit: High frequency timer resolution =3.507525 MHz
[2016.03.08-00.20.31:766][  0]LogMemory: Memory total: Physical=12.0GB (12GB approx)
[2016.03.08-00.20.31:766][  0]LogMemory: Platform Memory Stats for Windows
[2016.03.08-00.20.31:766][  0]LogMemory: Process Physical Memory: 56.00 MB used, 56.00 MB peak
[2016.03.08-00.20.31:766][  0]LogMemory: Process Virtual Memory: 58.71 MB used, 58.71 MB peak
[2016.03.08-00.20.31:766][  0]LogMemory: Physical Memory: 3371.34 MB used, 12239.21 MB total
[2016.03.08-00.20.31:766][  0]LogMemory: Virtual Memory: 385.80 MB used, 134217728.00 MB total
[2016.03.08-00.20.31:792][  0]LogTextLocalizationManager: No specific translations for ('en-US') exist, so ('en') translations will be used.
[2016.03.08-00.20.32:137][  0]LogD3D11RHI: Found D3D11 adapter 0: NVIDIA GeForce GT 720 (Feature Level 11_0)
[2016.03.08-00.20.32:137][  0]LogD3D11RHI: Adapter has 974MB of dedicated video memory, 0MB of dedicated system memory, and 6119MB of shared system memory, 2 output[s]
[2016.03.08-00.20.32:138][  0]LogD3D11RHI: Found D3D11 adapter 1: Microsoft Basic Render Driver (Feature Level 11_0)
[2016.03.08-00.20.32:138][  0]LogD3D11RHI: Adapter has 0MB of dedicated video memory, 0MB of dedicated system memory, and 6119MB of shared system memory, 0 output[s]
[2016.03.08-00.20.32:138][  0]LogD3D11RHI: Chosen D3D11 Adapter Id = 0
[2016.03.08-00.20.32:145][  0]LogD3D11RHI: !Direct3DDevice
[2016.03.08-00.20.32:145][  0]LogRHI: Texture pool is 682 MB (70% of 974 MB)
[2016.03.08-00.20.32:158][  0]LogD3D11RHI: Async texture creation enabled
[2016.03.08-00.20.32:174][  0]LogShaderCompilers: Guid format shader working directory is 11 characters bigger than the processId version (../../../../../Junior/Repo/GameDev2/Intermediate/Shaders/WorkingDirectory/48976/).
[2016.03.08-00.20.32:174][  0]LogShaderCompilers: Cleaned the shader compiler working directory 'C:/Users/Shanye/AppData/Local/Temp/UnrealShaderWorkingDir/3B37E0BF435452EE82D30FA7C9910532/'.
[2016.03.08-00.20.32:174][  0]LogShaderCompilers:Display: Using Local Shader Compiler.
[2016.03.08-00.20.32:768][  0]LogTemp:Display: Loaded TP AllDesktopTargetPlatform
[2016.03.08-00.20.32:770][  0]LogTemp:Display: Loaded TP WindowsClientTargetPlatform
[2016.03.08-00.20.32:773][  0]LogTemp:Display: Loaded TP WindowsNoEditorTargetPlatform
[2016.03.08-00.20.32:776][  0]LogTemp:Display: Loaded TP WindowsServerTargetPlatform
[2016.03.08-00.20.32:778][  0]LogTemp:Display: Loaded TP WindowsTargetPlatform
[2016.03.08-00.20.32:780][  0]LogTemp:Display: Loaded TP AndroidTargetPlatform
[2016.03.08-00.20.32:782][  0]LogTemp:Display: Loaded TP Android_ASTCTargetPlatform
[2016.03.08-00.20.32:784][  0]LogTemp:Display: Loaded TP Android_ATCTargetPlatform
[2016.03.08-00.20.32:786][  0]LogTemp:Display: Loaded TP Android_DXTTargetPlatform
[2016.03.08-00.20.32:788][  0]LogTemp:Display: Loaded TP Android_ETC1TargetPlatform
[2016.03.08-00.20.32:790][  0]LogTemp:Display: Loaded TP Android_ETC2TargetPlatform
[2016.03.08-00.20.32:794][  0]LogTemp:Display: Loaded TP Android_MultiTargetPlatform
[2016.03.08-00.20.32:794][  0]LogTemp:Display: Loaded TP Android_PVRTCTargetPlatform
[2016.03.08-00.20.32:794][  0]LogTemp:Display: Loaded TP HTML5TargetPlatform
[2016.03.08-00.20.32:809][  0]LogTemp:Display: Loaded TP IOSTargetPlatform
[2016.03.08-00.20.32:812][  0]LogTemp:Display: Loaded TP LinuxNoEditorTargetPlatform
[2016.03.08-00.20.32:814][  0]LogTemp:Display: Loaded TP LinuxServerTargetPlatform
[2016.03.08-00.20.32:817][  0]LogTemp:Display: Loaded TP LinuxTargetPlatform
[2016.03.08-00.20.32:817][  0]LogTargetPlatformManager:Display: Building Assets For Windows
[2016.03.08-00.20.32:855][  0]LogDerivedDataCache:Display: Max Cache Size: 512 MB
[2016.03.08-00.20.32:892][  0]LogDerivedDataCache: Loaded boot cache 0.04s 41MB C:/Users/Shanye/AppData/Local/UnrealEngine/4.10/DerivedDataCache/Boot.ddc.
[2016.03.08-00.20.32:892][  0]LogDerivedDataCache:Display: Loaded Boot cache: C:/Users/Shanye/AppData/Local/UnrealEngine/4.10/DerivedDataCache/Boot.ddc
[2016.03.08-00.20.32:892][  0]LogDerivedDataCache: FDerivedDataBackendGraph:  Pak pak cache file ../../../../../Junior/Repo/GameDev2/DerivedDataCache/DDC.ddp not found, will not use a pak cache.
[2016.03.08-00.20.32:892][  0]LogDerivedDataCache: Unable to find inner node Pak for hierarchical cache Hierarchy.
[2016.03.08-00.20.32:892][  0]LogDerivedDataCache: FDerivedDataBackendGraph:  CompressedPak pak cache file ../../../../../Junior/Repo/GameDev2/DerivedDataCache/Compressed.ddp not found, will not use a pak cache.
[2016.03.08-00.20.32:892][  0]LogDerivedDataCache: Unable to find inner node CompressedPak for hierarchical cache Hierarchy.
[2016.03.08-00.20.32:940][  0]LogDerivedDataCache:Display: Pak cache opened for reading ../../../Engine/DerivedDataCache/Compressed.ddp.
[2016.03.08-00.20.32:953][  0]LogDerivedDataCache: Using Local data cache path C:/Users/Shanye/AppData/Local/UnrealEngine/Common/DerivedDataCache: Writable
[2016.03.08-00.20.33:082][  0]LogInit: Selected Device Profile: [Windows]
[2016.03.08-00.20.33:084][  0]LogContentStreaming: Texture pool size is 0.000000MB
[2016.03.08-00.20.33:174][  0]LogMeshUtilities: No automatic mesh reduction module available
[2016.03.08-00.20.33:174][  0]LogMeshUtilities: No automatic mesh merging module available
[2016.03.08-00.20.33:436][  0]LogInit: WinSock: version 1.1 (2.2), MaxSocks=32767, MaxUdp=65467
[2016.03.08-00.20.33:930][  0]UdpMessaging: Initializing bridge on interface 0.0.0.0:0 to multicast group 230.0.0.1:6666.
[2016.03.08-00.20.34:012][  0]LogAssetRegistry: FAssetRegistry took 0.0115 seconds to start up
[2016.03.08-00.20.34:128][  0]SourceControl: Info Source control is disabled
[2016.03.08-00.20.34:142][  0]SourceControl: Info Source control is disabled
[2016.03.08-00.20.34:148][  0]SourceControl: Info Source control is disabled
[2016.03.08-00.20.34:153][  0]SourceControl: Info Source control is disabled
[2016.03.08-00.20.34:264][  0]LogObj: 28633 objects as part of root set at end of initial load.
[2016.03.08-00.20.34:264][  0]LogUObjectAllocator: 6099752 out of 0 bytes used by permanent object pool.
[2016.03.08-00.20.34:305][  0]LogEngine: Initializing Engine...
[2016.03.08-00.20.34:307][  0]LogHMD: Can't find Oculus library dev build: is proper Runtime installed? Version: 0.8.0.0
[2016.03.08-00.20.34:307][  0]LogHMD: SteamVR failed to initialize.  Err: 110
[2016.03.08-00.20.34:391][  0]LogAIModule: Creating AISystem for world NewWorld
[2016.03.08-00.20.34:395][  0]LogInit: XAudio2 using 'Speakers (Realtek High Definition Audio)' : 2 channels at 48 kHz using 32 bits per sample (channel mask 0x3)
[2016.03.08-00.20.34:548][  0]LogInit: FAudioDevice initialized.
[2016.03.08-00.20.34:590][  0]LogDerivedDataCache: Saved boot cache 0.04s 41MB C:/Users/Shanye/AppData/Local/UnrealEngine/4.10/DerivedDataCache/Boot.ddc.
[2016.03.08-00.20.34:593][  0]LogInit: Texture streaming: Enabled
[2016.03.08-00.20.34:596][  0]LogAnalytics: Creating configured Analytics provider AnalyticsET
[2016.03.08-00.20.34:596][  0]LogAnalytics: [UEEditor.Rocket.Release] APIServer = http://et2.epicgames.com/ET2/. AppVersion = 4.10.4-2872498+++depot+UE4-Releases+4.10
[2016.03.08-00.20.34:596][  0]LogAnalytics: [UEEditor.Rocket.Release] SetUserId a32a4e514c2db6b4aa2fabb39e9eb0dd|eddbbcee0f224b22ac2291f0ac4b233f|e802f417-8768-47e2-9a46-4150259d8724
[2016.03.08-00.20.34:596][  0]LogAnalytics: [UEEditor.Rocket.Release] AnalyticsET::StartSession
[2016.03.08-00.20.34:606][  0]LogInit: Transaction tracking system initialized
[2016.03.08-00.20.34:617][  0]BlueprintLog: New page: Editor Load
[2016.03.08-00.20.34:652][  0]LocalizationService: Info Localization service is disabled
[2016.03.08-00.20.34:692][  0]LogConsoleResponse:Display: 
[2016.03.08-00.20.34:817][  0]LogCook:Display: Done creating registry. It took  0.00s.
[2016.03.08-00.20.34:844][  0]SourceControl: Info Source control is disabled
[2016.03.08-00.20.34:844][  0]Cmd: MAP LOAD FILE="../../../../../Junior/Repo/GameDev2/Content/TopDownBP/Maps/TopDownExampleMap.umap" TEMPLATE=0 SHOWPROGRESS=1 FEATURELEVEL=3
[2016.03.08-00.20.34:861][  0]LightingResults: New page: Lighting Build
[2016.03.08-00.20.34:862][  0]MapCheck: New page: Map Check
[2016.03.08-00.20.34:862][  0]LightingResults: New page: Lighting Build
[2016.03.08-00.20.34:871][  0]LogParticles: Destroying 0 GPU particle simulations for FXSystem 0x0000016665A82AC0
[2016.03.08-00.20.35:382][  0]LogFileCache: Scanning file cache for directory 'J:/Game/Junior/Repo/GameDev2/Content/' took 0.19s
[2016.03.08-00.20.37:366][  0]LogAIModule: Creating AISystem for world TopDownExampleMap
[2016.03.08-00.20.37:641][  0]LogEditorServer: Finished looking for orphan Actors (0.000 secs)
[2016.03.08-00.20.37:697][  0]Cmd: MAP CHECKDEP NOCLEARLOG
[2016.03.08-00.20.37:734][  0]MapCheck: Info Map check complete: 0 Error(s), 0 Warning(s), took 36.438ms to complete.
[2016.03.08-00.20.37:734][  0]LogFileHelpers: Loading map 'TopDownExampleMap' took 2.891
[2016.03.08-00.20.38:729][  0]LogCollectionManager: Loaded 0 collections in 0.009696 seconds
[2016.03.08-00.20.38:960][  0]LogFileCache: Scanning file cache for directory 'J:/Game/Junior/Repo/GameDev2/Saved/Collections/' took 0.01s
[2016.03.08-00.20.38:960][  0]LogFileCache: Scanning file cache for directory 'J:/Game/Junior/Repo/GameDev2/Content/Developers/Shanye/Collections/' took 0.01s
[2016.03.08-00.20.38:960][  0]LogFileCache: Scanning file cache for directory 'J:/Game/Junior/Repo/GameDev2/Content/Collections/' took 0.01s
[2016.03.08-00.20.38:960][  0]LogCollectionManager: Rebuilt the GUID cache for 0 collections in 0.000003 seconds
[2016.03.08-00.20.38:988][  0]LogContentBrowser: Native class hierarchy populated in 0.0249 seconds. Added 1893 classes and 338 folders.
[2016.03.08-00.20.39:167][  0]LogContentBrowser: Native class hierarchy updated for 'WidgetCarousel' in 0.0005 seconds. Added 0 classes and 0 folders.
[2016.03.08-00.20.40:251][  0]LogContentBrowser: Native class hierarchy updated for 'AddContentDialog' in 0.0005 seconds. Added 0 classes and 0 folders.
[2016.03.08-00.20.40:315][  0]LogContentBrowser: Native class hierarchy updated for 'SceneOutliner' in 0.0006 seconds. Added 1 classes and 2 folders.
[2016.03.08-00.20.40:686][  0]LogCrashTracker: Crashtracker disabled due to settings.
[2016.03.08-00.20.40:797][  0]LogUObjectGlobals:Warning: Failed to find object 'Class None.'
[2016.03.08-00.20.40:835][  0]LogLoad: Full Startup: 9.52 seconds (BP compile: 0.22 seconds)
[2016.03.08-00.20.40:844][  0]LogWindowsTextInputMethodSystem:Display: IME system now deactivated.
[2016.03.08-00.20.40:846][  0]LogOcInput: Can't find Oculus library dev build: is proper Runtime installed? Version: 0.8.0.0
[2016.03.08-00.20.41:160][  0]LogContentStreaming: Texture pool size now 1000 MB
[2016.03.08-00.20.41:704][  0]LogRenderer: Reallocating scene render targets to support 1208x572 (Frame:2).
[2016.03.08-00.20.42:330][  3]LogAssetRegistry: Asset discovery search completed in 8.3296 seconds
[2016.03.08-00.20.42:330][  3]LogCollectionManager: Rebuilt the object cache for 0 collections in 0.000001 seconds (found 0 objects)
[2016.03.08-00.20.42:330][  3]LogCollectionManager: Fixed up redirectors for 0 collections in 0.000013 seconds (updated 0 objects)
[2016.03.08-00.21.07:191][657]LogSkeletalMesh: InitArticulated: Bodies already created (/Engine/Transient.DebugSkelMeshComponent_0) - call TermArticulated first.
[2016.03.08-00.21.07:871][657]LogContentBrowser:Verbose: The majority of assets in the view are of type: AnimSequence
[2016.03.08-00.30.42:032][631]LogParticles: Destroying 0 GPU particle simulations for FXSystem 0x00000166786F59E0
[2016.03.08-00.30.42:033][631]LogParticles: Destroying 0 GPU particle simulations for FXSystem 0x00000166786F6160
[2016.03.08-00.30.42:033][631]LogParticles: Destroying 0 GPU particle simulations for FXSystem 0x0000016612EA8900
[2016.03.08-00.30.42:033][631]LogParticles: Destroying 0 GPU particle simulations for FXSystem 0x0000016612DBBD80
[2016.03.08-00.30.42:034][631]LogParticles: Destroying 0 GPU particle simulations for FXSystem 0x00000166314ECA40
[2016.03.08-00.30.42:034][631]LogParticles: Destroying 0 GPU particle simulations for FXSystem 0x00000166314EE660
[2016.03.08-00.30.42:034][631]LogParticles: Destroying 0 GPU particle simulations for FXSystem 0x00000166354540E0
[2016.03.08-00.30.42:035][631]LogParticles: Destroying 0 GPU particle simulations for FXSystem 0x000001662A5D8680
[2016.03.08-00.30.42:040][631]LogFileHelpers: Editor autosave (incl. sublevels) for '/Game/TopDownBP/Maps/TopDownExampleMap' took 0.023
[2016.03.08-00.30.42:056][631]OBJ SavePackage: Generating thumbnails for [1] asset(s) in package [/Game/Mannequin/Animations/ThirdPersonRun] ([1] browsable assets)...
[2016.03.08-00.30.42:096][631]OBJ SavePackage:     Rendered thumbnail for [AnimSequence /Game/Mannequin/Animations/ThirdPersonRun.ThirdPersonRun]
[2016.03.08-00.30.42:096][631]OBJ SavePackage: Finished generating thumbnails for package [/Game/Mannequin/Animations/ThirdPersonRun]
[2016.03.08-00.30.42:122][631]LogSavePackage: Save=8.762019ms
[2016.03.08-00.30.42:122][631]LogSavePackage: Moving '../../../../../Junior/Repo/GameDev2/Saved/ThirdPersonRun_Auto14C5D19D741BE4118BA2797B3A41EC2CA.tmp' to '../../../../../Junior/Repo/GameDev2/Saved/Autosaves/Game/Mannequin/Animations/ThirdPersonRun_Auto1.uasset'
[2016.03.08-00.30.42:123][631]LogSavePackage: Total save time: 26.191119ms
[2016.03.08-00.30.42:123][631]LogSavePackage:Display: Finished SavePackage ../../../../../Junior/Repo/GameDev2/Saved/Autosaves/Game/Mannequin/Animations/ThirdPersonRun_Auto1.uasset
[2016.03.08-00.30.42:123][631]LogFileHelpers: Auto-saving content packages took 0.083
[2016.03.08-00.35.00:323][641]LogSkeletalMesh: InitArticulated: Bodies already created (/Engine/Transient.DebugSkelMeshComponent_7) - call TermArticulated first.
[2016.03.08-00.35.00:398][641]LogContentBrowser:Verbose: The majority of assets in the view are of type: AnimSequence
[2016.03.08-00.37.02:788][987]LogParticles: Destroying 0 GPU particle simulations for FXSystem 0x000001665D43FC40
[2016.03.08-00.37.02:788][987]LogParticles: Destroying 0 GPU particle simulations for FXSystem 0x000001666441DC60
[2016.03.08-00.37.02:788][987]LogParticles: Destroying 0 GPU particle simulations for FXSystem 0x000001665D43F420
[2016.03.08-00.37.02:788][987]LogParticles: Destroying 0 GPU particle simulations for FXSystem 0x000001665D43D800
[2016.03.08-00.37.04:163][988]Cmd: QUIT_EDITOR
[2016.03.08-00.37.04:221][988]LogWindowsTextInputMethodSystem:Display: IME system now deactivated.
[2016.03.08-00.37.04:267][988]LogExit: Preparing to exit.
[2016.03.08-00.37.05:241][988]LogExit: Editor shut down
[2016.03.08-00.37.05:241][988]LogExit: Transaction tracking system shut down
[2016.03.08-00.37.05:242][988]LogParticles: Destroying 0 GPU particle simulations for FXSystem 0x0000016669CB5260
[2016.03.08-00.37.05:242][988]LogParticles: Destroying 0 GPU particle simulations for FXSystem 0x0000016672857880
[2016.03.08-00.37.05:242][988]LogParticles: Destroying 0 GPU particle simulations for FXSystem 0x00000166786F7CE0
[2016.03.08-00.37.05:242][988]LogParticles: Destroying 0 GPU particle simulations for FXSystem 0x000001664E759260
[2016.03.08-00.37.05:242][988]LogParticles: Destroying 0 GPU particle simulations for FXSystem 0x00000166729834C0
[2016.03.08-00.37.05:242][988]LogParticles: Destroying 0 GPU particle simulations for FXSystem 0x0000016672982AC0
[2016.03.08-00.37.05:242][988]LogParticles: Destroying 0 GPU particle simulations for FXSystem 0x000001667EC316C0
[2016.03.08-00.37.05:341][988]LogExit: Object subsystem successfully closed.
[2016.03.08-00.37.05:351][988]LogD3D11RHI: Shutdown
[2016.03.08-00.37.05:351][988]LogD3D11RHI: CleanupD3DDevice
[2016.03.08-00.37.05:406][988]LogD3D11RHI: ~FD3D11DynamicRHI
[2016.03.08-00.37.05:414][988]LogModuleManager: Shutting down and abandoning module CookingStats (199)
[2016.03.08-00.37.05:414][988]LogModuleManager: Shutting down and abandoning module CrashTracker (198)
[2016.03.08-00.37.05:414][988]LogModuleManager: Shutting down and abandoning module SceneOutliner (197)
[2016.03.08-00.37.05:414][988]LogModuleManager: Shutting down and abandoning module SuperSearch (196)
[2016.03.08-00.37.05:414][988]LogModuleManager: Shutting down and abandoning module WidgetCarousel (195)
[2016.03.08-00.37.05:414][988]LogModuleManager: Shutting down and abandoning module AddContentDialog (194)
[2016.03.08-00.37.05:416][988]LogModuleManager: Shutting down and abandoning module EditorWidgets (193)
[2016.03.08-00.37.05:416][988]LogModuleManager: Shutting down and abandoning module CollectionManager (192)
[2016.03.08-00.37.05:416][988]LogModuleManager: Shutting down and abandoning module StatsViewer (191)
[2016.03.08-00.37.05:416][988]LogModuleManager: Shutting down and abandoning module FoliageEdit (190)
[2016.03.08-00.37.05:416][988]LogModuleManager: Shutting down and abandoning module LandscapeEditor (189)
[2016.03.08-00.37.05:417][988]LogModuleManager: Shutting down and abandoning module ActorPickerMode (188)
[2016.03.08-00.37.05:417][988]LogModuleManager: Shutting down and abandoning module GeometryMode (187)
[2016.03.08-00.37.05:417][988]LogModuleManager: Shutting down and abandoning module TextureAlignMode (186)
[2016.03.08-00.37.05:417][988]LogModuleManager: Shutting down and abandoning module BspMode (185)
[2016.03.08-00.37.05:417][988]LogModuleManager: Shutting down and abandoning module PlacementMode (184)
[2016.03.08-00.37.05:417][988]LogModuleManager: Shutting down and abandoning module AutomationWorker (183)
[2016.03.08-00.37.05:417][988]LogModuleManager: Shutting down and abandoning module CharacterAI (182)
[2016.03.08-00.37.05:417][988]LogModuleManager: Shutting down and abandoning module SmartSnapping (181)
[2016.03.08-00.37.05:417][988]LogModuleManager: Shutting down and abandoning module ViewportSnapping (180)
[2016.03.08-00.37.05:417][988]LogModuleManager: Shutting down and abandoning module LogVisualizer (179)
[2016.03.08-00.37.05:417][988]LogModuleManager: Shutting down and abandoning module GameProjectGeneration (178)
[2016.03.08-00.37.05:417][988]LogModuleManager: Shutting down and abandoning module IntroTutorials (177)
[2016.03.08-00.37.05:417][988]LogModuleManager: Shutting down and abandoning module EditorLiveStreaming (176)
[2016.03.08-00.37.05:417][988]LogModuleManager: Shutting down and abandoning module IOSPlatformEditor (175)
[2016.03.08-00.37.05:417][988]LogModuleManager: Shutting down and abandoning module HTML5PlatformEditor (174)
[2016.03.08-00.37.05:417][988]LogModuleManager: Shutting down and abandoning module AndroidDeviceDetection (173)
[2016.03.08-00.37.05:946][988]LogModuleManager: Shutting down and abandoning module AndroidPlatformEditor (172)
[2016.03.08-00.37.05:946][988]LogModuleManager: Shutting down and abandoning module IOSRuntimeSettings (171)
[2016.03.08-00.37.05:946][988]LogModuleManager: Shutting down and abandoning module AndroidRuntimeSettings (170)
[2016.03.08-00.37.05:946][988]LogModuleManager: Shutting down and abandoning module MergeActors (169)
[2016.03.08-00.37.05:946][988]LogModuleManager: Shutting down and abandoning module SizeMap (168)
[2016.03.08-00.37.05:946][988]LogModuleManager: Shutting down and abandoning module TreeMap (167)
[2016.03.08-00.37.05:946][988]LogModuleManager: Shutting down and abandoning module ReferenceViewer (166)
[2016.03.08-00.37.05:946][988]LogModuleManager: Shutting down and abandoning module LocalizationService (165)
[2016.03.08-00.37.05:946][988]LogModuleManager: Shutting down and abandoning module LocalizationDashboard (164)
[2016.03.08-00.37.05:946][988]LogModuleManager: Shutting down and abandoning module HardwareTargeting (163)
[2016.03.08-00.37.05:946][988]LogModuleManager: Shutting down and abandoning module DeviceProfileEditor (162)
[2016.03.08-00.37.05:947][988]LogModuleManager: Shutting down and abandoning module UndoHistory (161)
[2016.03.08-00.37.05:947][988]LogModuleManager: Shutting down and abandoning module GameplayTagsEditor (160)
[2016.03.08-00.37.05:947][988]LogModuleManager: Shutting down and abandoning module UserFeedback (159)
[2016.03.08-00.37.05:947][988]LogModuleManager: Shutting down and abandoning module XmlParser (158)
[2016.03.08-00.37.05:947][988]LogModuleManager: Shutting down and abandoning module Blutility (157)
[2016.03.08-00.37.05:947][988]LogModuleManager: Shutting down and abandoning module ProjectTargetPlatformEditor (156)
[2016.03.08-00.37.05:947][988]LogModuleManager: Shutting down and abandoning module ProjectSettingsViewer (155)
[2016.03.08-00.37.05:947][988]LogModuleManager: Shutting down and abandoning module InputBindingEditor (154)
[2016.03.08-00.37.05:947][988]LogModuleManager: Shutting down and abandoning module EditorSettingsViewer (153)
[2016.03.08-00.37.05:947][988]LogModuleManager: Shutting down and abandoning module SettingsEditor (152)
[2016.03.08-00.37.05:947][988]LogModuleManager: Shutting down and abandoning module ProjectLauncher (151)
[2016.03.08-00.37.05:947][988]LogModuleManager: Shutting down and abandoning module SessionFrontend (150)
[2016.03.08-00.37.05:947][988]LogModuleManager: Shutting down and abandoning module ProfilerClient (149)
[2016.03.08-00.37.05:947][988]LogModuleManager: Shutting down and abandoning module TargetDeviceServices (148)
[2016.03.08-00.37.05:947][988]LogModuleManager: Shutting down and abandoning module DeviceManager (147)
[2016.03.08-00.37.05:947][988]LogModuleManager: Shutting down and abandoning module AutomationController (146)
[2016.03.08-00.37.05:947][988]LogModuleManager: Shutting down and abandoning module AutomationWindow (145)
[2016.03.08-00.37.05:947][988]LogModuleManager: Shutting down and abandoning module Layers (144)
[2016.03.08-00.37.05:947][988]LogModuleManager: Shutting down and abandoning module ComponentVisualizers (143)
[2016.03.08-00.37.05:947][988]LogModuleManager: Shutting down and abandoning module DetailCustomizations (142)
[2016.03.08-00.37.05:948][988]LogModuleManager: Shutting down and abandoning module PackagesDialog (141)
[2016.03.08-00.37.05:948][988]LogModuleManager: Shutting down and abandoning module Persona (140)
[2016.03.08-00.37.05:948][988]LogModuleManager: Shutting down and abandoning module Kismet (139)
[2016.03.08-00.37.05:948][988]LogModuleManager: Shutting down and abandoning module GraphEditor (138)
[2016.03.08-00.37.05:948][988]LogModuleManager: Shutting down and abandoning module ClassViewer (137)
[2016.03.08-00.37.05:948][988]LogModuleManager: Shutting down and abandoning module Toolbox (136)
[2016.03.08-00.37.05:948][988]LogModuleManager: Shutting down and abandoning module ModuleUI (135)
[2016.03.08-00.37.05:948][988]LogModuleManager: Shutting down and abandoning module MovieSceneTools (134)
[2016.03.08-00.37.05:948][988]LogModuleManager: Shutting down and abandoning module OutputLog (133)
[2016.03.08-00.37.05:948][988]LogModuleManager: Shutting down and abandoning module GammaUI (132)
[2016.03.08-00.37.05:948][988]LogModuleManager: Shutting down and abandoning module Documentation (131)
[2016.03.08-00.37.05:948][988]LogModuleManager: Shutting down and abandoning module GameLiveStreaming (130)
[2016.03.08-00.37.05:948][988]LogModuleManager: Shutting down and abandoning module StreamingPauseRendering (129)
[2016.03.08-00.37.05:948][988]LogModuleManager: Shutting down and abandoning module AnalyticsET (128)
[2016.03.08-00.37.05:948][988]LogModuleManager: Shutting down and abandoning module Analytics (127)
[2016.03.08-00.37.05:948][988]LogModuleManager: Shutting down and abandoning module AITestSuite (126)
[2016.03.08-00.37.05:948][988]LogModuleManager: Shutting down and abandoning module GameplayDebugger (125)
[2016.03.08-00.37.05:948][988]LogModuleManager: Shutting down and abandoning module AIModule (124)
[2016.03.08-00.37.05:948][988]LogModuleManager: Shutting down and abandoning module ProfilerService (123)
[2016.03.08-00.37.05:975][988]LogModuleManager: Shutting down and abandoning module TaskGraph (122)
[2016.03.08-00.37.05:975][988]LogModuleManager: Shutting down and abandoning module SlateRemote (121)
[2016.03.08-00.37.05:975][988]LogModuleManager: Shutting down and abandoning module SteamVRController (120)
[2016.03.08-00.37.05:975][988]LogModuleManager: Shutting down and abandoning module SteamVR (119)
[2016.03.08-00.37.05:975][988]LogModuleManager: Shutting down and abandoning module ProceduralMeshComponent (118)
[2016.03.08-00.37.05:975][988]LogModuleManager: Shutting down and abandoning module OculusLibrary (117)
[2016.03.08-00.37.05:975][988]LogModuleManager: Shutting down and abandoning module OculusInput (116)
[2016.03.08-00.37.05:975][988]LogModuleManager: Shutting down and abandoning module LeapMotionController (115)
[2016.03.08-00.37.06:001][988]LogModuleManager: Shutting down and abandoning module CustomMeshComponent (114)
[2016.03.08-00.37.06:001][988]LogModuleManager: Shutting down and abandoning module CableComponent (113)
[2016.03.08-00.37.06:001][988]LogModuleManager: Shutting down and abandoning module ArchVisCharacter (112)
[2016.03.08-00.37.06:001][988]LogModuleManager: Shutting down and abandoning module MessagingDebugger (111)
[2016.03.08-00.37.06:001][988]LogModuleManager: Shutting down and abandoning module MediaPlayerEditor (110)
[2016.03.08-00.37.06:001][988]LogModuleManager: Shutting down and abandoning module HTML5Networking (109)
[2016.03.08-00.37.06:001][988]LogModuleManager: Shutting down and abandoning module SpeedTreeImporter (108)
[2016.03.08-00.37.06:001][988]LogModuleManager: Shutting down and abandoning module PluginBrowser (107)
[2016.03.08-00.37.06:001][988]LogModuleManager: Shutting down and abandoning module EpicSurvey (106)
[2016.03.08-00.37.06:001][988]LogModuleManager: Shutting down and abandoning module DesktopPlatform (105)
[2016.03.08-00.37.06:001][988]LogModuleManager: Shutting down and abandoning module VisualStudioSourceCodeAccess (104)
[2016.03.08-00.37.06:001][988]LogModuleManager: Shutting down and abandoning module UObjectPlugin (103)
[2016.03.08-00.37.06:001][988]LogModuleManager: Shutting down and abandoning module SubversionSourceControl (102)
[2016.03.08-00.37.06:001][988]LogModuleManager: Shutting down and abandoning module PerforceSourceControl (101)
[2016.03.08-00.37.06:001][988]LogModuleManager: Shutting down and abandoning module SourceControl (100)
[2016.03.08-00.37.06:001][988]LogModuleManager: Shutting down and abandoning module GitSourceControl (99)
[2016.03.08-00.37.06:001][988]LogModuleManager: Shutting down and abandoning module LightPropagationVolumeEditor (98)
[2016.03.08-00.37.06:001][988]LogModuleManager: Shutting down and abandoning module PaperTiledImporter (97)
[2016.03.08-00.37.06:001][988]LogModuleManager: Shutting down and abandoning module PaperSpriteSheetImporter (96)
[2016.03.08-00.37.06:002][988]LogModuleManager: Shutting down and abandoning module MeshPaint (95)
[2016.03.08-00.37.06:002][988]LogModuleManager: Shutting down and abandoning module SlateReflector (94)
[2016.03.08-00.37.06:002][988]LogModuleManager: Shutting down and abandoning module HotReload (93)
[2016.03.08-00.37.06:002][988]LogModuleManager: Shutting down and abandoning module MainFrame (92)
[2016.03.08-00.37.06:002][988]LogModuleManager: Shutting down and abandoning module LevelEditor (91)
[2016.03.08-00.37.06:003][988]LogModuleManager: Shutting down and abandoning module DirectoryWatcher (90)
[2016.03.08-00.37.06:003][988]LogModuleManager: Shutting down and abandoning module AssetRegistry (89)
[2016.03.08-00.37.06:115][988]LogModuleManager: Shutting down and abandoning module ContentBrowser (88)
[2016.03.08-00.37.06:116][988]LogModuleManager: Shutting down and abandoning module Paper2DEditor (87)
[2016.03.08-00.37.06:116][988]LogModuleManager: Shutting down and abandoning module UdpMessaging (86)
[2016.03.08-00.37.06:217][988]LogModuleManager: Shutting down and abandoning module LightPropagationVolumeRuntime (85)
[2016.03.08-00.37.06:217][988]LogModuleManager: Shutting down and abandoning module Paper2D (84)
[2016.03.08-00.37.06:217][988]LogModuleManager: Shutting down and abandoning module WindowsMoviePlayer (83)
[2016.03.08-00.37.06:221][988]LogModuleManager: Shutting down and abandoning module Media (82)
[2016.03.08-00.37.06:221][988]LogModuleManager: Shutting down and abandoning module WmfMedia (81)
[2016.03.08-00.37.06:222][988]LogModuleManager: Shutting down and abandoning module OnlineBlueprintSupport (80)
[2016.03.08-00.37.06:222][988]LogModuleManager: Shutting down and abandoning module GameplayTasksEditor (79)
[2016.03.08-00.37.06:222][988]LogModuleManager: Shutting down and abandoning module PropertyEditor (78)
[2016.03.08-00.37.06:222][988]LogModuleManager: Shutting down and abandoning module BehaviorTreeEditor (77)
[2016.03.08-00.37.06:222][988]LogModuleManager: Shutting down and abandoning module FunctionalTesting (76)
[2016.03.08-00.37.06:222][988]LogModuleManager: Shutting down and abandoning module CollisionAnalyzer (75)
[2016.03.08-00.37.06:222][988]LogModuleManager: Shutting down and abandoning module WorkspaceMenuStructure (74)
[2016.03.08-00.37.06:222][988]LogModuleManager: Shutting down and abandoning module MessageLog (73)
[2016.03.08-00.37.06:222][988]LogModuleManager: Shutting down and abandoning module Sequencer (72)
[2016.03.08-00.37.06:222][988]LogModuleManager: Shutting down and abandoning module AssetTools (71)
[2016.03.08-00.37.06:222][988]LogModuleManager: Shutting down and abandoning module UMGEditor (70)
[2016.03.08-00.37.06:222][988]LogModuleManager: Shutting down and abandoning module UMG (69)
[2016.03.08-00.37.06:222][988]LogModuleManager: Shutting down and abandoning module Slate (68)
[2016.03.08-00.37.06:222][988]LogModuleManager: Shutting down and abandoning module EditorStyle (67)
[2016.03.08-00.37.06:226][988]LogModuleManager: Shutting down and abandoning module SessionServices (66)
[2016.03.08-00.37.06:226][988]LogModuleManager: Shutting down and abandoning module SourceCodeAccess (65)
[2016.03.08-00.37.06:226][988]LogModuleManager: Shutting down and abandoning module HeadMountedDisplay (64)
[2016.03.08-00.37.06:226][988]LogModuleManager: Shutting down and abandoning module XAudio2 (63)
[2016.03.08-00.37.06:226][988]LogModuleManager: Shutting down and abandoning module Networking (61)
[2016.03.08-00.37.06:226][988]LogModuleManager: Shutting down and abandoning module Core (60)
[2016.03.08-00.37.06:226][988]LogModuleManager: Shutting down and abandoning module KismetCompiler (59)
[2016.03.08-00.37.06:226][988]LogModuleManager: Shutting down and abandoning module PhysXFormats (58)
[2016.03.08-00.37.06:226][988]LogModuleManager: Shutting down and abandoning module MeshUtilities (57)
[2016.03.08-00.37.06:226][988]LogModuleManager: Shutting down and abandoning module DerivedDataCache (56)
[2016.03.08-00.37.06:286][988]LogDerivedDataCache: Shutdown
[2016.03.08-00.37.06:286][988]LogModuleManager: Shutting down and abandoning module ShaderFormatOpenGL (55)
[2016.03.08-00.37.06:286][988]LogModuleManager: Shutting down and abandoning module ShaderFormatD3D (54)
[2016.03.08-00.37.06:286][988]LogModuleManager: Shutting down and abandoning module MetalShaderFormat (53)
[2016.03.08-00.37.06:286][988]LogModuleManager: Shutting down and abandoning module TextureFormatUncompressed (52)
[2016.03.08-00.37.06:286][988]LogModuleManager: Shutting down and abandoning module TextureFormatPVR (51)
[2016.03.08-00.37.06:286][988]LogModuleManager: Shutting down and abandoning module TextureFormatIntelISPCTexComp (50)
[2016.03.08-00.37.06:286][988]LogModuleManager: Shutting down and abandoning module TextureFormatDXT (49)
[2016.03.08-00.37.06:286][988]LogModuleManager: Shutting down and abandoning module ImageWrapper (48)
[2016.03.08-00.37.06:286][988]LogModuleManager: Shutting down and abandoning module TextureFormatASTC (47)
[2016.03.08-00.37.06:286][988]LogModuleManager: Shutting down and abandoning module TextureFormatAndroid (46)
[2016.03.08-00.37.06:286][988]LogModuleManager: Shutting down and abandoning module AudioFormatOpus (45)
[2016.03.08-00.37.06:286][988]LogModuleManager: Shutting down and abandoning module AudioFormatOgg (44)
[2016.03.08-00.37.06:286][988]LogModuleManager: Shutting down and abandoning module AudioFormatADPCM (43)
[2016.03.08-00.37.06:286][988]LogModuleManager: Shutting down and abandoning module LinuxTargetPlatform (42)
[2016.03.08-00.37.06:286][988]LogModuleManager: Shutting down and abandoning module LinuxServerTargetPlatform (41)
[2016.03.08-00.37.06:286][988]LogModuleManager: Shutting down and abandoning module LinuxNoEditorTargetPlatform (40)
[2016.03.08-00.37.06:286][988]LogModuleManager: Shutting down and abandoning module Messaging (39)
[2016.03.08-00.37.06:286][988]LogModuleManager: Shutting down and abandoning module IOSTargetPlatform (38)
[2016.03.08-00.37.06:286][988]LogModuleManager: Shutting down and abandoning module HTML5TargetPlatform (37)
[2016.03.08-00.37.06:286][988]LogModuleManager: Shutting down and abandoning module Android_PVRTCTargetPlatform (36)
[2016.03.08-00.37.06:286][988]LogModuleManager: Shutting down and abandoning module Android_MultiTargetPlatform (35)
[2016.03.08-00.37.06:286][988]LogModuleManager: Shutting down and abandoning module Android_ETC2TargetPlatform (34)
[2016.03.08-00.37.06:286][988]LogModuleManager: Shutting down and abandoning module Android_ETC1TargetPlatform (33)
[2016.03.08-00.37.06:286][988]LogModuleManager: Shutting down and abandoning module Android_DXTTargetPlatform (32)
[2016.03.08-00.37.06:286][988]LogModuleManager: Shutting down and abandoning module Android_ATCTargetPlatform (31)
[2016.03.08-00.37.06:287][988]LogModuleManager: Shutting down and abandoning module Android_ASTCTargetPlatform (30)
[2016.03.08-00.37.06:287][988]LogModuleManager: Shutting down and abandoning module AndroidTargetPlatform (29)
[2016.03.08-00.37.06:287][988]LogModuleManager: Shutting down and abandoning module WindowsTargetPlatform (28)
[2016.03.08-00.37.06:287][988]LogModuleManager: Shutting down and abandoning module WindowsServerTargetPlatform (27)
[2016.03.08-00.37.06:287][988]LogModuleManager: Shutting down and abandoning module WindowsNoEditorTargetPlatform (26)
[2016.03.08-00.37.06:287][988]LogModuleManager: Shutting down and abandoning module WindowsClientTargetPlatform (25)
[2016.03.08-00.37.06:287][988]LogModuleManager: Shutting down and abandoning module AllDesktopTargetPlatform (24)
[2016.03.08-00.37.06:287][988]LogModuleManager: Shutting down and abandoning module TargetPlatform (23)
[2016.03.08-00.37.06:287][988]LogModuleManager: Shutting down and abandoning module InputCore (22)
[2016.03.08-00.37.06:287][988]LogModuleManager: Shutting down and abandoning module Settings (21)
[2016.03.08-00.37.06:287][988]LogModuleManager: Shutting down and abandoning module OnlineSubsystem (19)
[2016.03.08-00.37.06:287][988]LogModuleManager: Shutting down and abandoning module HTTP (18)
[2016.03.08-00.37.07:288][988]LogModuleManager: Shutting down and abandoning module XMPP (17)
[2016.03.08-00.37.07:288][988]LogModuleManager: Shutting down and abandoning module OculusRift (16)
[2016.03.08-00.37.07:288][988]LogModuleManager: Shutting down and abandoning module ExampleDeviceProfileSelector (15)
[2016.03.08-00.37.07:288][988]LogModuleManager: Shutting down and abandoning module TextureCompressor (14)
[2016.03.08-00.37.07:288][988]LogModuleManager: Shutting down and abandoning module ShaderCore (13)
[2016.03.08-00.37.07:288][988]LogModuleManager: Shutting down and abandoning module Landscape (12)
[2016.03.08-00.37.07:288][988]LogModuleManager: Shutting down and abandoning module SlateRHIRenderer (11)
[2016.03.08-00.37.07:289][988]LogModuleManager: Shutting down and abandoning module OpenGLDrv (10)
[2016.03.08-00.37.07:289][988]LogModuleManager: Shutting down and abandoning module D3D11RHI (9)
[2016.03.08-00.37.07:289][988]LogModuleManager: Shutting down and abandoning module AnimGraphRuntime (8)
[2016.03.08-00.37.07:289][988]LogModuleManager: Shutting down and abandoning module Renderer (7)
[2016.03.08-00.37.07:289][988]LogModuleManager: Shutting down and abandoning module Engine (6)
[2016.03.08-00.37.07:289][988]LogModuleManager: Shutting down and abandoning module CoreUObject (5)
[2016.03.08-00.37.07:289][988]LogModuleManager: Shutting down and abandoning module NetworkFile (4)
[2016.03.08-00.37.07:289][988]LogModuleManager: Shutting down and abandoning module StreamingFile (3)
[2016.03.08-00.37.07:289][988]LogModuleManager: Shutting down and abandoning module SandboxFile (2)
[2016.03.08-00.37.07:289][988]LogModuleManager: Shutting down and abandoning module PakFile (1)
[2016.03.08-00.37.07:290][988]LogExit: Exiting.
[2016.03.08-00.37.07:291][988]Log file closed, 03/07/16 19:37:07
