[2016.04.27-03.15.25:681][  0]Log file open, 04/26/16 23:15:25
[2016.04.27-03.15.25:681][  0]LogInit:Display: Running engine for game: GameDev2
[2016.04.27-03.15.25:681][  0]LogPlatformFile: Not using cached read wrapper
[2016.04.27-03.15.25:681][  0]LogInit:Display: RandInit(-833968264) SRandInit(-833968264).
[2016.04.27-03.15.25:681][  0]LogTaskGraph: Started task graph with 4 named threads and 7 total threads.
[2016.04.27-03.15.25:681][  0]LogStats: Stats thread started at 0.065135
[2016.04.27-03.15.25:681][  0]LogInit: Version: 4.10.4-2872498+++depot+UE4-Releases+4.10
[2016.04.27-03.15.25:681][  0]LogInit: API Version: 2758231
[2016.04.27-03.15.25:681][  0]LogInit: Compiled (64-bit): Feb 18 2016 15:47:04
[2016.04.27-03.15.25:681][  0]LogInit: Compiled with Visual C++: 19.00.23026.00
[2016.04.27-03.15.25:681][  0]LogInit: Build Configuration: Development
[2016.04.27-03.15.25:681][  0]LogInit: Branch Name: ++depot+UE4-Releases+4.10
[2016.04.27-03.15.25:681][  0]LogInit: Command line:  
[2016.04.27-03.15.25:681][  0]LogInit: Base directory: J:/Game/Epic Games/4.10/Engine/Binaries/Win64/
[2016.04.27-03.15.25:681][  0]LogInit: Rocket: 1
[2016.04.27-03.15.25:685][  0]LogInit: Using libcurl 7.41.0
[2016.04.27-03.15.25:685][  0]LogInit:  - built for x86_64-pc-win32
[2016.04.27-03.15.25:685][  0]LogInit:  - supports SSL with WinSSL
[2016.04.27-03.15.25:685][  0]LogInit:  - other features:
[2016.04.27-03.15.25:685][  0]LogInit:      CURL_VERSION_SSL
[2016.04.27-03.15.25:685][  0]LogInit:      CURL_VERSION_IPV6
[2016.04.27-03.15.25:685][  0]LogInit:      CURL_VERSION_ASYNCHDNS
[2016.04.27-03.15.25:685][  0]LogInit:      CURL_VERSION_LARGEFILE
[2016.04.27-03.15.25:685][  0]LogInit:      CURL_VERSION_IDN
[2016.04.27-03.15.25:685][  0]LogInit:  CurlRequestOptions (configurable via config and command line):
[2016.04.27-03.15.25:685][  0]LogInit:  - bVerifyPeer = true  - Libcurl will verify peer certificate
[2016.04.27-03.15.25:685][  0]LogInit:  - bUseHttpProxy = false  - Libcurl will NOT use HTTP proxy
[2016.04.27-03.15.25:685][  0]LogInit:  - bDontReuseConnections = false  - Libcurl will reuse connections
[2016.04.27-03.15.25:685][  0]LogInit:  - CertBundlePath = nullptr  - Libcurl will use whatever was configured at build time.
[2016.04.27-03.15.25:688][  0]LogOnline:Display: STEAM: Loading Steam SDK 1.32
[2016.04.27-03.15.25:688][  0]LogOnline:Warning: STEAM: Steam API disabled!
[2016.04.27-03.15.25:688][  0]LogOnline:Display: STEAM: OnlineSubsystemSteam::Shutdown()
[2016.04.27-03.15.25:700][  0]LogInit: WinSock: version 1.1 (2.2), MaxSocks=32767, MaxUdp=65467
[2016.04.27-03.15.25:704][  0]LogVoice:Warning: Failed to initialize voice interface
[2016.04.27-03.15.25:705][  0]LogInit: Presizing for 0 objects not considered by GC, pre-allocating 0 bytes.
[2016.04.27-03.15.25:710][  0]LogInit: Object subsystem initialized
[2016.04.27-03.15.25:711][  0]LogInit: Selected Device Profile: [Windows]
[2016.04.27-03.15.25:711][  0]LogInit: Applying CVar settings loaded from the selected device profile: [Windows]
[2016.04.27-03.15.25:717][  0]LogInit: Computer: SHANYEPC
[2016.04.27-03.15.25:717][  0]LogInit: User: Shanye
[2016.04.27-03.15.25:717][  0]LogInit: CPU Page size=4096, Cores=4
[2016.04.27-03.15.25:717][  0]LogInit: High frequency timer resolution =3.507522 MHz
[2016.04.27-03.15.25:717][  0]LogMemory: Memory total: Physical=12.0GB (12GB approx)
[2016.04.27-03.15.25:717][  0]LogMemory: Platform Memory Stats for Windows
[2016.04.27-03.15.25:717][  0]LogMemory: Process Physical Memory: 58.10 MB used, 58.10 MB peak
[2016.04.27-03.15.25:717][  0]LogMemory: Process Virtual Memory: 57.14 MB used, 57.14 MB peak
[2016.04.27-03.15.25:717][  0]LogMemory: Physical Memory: 3797.70 MB used, 12239.21 MB total
[2016.04.27-03.15.25:717][  0]LogMemory: Virtual Memory: 386.54 MB used, 134217728.00 MB total
[2016.04.27-03.15.25:749][  0]LogTextLocalizationManager: No specific translations for ('en-US') exist, so ('en') translations will be used.
[2016.04.27-03.15.26:075][  0]LogD3D11RHI: Found D3D11 adapter 0: NVIDIA GeForce GT 720 (Feature Level 11_0)
[2016.04.27-03.15.26:075][  0]LogD3D11RHI: Adapter has 974MB of dedicated video memory, 0MB of dedicated system memory, and 6119MB of shared system memory, 2 output[s]
[2016.04.27-03.15.26:077][  0]LogD3D11RHI: Found D3D11 adapter 1: Microsoft Basic Render Driver (Feature Level 11_0)
[2016.04.27-03.15.26:077][  0]LogD3D11RHI: Adapter has 0MB of dedicated video memory, 0MB of dedicated system memory, and 6119MB of shared system memory, 0 output[s]
[2016.04.27-03.15.26:077][  0]LogD3D11RHI: Chosen D3D11 Adapter Id = 0
[2016.04.27-03.15.26:082][  0]LogD3D11RHI: !Direct3DDevice
[2016.04.27-03.15.26:082][  0]LogRHI: Texture pool is 682 MB (70% of 974 MB)
[2016.04.27-03.15.26:093][  0]LogD3D11RHI: Async texture creation enabled
[2016.04.27-03.15.26:110][  0]LogShaderCompilers: Guid format shader working directory is 12 characters bigger than the processId version (../../../../../Junior/Repo/GameDev2/Intermediate/Shaders/WorkingDirectory/4332/).
[2016.04.27-03.15.26:110][  0]LogShaderCompilers: Cleaned the shader compiler working directory 'C:/Users/Shanye/AppData/Local/Temp/UnrealShaderWorkingDir/364F07784D5105D83D3637A7E04E7859/'.
[2016.04.27-03.15.26:110][  0]LogShaderCompilers:Display: Using Local Shader Compiler.
[2016.04.27-03.15.26:734][  0]LogTemp:Display: Loaded TP AllDesktopTargetPlatform
[2016.04.27-03.15.26:737][  0]LogTemp:Display: Loaded TP WindowsClientTargetPlatform
[2016.04.27-03.15.26:740][  0]LogTemp:Display: Loaded TP WindowsNoEditorTargetPlatform
[2016.04.27-03.15.26:743][  0]LogTemp:Display: Loaded TP WindowsServerTargetPlatform
[2016.04.27-03.15.26:745][  0]LogTemp:Display: Loaded TP WindowsTargetPlatform
[2016.04.27-03.15.26:747][  0]LogTemp:Display: Loaded TP AndroidTargetPlatform
[2016.04.27-03.15.26:749][  0]LogTemp:Display: Loaded TP Android_ASTCTargetPlatform
[2016.04.27-03.15.26:751][  0]LogTemp:Display: Loaded TP Android_ATCTargetPlatform
[2016.04.27-03.15.26:754][  0]LogTemp:Display: Loaded TP Android_DXTTargetPlatform
[2016.04.27-03.15.26:756][  0]LogTemp:Display: Loaded TP Android_ETC1TargetPlatform
[2016.04.27-03.15.26:758][  0]LogTemp:Display: Loaded TP Android_ETC2TargetPlatform
[2016.04.27-03.15.26:763][  0]LogTemp:Display: Loaded TP Android_MultiTargetPlatform
[2016.04.27-03.15.26:763][  0]LogTemp:Display: Loaded TP Android_PVRTCTargetPlatform
[2016.04.27-03.15.26:764][  0]LogTemp:Display: Loaded TP HTML5TargetPlatform
[2016.04.27-03.15.26:778][  0]LogTemp:Display: Loaded TP IOSTargetPlatform
[2016.04.27-03.15.26:781][  0]LogTemp:Display: Loaded TP LinuxNoEditorTargetPlatform
[2016.04.27-03.15.26:783][  0]LogTemp:Display: Loaded TP LinuxServerTargetPlatform
[2016.04.27-03.15.26:785][  0]LogTemp:Display: Loaded TP LinuxTargetPlatform
[2016.04.27-03.15.26:785][  0]LogTargetPlatformManager:Display: Building Assets For Windows
[2016.04.27-03.15.26:828][  0]LogDerivedDataCache:Display: Max Cache Size: 512 MB
[2016.04.27-03.15.26:865][  0]LogDerivedDataCache: Loaded boot cache 0.04s 41MB C:/Users/Shanye/AppData/Local/UnrealEngine/4.10/DerivedDataCache/Boot.ddc.
[2016.04.27-03.15.26:865][  0]LogDerivedDataCache:Display: Loaded Boot cache: C:/Users/Shanye/AppData/Local/UnrealEngine/4.10/DerivedDataCache/Boot.ddc
[2016.04.27-03.15.26:865][  0]LogDerivedDataCache: FDerivedDataBackendGraph:  Pak pak cache file ../../../../../Junior/Repo/GameDev2/DerivedDataCache/DDC.ddp not found, will not use a pak cache.
[2016.04.27-03.15.26:865][  0]LogDerivedDataCache: Unable to find inner node Pak for hierarchical cache Hierarchy.
[2016.04.27-03.15.26:865][  0]LogDerivedDataCache: FDerivedDataBackendGraph:  CompressedPak pak cache file ../../../../../Junior/Repo/GameDev2/DerivedDataCache/Compressed.ddp not found, will not use a pak cache.
[2016.04.27-03.15.26:865][  0]LogDerivedDataCache: Unable to find inner node CompressedPak for hierarchical cache Hierarchy.
[2016.04.27-03.15.26:912][  0]LogDerivedDataCache:Display: Pak cache opened for reading ../../../Engine/DerivedDataCache/Compressed.ddp.
[2016.04.27-03.15.26:925][  0]LogDerivedDataCache: Using Local data cache path C:/Users/Shanye/AppData/Local/UnrealEngine/Common/DerivedDataCache: Writable
[2016.04.27-03.15.27:059][  0]LogInit: Selected Device Profile: [Windows]
[2016.04.27-03.15.27:061][  0]LogContentStreaming: Texture pool size is 0.000000MB
[2016.04.27-03.15.27:142][  0]LogMeshUtilities: No automatic mesh reduction module available
[2016.04.27-03.15.27:142][  0]LogMeshUtilities: No automatic mesh merging module available
[2016.04.27-03.15.27:821][  0]UdpMessaging: Initializing bridge on interface 0.0.0.0:0 to multicast group 230.0.0.1:6666.
[2016.04.27-03.15.27:929][  0]LogAssetRegistry: FAssetRegistry took 0.0113 seconds to start up
[2016.04.27-03.15.28:045][  0]SourceControl: Info Source control is disabled
[2016.04.27-03.15.28:067][  0]SourceControl: Info Source control is disabled
[2016.04.27-03.15.28:073][  0]SourceControl: Info Source control is disabled
[2016.04.27-03.15.28:078][  0]SourceControl: Info Source control is disabled
[2016.04.27-03.15.28:195][  0]LogObj: 28640 objects as part of root set at end of initial load.
[2016.04.27-03.15.28:195][  0]LogUObjectAllocator: 6315720 out of 0 bytes used by permanent object pool.
[2016.04.27-03.15.28:259][  0]LogEngine: Initializing Engine...
[2016.04.27-03.15.28:261][  0]LogHMD: Can't find Oculus library dev build: is proper Runtime installed? Version: 0.8.0.0
[2016.04.27-03.15.28:262][  0]LogHMD: SteamVR failed to initialize.  Err: 110
[2016.04.27-03.15.28:349][  0]LogAIModule: Creating AISystem for world NewWorld
[2016.04.27-03.15.28:354][  0]LogInit: XAudio2 using 'Speakers (Realtek High Definition Audio)' : 2 channels at 48 kHz using 32 bits per sample (channel mask 0x3)
[2016.04.27-03.15.28:496][  0]LogInit: FAudioDevice initialized.
[2016.04.27-03.15.28:529][  0]LogDerivedDataCache: Saved boot cache 0.03s 41MB C:/Users/Shanye/AppData/Local/UnrealEngine/4.10/DerivedDataCache/Boot.ddc.
[2016.04.27-03.15.28:533][  0]LogInit: Texture streaming: Enabled
[2016.04.27-03.15.28:537][  0]LogAnalytics: Creating configured Analytics provider AnalyticsET
[2016.04.27-03.15.28:537][  0]LogAnalytics: [UEEditor.Rocket.Release] APIServer = http://et2.epicgames.com/ET2/. AppVersion = 4.10.4-2872498+++depot+UE4-Releases+4.10
[2016.04.27-03.15.28:537][  0]LogAnalytics: [UEEditor.Rocket.Release] SetUserId a32a4e514c2db6b4aa2fabb39e9eb0dd|d0364dc428fd4a30b51194022302dc17|e802f417-8768-47e2-9a46-4150259d8724
[2016.04.27-03.15.28:537][  0]LogAnalytics: [UEEditor.Rocket.Release] AnalyticsET::StartSession
[2016.04.27-03.15.28:545][  0]LogInit: Transaction tracking system initialized
[2016.04.27-03.15.28:557][  0]BlueprintLog: New page: Editor Load
[2016.04.27-03.15.28:597][  0]LocalizationService: Info Localization service is disabled
[2016.04.27-03.15.28:631][  0]LogLinker:Warning: Can't find file '/Game/TopDownBP/TopDownOverview'
[2016.04.27-03.15.28:632][  0]LogLinker:Warning: Can't find file '/Game/TopDownBP/TopDownOverview'
[2016.04.27-03.15.28:632][  0]LogUObjectGlobals:Warning: Failed to find object 'Class /Game/TopDownBP/TopDownOverview.TopDownOverview_C'
[2016.04.27-03.15.28:746][  0]LogConsoleResponse:Display: 
[2016.04.27-03.15.28:825][  0]LogCook:Display: Done creating registry. It took  0.00s.
[2016.04.27-03.15.28:853][  0]LogFileCache: Scanning file cache for directory 'J:/Game/Junior/Repo/GameDev2/Content/' took 0.01s
[2016.04.27-03.15.28:853][  0]SourceControl: Info Source control is disabled
[2016.04.27-03.15.28:854][  0]Cmd: MAP LOAD FILE="../../../../../Junior/Repo/GameDev2/Content/ProjectWarcrab/MainMenu.umap" TEMPLATE=0 SHOWPROGRESS=1 FEATURELEVEL=3
[2016.04.27-03.15.28:854][  0]LogEditorServer:Warning: Can't find file '../../../../../Junior/Repo/GameDev2/Content/ProjectWarcrab/MainMenu.umap'
[2016.04.27-03.15.28:854][  0]Cmd: MAP CHECKDEP NOCLEARLOG
[2016.04.27-03.15.28:878][  0]MapCheck: Info Map check complete: 0 Error(s), 0 Warning(s), took 24.579ms to complete.
[2016.04.27-03.15.28:878][  0]LogFileHelpers: Loading map 'MainMenu' took 0.025
[2016.04.27-03.15.29:095][  0]LogCollectionManager: Loaded 0 collections in 0.000782 seconds
[2016.04.27-03.15.29:135][  0]LogFileCache: Scanning file cache for directory 'J:/Game/Junior/Repo/GameDev2/Saved/Collections/' took 0.01s
[2016.04.27-03.15.29:135][  0]LogFileCache: Scanning file cache for directory 'J:/Game/Junior/Repo/GameDev2/Content/Developers/Shanye/Collections/' took 0.01s
[2016.04.27-03.15.29:135][  0]LogFileCache: Scanning file cache for directory 'J:/Game/Junior/Repo/GameDev2/Content/Collections/' took 0.01s
[2016.04.27-03.15.29:135][  0]LogCollectionManager: Rebuilt the GUID cache for 0 collections in 0.000001 seconds
[2016.04.27-03.15.29:140][  0]LogContentBrowser: Native class hierarchy populated in 0.0053 seconds. Added 1895 classes and 340 folders.
[2016.04.27-03.15.29:143][  0]LogContentBrowser: Native class hierarchy updated for 'WidgetCarousel' in 0.0002 seconds. Added 0 classes and 0 folders.
[2016.04.27-03.15.29:170][  0]LogContentBrowser: Native class hierarchy updated for 'AddContentDialog' in 0.0002 seconds. Added 0 classes and 0 folders.
[2016.04.27-03.15.29:172][  0]LogContentBrowser: Native class hierarchy updated for 'SceneOutliner' in 0.0002 seconds. Added 1 classes and 2 folders.
[2016.04.27-03.15.29:186][  0]LogCrashTracker: Crashtracker disabled due to settings.
[2016.04.27-03.15.29:190][  0]LogUObjectGlobals:Warning: Failed to find object 'Class None.'
[2016.04.27-03.15.29:211][  0]LogLoad: Full Startup: 3.83 seconds (BP compile: 0.00 seconds)
[2016.04.27-03.15.29:220][  0]LogWindowsTextInputMethodSystem:Display: IME system now deactivated.
[2016.04.27-03.15.29:222][  0]LogOcInput: Can't find Oculus library dev build: is proper Runtime installed? Version: 0.8.0.0
[2016.04.27-03.15.29:254][  0]LogContentStreaming: Texture pool size now 400 MB
[2016.04.27-03.15.29:357][  0]LogRenderer: Reallocating scene render targets to support 1220x572 (Frame:2).
[2016.04.27-03.15.29:437][  1]LogAssetRegistry: Asset discovery search completed in 1.5190 seconds
[2016.04.27-03.15.29:437][  1]LogCollectionManager: Rebuilt the object cache for 0 collections in 0.000001 seconds (found 0 objects)
[2016.04.27-03.15.29:437][  1]LogCollectionManager: Fixed up redirectors for 0 collections in 0.000016 seconds (updated 0 objects)
[2016.04.27-03.15.36:154][704]LogSkeletalMesh: InitArticulated: Bodies already created (/Engine/Transient.DebugSkelMeshComponent_0) - call TermArticulated first.
[2016.04.27-03.15.36:221][704]LogActorComponent: RegisterComponentWithWorld: (/Engine/Transient.DebugSkelMeshComponent_0) Already registered. Aborting.
[2016.04.27-03.15.36:565][704]LogLinker:Warning: Asset '../../../Engine/Content/ArtTools/RenderToTexture/Macros/RenderToTextureMacros.uasset' has been saved with empty engine version. The asset will be loaded but may be incompatible.
[2016.04.27-03.15.36:846][704]LogContentBrowser: Native class hierarchy updated for 'BlueprintGraph' in 0.0005 seconds. Added 107 classes and 0 folders.
[2016.04.27-03.15.36:904][704]LogSkeletalMesh: InitArticulated: Bodies already created (/Engine/Transient.DebugSkelMeshComponent_2) - call TermArticulated first.
[2016.04.27-03.15.37:042][704]LogActorComponent: RegisterComponentWithWorld: (/Engine/Transient.DebugSkelMeshComponent_2) Already registered. Aborting.
[2016.04.27-03.15.37:056][704]LogContentBrowser: Native class hierarchy updated for 'TextureEditor' in 0.0004 seconds. Added 1 classes and 2 folders.
[2016.04.27-03.15.39:910][881]LogRenderer: Reallocating scene render targets to support 1220x876 (Frame:5).
[2016.04.27-03.15.41:023][922]LogContentBrowser:Verbose: The majority of assets in the view are of type: AnimSequence
[2016.04.27-03.17.09:317][329]LogSkeletalMesh: InitArticulated: Bodies already created (/Engine/Transient.DebugSkelMeshComponent_4) - call TermArticulated first.
[2016.04.27-03.17.11:128][354]LogContentBrowser:Verbose: The majority of assets in the view are of type: AnimSequence
[2016.04.27-03.17.41:745][630]LogSkeletalMesh: InitArticulated: Bodies already created (/Engine/Transient.DebugSkelMeshComponent_8) - call TermArticulated first.
[2016.04.27-03.17.41:803][630]LogContentBrowser:Verbose: The majority of assets in the view are of type: AnimSequence
[2016.04.27-03.17.44:174][801]LogSkeletalMesh: InitArticulated: Bodies already created (/Engine/Transient.DebugSkelMeshComponent_10) - call TermArticulated first.
[2016.04.27-03.17.53:332][480]LogContentBrowser:Verbose: The majority of assets in the view are of type: AnimSequence
[2016.04.27-03.18.27:312][879]LogContentBrowser:Verbose: The majority of assets in the view are of type: AnimSequence
[2016.04.27-03.18.27:348][881]LogRenderer: Reallocating scene render targets to support 1220x912 (Frame:11547).
[2016.04.27-03.19.55:641][865]LogContentBrowser:Verbose: The majority of assets in the view are of type: AnimSequence
[2016.04.27-03.22.24:932][647]LogWindowsTextInputMethodSystem:Display: IME system now deactivated.
[2016.04.27-03.22.25:004][647]LogWindowsTextInputMethodSystem:Display: IME system now activated using TSF (搜狗拼音输入法).
[2016.04.27-03.25.30:069][259]LogParticles: Destroying 0 GPU particle simulations for FXSystem 0x000002EC66B96520
[2016.04.27-03.25.30:070][259]LogParticles: Destroying 0 GPU particle simulations for FXSystem 0x000002EC66B96AC0
[2016.04.27-03.25.30:071][259]LogParticles: Destroying 0 GPU particle simulations for FXSystem 0x000002EC0919A3E0
[2016.04.27-03.25.30:071][259]LogParticles: Destroying 0 GPU particle simulations for FXSystem 0x000002EC15021620
[2016.04.27-03.25.30:072][259]LogParticles: Destroying 0 GPU particle simulations for FXSystem 0x000002EC15021D00
[2016.04.27-03.25.30:073][259]LogParticles: Destroying 0 GPU particle simulations for FXSystem 0x000002EC1DC22FC0
[2016.04.27-03.25.30:074][259]LogParticles: Destroying 0 GPU particle simulations for FXSystem 0x000002EC37FB96C0
[2016.04.27-03.25.30:074][259]LogParticles: Destroying 0 GPU particle simulations for FXSystem 0x000002EC37E4A660
[2016.04.27-03.25.30:075][259]LogParticles: Destroying 0 GPU particle simulations for FXSystem 0x000002EC516FDDA0
[2016.04.27-03.25.30:076][259]LogParticles: Destroying 0 GPU particle simulations for FXSystem 0x000002EC91795A80
[2016.04.27-03.25.30:077][259]LogParticles: Destroying 0 GPU particle simulations for FXSystem 0x000002EC516FC220
[2016.04.27-03.25.30:077][259]LogParticles: Destroying 0 GPU particle simulations for FXSystem 0x000002EC516FE2A0
[2016.04.27-03.25.30:079][259]LogParticles: Destroying 0 GPU particle simulations for FXSystem 0x000002EC9FDA16C0
[2016.04.27-03.25.30:079][259]LogParticles: Destroying 0 GPU particle simulations for FXSystem 0x000002EC28087920
[2016.04.27-03.25.30:090][259]LogFileHelpers: Editor autosave (incl. sublevels) for '/Temp/Untitled_0' took 0.051
[2016.04.27-03.25.30:096][259]OBJ SavePackage: Generating thumbnails for [1] asset(s) in package [/Game/ProjectWarcrab/Character/Blue/Blue_BP] ([1] browsable assets)...
[2016.04.27-03.25.30:151][259]OBJ SavePackage:     Rendered thumbnail for [AnimBlueprint /Game/ProjectWarcrab/Character/Blue/Blue_BP.Blue_BP]
[2016.04.27-03.25.30:151][259]OBJ SavePackage: Finished generating thumbnails for package [/Game/ProjectWarcrab/Character/Blue/Blue_BP]
[2016.04.27-03.25.30:310][259]LogSavePackage: Save=132.331024ms
[2016.04.27-03.25.30:310][259]LogSavePackage: Moving '../../../../../Junior/Repo/GameDev2/Saved/Blue_BP_Auto1F193537048A2CC478A91ECB9D93C1518.tmp' to '../../../../../Junior/Repo/GameDev2/Saved/Autosaves/Game/ProjectWarcrab/Character/Blue/Blue_BP_Auto1.uasset'
[2016.04.27-03.25.30:315][259]LogSavePackage: Total save time: 162.144385ms
[2016.04.27-03.25.30:315][259]LogSavePackage:Display: Finished SavePackage ../../../../../Junior/Repo/GameDev2/Saved/Autosaves/Game/ProjectWarcrab/Character/Blue/Blue_BP_Auto1.uasset
[2016.04.27-03.25.30:325][259]OBJ SavePackage: Generating thumbnails for [1] asset(s) in package [/Game/ProjectWarcrab/Character/Calm/Calm_AnimBP] ([1] browsable assets)...
[2016.04.27-03.25.30:366][259]OBJ SavePackage:     Rendered thumbnail for [AnimBlueprint /Game/ProjectWarcrab/Character/Calm/Calm_AnimBP.Calm_AnimBP]
[2016.04.27-03.25.30:366][259]OBJ SavePackage: Finished generating thumbnails for package [/Game/ProjectWarcrab/Character/Calm/Calm_AnimBP]
[2016.04.27-03.25.30:407][259]LogSavePackage: Save=17.182217ms
[2016.04.27-03.25.30:407][259]LogSavePackage: Moving '../../../../../Junior/Repo/GameDev2/Saved/Calm_AnimBP_Auto1A10E8A384A10CE5F54A79CBC7FE77ADD.tmp' to '../../../../../Junior/Repo/GameDev2/Saved/Autosaves/Game/ProjectWarcrab/Character/Calm/Calm_AnimBP_Auto1.uasset'
[2016.04.27-03.25.30:409][259]LogSavePackage: Total save time: 29.223762ms
[2016.04.27-03.25.30:409][259]LogSavePackage:Display: Finished SavePackage ../../../../../Junior/Repo/GameDev2/Saved/Autosaves/Game/ProjectWarcrab/Character/Calm/Calm_AnimBP_Auto1.uasset
[2016.04.27-03.25.30:410][259]LogFileHelpers: Auto-saving content packages took 0.319
[2016.04.27-03.28.49:158][874]LogWindowsTextInputMethodSystem:Display: IME system now deactivated.
[2016.04.27-03.28.49:158][874]LogWindowsTextInputMethodSystem:Display: IME system now deactivated.
[2016.04.27-03.32.18:803][450]BlueprintLog: New page: Compile Calm_AnimBP
[2016.04.27-03.32.18:810][450]LogBlueprint:Warning: [compiler Calm_AnimBP] Warning  Idle to Drive  will never be taken, please connect something to  Can Enter Transition 
[2016.04.27-03.32.18:810][450]LogBlueprint:Warning: [compiler Calm_AnimBP] Warning  Drive to Idle  will never be taken, please connect something to  Can Enter Transition 
[2016.04.27-03.32.18:811][450]LogBlueprint:Warning: [compiler Calm_AnimBP] Warning  Drive to Seige  will never be taken, please connect something to  Can Enter Transition 
[2016.04.27-03.32.18:811][450]LogBlueprint:Warning: [compiler Calm_AnimBP] Warning  Seige to Idle  will never be taken, please connect something to  Can Enter Transition 
[2016.04.27-03.32.18:811][450]LogBlueprint:Warning: [compiler Calm_AnimBP] Warning  Idle to Seige  will never be taken, please connect something to  Can Enter Transition 
[2016.04.27-03.32.18:998][450]LogBlueprint:Warning: [compiler Calm_AnimBP] Warning [1013.62] Compile of Calm_AnimBP successful, but with 5 Warning(s) [in 195 ms]
[2016.04.27-03.32.18:998][450]BlueprintEditorCompileResults: Info  Result  was visible but ignored
[2016.04.27-03.32.18:998][450]BlueprintEditorCompileResults: Info  Result  was visible but ignored
[2016.04.27-03.32.18:998][450]BlueprintEditorCompileResults:Warning: Warning  Idle to Drive  will never be taken, please connect something to  Can Enter Transition 
[2016.04.27-03.32.18:998][450]BlueprintEditorCompileResults:Warning: Warning  Drive to Idle  will never be taken, please connect something to  Can Enter Transition 
[2016.04.27-03.32.18:998][450]BlueprintEditorCompileResults: Info  Result  was visible but ignored
[2016.04.27-03.32.18:998][450]BlueprintEditorCompileResults:Warning: Warning  Drive to Seige  will never be taken, please connect something to  Can Enter Transition 
[2016.04.27-03.32.18:998][450]BlueprintEditorCompileResults:Warning: Warning  Seige to Idle  will never be taken, please connect something to  Can Enter Transition 
[2016.04.27-03.32.18:998][450]BlueprintEditorCompileResults:Warning: Warning  Idle to Seige  will never be taken, please connect something to  Can Enter Transition 
[2016.04.27-03.32.18:998][450]BlueprintEditorCompileResults:Warning: Warning [1013.62] Compile of Calm_AnimBP successful, but with 5 Warning(s) [in 195 ms]
[2016.04.27-03.34.37:746][ 51]LogWindowsTextInputMethodSystem:Display: IME system now deactivated.
[2016.04.27-03.34.37:749][ 51]LogWindowsTextInputMethodSystem:Display: IME system now activated using TSF (搜狗拼音输入法).
[2016.04.27-03.35.30:960][359]LogFileHelpers: Editor autosave (incl. sublevels) for '/Temp/Untitled_0' took 0.026
[2016.04.27-03.35.30:966][359]OBJ SavePackage: Generating thumbnails for [1] asset(s) in package [/Game/ProjectWarcrab/Character/Calm/Calm_AnimBP] ([1] browsable assets)...
[2016.04.27-03.35.30:982][359]OBJ SavePackage:     Rendered thumbnail for [AnimBlueprint /Game/ProjectWarcrab/Character/Calm/Calm_AnimBP.Calm_AnimBP]
[2016.04.27-03.35.30:982][359]OBJ SavePackage: Finished generating thumbnails for package [/Game/ProjectWarcrab/Character/Calm/Calm_AnimBP]
[2016.04.27-03.35.31:019][359]LogSavePackage: Save=25.272827ms
[2016.04.27-03.35.31:019][359]LogSavePackage: Moving '../../../../../Junior/Repo/GameDev2/Saved/Calm_AnimBP_Auto274B2A1414C779B1C27D1FCA193BF58A4.tmp' to '../../../../../Junior/Repo/GameDev2/Saved/Autosaves/Game/ProjectWarcrab/Character/Calm/Calm_AnimBP_Auto2.uasset'
[2016.04.27-03.35.31:021][359]LogSavePackage: Total save time: 37.181232ms
[2016.04.27-03.35.31:021][359]LogSavePackage:Display: Finished SavePackage ../../../../../Junior/Repo/GameDev2/Saved/Autosaves/Game/ProjectWarcrab/Character/Calm/Calm_AnimBP_Auto2.uasset
[2016.04.27-03.35.31:021][359]LogFileHelpers: Auto-saving content packages took 0.060
[2016.04.27-03.37.34:225][730]LogWindowsTextInputMethodSystem:Display: IME system now deactivated.
[2016.04.27-03.37.34:225][730]LogWindowsTextInputMethodSystem:Display: IME system now deactivated.
[2016.04.27-03.37.42:778][708]Cmd: OBJ SAVEPACKAGE PACKAGE="/Game/ProjectWarcrab/2DAssets/electric_lasso" FILE="../../../../../Junior/Repo/GameDev2/Content/ProjectWarcrab/2DAssets/electric_lasso.uasset" SILENT=true
[2016.04.27-03.37.42:786][708]LogSavePackage: Save=6.009371ms
[2016.04.27-03.37.42:786][708]LogSavePackage: Moving '../../../../../Junior/Repo/GameDev2/Saved/electric_lasso7E7F450344E3360122A47A8ED8AED9F8.tmp' to '../../../../../Junior/Repo/GameDev2/Content/ProjectWarcrab/2DAssets/electric_lasso.uasset'
[2016.04.27-03.37.42:790][708]LogSavePackage: Total save time: 10.431010ms
[2016.04.27-03.37.42:790][708]LogSavePackage:Display: Finished SavePackage ../../../../../Junior/Repo/GameDev2/Content/ProjectWarcrab/2DAssets/electric_lasso.uasset
[2016.04.27-03.37.57:270][ 26]LogFactory: FactoryCreateBinary: Texture with ReimportTextureFactory (0 0 C:\Users\Shanye\Desktop\electric_lasso_greyout.png)
[2016.04.27-03.37.57:275][ 26]LogTexture:Display: Building textures: electric_lasso_greyout (AutoDXT)
[2016.04.27-03.37.57:349][ 26]LogFactory: FactoryCreateBinary: Texture with ReimportTextureFactory (0 0 C:\Users\Shanye\Desktop\gravity_well_greyout.png)
[2016.04.27-03.37.57:353][ 26]LogTexture:Display: Building textures: gravity_well_greyout (AutoDXT)
[2016.04.27-03.37.57:416][ 26]LogFactory: FactoryCreateBinary: Texture with ReimportTextureFactory (0 0 C:\Users\Shanye\Desktop\homing_missle_greyout.png)
[2016.04.27-03.37.57:420][ 26]LogTexture:Display: Building textures: homing_missle_greyout (AutoDXT)
[2016.04.27-03.37.57:483][ 26]LogFactory: FactoryCreateBinary: Texture with ReimportTextureFactory (0 0 C:\Users\Shanye\Desktop\missle_greyout.png)
[2016.04.27-03.37.57:486][ 26]LogTexture:Display: Building textures: missle_greyout (AutoDXT)
[2016.04.27-03.37.57:544][ 26]LogFactory: FactoryCreateBinary: Texture with ReimportTextureFactory (0 0 C:\Users\Shanye\Desktop\mortar_greyout.png)
[2016.04.27-03.37.57:547][ 26]LogTexture:Display: Building textures: mortar_greyout (AutoDXT)
[2016.04.27-03.38.07:132][918]Cmd: OBJ SAVEPACKAGE PACKAGE="/Game/ProjectWarcrab/Character/Blue/Blue_BP" FILE="../../../../../Junior/Repo/GameDev2/Content/ProjectWarcrab/Character/Blue/Blue_BP.uasset" SILENT=true
[2016.04.27-03.38.07:187][918]LogSavePackage: Save=43.545559ms
[2016.04.27-03.38.07:187][918]LogSavePackage: Moving '../../../../../Junior/Repo/GameDev2/Saved/Blue_BPFBD26AF442E5D1BCF6D4458D86AEA51C.tmp' to '../../../../../Junior/Repo/GameDev2/Content/ProjectWarcrab/Character/Blue/Blue_BP.uasset'
[2016.04.27-03.38.07:192][918]LogSavePackage: Total save time: 57.699140ms
[2016.04.27-03.38.07:192][918]LogSavePackage:Display: Finished SavePackage ../../../../../Junior/Repo/GameDev2/Content/ProjectWarcrab/Character/Blue/Blue_BP.uasset
[2016.04.27-03.38.07:201][918]Cmd: OBJ SAVEPACKAGE PACKAGE="/Game/ProjectWarcrab/Character/Calm/Calm_AnimBP" FILE="../../../../../Junior/Repo/GameDev2/Content/ProjectWarcrab/Character/Calm/Calm_AnimBP.uasset" SILENT=true
[2016.04.27-03.38.07:226][918]LogSavePackage: Save=17.806589ms
[2016.04.27-03.38.07:226][918]LogSavePackage: Moving '../../../../../Junior/Repo/GameDev2/Saved/Calm_AnimBP5E8E9A2A4BF90523E50EA99E9E69ED56.tmp' to '../../../../../Junior/Repo/GameDev2/Content/ProjectWarcrab/Character/Calm/Calm_AnimBP.uasset'
[2016.04.27-03.38.07:230][918]LogSavePackage: Total save time: 27.299330ms
[2016.04.27-03.38.07:230][918]LogSavePackage:Display: Finished SavePackage ../../../../../Junior/Repo/GameDev2/Content/ProjectWarcrab/Character/Calm/Calm_AnimBP.uasset
[2016.04.27-03.38.07:245][918]Cmd: OBJ SAVEPACKAGE PACKAGE="/Game/ProjectWarcrab/2DAssets/electric_lasso_greyout" FILE="../../../../../Junior/Repo/GameDev2/Content/ProjectWarcrab/2DAssets/electric_lasso_greyout.uasset" SILENT=true
[2016.04.27-03.38.07:254][918]LogSavePackage: Save=7.983984ms
[2016.04.27-03.38.07:255][918]LogSavePackage: Moving '../../../../../Junior/Repo/GameDev2/Saved/electric_lasso_greyout83CD52F04C9B39296599BA8D90529134.tmp' to '../../../../../Junior/Repo/GameDev2/Content/ProjectWarcrab/2DAssets/electric_lasso_greyout.uasset'
[2016.04.27-03.38.07:259][918]LogSavePackage: Total save time: 12.956440ms
[2016.04.27-03.38.07:259][918]LogSavePackage:Display: Finished SavePackage ../../../../../Junior/Repo/GameDev2/Content/ProjectWarcrab/2DAssets/electric_lasso_greyout.uasset
[2016.04.27-03.38.07:272][918]Cmd: OBJ SAVEPACKAGE PACKAGE="/Game/ProjectWarcrab/2DAssets/gravity_well_greyout" FILE="../../../../../Junior/Repo/GameDev2/Content/ProjectWarcrab/2DAssets/gravity_well_greyout.uasset" SILENT=true
[2016.04.27-03.38.07:283][918]LogSavePackage: Save=8.799660ms
[2016.04.27-03.38.07:283][918]LogSavePackage: Moving '../../../../../Junior/Repo/GameDev2/Saved/gravity_well_greyout0F617695463E9C06C4268187922F094B.tmp' to '../../../../../Junior/Repo/GameDev2/Content/ProjectWarcrab/2DAssets/gravity_well_greyout.uasset'
[2016.04.27-03.38.07:287][918]LogSavePackage: Total save time: 12.909397ms
[2016.04.27-03.38.07:287][918]LogSavePackage:Display: Finished SavePackage ../../../../../Junior/Repo/GameDev2/Content/ProjectWarcrab/2DAssets/gravity_well_greyout.uasset
[2016.04.27-03.38.07:299][918]Cmd: OBJ SAVEPACKAGE PACKAGE="/Game/ProjectWarcrab/2DAssets/homing_missle_greyout" FILE="../../../../../Junior/Repo/GameDev2/Content/ProjectWarcrab/2DAssets/homing_missle_greyout.uasset" SILENT=true
[2016.04.27-03.38.07:311][918]LogSavePackage: Save=9.382407ms
[2016.04.27-03.38.07:311][918]LogSavePackage: Moving '../../../../../Junior/Repo/GameDev2/Saved/homing_missle_greyoutE99C346E467BFC87B8C35FB19F2C0339.tmp' to '../../../../../Junior/Repo/GameDev2/Content/ProjectWarcrab/2DAssets/homing_missle_greyout.uasset'
[2016.04.27-03.38.07:314][918]LogSavePackage: Total save time: 13.396922ms
[2016.04.27-03.38.07:315][918]LogSavePackage:Display: Finished SavePackage ../../../../../Junior/Repo/GameDev2/Content/ProjectWarcrab/2DAssets/homing_missle_greyout.uasset
[2016.04.27-03.38.07:327][918]Cmd: OBJ SAVEPACKAGE PACKAGE="/Game/ProjectWarcrab/2DAssets/missle_greyout" FILE="../../../../../Junior/Repo/GameDev2/Content/ProjectWarcrab/2DAssets/missle_greyout.uasset" SILENT=true
[2016.04.27-03.38.07:337][918]LogSavePackage: Save=8.004227ms
[2016.04.27-03.38.07:337][918]LogSavePackage: Moving '../../../../../Junior/Repo/GameDev2/Saved/missle_greyoutF421D7B04B84DCDBFD0E3EB820C2DC85.tmp' to '../../../../../Junior/Repo/GameDev2/Content/ProjectWarcrab/2DAssets/missle_greyout.uasset'
[2016.04.27-03.38.07:342][918]LogSavePackage: Total save time: 12.466352ms
[2016.04.27-03.38.07:342][918]LogSavePackage:Display: Finished SavePackage ../../../../../Junior/Repo/GameDev2/Content/ProjectWarcrab/2DAssets/missle_greyout.uasset
[2016.04.27-03.38.07:355][918]Cmd: OBJ SAVEPACKAGE PACKAGE="/Game/ProjectWarcrab/2DAssets/mortar_greyout" FILE="../../../../../Junior/Repo/GameDev2/Content/ProjectWarcrab/2DAssets/mortar_greyout.uasset" SILENT=true
[2016.04.27-03.38.07:366][918]LogSavePackage: Save=8.096885ms
[2016.04.27-03.38.07:366][918]LogSavePackage: Moving '../../../../../Junior/Repo/GameDev2/Saved/mortar_greyout3A4FAA5F40AF3D9DF775ED8D301FB7ED.tmp' to '../../../../../Junior/Repo/GameDev2/Content/ProjectWarcrab/2DAssets/mortar_greyout.uasset'
[2016.04.27-03.38.07:369][918]LogSavePackage: Total save time: 12.369417ms
[2016.04.27-03.38.07:369][918]LogSavePackage:Display: Finished SavePackage ../../../../../Junior/Repo/GameDev2/Content/ProjectWarcrab/2DAssets/mortar_greyout.uasset
[2016.04.27-03.40.49:853][842]LogWindowsTextInputMethodSystem:Display: IME system now deactivated.
[2016.04.27-03.40.49:871][842]LogWindowsTextInputMethodSystem:Display: IME system now activated using TSF (搜狗拼音输入法).
[2016.04.27-03.42.08:963][829]LogWindowsTextInputMethodSystem:Display: IME system now deactivated.
[2016.04.27-03.42.08:963][829]LogWindowsTextInputMethodSystem:Display: IME system now deactivated.
[2016.04.27-03.42.17:338][785]LogWindowsTextInputMethodSystem:Display: IME system now deactivated.
[2016.04.27-03.42.17:583][786]Cmd: QUIT_EDITOR
[2016.04.27-03.42.17:815][786]LogExit: Preparing to exit.
[2016.04.27-03.42.18:482][786]LogExit: Editor shut down
[2016.04.27-03.42.18:524][786]LogParticles: Destroying 0 GPU particle simulations for FXSystem 0x000002EC73387240
[2016.04.27-03.42.18:524][786]LogExit: Transaction tracking system shut down
[2016.04.27-03.42.18:525][786]LogParticles: Destroying 0 GPU particle simulations for FXSystem 0x000002EC670A6AC0
[2016.04.27-03.42.18:528][786]LogParticles: Destroying 0 GPU particle simulations for FXSystem 0x000002EC15022660
[2016.04.27-03.42.18:530][786]LogParticles: Destroying 0 GPU particle simulations for FXSystem 0x000002EC30A6CD60
[2016.04.27-03.42.18:530][786]LogParticles: Destroying 0 GPU particle simulations for FXSystem 0x000002EC30A6C400
[2016.04.27-03.42.18:531][786]LogParticles: Destroying 0 GPU particle simulations for FXSystem 0x000002EC37D025C0
[2016.04.27-03.42.18:531][786]LogParticles: Destroying 0 GPU particle simulations for FXSystem 0x000002EC37D022A0
[2016.04.27-03.42.18:531][786]LogParticles: Destroying 0 GPU particle simulations for FXSystem 0x000002EC37FB91C0
[2016.04.27-03.42.18:531][786]LogParticles: Destroying 0 GPU particle simulations for FXSystem 0x000002EC26EF4720
[2016.04.27-03.42.18:532][786]LogParticles: Destroying 0 GPU particle simulations for FXSystem 0x000002EC26EF4360
[2016.04.27-03.42.18:532][786]LogParticles: Destroying 0 GPU particle simulations for FXSystem 0x000002EC42AC2AC0
[2016.04.27-03.42.18:533][786]LogParticles: Destroying 0 GPU particle simulations for FXSystem 0x000002EC45620C20
[2016.04.27-03.42.18:533][786]LogParticles: Destroying 0 GPU particle simulations for FXSystem 0x000002EC4288FA60
[2016.04.27-03.42.18:533][786]LogParticles: Destroying 0 GPU particle simulations for FXSystem 0x000002EC45623060
[2016.04.27-03.42.18:534][786]LogParticles: Destroying 0 GPU particle simulations for FXSystem 0x000002EC5164B380
[2016.04.27-03.42.18:534][786]LogParticles: Destroying 0 GPU particle simulations for FXSystem 0x000002EC8A282D40
[2016.04.27-03.42.19:294][786]LogExit: Object subsystem successfully closed.
[2016.04.27-03.42.19:442][786]LogD3D11RHI: Shutdown
[2016.04.27-03.42.19:442][786]LogD3D11RHI: CleanupD3DDevice
[2016.04.27-03.42.19:606][786]LogD3D11RHI: ~FD3D11DynamicRHI
[2016.04.27-03.42.20:237][786]LogModuleManager: Shutting down and abandoning module CookingStats (203)
[2016.04.27-03.42.20:237][786]LogModuleManager: Shutting down and abandoning module TextureEditor (202)
[2016.04.27-03.42.20:237][786]LogModuleManager: Shutting down and abandoning module BlueprintGraph (201)
[2016.04.27-03.42.20:237][786]LogModuleManager: Shutting down and abandoning module CrashTracker (200)
[2016.04.27-03.42.20:237][786]LogModuleManager: Shutting down and abandoning module SceneOutliner (199)
[2016.04.27-03.42.20:237][786]LogModuleManager: Shutting down and abandoning module SuperSearch (198)
[2016.04.27-03.42.20:237][786]LogModuleManager: Shutting down and abandoning module WidgetCarousel (197)
[2016.04.27-03.42.20:237][786]LogModuleManager: Shutting down and abandoning module AddContentDialog (196)
[2016.04.27-03.42.20:238][786]LogModuleManager: Shutting down and abandoning module EditorWidgets (195)
[2016.04.27-03.42.20:238][786]LogModuleManager: Shutting down and abandoning module CollectionManager (194)
[2016.04.27-03.42.20:256][786]LogModuleManager: Shutting down and abandoning module FoliageEdit (193)
[2016.04.27-03.42.20:261][786]LogModuleManager: Shutting down and abandoning module LandscapeEditor (192)
[2016.04.27-03.42.20:270][786]LogModuleManager: Shutting down and abandoning module ActorPickerMode (191)
[2016.04.27-03.42.20:270][786]LogModuleManager: Shutting down and abandoning module GeometryMode (190)
[2016.04.27-03.42.20:270][786]LogModuleManager: Shutting down and abandoning module TextureAlignMode (189)
[2016.04.27-03.42.20:270][786]LogModuleManager: Shutting down and abandoning module BspMode (188)
[2016.04.27-03.42.20:270][786]LogModuleManager: Shutting down and abandoning module PlacementMode (187)
[2016.04.27-03.42.20:270][786]LogModuleManager: Shutting down and abandoning module AutomationWorker (186)
[2016.04.27-03.42.20:270][786]LogModuleManager: Shutting down and abandoning module CharacterAI (185)
[2016.04.27-03.42.20:270][786]LogModuleManager: Shutting down and abandoning module SmartSnapping (184)
[2016.04.27-03.42.20:270][786]LogModuleManager: Shutting down and abandoning module ViewportSnapping (183)
[2016.04.27-03.42.20:270][786]LogModuleManager: Shutting down and abandoning module LogVisualizer (182)
[2016.04.27-03.42.20:277][786]LogModuleManager: Shutting down and abandoning module GameProjectGeneration (181)
[2016.04.27-03.42.20:288][786]LogModuleManager: Shutting down and abandoning module IntroTutorials (180)
[2016.04.27-03.42.20:297][786]LogModuleManager: Shutting down and abandoning module EditorLiveStreaming (179)
[2016.04.27-03.42.20:297][786]LogModuleManager: Shutting down and abandoning module IOSPlatformEditor (178)
[2016.04.27-03.42.20:303][786]LogModuleManager: Shutting down and abandoning module HTML5PlatformEditor (177)
[2016.04.27-03.42.20:303][786]LogModuleManager: Shutting down and abandoning module AndroidDeviceDetection (176)
[2016.04.27-03.42.21:075][786]LogModuleManager: Shutting down and abandoning module AndroidPlatformEditor (175)
[2016.04.27-03.42.21:075][786]LogModuleManager: Shutting down and abandoning module IOSRuntimeSettings (174)
[2016.04.27-03.42.21:075][786]LogModuleManager: Shutting down and abandoning module AndroidRuntimeSettings (173)
[2016.04.27-03.42.21:075][786]LogModuleManager: Shutting down and abandoning module MergeActors (172)
[2016.04.27-03.42.21:075][786]LogModuleManager: Shutting down and abandoning module SizeMap (171)
[2016.04.27-03.42.21:075][786]LogModuleManager: Shutting down and abandoning module TreeMap (170)
[2016.04.27-03.42.21:090][786]LogModuleManager: Shutting down and abandoning module ReferenceViewer (169)
[2016.04.27-03.42.21:099][786]LogModuleManager: Shutting down and abandoning module LocalizationService (168)
[2016.04.27-03.42.21:099][786]LogModuleManager: Shutting down and abandoning module LocalizationDashboard (167)
[2016.04.27-03.42.21:113][786]LogModuleManager: Shutting down and abandoning module HardwareTargeting (166)
[2016.04.27-03.42.21:121][786]LogModuleManager: Shutting down and abandoning module DeviceProfileEditor (165)
[2016.04.27-03.42.21:137][786]LogModuleManager: Shutting down and abandoning module UndoHistory (164)
[2016.04.27-03.42.21:148][786]LogModuleManager: Shutting down and abandoning module GameplayTagsEditor (163)
[2016.04.27-03.42.21:148][786]LogModuleManager: Shutting down and abandoning module UserFeedback (162)
[2016.04.27-03.42.21:148][786]LogModuleManager: Shutting down and abandoning module XmlParser (161)
[2016.04.27-03.42.21:148][786]LogModuleManager: Shutting down and abandoning module Blutility (160)
[2016.04.27-03.42.21:148][786]LogModuleManager: Shutting down and abandoning module ProjectTargetPlatformEditor (159)
[2016.04.27-03.42.21:148][786]LogModuleManager: Shutting down and abandoning module ProjectSettingsViewer (158)
[2016.04.27-03.42.21:148][786]LogModuleManager: Shutting down and abandoning module InputBindingEditor (157)
[2016.04.27-03.42.21:153][786]LogModuleManager: Shutting down and abandoning module EditorSettingsViewer (156)
[2016.04.27-03.42.21:153][786]LogModuleManager: Shutting down and abandoning module SettingsEditor (155)
[2016.04.27-03.42.21:166][786]LogModuleManager: Shutting down and abandoning module ProjectLauncher (154)
[2016.04.27-03.42.21:185][786]LogModuleManager: Shutting down and abandoning module SessionFrontend (153)
[2016.04.27-03.42.21:196][786]LogModuleManager: Shutting down and abandoning module ProfilerClient (152)
[2016.04.27-03.42.21:210][786]LogModuleManager: Shutting down and abandoning module TargetDeviceServices (151)
[2016.04.27-03.42.21:210][786]LogModuleManager: Shutting down and abandoning module DeviceManager (150)
[2016.04.27-03.42.21:223][786]LogModuleManager: Shutting down and abandoning module AutomationController (149)
[2016.04.27-03.42.21:233][786]LogModuleManager: Shutting down and abandoning module AutomationWindow (148)
[2016.04.27-03.42.21:245][786]LogModuleManager: Shutting down and abandoning module Layers (147)
[2016.04.27-03.42.21:266][786]LogModuleManager: Shutting down and abandoning module ComponentVisualizers (146)
[2016.04.27-03.42.21:266][786]LogModuleManager: Shutting down and abandoning module DetailCustomizations (145)
[2016.04.27-03.42.21:266][786]LogModuleManager: Shutting down and abandoning module PackagesDialog (144)
[2016.04.27-03.42.21:266][786]LogModuleManager: Shutting down and abandoning module Persona (143)
[2016.04.27-03.42.21:266][786]LogModuleManager: Shutting down and abandoning module Kismet (142)
[2016.04.27-03.42.21:266][786]LogModuleManager: Shutting down and abandoning module GraphEditor (141)
[2016.04.27-03.42.21:266][786]LogModuleManager: Shutting down and abandoning module ClassViewer (140)
[2016.04.27-03.42.21:266][786]LogModuleManager: Shutting down and abandoning module Toolbox (139)
[2016.04.27-03.42.21:266][786]LogModuleManager: Shutting down and abandoning module ModuleUI (138)
[2016.04.27-03.42.21:277][786]LogModuleManager: Shutting down and abandoning module MovieSceneTools (137)
[2016.04.27-03.42.21:288][786]LogModuleManager: Shutting down and abandoning module OutputLog (136)
[2016.04.27-03.42.21:288][786]LogModuleManager: Shutting down and abandoning module GammaUI (135)
[2016.04.27-03.42.21:297][786]LogModuleManager: Shutting down and abandoning module Documentation (134)
[2016.04.27-03.42.21:298][786]LogModuleManager: Shutting down and abandoning module GameLiveStreaming (133)
[2016.04.27-03.42.21:308][786]LogModuleManager: Shutting down and abandoning module StreamingPauseRendering (132)
[2016.04.27-03.42.21:308][786]LogModuleManager: Shutting down and abandoning module AnalyticsET (131)
[2016.04.27-03.42.21:308][786]LogModuleManager: Shutting down and abandoning module Analytics (130)
[2016.04.27-03.42.21:308][786]LogModuleManager: Shutting down and abandoning module AITestSuite (129)
[2016.04.27-03.42.21:357][786]LogModuleManager: Shutting down and abandoning module GameplayDebugger (128)
[2016.04.27-03.42.21:366][786]LogModuleManager: Shutting down and abandoning module AIModule (127)
[2016.04.27-03.42.21:366][786]LogModuleManager: Shutting down and abandoning module ProfilerService (126)
[2016.04.27-03.42.21:643][786]LogModuleManager: Shutting down and abandoning module TaskGraph (125)
[2016.04.27-03.42.21:655][786]LogModuleManager: Shutting down and abandoning module SlateRemote (124)
[2016.04.27-03.42.21:656][786]LogModuleManager: Shutting down and abandoning module SteamVRController (123)
[2016.04.27-03.42.21:656][786]LogModuleManager: Shutting down and abandoning module SteamVR (122)
[2016.04.27-03.42.21:656][786]LogModuleManager: Shutting down and abandoning module ProceduralMeshComponent (121)
[2016.04.27-03.42.21:656][786]LogModuleManager: Shutting down and abandoning module OculusLibrary (120)
[2016.04.27-03.42.21:656][786]LogModuleManager: Shutting down and abandoning module OculusInput (119)
[2016.04.27-03.42.21:656][786]LogModuleManager: Shutting down and abandoning module LeapMotionController (118)
[2016.04.27-03.42.21:711][786]LogModuleManager: Shutting down and abandoning module CustomMeshComponent (117)
[2016.04.27-03.42.21:711][786]LogModuleManager: Shutting down and abandoning module CableComponent (116)
[2016.04.27-03.42.21:716][786]LogModuleManager: Shutting down and abandoning module ArchVisCharacter (115)
[2016.04.27-03.42.21:716][786]LogModuleManager: Shutting down and abandoning module MessagingDebugger (114)
[2016.04.27-03.42.21:742][786]LogModuleManager: Shutting down and abandoning module MediaPlayerEditor (113)
[2016.04.27-03.42.21:748][786]LogModuleManager: Shutting down and abandoning module HTML5Networking (112)
[2016.04.27-03.42.21:748][786]LogModuleManager: Shutting down and abandoning module SpeedTreeImporter (111)
[2016.04.27-03.42.21:748][786]LogModuleManager: Shutting down and abandoning module PluginBrowser (110)
[2016.04.27-03.42.21:755][786]LogModuleManager: Shutting down and abandoning module EpicSurvey (109)
[2016.04.27-03.42.21:755][786]LogModuleManager: Shutting down and abandoning module DesktopPlatform (108)
[2016.04.27-03.42.21:762][786]LogModuleManager: Shutting down and abandoning module VisualStudioSourceCodeAccess (107)
[2016.04.27-03.42.21:762][786]LogModuleManager: Shutting down and abandoning module UObjectPlugin (106)
[2016.04.27-03.42.21:762][786]LogModuleManager: Shutting down and abandoning module SubversionSourceControl (105)
[2016.04.27-03.42.21:762][786]LogModuleManager: Shutting down and abandoning module PerforceSourceControl (104)
[2016.04.27-03.42.21:776][786]LogModuleManager: Shutting down and abandoning module SourceControl (103)
[2016.04.27-03.42.21:776][786]LogModuleManager: Shutting down and abandoning module GitSourceControl (102)
[2016.04.27-03.42.21:783][786]LogModuleManager: Shutting down and abandoning module LightPropagationVolumeEditor (101)
[2016.04.27-03.42.21:783][786]LogModuleManager: Shutting down and abandoning module PaperTiledImporter (100)
[2016.04.27-03.42.21:791][786]LogModuleManager: Shutting down and abandoning module PaperSpriteSheetImporter (99)
[2016.04.27-03.42.21:791][786]LogModuleManager: Shutting down and abandoning module MeshPaint (98)
[2016.04.27-03.42.21:792][786]LogModuleManager: Shutting down and abandoning module SlateReflector (97)
[2016.04.27-03.42.21:800][786]LogModuleManager: Shutting down and abandoning module HotReload (96)
[2016.04.27-03.42.21:800][786]LogModuleManager: Shutting down and abandoning module MainFrame (95)
[2016.04.27-03.42.21:800][786]LogModuleManager: Shutting down and abandoning module LevelEditor (94)
[2016.04.27-03.42.21:807][786]LogModuleManager: Shutting down and abandoning module DirectoryWatcher (93)
[2016.04.27-03.42.21:808][786]LogModuleManager: Shutting down and abandoning module AssetRegistry (92)
[2016.04.27-03.42.21:841][786]LogModuleManager: Shutting down and abandoning module ContentBrowser (91)
[2016.04.27-03.42.21:842][786]LogModuleManager: Shutting down and abandoning module Paper2DEditor (90)
[2016.04.27-03.42.21:855][786]LogModuleManager: Shutting down and abandoning module UdpMessaging (89)
[2016.04.27-03.42.21:955][786]LogModuleManager: Shutting down and abandoning module LightPropagationVolumeRuntime (88)
[2016.04.27-03.42.21:955][786]LogModuleManager: Shutting down and abandoning module Paper2D (87)
[2016.04.27-03.42.21:955][786]LogModuleManager: Shutting down and abandoning module WindowsMoviePlayer (86)
[2016.04.27-03.42.21:962][786]LogModuleManager: Shutting down and abandoning module Media (85)
[2016.04.27-03.42.21:962][786]LogModuleManager: Shutting down and abandoning module WmfMedia (84)
[2016.04.27-03.42.21:962][786]LogModuleManager: Shutting down and abandoning module OnlineBlueprintSupport (83)
[2016.04.27-03.42.21:962][786]LogModuleManager: Shutting down and abandoning module GameplayTasksEditor (82)
[2016.04.27-03.42.21:962][786]LogModuleManager: Shutting down and abandoning module PropertyEditor (81)
[2016.04.27-03.42.21:963][786]LogModuleManager: Shutting down and abandoning module BehaviorTreeEditor (80)
[2016.04.27-03.42.21:990][786]LogModuleManager: Shutting down and abandoning module FunctionalTesting (79)
[2016.04.27-03.42.22:006][786]LogModuleManager: Shutting down and abandoning module CollisionAnalyzer (78)
[2016.04.27-03.42.22:006][786]LogModuleManager: Shutting down and abandoning module WorkspaceMenuStructure (77)
[2016.04.27-03.42.22:006][786]LogModuleManager: Shutting down and abandoning module MessageLog (76)
[2016.04.27-03.42.22:006][786]LogModuleManager: Shutting down and abandoning module Sequencer (75)
[2016.04.27-03.42.22:040][786]LogModuleManager: Shutting down and abandoning module AssetTools (74)
[2016.04.27-03.42.22:040][786]LogModuleManager: Shutting down and abandoning module UMGEditor (73)
[2016.04.27-03.42.22:069][786]LogModuleManager: Shutting down and abandoning module UMG (72)
[2016.04.27-03.42.22:069][786]LogModuleManager: Shutting down and abandoning module Slate (71)
[2016.04.27-03.42.22:069][786]LogModuleManager: Shutting down and abandoning module EditorStyle (70)
[2016.04.27-03.42.22:072][786]LogModuleManager: Shutting down and abandoning module SessionServices (69)
[2016.04.27-03.42.22:072][786]LogModuleManager: Shutting down and abandoning module SourceCodeAccess (68)
[2016.04.27-03.42.22:072][786]LogModuleManager: Shutting down and abandoning module HeadMountedDisplay (67)
[2016.04.27-03.42.22:072][786]LogModuleManager: Shutting down and abandoning module XAudio2 (66)
[2016.04.27-03.42.22:072][786]LogModuleManager: Shutting down and abandoning module Networking (65)
[2016.04.27-03.42.22:072][786]LogModuleManager: Shutting down and abandoning module Core (64)
[2016.04.27-03.42.22:072][786]LogModuleManager: Shutting down and abandoning module KismetCompiler (63)
[2016.04.27-03.42.22:072][786]LogModuleManager: Shutting down and abandoning module PhysXFormats (62)
[2016.04.27-03.42.22:072][786]LogModuleManager: Shutting down and abandoning module MeshUtilities (61)
[2016.04.27-03.42.22:079][786]LogModuleManager: Shutting down and abandoning module DerivedDataCache (60)
[2016.04.27-03.42.22:096][786]LogDerivedDataCache: Shutdown
[2016.04.27-03.42.22:096][786]LogModuleManager: Shutting down and abandoning module ShaderFormatOpenGL (59)
[2016.04.27-03.42.22:104][786]LogModuleManager: Shutting down and abandoning module ShaderFormatD3D (58)
[2016.04.27-03.42.22:104][786]LogModuleManager: Shutting down and abandoning module MetalShaderFormat (57)
[2016.04.27-03.42.22:117][786]LogModuleManager: Shutting down and abandoning module TextureFormatUncompressed (56)
[2016.04.27-03.42.22:117][786]LogModuleManager: Shutting down and abandoning module TextureFormatPVR (55)
[2016.04.27-03.42.22:117][786]LogModuleManager: Shutting down and abandoning module TextureFormatIntelISPCTexComp (54)
[2016.04.27-03.42.22:117][786]LogModuleManager: Shutting down and abandoning module TextureFormatDXT (53)
[2016.04.27-03.42.22:117][786]LogModuleManager: Shutting down and abandoning module ImageWrapper (52)
[2016.04.27-03.42.22:117][786]LogModuleManager: Shutting down and abandoning module TextureFormatASTC (51)
[2016.04.27-03.42.22:117][786]LogModuleManager: Shutting down and abandoning module TextureFormatAndroid (50)
[2016.04.27-03.42.22:117][786]LogModuleManager: Shutting down and abandoning module AudioFormatOpus (49)
[2016.04.27-03.42.22:128][786]LogModuleManager: Shutting down and abandoning module AudioFormatOgg (48)
[2016.04.27-03.42.22:128][786]LogModuleManager: Shutting down and abandoning module AudioFormatADPCM (47)
[2016.04.27-03.42.22:128][786]LogModuleManager: Shutting down and abandoning module LinuxTargetPlatform (46)
[2016.04.27-03.42.22:128][786]LogModuleManager: Shutting down and abandoning module LinuxServerTargetPlatform (45)
[2016.04.27-03.42.22:128][786]LogModuleManager: Shutting down and abandoning module LinuxNoEditorTargetPlatform (44)
[2016.04.27-03.42.22:128][786]LogModuleManager: Shutting down and abandoning module Messaging (43)
[2016.04.27-03.42.22:128][786]LogModuleManager: Shutting down and abandoning module IOSTargetPlatform (42)
[2016.04.27-03.42.22:128][786]LogModuleManager: Shutting down and abandoning module HTML5TargetPlatform (41)
[2016.04.27-03.42.22:128][786]LogModuleManager: Shutting down and abandoning module Android_PVRTCTargetPlatform (40)
[2016.04.27-03.42.22:128][786]LogModuleManager: Shutting down and abandoning module Android_MultiTargetPlatform (39)
[2016.04.27-03.42.22:128][786]LogModuleManager: Shutting down and abandoning module Android_ETC2TargetPlatform (38)
[2016.04.27-03.42.22:128][786]LogModuleManager: Shutting down and abandoning module Android_ETC1TargetPlatform (37)
[2016.04.27-03.42.22:128][786]LogModuleManager: Shutting down and abandoning module Android_DXTTargetPlatform (36)
[2016.04.27-03.42.22:128][786]LogModuleManager: Shutting down and abandoning module Android_ATCTargetPlatform (35)
[2016.04.27-03.42.22:128][786]LogModuleManager: Shutting down and abandoning module Android_ASTCTargetPlatform (34)
[2016.04.27-03.42.22:128][786]LogModuleManager: Shutting down and abandoning module AndroidTargetPlatform (33)
[2016.04.27-03.42.22:128][786]LogModuleManager: Shutting down and abandoning module WindowsTargetPlatform (32)
[2016.04.27-03.42.22:128][786]LogModuleManager: Shutting down and abandoning module WindowsServerTargetPlatform (31)
[2016.04.27-03.42.22:128][786]LogModuleManager: Shutting down and abandoning module WindowsNoEditorTargetPlatform (30)
[2016.04.27-03.42.22:128][786]LogModuleManager: Shutting down and abandoning module WindowsClientTargetPlatform (29)
[2016.04.27-03.42.22:128][786]LogModuleManager: Shutting down and abandoning module AllDesktopTargetPlatform (28)
[2016.04.27-03.42.22:128][786]LogModuleManager: Shutting down and abandoning module TargetPlatform (27)
[2016.04.27-03.42.22:128][786]LogModuleManager: Shutting down and abandoning module InputCore (26)
[2016.04.27-03.42.22:128][786]LogModuleManager: Shutting down and abandoning module Settings (25)
[2016.04.27-03.42.22:128][786]LogModuleManager: Shutting down and abandoning module Voice (23)
[2016.04.27-03.42.22:133][786]LogModuleManager: Shutting down and abandoning module OnlineSubsystem (19)
[2016.04.27-03.42.22:133][786]LogOnline:Display: NULL: FOnlineSubsystemNull::Shutdown()
[2016.04.27-03.42.22:133][786]LogOnline:Display: Unloading online subsystem: STEAM
[2016.04.27-03.42.22:157][786]LogOnline:Display: Unloading online subsystem: Null
[2016.04.27-03.42.22:157][786]LogModuleManager: Shutting down and abandoning module HTTP (18)
[2016.04.27-03.42.23:158][786]LogModuleManager: Shutting down and abandoning module XMPP (17)
[2016.04.27-03.42.23:175][786]LogModuleManager: Shutting down and abandoning module OculusRift (16)
[2016.04.27-03.42.23:189][786]LogModuleManager: Shutting down and abandoning module ExampleDeviceProfileSelector (15)
[2016.04.27-03.42.23:189][786]LogModuleManager: Shutting down and abandoning module TextureCompressor (14)
[2016.04.27-03.42.23:189][786]LogModuleManager: Shutting down and abandoning module ShaderCore (13)
[2016.04.27-03.42.23:189][786]LogModuleManager: Shutting down and abandoning module Landscape (12)
[2016.04.27-03.42.23:189][786]LogModuleManager: Shutting down and abandoning module SlateRHIRenderer (11)
[2016.04.27-03.42.23:197][786]LogModuleManager: Shutting down and abandoning module OpenGLDrv (10)
[2016.04.27-03.42.23:211][786]LogModuleManager: Shutting down and abandoning module D3D11RHI (9)
[2016.04.27-03.42.23:211][786]LogModuleManager: Shutting down and abandoning module AnimGraphRuntime (8)
[2016.04.27-03.42.23:211][786]LogModuleManager: Shutting down and abandoning module Renderer (7)
[2016.04.27-03.42.23:211][786]LogModuleManager: Shutting down and abandoning module Engine (6)
[2016.04.27-03.42.23:211][786]LogModuleManager: Shutting down and abandoning module CoreUObject (5)
[2016.04.27-03.42.23:211][786]LogModuleManager: Shutting down and abandoning module NetworkFile (4)
[2016.04.27-03.42.23:222][786]LogModuleManager: Shutting down and abandoning module StreamingFile (3)
[2016.04.27-03.42.23:222][786]LogModuleManager: Shutting down and abandoning module SandboxFile (2)
[2016.04.27-03.42.23:224][786]LogModuleManager: Shutting down and abandoning module PakFile (1)
[2016.04.27-03.42.23:235][786]LogExit: Exiting.
[2016.04.27-03.42.23:245][786]Log file closed, 04/26/16 23:42:23
